  {
    "EventID": "13",
    "TimeCreated": "2026-06-07T19:01:55.0324498Z",
    "RuleName": "-",
    "EventType": "SetValue",
    "UtcTime": "2026-06-07 19:01:55.031",
    "ProcessGuid": "{a33c49c6-30c2-6a20-0e00-000000001b00}",
    "ProcessId": "1640",
    "Image": "C:\\Windows\\system32\\lsass.exe",
    "TargetObject": "HKLM\\System\\CurrentControlSet\\Services\\W32Time\\SecureTimeLimits\\SecureTimeEstimated",
    "Details": "QWORD (0x01dcf6b0-0x1b00ce6e)",
    "User": "NT AUTHORITY\\SYSTEM"
  },
  {
    "EventID": "13",
    "TimeCreated": "2026-06-07T19:01:55.0323857Z",
    "RuleName": "-",
    "EventType": "SetValue",
    "UtcTime": "2026-06-07 19:01:55.031",
    "ProcessGuid": "{a33c49c6-30c2-6a20-0e00-000000001b00}",
    "ProcessId": "1640",
    "Image": "C:\\Windows\\system32\\lsass.exe",
    "TargetObject": "HKLM\\System\\CurrentControlSet\\Services\\W32Time\\SecureTimeLimits\\SecureTimeHigh",
    "Details": "QWORD (0x01dcf6b8-0x7cc5366e)",
    "User": "NT AUTHORITY\\SYSTEM"
  },
  {
    "EventID": "12",
    "TimeCreated": "2026-06-07T19:01:49.0959906Z",
    "RuleName": "-",
    "EventType": "CreateKey",
    "UtcTime": "2026-06-07 19:01:49.093",
    "ProcessGuid": "{a33c49c6-30c2-6a20-1d00-000000001b00}",
    "ProcessId": "2252",
    "Image": "C:\\Windows\\system32\\svchost.exe",
    "TargetObject": "HKLM\\System\\CurrentControlSet\\Services\\Tcpip\\Parameters",
    "User": "NT AUTHORITY\\Servicio de red"
  },
  {
    "EventID": "12",
    "TimeCreated": "2026-06-07T19:01:49.0956012Z",
    "RuleName": "-",
    "EventType": "CreateKey",
    "UtcTime": "2026-06-07 19:01:49.093",
    "ProcessGuid": "{a33c49c6-30c3-6a20-4f00-000000001b00}",
    "ProcessId": "4680",
    "Image": "C:\\Windows\\system32\\svchost.exe",
    "TargetObject": "HKLM\\System\\CurrentControlSet\\Services\\Tcpip\\Parameters",
    "User": "NT AUTHORITY\\Servicio de red"
  },
  {
    "EventID": "12",
    "TimeCreated": "2026-06-07T19:01:49.0954581Z",
    "RuleName": "-",
    "EventType": "CreateKey",
    "UtcTime": "2026-06-07 19:01:49.093",
    "ProcessGuid": "{a33c49c6-30c3-6a20-4f00-000000001b00}",
    "ProcessId": "4680",
    "Image": "C:\\Windows\\system32\\svchost.exe",
    "TargetObject": "HKLM\\System\\CurrentControlSet\\Services\\Tcpip\\Parameters",
    "User": "NT AUTHORITY\\Servicio de red"
  },
  {
    "EventID": "12",
    "TimeCreated": "2026-06-07T19:01:49.0953537Z",
    "RuleName": "-",
    "EventType": "CreateKey",
    "UtcTime": "2026-06-07 19:01:49.093",
    "ProcessGuid": "{a33c49c6-30c3-6a20-4f00-000000001b00}",
    "ProcessId": "4680",
    "Image": "C:\\Windows\\system32\\svchost.exe",
    "TargetObject": "HKLM\\System\\CurrentControlSet\\Services\\Tcpip\\Parameters",
    "User": "NT AUTHORITY\\Servicio de red"
  },
  {
    "EventID": "13",
    "TimeCreated": "2026-06-07T19:01:45.6945216Z",
    "RuleName": "-",
    "EventType": "SetValue",
    "UtcTime": "2026-06-07 19:01:45.693",
    "ProcessGuid": "{a33c49c6-c014-6a25-5e46-000000001b00}",
    "ProcessId": "20312",
    "Image": "C:\\Windows\\system32\\DllHost.exe",
    "TargetObject": "HKLM\\System\\CurrentControlSet\\Services\\bam\\State\\UserSettings\\S-1-5-21-3961930346-3620050953-1644270016-1001\\\\Device\\HarddiskVolume3\\Windows\\System32\\dllhost.exe",
    "Details": "Binary Data",
    "User": "DESKTOP-8341B96\\ABI"
  },
  {
    "EventID": "5",
    "TimeCreated": "2026-06-07T19:01:45.6939740Z",
    "RuleName": "-",
    "UtcTime": "2026-06-07 19:01:45.693",
    "ProcessGuid": "{a33c49c6-c014-6a25-5e46-000000001b00}",
    "ProcessId": "20312",
    "Image": "C:\\Windows\\System32\\dllhost.exe",
    "User": "DESKTOP-8341B96\\ABI"
  },
  {
    "EventID": "5",
    "TimeCreated": "2026-06-07T19:01:43.1168877Z",
    "RuleName": "-",
    "UtcTime": "2026-06-07 19:01:43.116",
    "ProcessGuid": "{a33c49c6-bed8-6a25-2646-000000001b00}",
    "ProcessId": "18556",
    "Image": "C:\\Windows\\System32\\audiodg.exe",
    "User": "NT AUTHORITY\\SERVICIO LOCAL"
  },
  {
    "EventID": "13",
    "TimeCreated": "2026-06-07T19:01:40.6651393Z",
    "RuleName": "-",
    "EventType": "SetValue",
    "UtcTime": "2026-06-07 19:01:40.663",
    "ProcessGuid": "{a33c49c6-30b8-6a20-eb03-000000000000}",
    "ProcessId": "4",
    "Image": "System",
    "TargetObject": "HKLM\\System\\CurrentControlSet\\Services\\bam\\State\\UserSettings\\S-1-5-21-3961930346-3620050953-1644270016-1001\\SequenceNumber",
    "Details": "DWORD (0x00000299)",
    "User": "NT AUTHORITY\\SYSTEM"
  },
  {
    "EventID": "13",
    "TimeCreated": "2026-06-07T19:01:40.6650991Z",
    "RuleName": "-",
    "EventType": "SetValue",
    "UtcTime": "2026-06-07 19:01:40.663",
    "ProcessGuid": "{a33c49c6-30b8-6a20-eb03-000000000000}",
    "ProcessId": "4",
    "Image": "System",
    "TargetObject": "HKLM\\System\\CurrentControlSet\\Services\\bam\\State\\UserSettings\\S-1-5-21-3961930346-3620050953-1644270016-1001\\\\Device\\HarddiskVolume3\\Windows\\System32\\DataExchangeHost.exe",
    "Details": "Binary Data",
    "User": "NT AUTHORITY\\SYSTEM"
  },
  {
    "EventID": "12",
    "TimeCreated": "2026-06-07T19:01:40.6649880Z",
    "RuleName": "-",
    "EventType": "CreateKey",
    "UtcTime": "2026-06-07 19:01:40.663",
    "ProcessGuid": "{a33c49c6-30b8-6a20-eb03-000000000000}",
    "ProcessId": "4",
    "Image": "System",
    "TargetObject": "HKLM\\System\\CurrentControlSet\\Services\\bam\\State\\UserSettings\\S-1-5-21-3961930346-3620050953-1644270016-1001",
    "User": "NT AUTHORITY\\SYSTEM"
  },
  {
    "EventID": "13",
    "TimeCreated": "2026-06-07T19:01:40.4385180Z",
    "RuleName": "-",
    "EventType": "SetValue",
    "UtcTime": "2026-06-07 19:01:40.434",
    "ProcessGuid": "{a33c49c6-30c2-6a20-0f00-000000001b00}",
    "ProcessId": "1764",
    "Image": "C:\\Windows\\system32\\svchost.exe",
    "TargetObject": "HKLM\\System\\CurrentControlSet\\Services\\bam\\State\\UserSettings\\S-1-5-21-3961930346-3620050953-1644270016-1001\\\\Device\\HarddiskVolume3\\Windows\\System32\\dllhost.exe",
    "Details": "Binary Data",
    "User": "NT AUTHORITY\\SYSTEM"
  },
  {
    "EventID": "13",
    "TimeCreated": "2026-06-07T19:01:40.4098082Z",
    "RuleName": "-",
    "EventType": "SetValue",
    "UtcTime": "2026-06-07 19:01:40.409",
    "ProcessGuid": "{a33c49c6-30b8-6a20-eb03-000000000000}",
    "ProcessId": "4",
    "Image": "System",
    "TargetObject": "HKLM\\System\\CurrentControlSet\\Services\\bam\\State\\UserSettings\\S-1-5-21-3961930346-3620050953-1644270016-1001\\SequenceNumber",
    "Details": "DWORD (0x00000298)",
    "User": "NT AUTHORITY\\SYSTEM"
  },
  {
    "EventID": "13",
    "TimeCreated": "2026-06-07T19:01:40.4097519Z",
    "RuleName": "-",
    "EventType": "SetValue",
    "UtcTime": "2026-06-07 19:01:40.409",
    "ProcessGuid": "{a33c49c6-30b8-6a20-eb03-000000000000}",
    "ProcessId": "4",
    "Image": "System",
    "TargetObject": "HKLM\\System\\CurrentControlSet\\Services\\bam\\State\\UserSettings\\S-1-5-21-3961930346-3620050953-1644270016-1001\\\\Device\\HarddiskVolume3\\Windows\\System32\\ShellHost.exe",
    "Details": "Binary Data",
    "User": "NT AUTHORITY\\SYSTEM"
  },
  {
    "EventID": "12",
    "TimeCreated": "2026-06-07T19:01:40.4093839Z",
    "RuleName": "-",
    "EventType": "CreateKey",
    "UtcTime": "2026-06-07 19:01:40.409",
    "ProcessGuid": "{a33c49c6-30b8-6a20-eb03-000000000000}",
    "ProcessId": "4",
    "Image": "System",
    "TargetObject": "HKLM\\System\\CurrentControlSet\\Services\\bam\\State\\UserSettings\\S-1-5-21-3961930346-3620050953-1644270016-1001",
    "User": "NT AUTHORITY\\SYSTEM"
  },
  {
    "EventID": "13",
    "TimeCreated": "2026-06-07T19:01:36.6608220Z",
    "RuleName": "-",
    "EventType": "SetValue",
    "UtcTime": "2026-06-07 19:01:36.659",
    "ProcessGuid": "{a33c49c6-c010-6a25-5d46-000000001b00}",
    "ProcessId": "7276",
    "Image": "C:\\Program Files\\PostgreSQL\\17\\bin\\postgres.exe",
    "TargetObject": "HKLM\\System\\CurrentControlSet\\Services\\bam\\State\\UserSettings\\S-1-5-20\\\\Device\\HarddiskVolume3\\Program Files\\PostgreSQL\\17\\bin\\postgres.exe",
    "Details": "Binary Data",
    "User": "NT AUTHORITY\\Servicio de red"
  },
  {
    "EventID": "5",
    "TimeCreated": "2026-06-07T19:01:36.6604156Z",
    "RuleName": "-",
    "UtcTime": "2026-06-07 19:01:36.659",
    "ProcessGuid": "{a33c49c6-c010-6a25-5d46-000000001b00}",
    "ProcessId": "7276",
    "Image": "C:\\Program Files\\PostgreSQL\\17\\bin\\postgres.exe",
    "User": "NT AUTHORITY\\Servicio de red"
  },
  {
    "EventID": "13",
    "TimeCreated": "2026-06-07T19:01:36.5121986Z",
    "RuleName": "-",
    "EventType": "SetValue",
    "UtcTime": "2026-06-07 19:01:36.511",
    "ProcessGuid": "{a33c49c6-30c4-6a20-6d00-000000001b00}",
    "ProcessId": "6248",
    "Image": "C:\\Program Files\\PostgreSQL\\17\\bin\\postgres.exe",
    "TargetObject": "HKLM\\System\\CurrentControlSet\\Services\\bam\\State\\UserSettings\\S-1-5-20\\\\Device\\HarddiskVolume3\\Program Files\\PostgreSQL\\17\\bin\\postgres.exe",
    "Details": "Binary Data",
    "User": "NT AUTHORITY\\Servicio de red"
  },
  {
    "EventID": "13",
    "TimeCreated": "2026-06-07T19:01:34.4235699Z",
    "RuleName": "-",
    "EventType": "SetValue",
    "UtcTime": "2026-06-07 19:01:34.422",
    "ProcessGuid": "{a33c49c6-c00e-6a25-5b46-000000001b00}",
    "ProcessId": "16628",
    "Image": "C:\\Windows\\system32\\conhost.exe",
    "TargetObject": "HKLM\\System\\CurrentControlSet\\Services\\bam\\State\\UserSettings\\S-1-5-21-3961930346-3620050953-1644270016-1001\\\\Device\\HarddiskVolume3\\Windows\\System32\\conhost.exe",
    "Details": "Binary Data",
    "User": "DESKTOP-8341B96\\ABI"
  },
  {
    "EventID": "5",
    "TimeCreated": "2026-06-07T19:01:34.4231816Z",
    "RuleName": "-",
    "UtcTime": "2026-06-07 19:01:34.422",
    "ProcessGuid": "{a33c49c6-c00e-6a25-5b46-000000001b00}",
    "ProcessId": "16628",
    "Image": "C:\\Windows\\System32\\conhost.exe",
    "User": "DESKTOP-8341B96\\ABI"
  },
  {
    "EventID": "5",
    "TimeCreated": "2026-06-07T19:01:34.4215123Z",
    "RuleName": "-",
    "UtcTime": "2026-06-07 19:01:34.421",
    "ProcessGuid": "{a33c49c6-c00e-6a25-5a46-000000001b00}",
    "ProcessId": "12312",
    "Image": "C:\\Program Files\\Git\\cmd\\git.exe",
    "User": "DESKTOP-8341B96\\ABI"
  },
  {
    "EventID": "5",
    "TimeCreated": "2026-06-07T19:01:34.4183578Z",
    "RuleName": "-",
    "UtcTime": "2026-06-07 19:01:34.413",
    "ProcessGuid": "{a33c49c6-c00e-6a25-5c46-000000001b00}",
    "ProcessId": "14516",
    "Image": "C:\\Program Files\\Git\\mingw64\\bin\\git.exe",
    "User": "DESKTOP-8341B96\\ABI"
  },
  {
    "EventID": "13",
    "TimeCreated": "2026-06-07T19:01:34.3628647Z",
    "RuleName": "-",
    "EventType": "SetValue",
    "UtcTime": "2026-06-07 19:01:34.360",
    "ProcessGuid": "{a33c49c6-c00e-6a25-5a46-000000001b00}",
    "ProcessId": "12312",
    "Image": "C:\\Program Files\\Git\\cmd\\git.exe",
    "TargetObject": "HKLM\\System\\CurrentControlSet\\Services\\bam\\State\\UserSettings\\S-1-5-21-3961930346-3620050953-1644270016-1001\\\\Device\\HarddiskVolume3\\Windows\\System32\\conhost.exe",
    "Details": "Binary Data",
    "User": "DESKTOP-8341B96\\ABI"
  },
  {
    "EventID": "13",
    "TimeCreated": "2026-06-07T19:01:15.9724031Z",
    "RuleName": "-",
    "EventType": "SetValue",
    "UtcTime": "2026-06-07 19:01:15.969",
    "ProcessGuid": "{a33c49c6-bffb-6a25-5946-000000001b00}",
    "ProcessId": "7580",
    "Image": "C:\\Program Files\\PostgreSQL\\17\\bin\\postgres.exe",
    "TargetObject": "HKLM\\System\\CurrentControlSet\\Services\\bam\\State\\UserSettings\\S-1-5-20\\\\Device\\HarddiskVolume3\\Program Files\\PostgreSQL\\17\\bin\\postgres.exe",
    "Details": "Binary Data",
    "User": "NT AUTHORITY\\Servicio de red"
  },
  {
    "EventID": "5",
    "TimeCreated": "2026-06-07T19:01:15.9720367Z",
    "RuleName": "-",
    "UtcTime": "2026-06-07 19:01:15.969",
    "ProcessGuid": "{a33c49c6-bffb-6a25-5946-000000001b00}",
    "ProcessId": "7580",
    "Image": "C:\\Program Files\\PostgreSQL\\17\\bin\\postgres.exe",
    "User": "NT AUTHORITY\\Servicio de red"
  },
  {
    "EventID": "13",
    "TimeCreated": "2026-06-07T19:01:15.9353355Z",
    "RuleName": "-",
    "EventType": "SetValue",
    "UtcTime": "2026-06-07 19:01:15.934",
    "ProcessGuid": "{a33c49c6-30c4-6a20-6d00-000000001b00}",
    "ProcessId": "6248",
    "Image": "C:\\Program Files\\PostgreSQL\\17\\bin\\postgres.exe",
    "TargetObject": "HKLM\\System\\CurrentControlSet\\Services\\bam\\State\\UserSettings\\S-1-5-20\\\\Device\\HarddiskVolume3\\Program Files\\PostgreSQL\\17\\bin\\postgres.exe",
    "Details": "Binary Data",
    "User": "NT AUTHORITY\\Servicio de red"
  },
  {
    "EventID": "13",
    "TimeCreated": "2026-06-07T19:01:13.6011226Z",
    "RuleName": "-",
    "EventType": "SetValue",
    "UtcTime": "2026-06-07 19:01:13.598",
    "ProcessGuid": "{a33c49c6-bff9-6a25-5746-000000001b00}",
    "ProcessId": "8264",
    "Image": "C:\\Windows\\system32\\conhost.exe",
    "TargetObject": "HKLM\\System\\CurrentControlSet\\Services\\bam\\State\\UserSettings\\S-1-5-21-3961930346-3620050953-1644270016-1001\\\\Device\\HarddiskVolume3\\Windows\\System32\\conhost.exe",
    "Details": "Binary Data",
    "User": "DESKTOP-8341B96\\ABI"
  },
  {
    "EventID": "5",
    "TimeCreated": "2026-06-07T19:01:13.6007030Z",
    "RuleName": "-",
    "UtcTime": "2026-06-07 19:01:13.598",
    "ProcessGuid": "{a33c49c6-bff9-6a25-5746-000000001b00}",
    "ProcessId": "8264",
    "Image": "C:\\Windows\\System32\\conhost.exe",
    "User": "DESKTOP-8341B96\\ABI"
  },
  {
    "EventID": "5",
    "TimeCreated": "2026-06-07T19:01:13.5988338Z",
    "RuleName": "-",
    "UtcTime": "2026-06-07 19:01:13.598",
    "ProcessGuid": "{a33c49c6-bff9-6a25-5646-000000001b00}",
    "ProcessId": "6044",
    "Image": "C:\\Program Files\\Git\\cmd\\git.exe",
    "User": "DESKTOP-8341B96\\ABI"
  },
  {
    "EventID": "5",
    "TimeCreated": "2026-06-07T19:01:13.5950094Z",
    "RuleName": "-",
    "UtcTime": "2026-06-07 19:01:13.594",
    "ProcessGuid": "{a33c49c6-bff9-6a25-5846-000000001b00}",
    "ProcessId": "6112",
    "Image": "C:\\Program Files\\Git\\mingw64\\bin\\git.exe",
    "User": "DESKTOP-8341B96\\ABI"
  },
  {
    "EventID": "12",
    "TimeCreated": "2026-06-07T19:01:13.5626315Z",
    "RuleName": "-",
    "EventType": "CreateKey",
    "UtcTime": "2026-06-07 19:01:13.561",
    "ProcessGuid": "{a33c49c6-30c2-6a20-1d00-000000001b00}",
    "ProcessId": "2252",
    "Image": "C:\\Windows\\system32\\svchost.exe",
    "TargetObject": "HKLM\\System\\CurrentControlSet\\Services\\Tcpip\\Parameters",
    "User": "NT AUTHORITY\\Servicio de red"
  },
  {
    "EventID": "13",
    "TimeCreated": "2026-06-07T19:01:13.5348099Z",
    "RuleName": "-",
    "EventType": "SetValue",
    "UtcTime": "2026-06-07 19:01:13.532",
    "ProcessGuid": "{a33c49c6-bff9-6a25-5646-000000001b00}",
    "ProcessId": "6044",
    "Image": "C:\\Program Files\\Git\\cmd\\git.exe",
    "TargetObject": "HKLM\\System\\CurrentControlSet\\Services\\bam\\State\\UserSettings\\S-1-5-21-3961930346-3620050953-1644270016-1001\\\\Device\\HarddiskVolume3\\Windows\\System32\\conhost.exe",
    "Details": "Binary Data",
    "User": "DESKTOP-8341B96\\ABI"
  },
  {
    "EventID": "13",
    "TimeCreated": "2026-06-07T19:01:01.5318727Z",
    "RuleName": "-",
    "EventType": "SetValue",
    "UtcTime": "2026-06-07 19:01:01.531",
    "ProcessGuid": "{a33c49c6-bfe8-6a25-5446-000000001b00}",
    "ProcessId": "5088",
    "Image": "C:\\Windows\\system32\\DllHost.exe",
    "TargetObject": "HKLM\\System\\CurrentControlSet\\Services\\bam\\State\\UserSettings\\S-1-5-21-3961930346-3620050953-1644270016-1001\\\\Device\\HarddiskVolume3\\Windows\\System32\\dllhost.exe",
    "Details": "Binary Data",
    "User": "DESKTOP-8341B96\\ABI"
  },
  {
    "EventID": "5",
    "TimeCreated": "2026-06-07T19:01:01.5311528Z",
    "RuleName": "-",
    "UtcTime": "2026-06-07 19:01:01.529",
    "ProcessGuid": "{a33c49c6-bfe8-6a25-5446-000000001b00}",
    "ProcessId": "5088",
    "Image": "C:\\Windows\\System32\\dllhost.exe",
    "User": "DESKTOP-8341B96\\ABI"
  },
  {
    "EventID": "13",
    "TimeCreated": "2026-06-07T19:00:57.1047683Z",
    "RuleName": "-",
    "EventType": "SetValue",
    "UtcTime": "2026-06-07 19:00:57.102",
    "ProcessGuid": "{a33c49c6-bfe9-6a25-5546-000000001b00}",
    "ProcessId": "5692",
    "Image": "C:\\Program Files\\PostgreSQL\\17\\bin\\postgres.exe",
    "TargetObject": "HKLM\\System\\CurrentControlSet\\Services\\bam\\State\\UserSettings\\S-1-5-20\\\\Device\\HarddiskVolume3\\Program Files\\PostgreSQL\\17\\bin\\postgres.exe",
    "Details": "Binary Data",
    "User": "NT AUTHORITY\\Servicio de red"
  },
  {
    "EventID": "5",
    "TimeCreated": "2026-06-07T19:00:57.1042738Z",
    "RuleName": "-",
    "UtcTime": "2026-06-07 19:00:57.102",
    "ProcessGuid": "{a33c49c6-bfe9-6a25-5546-000000001b00}",
    "ProcessId": "5692",
    "Image": "C:\\Program Files\\PostgreSQL\\17\\bin\\postgres.exe",
    "User": "NT AUTHORITY\\Servicio de red"
  },
  {
    "EventID": "13",
    "TimeCreated": "2026-06-07T19:00:57.0646665Z",
    "RuleName": "-",
    "EventType": "SetValue",
    "UtcTime": "2026-06-07 19:00:57.063",
    "ProcessGuid": "{a33c49c6-30c4-6a20-6d00-000000001b00}",
    "ProcessId": "6248",
    "Image": "C:\\Program Files\\PostgreSQL\\17\\bin\\postgres.exe",
    "TargetObject": "HKLM\\System\\CurrentControlSet\\Services\\bam\\State\\UserSettings\\S-1-5-20\\\\Device\\HarddiskVolume3\\Program Files\\PostgreSQL\\17\\bin\\postgres.exe",
    "Details": "Binary Data",
    "User": "NT AUTHORITY\\Servicio de red"
  },
  {
    "EventID": "13",
    "TimeCreated": "2026-06-07T19:00:56.5054840Z",
    "RuleName": "-",
    "EventType": "SetValue",
    "UtcTime": "2026-06-07 19:00:56.501",
    "ProcessGuid": "{a33c49c6-30b8-6a20-eb03-000000000000}",
    "ProcessId": "4",
    "Image": "System",
    "TargetObject": "HKLM\\System\\CurrentControlSet\\Services\\bam\\State\\UserSettings\\S-1-5-21-3961930346-3620050953-1644270016-1001\\SequenceNumber",
    "Details": "DWORD (0x00000297)",
    "User": "NT AUTHORITY\\SYSTEM"
  },
  {
    "EventID": "13",
    "TimeCreated": "2026-06-07T19:00:56.5054560Z",
    "RuleName": "-",
    "EventType": "SetValue",
    "UtcTime": "2026-06-07 19:00:56.501",
    "ProcessGuid": "{a33c49c6-30b8-6a20-eb03-000000000000}",
    "ProcessId": "4",
    "Image": "System",
    "TargetObject": "HKLM\\System\\CurrentControlSet\\Services\\bam\\State\\UserSettings\\S-1-5-21-3961930346-3620050953-1644270016-1001\\\\Device\\HarddiskVolume3\\Windows\\System32\\DataExchangeHost.exe",
    "Details": "Binary Data",
    "User": "NT AUTHORITY\\SYSTEM"
  },
  {
    "EventID": "12",
    "TimeCreated": "2026-06-07T19:00:56.5053335Z",
    "RuleName": "-",
    "EventType": "CreateKey",
    "UtcTime": "2026-06-07 19:00:56.501",
    "ProcessGuid": "{a33c49c6-30b8-6a20-eb03-000000000000}",
    "ProcessId": "4",
    "Image": "System",
    "TargetObject": "HKLM\\System\\CurrentControlSet\\Services\\bam\\State\\UserSettings\\S-1-5-21-3961930346-3620050953-1644270016-1001",
    "User": "NT AUTHORITY\\SYSTEM"
  },
  {
    "EventID": "13",
    "TimeCreated": "2026-06-07T19:00:56.3206065Z",
    "RuleName": "-",
    "EventType": "SetValue",
    "UtcTime": "2026-06-07 19:00:56.319",
    "ProcessGuid": "{a33c49c6-30c2-6a20-0f00-000000001b00}",
    "ProcessId": "1764",
    "Image": "C:\\Windows\\system32\\svchost.exe",
    "TargetObject": "HKLM\\System\\CurrentControlSet\\Services\\bam\\State\\UserSettings\\S-1-5-21-3961930346-3620050953-1644270016-1001\\\\Device\\HarddiskVolume3\\Windows\\System32\\dllhost.exe",
    "Details": "Binary Data",
    "User": "NT AUTHORITY\\SYSTEM"
  },
  {
    "EventID": "13",
    "TimeCreated": "2026-06-07T19:00:56.3114497Z",
    "RuleName": "-",
    "EventType": "SetValue",
    "UtcTime": "2026-06-07 19:00:56.310",
    "ProcessGuid": "{a33c49c6-30b8-6a20-eb03-000000000000}",
    "ProcessId": "4",
    "Image": "System",
    "TargetObject": "HKLM\\System\\CurrentControlSet\\Services\\bam\\State\\UserSettings\\S-1-5-21-3961930346-3620050953-1644270016-1001\\SequenceNumber",
    "Details": "DWORD (0x00000296)",
    "User": "NT AUTHORITY\\SYSTEM"
  },
  {
    "EventID": "13",
    "TimeCreated": "2026-06-07T19:00:56.3113902Z",
    "RuleName": "-",
    "EventType": "SetValue",
    "UtcTime": "2026-06-07 19:00:56.310",
    "ProcessGuid": "{a33c49c6-30b8-6a20-eb03-000000000000}",
    "ProcessId": "4",
    "Image": "System",
    "TargetObject": "HKLM\\System\\CurrentControlSet\\Services\\bam\\State\\UserSettings\\S-1-5-21-3961930346-3620050953-1644270016-1001\\\\Device\\HarddiskVolume3\\Windows\\System32\\ShellHost.exe",
    "Details": "Binary Data",
    "User": "NT AUTHORITY\\SYSTEM"
  },
  {
    "EventID": "12",
    "TimeCreated": "2026-06-07T19:00:56.3113263Z",
    "RuleName": "-",
    "EventType": "CreateKey",
    "UtcTime": "2026-06-07 19:00:56.310",
    "ProcessGuid": "{a33c49c6-30b8-6a20-eb03-000000000000}",
    "ProcessId": "4",
    "Image": "System",
    "TargetObject": "HKLM\\System\\CurrentControlSet\\Services\\bam\\State\\UserSettings\\S-1-5-21-3961930346-3620050953-1644270016-1001",
    "User": "NT AUTHORITY\\SYSTEM"
  },
  {
    "EventID": "12",
    "TimeCreated": "2026-06-07T19:00:48.9158943Z",
    "RuleName": "-",
    "EventType": "CreateKey",
    "UtcTime": "2026-06-07 19:00:48.915",
    "ProcessGuid": "{a33c49c6-30c2-6a20-1d00-000000001b00}",
    "ProcessId": "2252",
    "Image": "C:\\Windows\\system32\\svchost.exe",
    "TargetObject": "HKLM\\System\\CurrentControlSet\\Services\\Tcpip\\Parameters",
    "User": "NT AUTHORITY\\Servicio de red"
  },
  {
    "EventID": "12",
    "TimeCreated": "2026-06-07T19:00:48.9153940Z",
    "RuleName": "-",
    "EventType": "CreateKey",
    "UtcTime": "2026-06-07 19:00:48.915",
    "ProcessGuid": "{a33c49c6-30c3-6a20-4f00-000000001b00}",
    "ProcessId": "4680",
    "Image": "C:\\Windows\\system32\\svchost.exe",
    "TargetObject": "HKLM\\System\\CurrentControlSet\\Services\\Tcpip\\Parameters",
    "User": "NT AUTHORITY\\Servicio de red"
  },
  {
    "EventID": "12",
    "TimeCreated": "2026-06-07T19:00:48.9152306Z",
    "RuleName": "-",
    "EventType": "CreateKey",
    "UtcTime": "2026-06-07 19:00:48.914",
    "ProcessGuid": "{a33c49c6-30c3-6a20-4f00-000000001b00}",
    "ProcessId": "4680",
    "Image": "C:\\Windows\\system32\\svchost.exe",
    "TargetObject": "HKLM\\System\\CurrentControlSet\\Services\\Tcpip\\Parameters",
    "User": "NT AUTHORITY\\Servicio de red"
  },
  {
    "EventID": "12",
    "TimeCreated": "2026-06-07T19:00:48.9150740Z",
    "RuleName": "-",
    "EventType": "CreateKey",
    "UtcTime": "2026-06-07 19:00:48.914",
    "ProcessGuid": "{a33c49c6-30c3-6a20-4f00-000000001b00}",
    "ProcessId": "4680",
    "Image": "C:\\Windows\\system32\\svchost.exe",
    "TargetObject": "HKLM\\System\\CurrentControlSet\\Services\\Tcpip\\Parameters",
    "User": "NT AUTHORITY\\Servicio de red"
  },
  {
    "EventID": "13",
    "TimeCreated": "2026-06-07T19:00:46.8234846Z",
    "RuleName": "-",
    "EventType": "SetValue",
    "UtcTime": "2026-06-07 19:00:46.822",
    "ProcessGuid": "{a33c49c6-bfde-6a25-5246-000000001b00}",
    "ProcessId": "23344",
    "Image": "C:\\Windows\\system32\\conhost.exe",
    "TargetObject": "HKLM\\System\\CurrentControlSet\\Services\\bam\\State\\UserSettings\\S-1-5-21-3961930346-3620050953-1644270016-1001\\\\Device\\HarddiskVolume3\\Windows\\System32\\conhost.exe",
    "Details": "Binary Data",
    "User": "DESKTOP-8341B96\\ABI"
  },
  {
    "EventID": "5",
    "TimeCreated": "2026-06-07T19:00:46.8227212Z",
    "RuleName": "-",
    "UtcTime": "2026-06-07 19:00:46.822",
    "ProcessGuid": "{a33c49c6-bfde-6a25-5246-000000001b00}",
    "ProcessId": "23344",
    "Image": "C:\\Windows\\System32\\conhost.exe",
    "User": "DESKTOP-8341B96\\ABI"
  },
  {
    "EventID": "5",
    "TimeCreated": "2026-06-07T19:00:46.8193842Z",
    "RuleName": "-",
    "UtcTime": "2026-06-07 19:00:46.817",
    "ProcessGuid": "{a33c49c6-bfde-6a25-5146-000000001b00}",
    "ProcessId": "16864",
    "Image": "C:\\Program Files\\Git\\cmd\\git.exe",
    "User": "DESKTOP-8341B96\\ABI"
  },
  {
    "EventID": "5",
    "TimeCreated": "2026-06-07T19:00:46.8140662Z",
    "RuleName": "-",
    "UtcTime": "2026-06-07 19:00:46.813",
    "ProcessGuid": "{a33c49c6-bfde-6a25-5346-000000001b00}",
    "ProcessId": "3916",
    "Image": "C:\\Program Files\\Git\\mingw64\\bin\\git.exe",
    "User": "DESKTOP-8341B96\\ABI"
  },
  {
    "EventID": "13",
    "TimeCreated": "2026-06-07T19:00:46.7158349Z",
    "RuleName": "-",
    "EventType": "SetValue",
    "UtcTime": "2026-06-07 19:00:46.714",
    "ProcessGuid": "{a33c49c6-bfde-6a25-5146-000000001b00}",
    "ProcessId": "16864",
    "Image": "C:\\Program Files\\Git\\cmd\\git.exe",
    "TargetObject": "HKLM\\System\\CurrentControlSet\\Services\\bam\\State\\UserSettings\\S-1-5-21-3961930346-3620050953-1644270016-1001\\\\Device\\HarddiskVolume3\\Windows\\System32\\conhost.exe",
    "Details": "Binary Data",
    "User": "DESKTOP-8341B96\\ABI"
  },
  {
    "EventID": "13",
    "TimeCreated": "2026-06-07T19:00:45.0589615Z",
    "RuleName": "-",
    "EventType": "SetValue",
    "UtcTime": "2026-06-07 19:00:45.057",
    "ProcessGuid": "{a33c49c6-bfdc-6a25-4f46-000000001b00}",
    "ProcessId": "11716",
    "Image": "C:\\Windows\\system32\\conhost.exe",
    "TargetObject": "HKLM\\System\\CurrentControlSet\\Services\\bam\\State\\UserSettings\\S-1-5-21-3961930346-3620050953-1644270016-1001\\\\Device\\HarddiskVolume3\\Windows\\System32\\conhost.exe",
    "Details": "Binary Data",
    "User": "DESKTOP-8341B96\\ABI"
  },
  {
    "EventID": "5",
    "TimeCreated": "2026-06-07T19:00:45.0585271Z",
    "RuleName": "-",
    "UtcTime": "2026-06-07 19:00:45.057",
    "ProcessGuid": "{a33c49c6-bfdc-6a25-4f46-000000001b00}",
    "ProcessId": "11716",
    "Image": "C:\\Windows\\System32\\conhost.exe",
    "User": "DESKTOP-8341B96\\ABI"
  },
  {
    "EventID": "5",
    "TimeCreated": "2026-06-07T19:00:45.0565607Z",
    "RuleName": "-",
    "UtcTime": "2026-06-07 19:00:45.055",
    "ProcessGuid": "{a33c49c6-bfdc-6a25-4e46-000000001b00}",
    "ProcessId": "17732",
    "Image": "C:\\Program Files\\Git\\cmd\\git.exe",
    "User": "DESKTOP-8341B96\\ABI"
  },
  {
    "EventID": "5",
    "TimeCreated": "2026-06-07T19:00:45.0521983Z",
    "RuleName": "-",
    "UtcTime": "2026-06-07 19:00:45.050",
    "ProcessGuid": "{a33c49c6-bfdd-6a25-5046-000000001b00}",
    "ProcessId": "3672",
    "Image": "C:\\Program Files\\Git\\mingw64\\bin\\git.exe",
    "User": "DESKTOP-8341B96\\ABI"
  },
  {
    "EventID": "13",
    "TimeCreated": "2026-06-07T19:00:44.9886152Z",
    "RuleName": "-",
    "EventType": "SetValue",
    "UtcTime": "2026-06-07 19:00:44.987",
    "ProcessGuid": "{a33c49c6-bfdc-6a25-4e46-000000001b00}",
    "ProcessId": "17732",
    "Image": "C:\\Program Files\\Git\\cmd\\git.exe",
    "TargetObject": "HKLM\\System\\CurrentControlSet\\Services\\bam\\State\\UserSettings\\S-1-5-21-3961930346-3620050953-1644270016-1001\\\\Device\\HarddiskVolume3\\Windows\\System32\\conhost.exe",
    "Details": "Binary Data",
    "User": "DESKTOP-8341B96\\ABI"
  },
  {
    "EventID": "13",
    "TimeCreated": "2026-06-07T19:00:40.6689202Z",
    "RuleName": "-",
    "EventType": "SetValue",
    "UtcTime": "2026-06-07 19:00:40.667",
    "ProcessGuid": "{a33c49c6-bfd8-6a25-4d46-000000001b00}",
    "ProcessId": "21772",
    "Image": "C:\\Program Files\\WindowsApps\\PythonSoftwareFoundation.Python.3.12_3.12.2800.0_x64__qbz5n2kfra8p0\\python3.12.exe",
    "TargetObject": "HKLM\\System\\CurrentControlSet\\Services\\bam\\State\\UserSettings\\S-1-5-21-3961930346-3620050953-1644270016-1001\\PythonSoftwareFoundation.Python.3.12_qbz5n2kfra8p0",
    "Details": "Binary Data",
    "User": "DESKTOP-8341B96\\ABI"
  },
  {
    "EventID": "5",
    "TimeCreated": "2026-06-07T19:00:40.6684403Z",
    "RuleName": "-",
    "UtcTime": "2026-06-07 19:00:40.667",
    "ProcessGuid": "{a33c49c6-bfd8-6a25-4d46-000000001b00}",
    "ProcessId": "21772",
    "Image": "C:\\Program Files\\WindowsApps\\PythonSoftwareFoundation.Python.3.12_3.12.2800.0_x64__qbz5n2kfra8p0\\python3.12.exe",
    "User": "DESKTOP-8341B96\\ABI"
  },
  {
    "EventID": "13",
    "TimeCreated": "2026-06-07T19:00:40.4468330Z",
    "RuleName": "-",
    "EventType": "SetValue",
    "UtcTime": "2026-06-07 19:00:40.445",
    "ProcessGuid": "{a33c49c6-b80c-6a25-f244-000000001b00}",
    "ProcessId": "18384",
    "Image": "C:\\Windows\\system32\\cmd.exe",
    "TargetObject": "HKLM\\System\\CurrentControlSet\\Services\\bam\\State\\UserSettings\\S-1-5-21-3961930346-3620050953-1644270016-1001\\PythonSoftwareFoundation.Python.3.12_qbz5n2kfra8p0",
    "Details": "Binary Data",
    "User": "DESKTOP-8341B96\\ABI"
  },
  {
    "EventID": "13",
    "TimeCreated": "2026-06-07T19:00:37.2876929Z",
    "RuleName": "-",
    "EventType": "SetValue",
    "UtcTime": "2026-06-07 19:00:37.281",
    "ProcessGuid": "{a33c49c6-bb15-6a25-8d45-000000001b00}",
    "ProcessId": "12396",
    "Image": "C:\\Windows\\system32\\mmc.exe",
    "TargetObject": "HKLM\\System\\CurrentControlSet\\Services\\bam\\State\\UserSettings\\S-1-5-21-3961930346-3620050953-1644270016-1001\\\\Device\\HarddiskVolume3\\Windows\\System32\\mmc.exe",
    "Details": "Binary Data",
    "User": "DESKTOP-8341B96\\ABI"
  },
  {
    "EventID": "5",
    "TimeCreated": "2026-06-07T19:00:37.2872278Z",
    "RuleName": "-",
    "UtcTime": "2026-06-07 19:00:37.281",
    "ProcessGuid": "{a33c49c6-bb15-6a25-8d45-000000001b00}",
    "ProcessId": "12396",
    "Image": "C:\\Windows\\System32\\mmc.exe",
    "User": "DESKTOP-8341B96\\ABI"
  },
  {
    "EventID": "13",
    "TimeCreated": "2026-06-07T19:00:36.5353518Z",
    "RuleName": "-",
    "EventType": "SetValue",
    "UtcTime": "2026-06-07 19:00:36.534",
    "ProcessGuid": "{a33c49c6-bfd4-6a25-4c46-000000001b00}",
    "ProcessId": "11796",
    "Image": "C:\\Program Files\\PostgreSQL\\17\\bin\\postgres.exe",
    "TargetObject": "HKLM\\System\\CurrentControlSet\\Services\\bam\\State\\UserSettings\\S-1-5-20\\\\Device\\HarddiskVolume3\\Program Files\\PostgreSQL\\17\\bin\\postgres.exe",
    "Details": "Binary Data",
    "User": "NT AUTHORITY\\Servicio de red"
  },
  {
    "EventID": "5",
    "TimeCreated": "2026-06-07T19:00:36.5345988Z",
    "RuleName": "-",
    "UtcTime": "2026-06-07 19:00:36.531",
    "ProcessGuid": "{a33c49c6-bfd4-6a25-4c46-000000001b00}",
    "ProcessId": "11796",
    "Image": "C:\\Program Files\\PostgreSQL\\17\\bin\\postgres.exe",
    "User": "NT AUTHORITY\\Servicio de red"
  },
  {
    "EventID": "13",
    "TimeCreated": "2026-06-07T19:00:36.4985258Z",
    "RuleName": "-",
    "EventType": "SetValue",
    "UtcTime": "2026-06-07 19:00:36.494",
    "ProcessGuid": "{a33c49c6-30c4-6a20-6d00-000000001b00}",
    "ProcessId": "6248",
    "Image": "C:\\Program Files\\PostgreSQL\\17\\bin\\postgres.exe",
    "TargetObject": "HKLM\\System\\CurrentControlSet\\Services\\bam\\State\\UserSettings\\S-1-5-20\\\\Device\\HarddiskVolume3\\Program Files\\PostgreSQL\\17\\bin\\postgres.exe",
    "Details": "Binary Data",
    "User": "NT AUTHORITY\\Servicio de red"
  },
  {
    "EventID": "12",
    "TimeCreated": "2026-06-07T19:00:30.3099656Z",
    "RuleName": "-",
    "EventType": "CreateKey",
    "UtcTime": "2026-06-07 19:00:30.309",
    "ProcessGuid": "{a33c49c6-30c2-6a20-1d00-000000001b00}",
    "ProcessId": "2252",
    "Image": "C:\\Windows\\system32\\svchost.exe",
    "TargetObject": "HKLM\\System\\CurrentControlSet\\Services\\Tcpip\\Parameters",
    "User": "NT AUTHORITY\\Servicio de red"
  },
  {
    "EventID": "13",
    "TimeCreated": "2026-06-07T19:00:15.9745409Z",
    "RuleName": "-",
    "EventType": "SetValue",
    "UtcTime": "2026-06-07 19:00:15.973",
    "ProcessGuid": "{a33c49c6-bfbf-6a25-4b46-000000001b00}",
    "ProcessId": "22892",
    "Image": "C:\\Program Files\\PostgreSQL\\17\\bin\\postgres.exe",
    "TargetObject": "HKLM\\System\\CurrentControlSet\\Services\\bam\\State\\UserSettings\\S-1-5-20\\\\Device\\HarddiskVolume3\\Program Files\\PostgreSQL\\17\\bin\\postgres.exe",
    "Details": "Binary Data",
    "User": "NT AUTHORITY\\Servicio de red"
  },
  {
    "EventID": "5",
    "TimeCreated": "2026-06-07T19:00:15.9735935Z",
    "RuleName": "-",
    "UtcTime": "2026-06-07 19:00:15.972",
    "ProcessGuid": "{a33c49c6-bfbf-6a25-4b46-000000001b00}",
    "ProcessId": "22892",
    "Image": "C:\\Program Files\\PostgreSQL\\17\\bin\\postgres.exe",
    "User": "NT AUTHORITY\\Servicio de red"
  },
  {
    "EventID": "13",
    "TimeCreated": "2026-06-07T19:00:15.9307459Z",
    "RuleName": "-",
    "EventType": "SetValue",
    "UtcTime": "2026-06-07 19:00:15.929",
    "ProcessGuid": "{a33c49c6-30c4-6a20-6d00-000000001b00}",
    "ProcessId": "6248",
    "Image": "C:\\Program Files\\PostgreSQL\\17\\bin\\postgres.exe",
    "TargetObject": "HKLM\\System\\CurrentControlSet\\Services\\bam\\State\\UserSettings\\S-1-5-20\\\\Device\\HarddiskVolume3\\Program Files\\PostgreSQL\\17\\bin\\postgres.exe",
    "Details": "Binary Data",
    "User": "NT AUTHORITY\\Servicio de red"
  },
  {
    "EventID": "13",
    "TimeCreated": "2026-06-07T19:00:05.2660274Z",
    "RuleName": "-",
    "EventType": "SetValue",
    "UtcTime": "2026-06-07 19:00:05.265",
    "ProcessGuid": "{a33c49c6-bfb5-6a25-4946-000000001b00}",
    "ProcessId": "5188",
    "Image": "C:\\Windows\\system32\\conhost.exe",
    "TargetObject": "HKLM\\System\\CurrentControlSet\\Services\\bam\\State\\UserSettings\\S-1-5-21-3961930346-3620050953-1644270016-1001\\\\Device\\HarddiskVolume3\\Windows\\System32\\conhost.exe",
    "Details": "Binary Data",
    "User": "DESKTOP-8341B96\\ABI"
  },
  {
    "EventID": "5",
    "TimeCreated": "2026-06-07T19:00:05.2656181Z",
    "RuleName": "-",
    "UtcTime": "2026-06-07 19:00:05.265",
    "ProcessGuid": "{a33c49c6-bfb5-6a25-4946-000000001b00}",
    "ProcessId": "5188",
    "Image": "C:\\Windows\\System32\\conhost.exe",
    "User": "DESKTOP-8341B96\\ABI"
  },
  {
    "EventID": "5",
    "TimeCreated": "2026-06-07T19:00:05.2634991Z",
    "RuleName": "-",
    "UtcTime": "2026-06-07 19:00:05.263",
    "ProcessGuid": "{a33c49c6-bfb5-6a25-4846-000000001b00}",
    "ProcessId": "8772",
    "Image": "C:\\Program Files\\Git\\cmd\\git.exe",
    "User": "DESKTOP-8341B96\\ABI"
  },
  {
    "EventID": "5",
    "TimeCreated": "2026-06-07T19:00:05.2601292Z",
    "RuleName": "-",
    "UtcTime": "2026-06-07 19:00:05.259",
    "ProcessGuid": "{a33c49c6-bfb5-6a25-4a46-000000001b00}",
    "ProcessId": "14060",
    "Image": "C:\\Program Files\\Git\\mingw64\\bin\\git.exe",
    "User": "DESKTOP-8341B96\\ABI"
  },
  {
    "EventID": "13",
    "TimeCreated": "2026-06-07T19:00:05.2068601Z",
    "RuleName": "-",
    "EventType": "SetValue",
    "UtcTime": "2026-06-07 19:00:05.205",
    "ProcessGuid": "{a33c49c6-bfb5-6a25-4846-000000001b00}",
    "ProcessId": "8772",
    "Image": "C:\\Program Files\\Git\\cmd\\git.exe",
    "TargetObject": "HKLM\\System\\CurrentControlSet\\Services\\bam\\State\\UserSettings\\S-1-5-21-3961930346-3620050953-1644270016-1001\\\\Device\\HarddiskVolume3\\Windows\\System32\\conhost.exe",
    "Details": "Binary Data",
    "User": "DESKTOP-8341B96\\ABI"
  },
  {
    "EventID": "13",
    "TimeCreated": "2026-06-07T18:59:57.0963122Z",
    "RuleName": "-",
    "EventType": "SetValue",
    "UtcTime": "2026-06-07 18:59:57.095",
    "ProcessGuid": "{a33c49c6-bfad-6a25-4746-000000001b00}",
    "ProcessId": "14664",
    "Image": "C:\\Program Files\\PostgreSQL\\17\\bin\\postgres.exe",
    "TargetObject": "HKLM\\System\\CurrentControlSet\\Services\\bam\\State\\UserSettings\\S-1-5-20\\\\Device\\HarddiskVolume3\\Program Files\\PostgreSQL\\17\\bin\\postgres.exe",
    "Details": "Binary Data",
    "User": "NT AUTHORITY\\Servicio de red"
  },
  {
    "EventID": "5",
    "TimeCreated": "2026-06-07T18:59:57.0957050Z",
    "RuleName": "-",
    "UtcTime": "2026-06-07 18:59:57.095",
    "ProcessGuid": "{a33c49c6-bfad-6a25-4746-000000001b00}",
    "ProcessId": "14664",
    "Image": "C:\\Program Files\\PostgreSQL\\17\\bin\\postgres.exe",
    "User": "NT AUTHORITY\\Servicio de red"
  },
  {
    "EventID": "13",
    "TimeCreated": "2026-06-07T18:59:57.0528634Z",
    "RuleName": "-",
    "EventType": "SetValue",
    "UtcTime": "2026-06-07 18:59:57.049",
    "ProcessGuid": "{a33c49c6-30c4-6a20-6d00-000000001b00}",
    "ProcessId": "6248",
    "Image": "C:\\Program Files\\PostgreSQL\\17\\bin\\postgres.exe",
    "TargetObject": "HKLM\\System\\CurrentControlSet\\Services\\bam\\State\\UserSettings\\S-1-5-20\\\\Device\\HarddiskVolume3\\Program Files\\PostgreSQL\\17\\bin\\postgres.exe",
    "Details": "Binary Data",
    "User": "NT AUTHORITY\\Servicio de red"
  },
  {
    "EventID": "13",
    "TimeCreated": "2026-06-07T18:59:55.7194677Z",
    "RuleName": "-",
    "EventType": "SetValue",
    "UtcTime": "2026-06-07 18:59:55.718",
    "ProcessGuid": "{a33c49c6-bfa6-6a25-4646-000000001b00}",
    "ProcessId": "12244",
    "Image": "C:\\Windows\\system32\\DllHost.exe",
    "TargetObject": "HKLM\\System\\CurrentControlSet\\Services\\bam\\State\\UserSettings\\S-1-5-21-3961930346-3620050953-1644270016-1001\\\\Device\\HarddiskVolume3\\Windows\\System32\\dllhost.exe",
    "Details": "Binary Data",
    "User": "DESKTOP-8341B96\\ABI"
  },
  {
    "EventID": "5",
    "TimeCreated": "2026-06-07T18:59:55.7189619Z",
    "RuleName": "-",
    "UtcTime": "2026-06-07 18:59:55.718",
    "ProcessGuid": "{a33c49c6-bfa6-6a25-4646-000000001b00}",
    "ProcessId": "12244",
    "Image": "C:\\Windows\\System32\\dllhost.exe",
    "User": "DESKTOP-8341B96\\ABI"
  },
  {
    "EventID": "13",
    "TimeCreated": "2026-06-07T18:59:50.6739662Z",
    "RuleName": "-",
    "EventType": "SetValue",
    "UtcTime": "2026-06-07 18:59:50.672",
    "ProcessGuid": "{a33c49c6-30c2-6a20-0f00-000000001b00}",
    "ProcessId": "1764",
    "Image": "C:\\Windows\\system32\\svchost.exe",
    "TargetObject": "HKLM\\System\\CurrentControlSet\\Services\\bam\\State\\UserSettings\\S-1-5-21-3961930346-3620050953-1644270016-1001\\\\Device\\HarddiskVolume3\\Windows\\System32\\dllhost.exe",
    "Details": "Binary Data",
    "User": "NT AUTHORITY\\SYSTEM"
  },
  {
    "EventID": "12",
    "TimeCreated": "2026-06-07T18:59:47.4125491Z",
    "RuleName": "-",
    "EventType": "CreateKey",
    "UtcTime": "2026-06-07 18:59:47.411",
    "ProcessGuid": "{a33c49c6-30c2-6a20-1d00-000000001b00}",
    "ProcessId": "2252",
    "Image": "C:\\Windows\\system32\\svchost.exe",
    "TargetObject": "HKLM\\System\\CurrentControlSet\\Services\\Tcpip\\Parameters",
    "User": "NT AUTHORITY\\Servicio de red"
  },
  {
    "EventID": "13",
    "TimeCreated": "2026-06-07T18:59:38.3900763Z",
    "RuleName": "-",
    "EventType": "SetValue",
    "UtcTime": "2026-06-07 18:59:38.389",
    "ProcessGuid": "{a33c49c6-bf9a-6a25-4446-000000001b00}",
    "ProcessId": "15040",
    "Image": "C:\\Windows\\system32\\conhost.exe",
    "TargetObject": "HKLM\\System\\CurrentControlSet\\Services\\bam\\State\\UserSettings\\S-1-5-21-3961930346-3620050953-1644270016-1001\\\\Device\\HarddiskVolume3\\Windows\\System32\\conhost.exe",
    "Details": "Binary Data",
    "User": "DESKTOP-8341B96\\ABI"
  },
  {
    "EventID": "5",
    "TimeCreated": "2026-06-07T18:59:38.3896988Z",
    "RuleName": "-",
    "UtcTime": "2026-06-07 18:59:38.389",
    "ProcessGuid": "{a33c49c6-bf9a-6a25-4446-000000001b00}",
    "ProcessId": "15040",
    "Image": "C:\\Windows\\System32\\conhost.exe",
    "User": "DESKTOP-8341B96\\ABI"
  },
  {
    "EventID": "5",
    "TimeCreated": "2026-06-07T18:59:38.3879399Z",
    "RuleName": "-",
    "UtcTime": "2026-06-07 18:59:38.380",
    "ProcessGuid": "{a33c49c6-bf9a-6a25-4346-000000001b00}",
    "ProcessId": "19096",
    "Image": "C:\\Program Files\\Git\\cmd\\git.exe",
    "User": "DESKTOP-8341B96\\ABI"
  },
  {
    "EventID": "5",
    "TimeCreated": "2026-06-07T18:59:38.3847820Z",
    "RuleName": "-",
    "UtcTime": "2026-06-07 18:59:38.380",
    "ProcessGuid": "{a33c49c6-bf9a-6a25-4546-000000001b00}",
    "ProcessId": "23092",
    "Image": "C:\\Program Files\\Git\\mingw64\\bin\\git.exe",
    "User": "DESKTOP-8341B96\\ABI"
  },
  {
    "EventID": "13",
    "TimeCreated": "2026-06-07T18:59:38.3329250Z",
    "RuleName": "-",
    "EventType": "SetValue",
    "UtcTime": "2026-06-07 18:59:38.332",
    "ProcessGuid": "{a33c49c6-bf9a-6a25-4346-000000001b00}",
    "ProcessId": "19096",
    "Image": "C:\\Program Files\\Git\\cmd\\git.exe",
    "TargetObject": "HKLM\\System\\CurrentControlSet\\Services\\bam\\State\\UserSettings\\S-1-5-21-3961930346-3620050953-1644270016-1001\\\\Device\\HarddiskVolume3\\Windows\\System32\\conhost.exe",
    "Details": "Binary Data",
    "User": "DESKTOP-8341B96\\ABI"
  },
  {
    "EventID": "13",
    "TimeCreated": "2026-06-07T18:59:36.6190286Z",
    "RuleName": "-",
    "EventType": "SetValue",
    "UtcTime": "2026-06-07 18:59:36.614",
    "ProcessGuid": "{a33c49c6-bf98-6a25-4246-000000001b00}",
    "ProcessId": "5688",
    "Image": "C:\\Program Files\\PostgreSQL\\17\\bin\\postgres.exe",
    "TargetObject": "HKLM\\System\\CurrentControlSet\\Services\\bam\\State\\UserSettings\\S-1-5-20\\\\Device\\HarddiskVolume3\\Program Files\\PostgreSQL\\17\\bin\\postgres.exe",
    "Details": "Binary Data",
    "User": "NT AUTHORITY\\Servicio de red"
  },
  {
    "EventID": "5",
    "TimeCreated": "2026-06-07T18:59:36.6184683Z",
    "RuleName": "-",
    "UtcTime": "2026-06-07 18:59:36.614",
    "ProcessGuid": "{a33c49c6-bf98-6a25-4246-000000001b00}",
    "ProcessId": "5688",
    "Image": "C:\\Program Files\\PostgreSQL\\17\\bin\\postgres.exe",
    "User": "NT AUTHORITY\\Servicio de red"
  },
  {
    "EventID": "13",
    "TimeCreated": "2026-06-07T18:59:36.4849385Z",
    "RuleName": "-",
    "EventType": "SetValue",
    "UtcTime": "2026-06-07 18:59:36.483",
    "ProcessGuid": "{a33c49c6-30c4-6a20-6d00-000000001b00}",
    "ProcessId": "6248",
    "Image": "C:\\Program Files\\PostgreSQL\\17\\bin\\postgres.exe",
    "TargetObject": "HKLM\\System\\CurrentControlSet\\Services\\bam\\State\\UserSettings\\S-1-5-20\\\\Device\\HarddiskVolume3\\Program Files\\PostgreSQL\\17\\bin\\postgres.exe",
    "Details": "Binary Data",
    "User": "NT AUTHORITY\\Servicio de red"
  },
  {
    "EventID": "13",
    "TimeCreated": "2026-06-07T18:59:34.5276089Z",
    "RuleName": "-",
    "EventType": "SetValue",
    "UtcTime": "2026-06-07 18:59:34.525",
    "ProcessGuid": "{a33c49c6-bf96-6a25-4046-000000001b00}",
    "ProcessId": "9852",
    "Image": "C:\\Windows\\system32\\conhost.exe",
    "TargetObject": "HKLM\\System\\CurrentControlSet\\Services\\bam\\State\\UserSettings\\S-1-5-21-3961930346-3620050953-1644270016-1001\\\\Device\\HarddiskVolume3\\Windows\\System32\\conhost.exe",
    "Details": "Binary Data",
    "User": "DESKTOP-8341B96\\ABI"
  },
  {
    "EventID": "5",
    "TimeCreated": "2026-06-07T18:59:34.5271449Z",
    "RuleName": "-",
    "UtcTime": "2026-06-07 18:59:34.525",
    "ProcessGuid": "{a33c49c6-bf96-6a25-4046-000000001b00}",
    "ProcessId": "9852",
    "Image": "C:\\Windows\\System32\\conhost.exe",
    "User": "DESKTOP-8341B96\\ABI"
  },
  {
    "EventID": "5",
    "TimeCreated": "2026-06-07T18:59:34.5254254Z",
    "RuleName": "-",
    "UtcTime": "2026-06-07 18:59:34.524",
    "ProcessGuid": "{a33c49c6-bf96-6a25-3f46-000000001b00}",
    "ProcessId": "12604",
    "Image": "C:\\Program Files\\Git\\cmd\\git.exe",
    "User": "DESKTOP-8341B96\\ABI"
  },
  {
    "EventID": "5",
    "TimeCreated": "2026-06-07T18:59:34.5222219Z",
    "RuleName": "-",
    "UtcTime": "2026-06-07 18:59:34.521",
    "ProcessGuid": "{a33c49c6-bf96-6a25-4146-000000001b00}",
    "ProcessId": "9484",
    "Image": "C:\\Program Files\\Git\\mingw64\\bin\\git.exe",
    "User": "DESKTOP-8341B96\\ABI"
  },
  {
    "EventID": "13",
    "TimeCreated": "2026-06-07T18:59:34.4635242Z",
    "RuleName": "-",
    "EventType": "SetValue",
    "UtcTime": "2026-06-07 18:59:34.461",
    "ProcessGuid": "{a33c49c6-bf96-6a25-3f46-000000001b00}",
    "ProcessId": "12604",
    "Image": "C:\\Program Files\\Git\\cmd\\git.exe",
    "TargetObject": "HKLM\\System\\CurrentControlSet\\Services\\bam\\State\\UserSettings\\S-1-5-21-3961930346-3620050953-1644270016-1001\\\\Device\\HarddiskVolume3\\Windows\\System32\\conhost.exe",
    "Details": "Binary Data",
    "User": "DESKTOP-8341B96\\ABI"
  },
  {
    "EventID": "12",
    "TimeCreated": "2026-06-07T18:59:19.8101487Z",
    "RuleName": "-",
    "EventType": "CreateKey",
    "UtcTime": "2026-06-07 18:59:19.809",
    "ProcessGuid": "{a33c49c6-30c2-6a20-1d00-000000001b00}",
    "ProcessId": "2252",
    "Image": "C:\\Windows\\system32\\svchost.exe",
    "TargetObject": "HKLM\\System\\CurrentControlSet\\Services\\Tcpip\\Parameters",
    "User": "NT AUTHORITY\\Servicio de red"
  },
  {
    "EventID": "13",
    "TimeCreated": "2026-06-07T18:59:15.9751004Z",
    "RuleName": "-",
    "EventType": "SetValue",
    "UtcTime": "2026-06-07 18:59:15.973",
    "ProcessGuid": "{a33c49c6-bf83-6a25-3e46-000000001b00}",
    "ProcessId": "22212",
    "Image": "C:\\Program Files\\PostgreSQL\\17\\bin\\postgres.exe",
    "TargetObject": "HKLM\\System\\CurrentControlSet\\Services\\bam\\State\\UserSettings\\S-1-5-20\\\\Device\\HarddiskVolume3\\Program Files\\PostgreSQL\\17\\bin\\postgres.exe",
    "Details": "Binary Data",
    "User": "NT AUTHORITY\\Servicio de red"
  },
  {
    "EventID": "5",
    "TimeCreated": "2026-06-07T18:59:15.9746866Z",
    "RuleName": "-",
    "UtcTime": "2026-06-07 18:59:15.973",
    "ProcessGuid": "{a33c49c6-bf83-6a25-3e46-000000001b00}",
    "ProcessId": "22212",
    "Image": "C:\\Program Files\\PostgreSQL\\17\\bin\\postgres.exe",
    "User": "NT AUTHORITY\\Servicio de red"
  },
  {
    "EventID": "13",
    "TimeCreated": "2026-06-07T18:59:15.9262592Z",
    "RuleName": "-",
    "EventType": "SetValue",
    "UtcTime": "2026-06-07 18:59:15.925",
    "ProcessGuid": "{a33c49c6-30c4-6a20-6d00-000000001b00}",
    "ProcessId": "6248",
    "Image": "C:\\Program Files\\PostgreSQL\\17\\bin\\postgres.exe",
    "TargetObject": "HKLM\\System\\CurrentControlSet\\Services\\bam\\State\\UserSettings\\S-1-5-20\\\\Device\\HarddiskVolume3\\Program Files\\PostgreSQL\\17\\bin\\postgres.exe",
    "Details": "Binary Data",
    "User": "NT AUTHORITY\\Servicio de red"
  },
  {
    "EventID": "13",
    "TimeCreated": "2026-06-07T18:58:58.1241448Z",
    "RuleName": "-",
    "EventType": "SetValue",
    "UtcTime": "2026-06-07 18:58:58.123",
    "ProcessGuid": "{a33c49c6-bf72-6a25-3c46-000000001b00}",
    "ProcessId": "12860",
    "Image": "C:\\Windows\\system32\\conhost.exe",
    "TargetObject": "HKLM\\System\\CurrentControlSet\\Services\\bam\\State\\UserSettings\\S-1-5-21-3961930346-3620050953-1644270016-1001\\\\Device\\HarddiskVolume3\\Windows\\System32\\conhost.exe",
    "Details": "Binary Data",
    "User": "DESKTOP-8341B96\\ABI"
  },
  {
    "EventID": "5",
    "TimeCreated": "2026-06-07T18:58:58.1237800Z",
    "RuleName": "-",
    "UtcTime": "2026-06-07 18:58:58.123",
    "ProcessGuid": "{a33c49c6-bf72-6a25-3c46-000000001b00}",
    "ProcessId": "12860",
    "Image": "C:\\Windows\\System32\\conhost.exe",
    "User": "DESKTOP-8341B96\\ABI"
  },
  {
    "EventID": "5",
    "TimeCreated": "2026-06-07T18:58:58.1223138Z",
    "RuleName": "-",
    "UtcTime": "2026-06-07 18:58:58.121",
    "ProcessGuid": "{a33c49c6-bf72-6a25-3b46-000000001b00}",
    "ProcessId": "23436",
    "Image": "C:\\Program Files\\Git\\cmd\\git.exe",
    "User": "DESKTOP-8341B96\\ABI"
  },
  {
    "EventID": "5",
    "TimeCreated": "2026-06-07T18:58:58.1194388Z",
    "RuleName": "-",
    "UtcTime": "2026-06-07 18:58:58.119",
    "ProcessGuid": "{a33c49c6-bf72-6a25-3d46-000000001b00}",
    "ProcessId": "14928",
    "Image": "C:\\Program Files\\Git\\mingw64\\bin\\git.exe",
    "User": "DESKTOP-8341B96\\ABI"
  },
  {
    "EventID": "13",
    "TimeCreated": "2026-06-07T18:58:58.0654360Z",
    "RuleName": "-",
    "EventType": "SetValue",
    "UtcTime": "2026-06-07 18:58:58.065",
    "ProcessGuid": "{a33c49c6-bf72-6a25-3b46-000000001b00}",
    "ProcessId": "23436",
    "Image": "C:\\Program Files\\Git\\cmd\\git.exe",
    "TargetObject": "HKLM\\System\\CurrentControlSet\\Services\\bam\\State\\UserSettings\\S-1-5-21-3961930346-3620050953-1644270016-1001\\\\Device\\HarddiskVolume3\\Windows\\System32\\conhost.exe",
    "Details": "Binary Data",
    "User": "DESKTOP-8341B96\\ABI"
  },
