  {
    "EventID": "13",
    "TimeCreated": "2026-06-07T18:49:12.7961970Z",
    "RuleName": "-",
    "EventType": "SetValue",
    "UtcTime": "2026-06-07 18:49:12.792",
    "ProcessGuid": "{a33c49c6-768e-6a25-3339-000000001b00}",
    "ProcessId": "14912",
    "Image": "C:\\Program Files (x86)\\Microsoft\\Edge\\Application\\msedge.exe",
    "TargetObject": "HKLM\\System\\CurrentControlSet\\Services\\bam\\State\\UserSettings\\S-1-5-21-3961930346-3620050953-1644270016-1001\\\\Device\\HarddiskVolume3\\Program Files (x86)\\Microsoft\\Edge\\Application\\msedge.exe",
    "Details": "Binary Data",
    "User": "DESKTOP-8341B96\\ABI"
  },
  {
    "EventID": "13",
    "TimeCreated": "2026-06-07T18:49:12.6617059Z",
    "RuleName": "-",
    "EventType": "SetValue",
    "UtcTime": "2026-06-07 18:49:12.661",
    "ProcessGuid": "{a33c49c6-768e-6a25-3339-000000001b00}",
    "ProcessId": "14912",
    "Image": "C:\\Program Files (x86)\\Microsoft\\Edge\\Application\\msedge.exe",
    "TargetObject": "HKLM\\System\\CurrentControlSet\\Services\\bam\\State\\UserSettings\\S-1-5-21-3961930346-3620050953-1644270016-1001\\\\Device\\HarddiskVolume3\\Program Files (x86)\\Microsoft\\Edge\\Application\\msedge.exe",
    "Details": "Binary Data",
    "User": "DESKTOP-8341B96\\ABI"
  },
  {
    "EventID": "13",
    "TimeCreated": "2026-06-07T18:49:12.6303310Z",
    "RuleName": "-",
    "EventType": "SetValue",
    "UtcTime": "2026-06-07 18:49:12.629",
    "ProcessGuid": "{a33c49c6-bba9-6a25-a245-000000001b00}",
    "ProcessId": "21312",
    "Image": "C:\\Program Files (x86)\\Microsoft\\Edge\\Application\\msedge.exe",
    "TargetObject": "HKLM\\System\\CurrentControlSet\\Services\\bam\\State\\UserSettings\\S-1-5-21-3961930346-3620050953-1644270016-1001\\\\Device\\HarddiskVolume3\\Program Files (x86)\\Microsoft\\Edge\\Application\\msedge.exe",
    "Details": "Binary Data",
    "User": "DESKTOP-8341B96\\ABI"
  },
  {
    "EventID": "5",
    "TimeCreated": "2026-06-07T18:49:12.6291546Z",
    "RuleName": "-",
    "UtcTime": "2026-06-07 18:49:12.628",
    "ProcessGuid": "{a33c49c6-bba9-6a25-a245-000000001b00}",
    "ProcessId": "21312",
    "Image": "C:\\Program Files (x86)\\Microsoft\\Edge\\Application\\msedge.exe",
    "User": "DESKTOP-8341B96\\ABI"
  },
  {
    "EventID": "13",
    "TimeCreated": "2026-06-07T18:49:12.5740438Z",
    "RuleName": "-",
    "EventType": "SetValue",
    "UtcTime": "2026-06-07 18:49:12.573",
    "ProcessGuid": "{a33c49c6-768e-6a25-3339-000000001b00}",
    "ProcessId": "14912",
    "Image": "C:\\Program Files (x86)\\Microsoft\\Edge\\Application\\msedge.exe",
    "TargetObject": "HKLM\\System\\CurrentControlSet\\Services\\bam\\State\\UserSettings\\S-1-5-21-3961930346-3620050953-1644270016-1001\\\\Device\\HarddiskVolume3\\Program Files (x86)\\Microsoft\\Edge\\Application\\msedge.exe",
    "Details": "Binary Data",
    "User": "DESKTOP-8341B96\\ABI"
  },
  {
    "EventID": "13",
    "TimeCreated": "2026-06-07T18:49:11.3380095Z",
    "RuleName": "-",
    "EventType": "SetValue",
    "UtcTime": "2026-06-07 18:49:11.337",
    "ProcessGuid": "{a33c49c6-bb73-6a25-9645-000000001b00}",
    "ProcessId": "23316",
    "Image": "C:\\Program Files (x86)\\Microsoft\\Edge\\Application\\msedge.exe",
    "TargetObject": "HKLM\\System\\CurrentControlSet\\Services\\bam\\State\\UserSettings\\S-1-5-21-3961930346-3620050953-1644270016-1001\\\\Device\\HarddiskVolume3\\Program Files (x86)\\Microsoft\\Edge\\Application\\msedge.exe",
    "Details": "Binary Data",
    "User": "DESKTOP-8341B96\\ABI"
  },
  {
    "EventID": "5",
    "TimeCreated": "2026-06-07T18:49:11.3371184Z",
    "RuleName": "-",
    "UtcTime": "2026-06-07 18:49:11.335",
    "ProcessGuid": "{a33c49c6-bb73-6a25-9645-000000001b00}",
    "ProcessId": "23316",
    "Image": "C:\\Program Files (x86)\\Microsoft\\Edge\\Application\\msedge.exe",
    "User": "DESKTOP-8341B96\\ABI"
  },
  {
    "EventID": "13",
    "TimeCreated": "2026-06-07T18:49:11.3133045Z",
    "RuleName": "-",
    "EventType": "SetValue",
    "UtcTime": "2026-06-07 18:49:11.312",
    "ProcessGuid": "{a33c49c6-bb74-6a25-9945-000000001b00}",
    "ProcessId": "9836",
    "Image": "C:\\Program Files (x86)\\Microsoft\\Edge\\Application\\msedge.exe",
    "TargetObject": "HKLM\\System\\CurrentControlSet\\Services\\bam\\State\\UserSettings\\S-1-5-21-3961930346-3620050953-1644270016-1001\\\\Device\\HarddiskVolume3\\Program Files (x86)\\Microsoft\\Edge\\Application\\msedge.exe",
    "Details": "Binary Data",
    "User": "DESKTOP-8341B96\\ABI"
  },
  {
    "EventID": "13",
    "TimeCreated": "2026-06-07T18:49:11.3132544Z",
    "RuleName": "-",
    "EventType": "SetValue",
    "UtcTime": "2026-06-07 18:49:11.312",
    "ProcessGuid": "{a33c49c6-bb74-6a25-9845-000000001b00}",
    "ProcessId": "11980",
    "Image": "C:\\Program Files (x86)\\Microsoft\\Edge\\Application\\msedge.exe",
    "TargetObject": "HKLM\\System\\CurrentControlSet\\Services\\bam\\State\\UserSettings\\S-1-5-21-3961930346-3620050953-1644270016-1001\\\\Device\\HarddiskVolume3\\Program Files (x86)\\Microsoft\\Edge\\Application\\msedge.exe",
    "Details": "Binary Data",
    "User": "DESKTOP-8341B96\\ABI"
  },
  {
    "EventID": "5",
    "TimeCreated": "2026-06-07T18:49:11.3129283Z",
    "RuleName": "-",
    "UtcTime": "2026-06-07 18:49:11.312",
    "ProcessGuid": "{a33c49c6-bb74-6a25-9945-000000001b00}",
    "ProcessId": "9836",
    "Image": "C:\\Program Files (x86)\\Microsoft\\Edge\\Application\\msedge.exe",
    "User": "DESKTOP-8341B96\\ABI"
  },
  {
    "EventID": "5",
    "TimeCreated": "2026-06-07T18:49:11.3126370Z",
    "RuleName": "-",
    "UtcTime": "2026-06-07 18:49:11.312",
    "ProcessGuid": "{a33c49c6-bb74-6a25-9845-000000001b00}",
    "ProcessId": "11980",
    "Image": "C:\\Program Files (x86)\\Microsoft\\Edge\\Application\\msedge.exe",
    "User": "DESKTOP-8341B96\\ABI"
  },
  {
    "EventID": "13",
    "TimeCreated": "2026-06-07T18:49:11.2818144Z",
    "RuleName": "-",
    "EventType": "SetValue",
    "UtcTime": "2026-06-07 18:49:11.280",
    "ProcessGuid": "{a33c49c6-768e-6a25-3339-000000001b00}",
    "ProcessId": "14912",
    "Image": "C:\\Program Files (x86)\\Microsoft\\Edge\\Application\\msedge.exe",
    "TargetObject": "HKLM\\System\\CurrentControlSet\\Services\\bam\\State\\UserSettings\\S-1-5-21-3961930346-3620050953-1644270016-1001\\\\Device\\HarddiskVolume3\\Program Files (x86)\\Microsoft\\Edge\\Application\\msedge.exe",
    "Details": "Binary Data",
    "User": "DESKTOP-8341B96\\ABI"
  },
  {
    "EventID": "12",
    "TimeCreated": "2026-06-07T18:49:04.2553915Z",
    "RuleName": "-",
    "EventType": "CreateKey",
    "UtcTime": "2026-06-07 18:49:04.251",
    "ProcessGuid": "{a33c49c6-30c2-6a20-1d00-000000001b00}",
    "ProcessId": "2252",
    "Image": "C:\\Windows\\system32\\svchost.exe",
    "TargetObject": "HKLM\\System\\CurrentControlSet\\Services\\Tcpip\\Parameters",
    "User": "NT AUTHORITY\\Servicio de red"
  },
  {
    "EventID": "13",
    "TimeCreated": "2026-06-07T18:49:01.5820686Z",
    "RuleName": "-",
    "EventType": "SetValue",
    "UtcTime": "2026-06-07 18:49:01.575",
    "ProcessGuid": "{a33c49c6-bd1d-6a25-db45-000000001b00}",
    "ProcessId": "21960",
    "Image": "C:\\Windows\\SystemApps\\MicrosoftWindows.Client.CBS_cw5n1h2txyewy\\SoftLandingTask\\SoftLandingTask.exe",
    "TargetObject": "HKLM\\System\\CurrentControlSet\\Services\\bam\\State\\UserSettings\\S-1-5-21-3961930346-3620050953-1644270016-1001\\MicrosoftWindows.Client.CBS_cw5n1h2txyewy",
    "Details": "Binary Data",
    "User": "DESKTOP-8341B96\\ABI"
  },
  {
    "EventID": "5",
    "TimeCreated": "2026-06-07T18:49:01.5817288Z",
    "RuleName": "-",
    "UtcTime": "2026-06-07 18:49:01.575",
    "ProcessGuid": "{a33c49c6-bd1d-6a25-db45-000000001b00}",
    "ProcessId": "21960",
    "Image": "C:\\Windows\\SystemApps\\MicrosoftWindows.Client.CBS_cw5n1h2txyewy\\SoftLandingTask\\SoftLandingTask.exe",
    "User": "DESKTOP-8341B96\\ABI"
  },
  {
    "EventID": "5",
    "TimeCreated": "2026-06-07T18:49:01.5807066Z",
    "RuleName": "-",
    "UtcTime": "2026-06-07 18:49:01.575",
    "ProcessGuid": "{a33c49c6-bd1d-6a25-da45-000000001b00}",
    "ProcessId": "3500",
    "Image": "C:\\Windows\\System32\\taskhostw.exe",
    "User": "DESKTOP-8341B96\\ABI"
  },
  {
    "EventID": "13",
    "TimeCreated": "2026-06-07T18:49:01.4812222Z",
    "RuleName": "-",
    "EventType": "SetValue",
    "UtcTime": "2026-06-07 18:49:01.480",
    "ProcessGuid": "{a33c49c6-30c2-6a20-0f00-000000001b00}",
    "ProcessId": "1764",
    "Image": "C:\\Windows\\system32\\svchost.exe",
    "TargetObject": "HKLM\\System\\CurrentControlSet\\Services\\bam\\State\\UserSettings\\S-1-5-21-3961930346-3620050953-1644270016-1001\\MicrosoftWindows.Client.CBS_cw5n1h2txyewy",
    "Details": "Binary Data",
    "User": "NT AUTHORITY\\SYSTEM"
  },
  {
    "EventID": "13",
    "TimeCreated": "2026-06-07T18:48:56.8116599Z",
    "RuleName": "-",
    "EventType": "SetValue",
    "UtcTime": "2026-06-07 18:48:56.810",
    "ProcessGuid": "{a33c49c6-bd18-6a25-d945-000000001b00}",
    "ProcessId": "20768",
    "Image": "C:\\Program Files\\PostgreSQL\\17\\bin\\postgres.exe",
    "TargetObject": "HKLM\\System\\CurrentControlSet\\Services\\bam\\State\\UserSettings\\S-1-5-20\\\\Device\\HarddiskVolume3\\Program Files\\PostgreSQL\\17\\bin\\postgres.exe",
    "Details": "Binary Data",
    "User": "NT AUTHORITY\\Servicio de red"
  },
  {
    "EventID": "5",
    "TimeCreated": "2026-06-07T18:48:56.8112214Z",
    "RuleName": "-",
    "UtcTime": "2026-06-07 18:48:56.810",
    "ProcessGuid": "{a33c49c6-bd18-6a25-d945-000000001b00}",
    "ProcessId": "20768",
    "Image": "C:\\Program Files\\PostgreSQL\\17\\bin\\postgres.exe",
    "User": "NT AUTHORITY\\Servicio de red"
  },
  {
    "EventID": "13",
    "TimeCreated": "2026-06-07T18:48:56.7663549Z",
    "RuleName": "-",
    "EventType": "SetValue",
    "UtcTime": "2026-06-07 18:48:56.763",
    "ProcessGuid": "{a33c49c6-30c4-6a20-6d00-000000001b00}",
    "ProcessId": "6248",
    "Image": "C:\\Program Files\\PostgreSQL\\17\\bin\\postgres.exe",
    "TargetObject": "HKLM\\System\\CurrentControlSet\\Services\\bam\\State\\UserSettings\\S-1-5-20\\\\Device\\HarddiskVolume3\\Program Files\\PostgreSQL\\17\\bin\\postgres.exe",
    "Details": "Binary Data",
    "User": "NT AUTHORITY\\Servicio de red"
  },
  {
    "EventID": "13",
    "TimeCreated": "2026-06-07T18:48:36.4631943Z",
    "RuleName": "-",
    "EventType": "SetValue",
    "UtcTime": "2026-06-07 18:48:36.461",
    "ProcessGuid": "{a33c49c6-bd04-6a25-d845-000000001b00}",
    "ProcessId": "16632",
    "Image": "C:\\Program Files\\PostgreSQL\\17\\bin\\postgres.exe",
    "TargetObject": "HKLM\\System\\CurrentControlSet\\Services\\bam\\State\\UserSettings\\S-1-5-20\\\\Device\\HarddiskVolume3\\Program Files\\PostgreSQL\\17\\bin\\postgres.exe",
    "Details": "Binary Data",
    "User": "NT AUTHORITY\\Servicio de red"
  },
  {
    "EventID": "5",
    "TimeCreated": "2026-06-07T18:48:36.4627065Z",
    "RuleName": "-",
    "UtcTime": "2026-06-07 18:48:36.461",
    "ProcessGuid": "{a33c49c6-bd04-6a25-d845-000000001b00}",
    "ProcessId": "16632",
    "Image": "C:\\Program Files\\PostgreSQL\\17\\bin\\postgres.exe",
    "User": "NT AUTHORITY\\Servicio de red"
  },
  {
    "EventID": "13",
    "TimeCreated": "2026-06-07T18:48:36.4227066Z",
    "RuleName": "-",
    "EventType": "SetValue",
    "UtcTime": "2026-06-07 18:48:36.422",
    "ProcessGuid": "{a33c49c6-30c4-6a20-6d00-000000001b00}",
    "ProcessId": "6248",
    "Image": "C:\\Program Files\\PostgreSQL\\17\\bin\\postgres.exe",
    "TargetObject": "HKLM\\System\\CurrentControlSet\\Services\\bam\\State\\UserSettings\\S-1-5-20\\\\Device\\HarddiskVolume3\\Program Files\\PostgreSQL\\17\\bin\\postgres.exe",
    "Details": "Binary Data",
    "User": "NT AUTHORITY\\Servicio de red"
  },
  {
    "EventID": "12",
    "TimeCreated": "2026-06-07T18:48:22.2320774Z",
    "RuleName": "-",
    "EventType": "CreateKey",
    "UtcTime": "2026-06-07 18:48:22.230",
    "ProcessGuid": "{a33c49c6-30c2-6a20-1d00-000000001b00}",
    "ProcessId": "2252",
    "Image": "C:\\Windows\\system32\\svchost.exe",
    "TargetObject": "HKLM\\System\\CurrentControlSet\\Services\\Tcpip\\Parameters",
    "User": "NT AUTHORITY\\Servicio de red"
  },
  {
    "EventID": "13",
    "TimeCreated": "2026-06-07T18:48:15.6149373Z",
    "RuleName": "-",
    "EventType": "SetValue",
    "UtcTime": "2026-06-07 18:48:15.611",
    "ProcessGuid": "{a33c49c6-bcef-6a25-d745-000000001b00}",
    "ProcessId": "19260",
    "Image": "C:\\Program Files\\PostgreSQL\\17\\bin\\postgres.exe",
    "TargetObject": "HKLM\\System\\CurrentControlSet\\Services\\bam\\State\\UserSettings\\S-1-5-20\\\\Device\\HarddiskVolume3\\Program Files\\PostgreSQL\\17\\bin\\postgres.exe",
    "Details": "Binary Data",
    "User": "NT AUTHORITY\\Servicio de red"
  },
  {
    "EventID": "5",
    "TimeCreated": "2026-06-07T18:48:15.6145947Z",
    "RuleName": "-",
    "UtcTime": "2026-06-07 18:48:15.611",
    "ProcessGuid": "{a33c49c6-bcef-6a25-d745-000000001b00}",
    "ProcessId": "19260",
    "Image": "C:\\Program Files\\PostgreSQL\\17\\bin\\postgres.exe",
    "User": "NT AUTHORITY\\Servicio de red"
  },
  {
    "EventID": "13",
    "TimeCreated": "2026-06-07T18:48:15.5670223Z",
    "RuleName": "-",
    "EventType": "SetValue",
    "UtcTime": "2026-06-07 18:48:15.566",
    "ProcessGuid": "{a33c49c6-30c4-6a20-6d00-000000001b00}",
    "ProcessId": "6248",
    "Image": "C:\\Program Files\\PostgreSQL\\17\\bin\\postgres.exe",
    "TargetObject": "HKLM\\System\\CurrentControlSet\\Services\\bam\\State\\UserSettings\\S-1-5-20\\\\Device\\HarddiskVolume3\\Program Files\\PostgreSQL\\17\\bin\\postgres.exe",
    "Details": "Binary Data",
    "User": "NT AUTHORITY\\Servicio de red"
  },
  {
    "EventID": "5",
    "TimeCreated": "2026-06-07T18:48:13.2853031Z",
    "RuleName": "-",
    "UtcTime": "2026-06-07 18:48:13.284",
    "ProcessGuid": "{a33c49c6-bce3-6a25-d645-000000001b00}",
    "ProcessId": "8916",
    "Image": "C:\\Program Files (x86)\\Microsoft\\Edge\\Application\\149.0.4022.52\\identity_helper.exe",
    "User": "DESKTOP-8341B96\\ABI"
  },
  {
    "EventID": "5",
    "TimeCreated": "2026-06-07T18:48:03.1136527Z",
    "RuleName": "-",
    "UtcTime": "2026-06-07 18:48:03.112",
    "ProcessGuid": "{a33c49c6-bce3-6a25-d545-000000001b00}",
    "ProcessId": "21264",
    "Image": "C:\\Program Files (x86)\\Microsoft\\Edge\\Application\\149.0.4022.52\\identity_helper.exe",
    "User": "DESKTOP-8341B96\\ABI"
  },
  {
    "EventID": "12",
    "TimeCreated": "2026-06-07T18:48:01.2047163Z",
    "RuleName": "-",
    "EventType": "CreateKey",
    "UtcTime": "2026-06-07 18:48:01.203",
    "ProcessGuid": "{a33c49c6-30c2-6a20-1d00-000000001b00}",
    "ProcessId": "2252",
    "Image": "C:\\Windows\\system32\\svchost.exe",
    "TargetObject": "HKLM\\System\\CurrentControlSet\\Services\\Tcpip\\Parameters",
    "User": "NT AUTHORITY\\Servicio de red"
  },
  {
    "EventID": "13",
    "TimeCreated": "2026-06-07T18:47:56.7056468Z",
    "RuleName": "-",
    "EventType": "SetValue",
    "UtcTime": "2026-06-07 18:47:56.692",
    "ProcessGuid": "{a33c49c6-bcdc-6a25-d445-000000001b00}",
    "ProcessId": "10424",
    "Image": "C:\\Program Files\\PostgreSQL\\17\\bin\\postgres.exe",
    "TargetObject": "HKLM\\System\\CurrentControlSet\\Services\\bam\\State\\UserSettings\\S-1-5-20\\\\Device\\HarddiskVolume3\\Program Files\\PostgreSQL\\17\\bin\\postgres.exe",
    "Details": "Binary Data",
    "User": "NT AUTHORITY\\Servicio de red"
  },
  {
    "EventID": "5",
    "TimeCreated": "2026-06-07T18:47:56.7050754Z",
    "RuleName": "-",
    "UtcTime": "2026-06-07 18:47:56.692",
    "ProcessGuid": "{a33c49c6-bcdc-6a25-d445-000000001b00}",
    "ProcessId": "10424",
    "Image": "C:\\Program Files\\PostgreSQL\\17\\bin\\postgres.exe",
    "User": "NT AUTHORITY\\Servicio de red"
  },
  {
    "EventID": "13",
    "TimeCreated": "2026-06-07T18:47:56.6651097Z",
    "RuleName": "-",
    "EventType": "SetValue",
    "UtcTime": "2026-06-07 18:47:56.664",
    "ProcessGuid": "{a33c49c6-30c4-6a20-6d00-000000001b00}",
    "ProcessId": "6248",
    "Image": "C:\\Program Files\\PostgreSQL\\17\\bin\\postgres.exe",
    "TargetObject": "HKLM\\System\\CurrentControlSet\\Services\\bam\\State\\UserSettings\\S-1-5-20\\\\Device\\HarddiskVolume3\\Program Files\\PostgreSQL\\17\\bin\\postgres.exe",
    "Details": "Binary Data",
    "User": "NT AUTHORITY\\Servicio de red"
  },
  {
    "EventID": "5",
    "TimeCreated": "2026-06-07T18:47:51.9873009Z",
    "RuleName": "-",
    "UtcTime": "2026-06-07 18:47:51.986",
    "ProcessGuid": "{a33c49c6-bb94-6a25-9e45-000000001b00}",
    "ProcessId": "15868",
    "Image": "C:\\Windows\\System32\\audiodg.exe",
    "User": "NT AUTHORITY\\SERVICIO LOCAL"
  },
  {
    "EventID": "5",
    "TimeCreated": "2026-06-07T18:47:50.1632448Z",
    "RuleName": "-",
    "UtcTime": "2026-06-07 18:47:50.160",
    "ProcessGuid": "{a33c49c6-bb14-6a25-8945-000000001b00}",
    "ProcessId": "13988",
    "Image": "C:\\Windows\\System32\\smartscreen.exe",
    "User": "DESKTOP-8341B96\\ABI"
  },
  {
    "EventID": "13",
    "TimeCreated": "2026-06-07T18:47:49.4244686Z",
    "RuleName": "-",
    "EventType": "SetValue",
    "UtcTime": "2026-06-07 18:47:49.423",
    "ProcessGuid": "{a33c49c6-bccf-6a25-d245-000000001b00}",
    "ProcessId": "21912",
    "Image": "C:\\Windows\\system32\\DllHost.exe",
    "TargetObject": "HKLM\\System\\CurrentControlSet\\Services\\bam\\State\\UserSettings\\S-1-5-21-3961930346-3620050953-1644270016-1001\\\\Device\\HarddiskVolume3\\Windows\\System32\\dllhost.exe",
    "Details": "Binary Data",
    "User": "DESKTOP-8341B96\\ABI"
  },
  {
    "EventID": "5",
    "TimeCreated": "2026-06-07T18:47:49.4239109Z",
    "RuleName": "-",
    "UtcTime": "2026-06-07 18:47:49.423",
    "ProcessGuid": "{a33c49c6-bccf-6a25-d245-000000001b00}",
    "ProcessId": "21912",
    "Image": "C:\\Windows\\System32\\dllhost.exe",
    "User": "DESKTOP-8341B96\\ABI"
  },
  {
    "EventID": "13",
    "TimeCreated": "2026-06-07T18:47:44.3890754Z",
    "RuleName": "-",
    "EventType": "SetValue",
    "UtcTime": "2026-06-07 18:47:44.387",
    "ProcessGuid": "{a33c49c6-30b8-6a20-eb03-000000000000}",
    "ProcessId": "4",
    "Image": "System",
    "TargetObject": "HKLM\\System\\CurrentControlSet\\Services\\bam\\State\\UserSettings\\S-1-5-21-3961930346-3620050953-1644270016-1001\\SequenceNumber",
    "Details": "DWORD (0x0000028e)",
    "User": "NT AUTHORITY\\SYSTEM"
  },
  {
    "EventID": "13",
    "TimeCreated": "2026-06-07T18:47:44.3890267Z",
    "RuleName": "-",
    "EventType": "SetValue",
    "UtcTime": "2026-06-07 18:47:44.387",
    "ProcessGuid": "{a33c49c6-30b8-6a20-eb03-000000000000}",
    "ProcessId": "4",
    "Image": "System",
    "TargetObject": "HKLM\\System\\CurrentControlSet\\Services\\bam\\State\\UserSettings\\S-1-5-21-3961930346-3620050953-1644270016-1001\\\\Device\\HarddiskVolume3\\Windows\\System32\\DataExchangeHost.exe",
    "Details": "Binary Data",
    "User": "NT AUTHORITY\\SYSTEM"
  },
  {
    "EventID": "12",
    "TimeCreated": "2026-06-07T18:47:44.3888931Z",
    "RuleName": "-",
    "EventType": "CreateKey",
    "UtcTime": "2026-06-07 18:47:44.387",
    "ProcessGuid": "{a33c49c6-30b8-6a20-eb03-000000000000}",
    "ProcessId": "4",
    "Image": "System",
    "TargetObject": "HKLM\\System\\CurrentControlSet\\Services\\bam\\State\\UserSettings\\S-1-5-21-3961930346-3620050953-1644270016-1001",
    "User": "NT AUTHORITY\\SYSTEM"
  },
  {
    "EventID": "13",
    "TimeCreated": "2026-06-07T18:47:43.9178446Z",
    "RuleName": "-",
    "EventType": "SetValue",
    "UtcTime": "2026-06-07 18:47:43.916",
    "ProcessGuid": "{a33c49c6-30b8-6a20-eb03-000000000000}",
    "ProcessId": "4",
    "Image": "System",
    "TargetObject": "HKLM\\System\\CurrentControlSet\\Services\\bam\\State\\UserSettings\\S-1-5-21-3961930346-3620050953-1644270016-1001\\SequenceNumber",
    "Details": "DWORD (0x0000028d)",
    "User": "NT AUTHORITY\\SYSTEM"
  },
  {
    "EventID": "13",
    "TimeCreated": "2026-06-07T18:47:43.9175863Z",
    "RuleName": "-",
    "EventType": "SetValue",
    "UtcTime": "2026-06-07 18:47:43.916",
    "ProcessGuid": "{a33c49c6-30b8-6a20-eb03-000000000000}",
    "ProcessId": "4",
    "Image": "System",
    "TargetObject": "HKLM\\System\\CurrentControlSet\\Services\\bam\\State\\UserSettings\\S-1-5-21-3961930346-3620050953-1644270016-1001\\\\Device\\HarddiskVolume3\\Windows\\System32\\ShellHost.exe",
    "Details": "Binary Data",
    "User": "NT AUTHORITY\\SYSTEM"
  },
  {
    "EventID": "12",
    "TimeCreated": "2026-06-07T18:47:43.9174171Z",
    "RuleName": "-",
    "EventType": "CreateKey",
    "UtcTime": "2026-06-07 18:47:43.916",
    "ProcessGuid": "{a33c49c6-30b8-6a20-eb03-000000000000}",
    "ProcessId": "4",
    "Image": "System",
    "TargetObject": "HKLM\\System\\CurrentControlSet\\Services\\bam\\State\\UserSettings\\S-1-5-21-3961930346-3620050953-1644270016-1001",
    "User": "NT AUTHORITY\\SYSTEM"
  },
  {
    "EventID": "13",
    "TimeCreated": "2026-06-07T18:47:43.9111670Z",
    "RuleName": "-",
    "EventType": "SetValue",
    "UtcTime": "2026-06-07 18:47:43.908",
    "ProcessGuid": "{a33c49c6-30c2-6a20-0f00-000000001b00}",
    "ProcessId": "1764",
    "Image": "C:\\Windows\\system32\\svchost.exe",
    "TargetObject": "HKLM\\System\\CurrentControlSet\\Services\\bam\\State\\UserSettings\\S-1-5-21-3961930346-3620050953-1644270016-1001\\\\Device\\HarddiskVolume3\\Windows\\System32\\dllhost.exe",
    "Details": "Binary Data",
    "User": "NT AUTHORITY\\SYSTEM"
  },
  {
    "EventID": "12",
    "TimeCreated": "2026-06-07T18:47:38.9466422Z",
    "RuleName": "-",
    "EventType": "CreateKey",
    "UtcTime": "2026-06-07 18:47:38.946",
    "ProcessGuid": "{a33c49c6-859c-6a25-733b-000000001b00}",
    "ProcessId": "12448",
    "Image": "C:\\Users\\ABI\\AppData\\Local\\Programs\\Microsoft VS Code\\Code.exe",
    "TargetObject": "HKLM\\System\\CurrentControlSet\\Services\\Tcpip\\Parameters",
    "User": "DESKTOP-8341B96\\ABI"
  },
  {
    "EventID": "12",
    "TimeCreated": "2026-06-07T18:47:38.0552619Z",
    "RuleName": "-",
    "EventType": "CreateKey",
    "UtcTime": "2026-06-07 18:47:38.054",
    "ProcessGuid": "{a33c49c6-30c2-6a20-1d00-000000001b00}",
    "ProcessId": "2252",
    "Image": "C:\\Windows\\system32\\svchost.exe",
    "TargetObject": "HKLM\\System\\CurrentControlSet\\Services\\Tcpip\\Parameters",
    "User": "NT AUTHORITY\\Servicio de red"
  },
  {
    "EventID": "13",
    "TimeCreated": "2026-06-07T18:47:36.4564250Z",
    "RuleName": "-",
    "EventType": "SetValue",
    "UtcTime": "2026-06-07 18:47:36.455",
    "ProcessGuid": "{a33c49c6-bcc8-6a25-d145-000000001b00}",
    "ProcessId": "8472",
    "Image": "C:\\Program Files\\PostgreSQL\\17\\bin\\postgres.exe",
    "TargetObject": "HKLM\\System\\CurrentControlSet\\Services\\bam\\State\\UserSettings\\S-1-5-20\\\\Device\\HarddiskVolume3\\Program Files\\PostgreSQL\\17\\bin\\postgres.exe",
    "Details": "Binary Data",
    "User": "NT AUTHORITY\\Servicio de red"
  },
  {
    "EventID": "5",
    "TimeCreated": "2026-06-07T18:47:36.4559857Z",
    "RuleName": "-",
    "UtcTime": "2026-06-07 18:47:36.455",
    "ProcessGuid": "{a33c49c6-bcc8-6a25-d145-000000001b00}",
    "ProcessId": "8472",
    "Image": "C:\\Program Files\\PostgreSQL\\17\\bin\\postgres.exe",
    "User": "NT AUTHORITY\\Servicio de red"
  },
  {
    "EventID": "5",
    "TimeCreated": "2026-06-07T18:47:36.4510609Z",
    "RuleName": "-",
    "UtcTime": "2026-06-07 18:47:36.450",
    "ProcessGuid": "{a33c49c6-bca0-6a25-c745-000000001b00}",
    "ProcessId": "16896",
    "Image": "C:\\Windows\\System32\\RuntimeBroker.exe",
    "User": "DESKTOP-8341B96\\ABI"
  },
  {
    "EventID": "13",
    "TimeCreated": "2026-06-07T18:47:36.4129405Z",
    "RuleName": "-",
    "EventType": "SetValue",
    "UtcTime": "2026-06-07 18:47:36.412",
    "ProcessGuid": "{a33c49c6-30c4-6a20-6d00-000000001b00}",
    "ProcessId": "6248",
    "Image": "C:\\Program Files\\PostgreSQL\\17\\bin\\postgres.exe",
    "TargetObject": "HKLM\\System\\CurrentControlSet\\Services\\bam\\State\\UserSettings\\S-1-5-20\\\\Device\\HarddiskVolume3\\Program Files\\PostgreSQL\\17\\bin\\postgres.exe",
    "Details": "Binary Data",
    "User": "NT AUTHORITY\\Servicio de red"
  },
  {
    "EventID": "13",
    "TimeCreated": "2026-06-07T18:47:33.7532047Z",
    "RuleName": "-",
    "EventType": "SetValue",
    "UtcTime": "2026-06-07 18:47:33.749",
    "ProcessGuid": "{a33c49c6-bcc5-6a25-cf45-000000001b00}",
    "ProcessId": "18372",
    "Image": "C:\\Windows\\system32\\conhost.exe",
    "TargetObject": "HKLM\\System\\CurrentControlSet\\Services\\bam\\State\\UserSettings\\S-1-5-21-3961930346-3620050953-1644270016-1001\\\\Device\\HarddiskVolume3\\Windows\\System32\\conhost.exe",
    "Details": "Binary Data",
    "User": "DESKTOP-8341B96\\ABI"
  },
  {
    "EventID": "5",
    "TimeCreated": "2026-06-07T18:47:33.7527650Z",
    "RuleName": "-",
    "UtcTime": "2026-06-07 18:47:33.749",
    "ProcessGuid": "{a33c49c6-bcc5-6a25-cf45-000000001b00}",
    "ProcessId": "18372",
    "Image": "C:\\Windows\\System32\\conhost.exe",
    "User": "DESKTOP-8341B96\\ABI"
  },
  {
    "EventID": "5",
    "TimeCreated": "2026-06-07T18:47:33.7510667Z",
    "RuleName": "-",
    "UtcTime": "2026-06-07 18:47:33.749",
    "ProcessGuid": "{a33c49c6-bcc5-6a25-ce45-000000001b00}",
    "ProcessId": "11004",
    "Image": "C:\\Program Files\\Git\\cmd\\git.exe",
    "User": "DESKTOP-8341B96\\ABI"
  },
  {
    "EventID": "5",
    "TimeCreated": "2026-06-07T18:47:33.7475979Z",
    "RuleName": "-",
    "UtcTime": "2026-06-07 18:47:33.747",
    "ProcessGuid": "{a33c49c6-bcc5-6a25-d045-000000001b00}",
    "ProcessId": "12812",
    "Image": "C:\\Program Files\\Git\\mingw64\\bin\\git.exe",
    "User": "DESKTOP-8341B96\\ABI"
  },
  {
    "EventID": "13",
    "TimeCreated": "2026-06-07T18:47:33.6865900Z",
    "RuleName": "-",
    "EventType": "SetValue",
    "UtcTime": "2026-06-07 18:47:33.685",
    "ProcessGuid": "{a33c49c6-bcc5-6a25-ce45-000000001b00}",
    "ProcessId": "11004",
    "Image": "C:\\Program Files\\Git\\cmd\\git.exe",
    "TargetObject": "HKLM\\System\\CurrentControlSet\\Services\\bam\\State\\UserSettings\\S-1-5-21-3961930346-3620050953-1644270016-1001\\\\Device\\HarddiskVolume3\\Windows\\System32\\conhost.exe",
    "Details": "Binary Data",
    "User": "DESKTOP-8341B96\\ABI"
  },
  {
    "EventID": "13",
    "TimeCreated": "2026-06-07T18:47:33.0901054Z",
    "RuleName": "-",
    "EventType": "SetValue",
    "UtcTime": "2026-06-07 18:47:33.087",
    "ProcessGuid": "{a33c49c6-bcc5-6a25-cc45-000000001b00}",
    "ProcessId": "20564",
    "Image": "C:\\Windows\\system32\\conhost.exe",
    "TargetObject": "HKLM\\System\\CurrentControlSet\\Services\\bam\\State\\UserSettings\\S-1-5-21-3961930346-3620050953-1644270016-1001\\\\Device\\HarddiskVolume3\\Windows\\System32\\conhost.exe",
    "Details": "Binary Data",
    "User": "DESKTOP-8341B96\\ABI"
  },
  {
    "EventID": "5",
    "TimeCreated": "2026-06-07T18:47:33.0895623Z",
    "RuleName": "-",
    "UtcTime": "2026-06-07 18:47:33.087",
    "ProcessGuid": "{a33c49c6-bcc5-6a25-cc45-000000001b00}",
    "ProcessId": "20564",
    "Image": "C:\\Windows\\System32\\conhost.exe",
    "User": "DESKTOP-8341B96\\ABI"
  },
  {
    "EventID": "5",
    "TimeCreated": "2026-06-07T18:47:33.0876592Z",
    "RuleName": "-",
    "UtcTime": "2026-06-07 18:47:33.087",
    "ProcessGuid": "{a33c49c6-bcc5-6a25-cb45-000000001b00}",
    "ProcessId": "3692",
    "Image": "C:\\Program Files\\Git\\cmd\\git.exe",
    "User": "DESKTOP-8341B96\\ABI"
  },
  {
    "EventID": "5",
    "TimeCreated": "2026-06-07T18:47:33.0838486Z",
    "RuleName": "-",
    "UtcTime": "2026-06-07 18:47:33.080",
    "ProcessGuid": "{a33c49c6-bcc5-6a25-cd45-000000001b00}",
    "ProcessId": "16748",
    "Image": "C:\\Program Files\\Git\\mingw64\\bin\\git.exe",
    "User": "DESKTOP-8341B96\\ABI"
  },
  {
    "EventID": "13",
    "TimeCreated": "2026-06-07T18:47:33.0174983Z",
    "RuleName": "-",
    "EventType": "SetValue",
    "UtcTime": "2026-06-07 18:47:33.016",
    "ProcessGuid": "{a33c49c6-bcc5-6a25-cb45-000000001b00}",
    "ProcessId": "3692",
    "Image": "C:\\Program Files\\Git\\cmd\\git.exe",
    "TargetObject": "HKLM\\System\\CurrentControlSet\\Services\\bam\\State\\UserSettings\\S-1-5-21-3961930346-3620050953-1644270016-1001\\\\Device\\HarddiskVolume3\\Windows\\System32\\conhost.exe",
    "Details": "Binary Data",
    "User": "DESKTOP-8341B96\\ABI"
  },
  {
    "EventID": "5",
    "TimeCreated": "2026-06-07T18:47:27.8291701Z",
    "RuleName": "-",
    "UtcTime": "2026-06-07 18:47:27.827",
    "ProcessGuid": "{a33c49c6-bca1-6a25-c945-000000001b00}",
    "ProcessId": "1308",
    "Image": "C:\\Windows\\System32\\sppsvc.exe",
    "User": "NT AUTHORITY\\Servicio de red"
  },
  {
    "EventID": "12",
    "TimeCreated": "2026-06-07T18:47:15.5350427Z",
    "RuleName": "-",
    "EventType": "CreateKey",
    "UtcTime": "2026-06-07 18:47:15.532",
    "ProcessGuid": "{a33c49c6-30c2-6a20-1d00-000000001b00}",
    "ProcessId": "2252",
    "Image": "C:\\Windows\\system32\\svchost.exe",
    "TargetObject": "HKLM\\System\\CurrentControlSet\\Services\\Tcpip\\Parameters",
    "User": "NT AUTHORITY\\Servicio de red"
  },
  {
    "EventID": "13",
    "TimeCreated": "2026-06-07T18:47:15.5057739Z",
    "RuleName": "-",
    "EventType": "SetValue",
    "UtcTime": "2026-06-07 18:47:15.502",
    "ProcessGuid": "{a33c49c6-bcb3-6a25-ca45-000000001b00}",
    "ProcessId": "7972",
    "Image": "C:\\Program Files\\PostgreSQL\\17\\bin\\postgres.exe",
    "TargetObject": "HKLM\\System\\CurrentControlSet\\Services\\bam\\State\\UserSettings\\S-1-5-20\\\\Device\\HarddiskVolume3\\Program Files\\PostgreSQL\\17\\bin\\postgres.exe",
    "Details": "Binary Data",
    "User": "NT AUTHORITY\\Servicio de red"
  },
  {
    "EventID": "5",
    "TimeCreated": "2026-06-07T18:47:15.5053291Z",
    "RuleName": "-",
    "UtcTime": "2026-06-07 18:47:15.502",
    "ProcessGuid": "{a33c49c6-bcb3-6a25-ca45-000000001b00}",
    "ProcessId": "7972",
    "Image": "C:\\Program Files\\PostgreSQL\\17\\bin\\postgres.exe",
    "User": "NT AUTHORITY\\Servicio de red"
  },
  {
    "EventID": "13",
    "TimeCreated": "2026-06-07T18:47:15.4548204Z",
    "RuleName": "-",
    "EventType": "SetValue",
    "UtcTime": "2026-06-07 18:47:15.453",
    "ProcessGuid": "{a33c49c6-30c4-6a20-6d00-000000001b00}",
    "ProcessId": "6248",
    "Image": "C:\\Program Files\\PostgreSQL\\17\\bin\\postgres.exe",
    "TargetObject": "HKLM\\System\\CurrentControlSet\\Services\\bam\\State\\UserSettings\\S-1-5-20\\\\Device\\HarddiskVolume3\\Program Files\\PostgreSQL\\17\\bin\\postgres.exe",
    "Details": "Binary Data",
    "User": "NT AUTHORITY\\Servicio de red"
  },
  {
    "EventID": "5",
    "TimeCreated": "2026-06-07T18:47:03.3500511Z",
    "RuleName": "-",
    "UtcTime": "2026-06-07 18:47:03.349",
    "ProcessGuid": "{a33c49c6-bc9f-6a25-c545-000000001b00}",
    "ProcessId": "20948",
    "Image": "C:\\Windows\\System32\\taskhostw.exe",
    "User": "NT AUTHORITY\\SYSTEM"
  },
  {
    "EventID": "12",
    "TimeCreated": "2026-06-07T18:46:57.9818658Z",
    "RuleName": "-",
    "EventType": "CreateKey",
    "UtcTime": "2026-06-07 18:46:57.980",
    "ProcessGuid": "{a33c49c6-30c2-6a20-1d00-000000001b00}",
    "ProcessId": "2252",
    "Image": "C:\\Windows\\system32\\svchost.exe",
    "TargetObject": "HKLM\\System\\CurrentControlSet\\Services\\Tcpip\\Parameters",
    "User": "NT AUTHORITY\\Servicio de red"
  },
  {
    "EventID": "12",
    "TimeCreated": "2026-06-07T18:46:57.9810941Z",
    "RuleName": "-",
    "EventType": "CreateKey",
    "UtcTime": "2026-06-07 18:46:57.980",
    "ProcessGuid": "{a33c49c6-bc9f-6a25-c545-000000001b00}",
    "ProcessId": "20948",
    "Image": "C:\\Windows\\system32\\taskhostw.exe",
    "TargetObject": "HKLM\\System\\CurrentControlSet\\Services\\Tcpip\\Parameters",
    "User": "NT AUTHORITY\\SYSTEM"
  },
  {
    "EventID": "12",
    "TimeCreated": "2026-06-07T18:46:57.9809345Z",
    "RuleName": "-",
    "EventType": "CreateKey",
    "UtcTime": "2026-06-07 18:46:57.980",
    "ProcessGuid": "{a33c49c6-bc9f-6a25-c545-000000001b00}",
    "ProcessId": "20948",
    "Image": "C:\\Windows\\system32\\taskhostw.exe",
    "TargetObject": "HKLM\\System\\CurrentControlSet\\Services\\Tcpip\\Parameters",
    "User": "NT AUTHORITY\\SYSTEM"
  },
  {
    "EventID": "12",
    "TimeCreated": "2026-06-07T18:46:57.9808337Z",
    "RuleName": "-",
    "EventType": "CreateKey",
    "UtcTime": "2026-06-07 18:46:57.980",
    "ProcessGuid": "{a33c49c6-bc9f-6a25-c545-000000001b00}",
    "ProcessId": "20948",
    "Image": "C:\\Windows\\system32\\taskhostw.exe",
    "TargetObject": "HKLM\\System\\CurrentControlSet\\Services\\Tcpip\\Parameters",
    "User": "NT AUTHORITY\\SYSTEM"
  },
  {
    "EventID": "12",
    "TimeCreated": "2026-06-07T18:46:57.9807445Z",
    "RuleName": "-",
    "EventType": "CreateKey",
    "UtcTime": "2026-06-07 18:46:57.980",
    "ProcessGuid": "{a33c49c6-bc9f-6a25-c545-000000001b00}",
    "ProcessId": "20948",
    "Image": "C:\\Windows\\system32\\taskhostw.exe",
    "TargetObject": "HKLM\\System\\CurrentControlSet\\Services\\Tcpip\\Parameters",
    "User": "NT AUTHORITY\\SYSTEM"
  },
  {
    "EventID": "12",
    "TimeCreated": "2026-06-07T18:46:57.9805167Z",
    "RuleName": "-",
    "EventType": "CreateKey",
    "UtcTime": "2026-06-07 18:46:57.980",
    "ProcessGuid": "{a33c49c6-bc9f-6a25-c545-000000001b00}",
    "ProcessId": "20948",
    "Image": "C:\\Windows\\system32\\taskhostw.exe",
    "TargetObject": "HKLM\\System\\CurrentControlSet\\Services\\Tcpip\\Parameters",
    "User": "NT AUTHORITY\\SYSTEM"
  },
  {
    "EventID": "12",
    "TimeCreated": "2026-06-07T18:46:57.9804073Z",
    "RuleName": "-",
    "EventType": "CreateKey",
    "UtcTime": "2026-06-07 18:46:57.977",
    "ProcessGuid": "{a33c49c6-bc9f-6a25-c545-000000001b00}",
    "ProcessId": "20948",
    "Image": "C:\\Windows\\system32\\taskhostw.exe",
    "TargetObject": "HKLM\\System\\CurrentControlSet\\Services\\Tcpip\\Parameters",
    "User": "NT AUTHORITY\\SYSTEM"
  },
  {
    "EventID": "12",
    "TimeCreated": "2026-06-07T18:46:57.9803342Z",
    "RuleName": "-",
    "EventType": "CreateKey",
    "UtcTime": "2026-06-07 18:46:57.977",
    "ProcessGuid": "{a33c49c6-bc9f-6a25-c545-000000001b00}",
    "ProcessId": "20948",
    "Image": "C:\\Windows\\system32\\taskhostw.exe",
    "TargetObject": "HKLM\\System\\CurrentControlSet\\Services\\Tcpip\\Parameters",
    "User": "NT AUTHORITY\\SYSTEM"
  },
  {
    "EventID": "13",
    "TimeCreated": "2026-06-07T18:46:57.3008679Z",
    "RuleName": "-",
    "EventType": "SetValue",
    "UtcTime": "2026-06-07 18:46:57.300",
    "ProcessGuid": "{a33c49c6-bca1-6a25-c945-000000001b00}",
    "ProcessId": "1308",
    "Image": "C:\\Windows\\system32\\sppsvc.exe",
    "TargetObject": "HKLM\\SOFTWARE\\Microsoft\\Windows NT\\CurrentVersion\\SoftwareProtectionPlatform\\ServiceSessionId",
    "Details": "Binary Data",
    "User": "NT AUTHORITY\\Servicio de red"
  },
  {
    "EventID": "13",
    "TimeCreated": "2026-06-07T18:46:56.7027824Z",
    "RuleName": "-",
    "EventType": "SetValue",
    "UtcTime": "2026-06-07 18:46:56.700",
    "ProcessGuid": "{a33c49c6-bca0-6a25-c845-000000001b00}",
    "ProcessId": "21684",
    "Image": "C:\\Program Files\\PostgreSQL\\17\\bin\\postgres.exe",
    "TargetObject": "HKLM\\System\\CurrentControlSet\\Services\\bam\\State\\UserSettings\\S-1-5-20\\\\Device\\HarddiskVolume3\\Program Files\\PostgreSQL\\17\\bin\\postgres.exe",
    "Details": "Binary Data",
    "User": "NT AUTHORITY\\Servicio de red"
  },
  {
    "EventID": "5",
    "TimeCreated": "2026-06-07T18:46:56.7020850Z",
    "RuleName": "-",
    "UtcTime": "2026-06-07 18:46:56.700",
    "ProcessGuid": "{a33c49c6-bca0-6a25-c845-000000001b00}",
    "ProcessId": "21684",
    "Image": "C:\\Program Files\\PostgreSQL\\17\\bin\\postgres.exe",
    "User": "NT AUTHORITY\\Servicio de red"
  },
  {
    "EventID": "13",
    "TimeCreated": "2026-06-07T18:46:56.6618823Z",
    "RuleName": "-",
    "EventType": "SetValue",
    "UtcTime": "2026-06-07 18:46:56.660",
    "ProcessGuid": "{a33c49c6-30c4-6a20-6d00-000000001b00}",
    "ProcessId": "6248",
    "Image": "C:\\Program Files\\PostgreSQL\\17\\bin\\postgres.exe",
    "TargetObject": "HKLM\\System\\CurrentControlSet\\Services\\bam\\State\\UserSettings\\S-1-5-20\\\\Device\\HarddiskVolume3\\Program Files\\PostgreSQL\\17\\bin\\postgres.exe",
    "Details": "Binary Data",
    "User": "NT AUTHORITY\\Servicio de red"
  },
  {
    "EventID": "5",
    "TimeCreated": "2026-06-07T18:46:56.4445298Z",
    "RuleName": "-",
    "UtcTime": "2026-06-07 18:46:56.444",
    "ProcessGuid": "{a33c49c6-bca0-6a25-c645-000000001b00}",
    "ProcessId": "10232",
    "Image": "C:\\Windows\\System32\\backgroundTaskHost.exe",
    "User": "DESKTOP-8341B96\\ABI"
  },
  {
    "EventID": "13",
    "TimeCreated": "2026-06-07T18:46:55.0151715Z",
    "RuleName": "-",
    "EventType": "SetValue",
    "UtcTime": "2026-06-07 18:46:55.014",
    "ProcessGuid": "{a33c49c6-30c2-6a20-0e00-000000001b00}",
    "ProcessId": "1640",
    "Image": "C:\\Windows\\system32\\lsass.exe",
    "TargetObject": "HKLM\\System\\CurrentControlSet\\Services\\W32Time\\SecureTimeLimits\\RunTime\\SecureTimeConfidence",
    "Details": "DWORD (0x00000006)",
    "User": "NT AUTHORITY\\SYSTEM"
  },
  {
    "EventID": "13",
    "TimeCreated": "2026-06-07T18:46:55.0151431Z",
    "RuleName": "-",
    "EventType": "SetValue",
    "UtcTime": "2026-06-07 18:46:55.014",
    "ProcessGuid": "{a33c49c6-30c2-6a20-0e00-000000001b00}",
    "ProcessId": "1640",
    "Image": "C:\\Windows\\system32\\lsass.exe",
    "TargetObject": "HKLM\\System\\CurrentControlSet\\Services\\W32Time\\SecureTimeLimits\\RunTime\\SecureTimeTickCount",
    "Details": "QWORD (0x00000000-0x15aaadf3)",
    "User": "NT AUTHORITY\\SYSTEM"
  },
  {
    "EventID": "12",
    "TimeCreated": "2026-06-07T18:46:55.0151116Z",
    "RuleName": "-",
    "EventType": "CreateKey",
    "UtcTime": "2026-06-07 18:46:55.014",
    "ProcessGuid": "{a33c49c6-30c2-6a20-0e00-000000001b00}",
    "ProcessId": "1640",
    "Image": "C:\\Windows\\system32\\lsass.exe",
    "TargetObject": "HKLM\\System\\CurrentControlSet\\Services\\W32Time\\SecureTimeLimits\\RunTime",
    "User": "NT AUTHORITY\\SYSTEM"
  },
  {
    "EventID": "13",
    "TimeCreated": "2026-06-07T18:46:55.0150574Z",
    "RuleName": "-",
    "EventType": "SetValue",
    "UtcTime": "2026-06-07 18:46:55.014",
    "ProcessGuid": "{a33c49c6-30c2-6a20-0e00-000000001b00}",
    "ProcessId": "1640",
    "Image": "C:\\Windows\\system32\\lsass.exe",
    "TargetObject": "HKLM\\System\\CurrentControlSet\\Services\\W32Time\\SecureTimeLimits\\SecureTimeLow",
    "Details": "QWORD (0x01dcf6a5-0xa0d367c9)",
    "User": "NT AUTHORITY\\SYSTEM"
  },
  {
    "EventID": "13",
    "TimeCreated": "2026-06-07T18:46:55.0149893Z",
    "RuleName": "-",
    "EventType": "SetValue",
    "UtcTime": "2026-06-07 18:46:55.014",
    "ProcessGuid": "{a33c49c6-30c2-6a20-0e00-000000001b00}",
    "ProcessId": "1640",
    "Image": "C:\\Windows\\system32\\lsass.exe",
    "TargetObject": "HKLM\\System\\CurrentControlSet\\Services\\W32Time\\SecureTimeLimits\\SecureTimeEstimated",
    "Details": "QWORD (0x01dcf6ae-0x0297cfc9)",
    "User": "NT AUTHORITY\\SYSTEM"
  },
  {
    "EventID": "13",
    "TimeCreated": "2026-06-07T18:46:55.0149532Z",
    "RuleName": "-",
    "EventType": "SetValue",
    "UtcTime": "2026-06-07 18:46:55.014",
    "ProcessGuid": "{a33c49c6-30c2-6a20-0e00-000000001b00}",
    "ProcessId": "1640",
    "Image": "C:\\Windows\\system32\\lsass.exe",
    "TargetObject": "HKLM\\System\\CurrentControlSet\\Services\\W32Time\\SecureTimeLimits\\SecureTimeHigh",
    "Details": "QWORD (0x01dcf6b6-0x645c37c9)",
    "User": "NT AUTHORITY\\SYSTEM"
  },
  {
    "EventID": "13",
    "TimeCreated": "2026-06-07T18:46:55.0148728Z",
    "RuleName": "-",
    "EventType": "SetValue",
    "UtcTime": "2026-06-07 18:46:55.014",
    "ProcessGuid": "{a33c49c6-30c2-6a20-0e00-000000001b00}",
    "ProcessId": "1640",
    "Image": "C:\\Windows\\system32\\lsass.exe",
    "TargetObject": "HKLM\\System\\CurrentControlSet\\Services\\W32Time\\SecureTimeLimits\\RunTime\\SecureTimeConfidence",
    "Details": "DWORD (0x00000006)",
    "User": "NT AUTHORITY\\SYSTEM"
  },
  {
    "EventID": "12",
    "TimeCreated": "2026-06-07T18:46:55.0148429Z",
    "RuleName": "-",
    "EventType": "CreateKey",
    "UtcTime": "2026-06-07 18:46:55.014",
    "ProcessGuid": "{a33c49c6-30c2-6a20-0e00-000000001b00}",
    "ProcessId": "1640",
    "Image": "C:\\Windows\\system32\\lsass.exe",
    "TargetObject": "HKLM\\System\\CurrentControlSet\\Services\\W32Time\\SecureTimeLimits\\RunTime",
    "User": "NT AUTHORITY\\SYSTEM"
  },
  {
    "EventID": "13",
    "TimeCreated": "2026-06-07T18:46:55.0148042Z",
    "RuleName": "-",
    "EventType": "SetValue",
    "UtcTime": "2026-06-07 18:46:55.014",
    "ProcessGuid": "{a33c49c6-30c2-6a20-0e00-000000001b00}",
    "ProcessId": "1640",
    "Image": "C:\\Windows\\system32\\lsass.exe",
    "TargetObject": "HKLM\\System\\CurrentControlSet\\Services\\W32Time\\SecureTimeLimits\\RunTime\\SecureTimeTickCount",
    "Details": "QWORD (0x00000000-0x15aaadf3)",
    "User": "NT AUTHORITY\\SYSTEM"
  },
  {
    "EventID": "13",
    "TimeCreated": "2026-06-07T18:46:55.0146422Z",
    "RuleName": "-",
    "EventType": "SetValue",
    "UtcTime": "2026-06-07 18:46:55.014",
    "ProcessGuid": "{a33c49c6-30c2-6a20-0e00-000000001b00}",
    "ProcessId": "1640",
    "Image": "C:\\Windows\\system32\\lsass.exe",
    "TargetObject": "HKLM\\System\\CurrentControlSet\\Services\\W32Time\\SecureTimeLimits\\SecureTimeLow",
    "Details": "QWORD (0x01dcf6a5-0xa05282d1)",
    "User": "NT AUTHORITY\\SYSTEM"
  },
  {
    "EventID": "13",
    "TimeCreated": "2026-06-07T18:46:55.0146048Z",
    "RuleName": "-",
    "EventType": "SetValue",
    "UtcTime": "2026-06-07 18:46:55.014",
    "ProcessGuid": "{a33c49c6-30c2-6a20-0e00-000000001b00}",
    "ProcessId": "1640",
    "Image": "C:\\Windows\\system32\\lsass.exe",
    "TargetObject": "HKLM\\System\\CurrentControlSet\\Services\\W32Time\\SecureTimeLimits\\SecureTimeEstimated",
    "Details": "QWORD (0x01dcf6ae-0x0216ead1)",
    "User": "NT AUTHORITY\\SYSTEM"
  },
  {
    "EventID": "13",
    "TimeCreated": "2026-06-07T18:46:55.0145428Z",
    "RuleName": "-",
    "EventType": "SetValue",
    "UtcTime": "2026-06-07 18:46:55.014",
    "ProcessGuid": "{a33c49c6-30c2-6a20-0e00-000000001b00}",
    "ProcessId": "1640",
    "Image": "C:\\Windows\\system32\\lsass.exe",
    "TargetObject": "HKLM\\System\\CurrentControlSet\\Services\\W32Time\\SecureTimeLimits\\SecureTimeHigh",
    "Details": "QWORD (0x01dcf6b6-0x63db52d1)",
    "User": "NT AUTHORITY\\SYSTEM"
  },
  {
    "EventID": "12",
    "TimeCreated": "2026-06-07T18:46:42.6582041Z",
    "RuleName": "-",
    "EventType": "CreateKey",
    "UtcTime": "2026-06-07 18:46:42.655",
    "ProcessGuid": "{a33c49c6-30c2-6a20-1d00-000000001b00}",
    "ProcessId": "2252",
    "Image": "C:\\Windows\\system32\\svchost.exe",
    "TargetObject": "HKLM\\System\\CurrentControlSet\\Services\\Tcpip\\Parameters",
    "User": "NT AUTHORITY\\Servicio de red"
  },
  {
    "EventID": "13",
    "TimeCreated": "2026-06-07T18:46:36.3650483Z",
    "RuleName": "-",
    "EventType": "SetValue",
    "UtcTime": "2026-06-07 18:46:36.363",
    "ProcessGuid": "{a33c49c6-bc8c-6a25-c445-000000001b00}",
    "ProcessId": "23528",
    "Image": "C:\\Program Files\\PostgreSQL\\17\\bin\\postgres.exe",
    "TargetObject": "HKLM\\System\\CurrentControlSet\\Services\\bam\\State\\UserSettings\\S-1-5-20\\\\Device\\HarddiskVolume3\\Program Files\\PostgreSQL\\17\\bin\\postgres.exe",
    "Details": "Binary Data",
    "User": "NT AUTHORITY\\Servicio de red"
  },
  {
    "EventID": "5",
    "TimeCreated": "2026-06-07T18:46:36.3645218Z",
    "RuleName": "-",
    "UtcTime": "2026-06-07 18:46:36.363",
    "ProcessGuid": "{a33c49c6-bc8c-6a25-c445-000000001b00}",
    "ProcessId": "23528",
    "Image": "C:\\Program Files\\PostgreSQL\\17\\bin\\postgres.exe",
    "User": "NT AUTHORITY\\Servicio de red"
  },
  {
    "EventID": "13",
    "TimeCreated": "2026-06-07T18:46:36.3106180Z",
    "RuleName": "-",
    "EventType": "SetValue",
    "UtcTime": "2026-06-07 18:46:36.310",
    "ProcessGuid": "{a33c49c6-30c4-6a20-6d00-000000001b00}",
    "ProcessId": "6248",
    "Image": "C:\\Program Files\\PostgreSQL\\17\\bin\\postgres.exe",
    "TargetObject": "HKLM\\System\\CurrentControlSet\\Services\\bam\\State\\UserSettings\\S-1-5-20\\\\Device\\HarddiskVolume3\\Program Files\\PostgreSQL\\17\\bin\\postgres.exe",
    "Details": "Binary Data",
    "User": "NT AUTHORITY\\Servicio de red"
  },
  {
    "EventID": "13",
    "TimeCreated": "2026-06-07T18:46:19.2139946Z",
    "RuleName": "-",
    "EventType": "SetValue",
    "UtcTime": "2026-06-07 18:46:19.212",
    "ProcessGuid": "{a33c49c6-767f-6a25-dd38-000000001b00}",
    "ProcessId": "5416",
    "Image": "C:\\Windows\\system32\\sihost.exe",
    "TargetObject": "HKLM\\System\\CurrentControlSet\\Services\\bam\\State\\UserSettings\\S-1-5-21-3961930346-3620050953-1644270016-1001\\\\Device\\HarddiskVolume3\\Windows\\System32\\ShellHost.exe",
    "Details": "Binary Data",
    "User": "DESKTOP-8341B96\\ABI"
  },
  {
    "EventID": "13",
    "TimeCreated": "2026-06-07T18:46:19.1875984Z",
    "RuleName": "-",
    "EventType": "SetValue",
    "UtcTime": "2026-06-07 18:46:19.186",
    "ProcessGuid": "{a33c49c6-7680-6a25-ea38-000000001b00}",
    "ProcessId": "22864",
    "Image": "C:\\Windows\\System32\\ShellHost.exe",
    "TargetObject": "HKLM\\System\\CurrentControlSet\\Services\\bam\\State\\UserSettings\\S-1-5-21-3961930346-3620050953-1644270016-1001\\\\Device\\HarddiskVolume3\\Windows\\System32\\ShellHost.exe",
    "Details": "Binary Data",
    "User": "DESKTOP-8341B96\\ABI"
  },
  {
    "EventID": "5",
    "TimeCreated": "2026-06-07T18:46:19.1868422Z",
    "RuleName": "-",
    "UtcTime": "2026-06-07 18:46:19.185",
    "ProcessGuid": "{a33c49c6-7680-6a25-ea38-000000001b00}",
    "ProcessId": "22864",
    "Image": "C:\\Windows\\System32\\ShellHost.exe",
    "User": "DESKTOP-8341B96\\ABI"
  },
  {
    "EventID": "13",
    "TimeCreated": "2026-06-07T18:46:15.4328224Z",
    "RuleName": "-",
    "EventType": "SetValue",
    "UtcTime": "2026-06-07 18:46:15.432",
    "ProcessGuid": "{a33c49c6-767f-6a25-da38-000000001b00}",
    "ProcessId": "2644",
    "Image": "C:\\Windows\\system32\\AutoModeDetect.exe",
    "TargetObject": "HKLM\\System\\CurrentControlSet\\Services\\LITSSVC\\LNBITS\\IC\\AUTODETECT\\CurrentSetting",
    "Details": "DWORD (0x00000004)",
    "User": "DESKTOP-8341B96\\ABI"
  },
  {
    "EventID": "12",
    "TimeCreated": "2026-06-07T18:46:15.4325812Z",
    "RuleName": "-",
    "EventType": "CreateKey",
    "UtcTime": "2026-06-07 18:46:15.432",
    "ProcessGuid": "{a33c49c6-767f-6a25-da38-000000001b00}",
    "ProcessId": "2644",
    "Image": "C:\\Windows\\system32\\AutoModeDetect.exe",
    "TargetObject": "HKLM\\System\\CurrentControlSet\\Services\\LITSSVC\\LNBITS\\IC\\AUTODETECT",
    "User": "DESKTOP-8341B96\\ABI"
  },
  {
    "EventID": "13",
    "TimeCreated": "2026-06-07T18:46:15.4001365Z",
    "RuleName": "-",
    "EventType": "SetValue",
    "UtcTime": "2026-06-07 18:46:15.398",
    "ProcessGuid": "{a33c49c6-bc77-6a25-c245-000000001b00}",
    "ProcessId": "19708",
    "Image": "C:\\Program Files\\PostgreSQL\\17\\bin\\postgres.exe",
    "TargetObject": "HKLM\\System\\CurrentControlSet\\Services\\bam\\State\\UserSettings\\S-1-5-20\\\\Device\\HarddiskVolume3\\Program Files\\PostgreSQL\\17\\bin\\postgres.exe",
    "Details": "Binary Data",
    "User": "NT AUTHORITY\\Servicio de red"
  },
  {
    "EventID": "5",
    "TimeCreated": "2026-06-07T18:46:15.3997183Z",
    "RuleName": "-",
    "UtcTime": "2026-06-07 18:46:15.398",
    "ProcessGuid": "{a33c49c6-bc77-6a25-c245-000000001b00}",
    "ProcessId": "19708",
    "Image": "C:\\Program Files\\PostgreSQL\\17\\bin\\postgres.exe",
    "User": "NT AUTHORITY\\Servicio de red"
  },
  {
    "EventID": "13",
    "TimeCreated": "2026-06-07T18:46:15.3556425Z",
    "RuleName": "-",
    "EventType": "SetValue",
    "UtcTime": "2026-06-07 18:46:15.355",
    "ProcessGuid": "{a33c49c6-30c4-6a20-6d00-000000001b00}",
    "ProcessId": "6248",
    "Image": "C:\\Program Files\\PostgreSQL\\17\\bin\\postgres.exe",
    "TargetObject": "HKLM\\System\\CurrentControlSet\\Services\\bam\\State\\UserSettings\\S-1-5-20\\\\Device\\HarddiskVolume3\\Program Files\\PostgreSQL\\17\\bin\\postgres.exe",
    "Details": "Binary Data",
    "User": "NT AUTHORITY\\Servicio de red"
  },
