  {
    "EventID": "13",
    "TimeCreated": "2026-06-07T19:05:35.2214221Z",
    "RuleName": "-",
    "EventType": "SetValue",
    "UtcTime": "2026-06-07 19:05:35.219",
    "ProcessGuid": "{a33c49c6-c0ff-6a25-8f46-000000001b00}",
    "ProcessId": "1800",
    "Image": "C:\\Program Files\\Git\\cmd\\git.exe",
    "TargetObject": "HKLM\\System\\CurrentControlSet\\Services\\bam\\State\\UserSettings\\S-1-5-21-3961930346-3620050953-1644270016-1001\\\\Device\\HarddiskVolume3\\Windows\\System32\\conhost.exe",
    "Details": "Binary Data",
    "User": "DESKTOP-8341B96\\ABI"
  },
  {
    "EventID": "13",
    "TimeCreated": "2026-06-07T19:05:15.9917383Z",
    "RuleName": "-",
    "EventType": "SetValue",
    "UtcTime": "2026-06-07 19:05:15.990",
    "ProcessGuid": "{a33c49c6-c0eb-6a25-8e46-000000001b00}",
    "ProcessId": "5692",
    "Image": "C:\\Program Files\\PostgreSQL\\17\\bin\\postgres.exe",
    "TargetObject": "HKLM\\System\\CurrentControlSet\\Services\\bam\\State\\UserSettings\\S-1-5-20\\\\Device\\HarddiskVolume3\\Program Files\\PostgreSQL\\17\\bin\\postgres.exe",
    "Details": "Binary Data",
    "User": "NT AUTHORITY\\Servicio de red"
  },
  {
    "EventID": "5",
    "TimeCreated": "2026-06-07T19:05:15.9913058Z",
    "RuleName": "-",
    "UtcTime": "2026-06-07 19:05:15.990",
    "ProcessGuid": "{a33c49c6-c0eb-6a25-8e46-000000001b00}",
    "ProcessId": "5692",
    "Image": "C:\\Program Files\\PostgreSQL\\17\\bin\\postgres.exe",
    "User": "NT AUTHORITY\\Servicio de red"
  },
  {
    "EventID": "13",
    "TimeCreated": "2026-06-07T19:05:15.9491247Z",
    "RuleName": "-",
    "EventType": "SetValue",
    "UtcTime": "2026-06-07 19:05:15.946",
    "ProcessGuid": "{a33c49c6-30c4-6a20-6d00-000000001b00}",
    "ProcessId": "6248",
    "Image": "C:\\Program Files\\PostgreSQL\\17\\bin\\postgres.exe",
    "TargetObject": "HKLM\\System\\CurrentControlSet\\Services\\bam\\State\\UserSettings\\S-1-5-20\\\\Device\\HarddiskVolume3\\Program Files\\PostgreSQL\\17\\bin\\postgres.exe",
    "Details": "Binary Data",
    "User": "NT AUTHORITY\\Servicio de red"
  },
  {
    "EventID": "13",
    "TimeCreated": "2026-06-07T19:05:09.3399843Z",
    "RuleName": "-",
    "EventType": "SetValue",
    "UtcTime": "2026-06-07 19:05:09.336",
    "ProcessGuid": "{a33c49c6-c0e5-6a25-8c46-000000001b00}",
    "ProcessId": "22128",
    "Image": "C:\\Windows\\system32\\conhost.exe",
    "TargetObject": "HKLM\\System\\CurrentControlSet\\Services\\bam\\State\\UserSettings\\S-1-5-21-3961930346-3620050953-1644270016-1001\\\\Device\\HarddiskVolume3\\Windows\\System32\\conhost.exe",
    "Details": "Binary Data",
    "User": "DESKTOP-8341B96\\ABI"
  },
  {
    "EventID": "5",
    "TimeCreated": "2026-06-07T19:05:09.3398962Z",
    "RuleName": "-",
    "UtcTime": "2026-06-07 19:05:09.336",
    "ProcessGuid": "{a33c49c6-c0e5-6a25-8c46-000000001b00}",
    "ProcessId": "22128",
    "Image": "C:\\Windows\\System32\\conhost.exe",
    "User": "DESKTOP-8341B96\\ABI"
  },
  {
    "EventID": "5",
    "TimeCreated": "2026-06-07T19:05:09.3357361Z",
    "RuleName": "-",
    "UtcTime": "2026-06-07 19:05:09.335",
    "ProcessGuid": "{a33c49c6-c0e5-6a25-8b46-000000001b00}",
    "ProcessId": "17708",
    "Image": "C:\\Program Files\\Git\\cmd\\git.exe",
    "User": "DESKTOP-8341B96\\ABI"
  },
  {
    "EventID": "5",
    "TimeCreated": "2026-06-07T19:05:09.3327666Z",
    "RuleName": "-",
    "UtcTime": "2026-06-07 19:05:09.331",
    "ProcessGuid": "{a33c49c6-c0e5-6a25-8d46-000000001b00}",
    "ProcessId": "18408",
    "Image": "C:\\Program Files\\Git\\mingw64\\bin\\git.exe",
    "User": "DESKTOP-8341B96\\ABI"
  },
  {
    "EventID": "13",
    "TimeCreated": "2026-06-07T19:05:09.2792063Z",
    "RuleName": "-",
    "EventType": "SetValue",
    "UtcTime": "2026-06-07 19:05:09.276",
    "ProcessGuid": "{a33c49c6-c0e5-6a25-8b46-000000001b00}",
    "ProcessId": "17708",
    "Image": "C:\\Program Files\\Git\\cmd\\git.exe",
    "TargetObject": "HKLM\\System\\CurrentControlSet\\Services\\bam\\State\\UserSettings\\S-1-5-21-3961930346-3620050953-1644270016-1001\\\\Device\\HarddiskVolume3\\Windows\\System32\\conhost.exe",
    "Details": "Binary Data",
    "User": "DESKTOP-8341B96\\ABI"
  },
  {
    "EventID": "13",
    "TimeCreated": "2026-06-07T19:04:59.2374536Z",
    "RuleName": "-",
    "EventType": "SetValue",
    "UtcTime": "2026-06-07 19:04:59.235",
    "ProcessGuid": "{a33c49c6-c0db-6a25-8946-000000001b00}",
    "ProcessId": "18208",
    "Image": "C:\\Windows\\system32\\conhost.exe",
    "TargetObject": "HKLM\\System\\CurrentControlSet\\Services\\bam\\State\\UserSettings\\S-1-5-21-3961930346-3620050953-1644270016-1001\\\\Device\\HarddiskVolume3\\Windows\\System32\\conhost.exe",
    "Details": "Binary Data",
    "User": "DESKTOP-8341B96\\ABI"
  },
  {
    "EventID": "5",
    "TimeCreated": "2026-06-07T19:04:59.2370859Z",
    "RuleName": "-",
    "UtcTime": "2026-06-07 19:04:59.235",
    "ProcessGuid": "{a33c49c6-c0db-6a25-8946-000000001b00}",
    "ProcessId": "18208",
    "Image": "C:\\Windows\\System32\\conhost.exe",
    "User": "DESKTOP-8341B96\\ABI"
  },
  {
    "EventID": "5",
    "TimeCreated": "2026-06-07T19:04:59.2355718Z",
    "RuleName": "-",
    "UtcTime": "2026-06-07 19:04:59.234",
    "ProcessGuid": "{a33c49c6-c0db-6a25-8846-000000001b00}",
    "ProcessId": "17416",
    "Image": "C:\\Program Files\\Git\\cmd\\git.exe",
    "User": "DESKTOP-8341B96\\ABI"
  },
  {
    "EventID": "5",
    "TimeCreated": "2026-06-07T19:04:59.2321758Z",
    "RuleName": "-",
    "UtcTime": "2026-06-07 19:04:59.231",
    "ProcessGuid": "{a33c49c6-c0db-6a25-8a46-000000001b00}",
    "ProcessId": "11440",
    "Image": "C:\\Program Files\\Git\\mingw64\\bin\\git.exe",
    "User": "DESKTOP-8341B96\\ABI"
  },
  {
    "EventID": "13",
    "TimeCreated": "2026-06-07T19:04:59.1790881Z",
    "RuleName": "-",
    "EventType": "SetValue",
    "UtcTime": "2026-06-07 19:04:59.178",
    "ProcessGuid": "{a33c49c6-c0db-6a25-8846-000000001b00}",
    "ProcessId": "17416",
    "Image": "C:\\Program Files\\Git\\cmd\\git.exe",
    "TargetObject": "HKLM\\System\\CurrentControlSet\\Services\\bam\\State\\UserSettings\\S-1-5-21-3961930346-3620050953-1644270016-1001\\\\Device\\HarddiskVolume3\\Windows\\System32\\conhost.exe",
    "Details": "Binary Data",
    "User": "DESKTOP-8341B96\\ABI"
  },
  {
    "EventID": "13",
    "TimeCreated": "2026-06-07T19:04:57.1377162Z",
    "RuleName": "-",
    "EventType": "SetValue",
    "UtcTime": "2026-06-07 19:04:57.136",
    "ProcessGuid": "{a33c49c6-c0d9-6a25-8746-000000001b00}",
    "ProcessId": "17288",
    "Image": "C:\\Program Files\\PostgreSQL\\17\\bin\\postgres.exe",
    "TargetObject": "HKLM\\System\\CurrentControlSet\\Services\\bam\\State\\UserSettings\\S-1-5-20\\\\Device\\HarddiskVolume3\\Program Files\\PostgreSQL\\17\\bin\\postgres.exe",
    "Details": "Binary Data",
    "User": "NT AUTHORITY\\Servicio de red"
  },
  {
    "EventID": "5",
    "TimeCreated": "2026-06-07T19:04:57.1372984Z",
    "RuleName": "-",
    "UtcTime": "2026-06-07 19:04:57.136",
    "ProcessGuid": "{a33c49c6-c0d9-6a25-8746-000000001b00}",
    "ProcessId": "17288",
    "Image": "C:\\Program Files\\PostgreSQL\\17\\bin\\postgres.exe",
    "User": "NT AUTHORITY\\Servicio de red"
  },
  {
    "EventID": "13",
    "TimeCreated": "2026-06-07T19:04:57.0919017Z",
    "RuleName": "-",
    "EventType": "SetValue",
    "UtcTime": "2026-06-07 19:04:57.091",
    "ProcessGuid": "{a33c49c6-30c4-6a20-6d00-000000001b00}",
    "ProcessId": "6248",
    "Image": "C:\\Program Files\\PostgreSQL\\17\\bin\\postgres.exe",
    "TargetObject": "HKLM\\System\\CurrentControlSet\\Services\\bam\\State\\UserSettings\\S-1-5-20\\\\Device\\HarddiskVolume3\\Program Files\\PostgreSQL\\17\\bin\\postgres.exe",
    "Details": "Binary Data",
    "User": "NT AUTHORITY\\Servicio de red"
  },
  {
    "EventID": "12",
    "TimeCreated": "2026-06-07T19:04:37.1493073Z",
    "RuleName": "-",
    "EventType": "CreateKey",
    "UtcTime": "2026-06-07 19:04:37.147",
    "ProcessGuid": "{a33c49c6-30c2-6a20-1d00-000000001b00}",
    "ProcessId": "2252",
    "Image": "C:\\Windows\\system32\\svchost.exe",
    "TargetObject": "HKLM\\System\\CurrentControlSet\\Services\\Tcpip\\Parameters",
    "User": "NT AUTHORITY\\Servicio de red"
  },
  {
    "EventID": "13",
    "TimeCreated": "2026-06-07T19:04:36.7007726Z",
    "RuleName": "-",
    "EventType": "SetValue",
    "UtcTime": "2026-06-07 19:04:36.697",
    "ProcessGuid": "{a33c49c6-c0c4-6a25-8646-000000001b00}",
    "ProcessId": "14920",
    "Image": "C:\\Program Files\\PostgreSQL\\17\\bin\\postgres.exe",
    "TargetObject": "HKLM\\System\\CurrentControlSet\\Services\\bam\\State\\UserSettings\\S-1-5-20\\\\Device\\HarddiskVolume3\\Program Files\\PostgreSQL\\17\\bin\\postgres.exe",
    "Details": "Binary Data",
    "User": "NT AUTHORITY\\Servicio de red"
  },
  {
    "EventID": "5",
    "TimeCreated": "2026-06-07T19:04:36.7003431Z",
    "RuleName": "-",
    "UtcTime": "2026-06-07 19:04:36.697",
    "ProcessGuid": "{a33c49c6-c0c4-6a25-8646-000000001b00}",
    "ProcessId": "14920",
    "Image": "C:\\Program Files\\PostgreSQL\\17\\bin\\postgres.exe",
    "User": "NT AUTHORITY\\Servicio de red"
  },
  {
    "EventID": "13",
    "TimeCreated": "2026-06-07T19:04:36.6537550Z",
    "RuleName": "-",
    "EventType": "SetValue",
    "UtcTime": "2026-06-07 19:04:36.652",
    "ProcessGuid": "{a33c49c6-30c4-6a20-6d00-000000001b00}",
    "ProcessId": "6248",
    "Image": "C:\\Program Files\\PostgreSQL\\17\\bin\\postgres.exe",
    "TargetObject": "HKLM\\System\\CurrentControlSet\\Services\\bam\\State\\UserSettings\\S-1-5-20\\\\Device\\HarddiskVolume3\\Program Files\\PostgreSQL\\17\\bin\\postgres.exe",
    "Details": "Binary Data",
    "User": "NT AUTHORITY\\Servicio de red"
  },
  {
    "EventID": "5",
    "TimeCreated": "2026-06-07T19:04:19.2311599Z",
    "RuleName": "-",
    "UtcTime": "2026-06-07 19:04:19.229",
    "ProcessGuid": "{a33c49c6-c0a5-6a25-8246-000000001b00}",
    "ProcessId": "12436",
    "Image": "C:\\Program Files (x86)\\Google\\GoogleUpdater\\150.0.7863.0\\updater.exe",
    "User": "NT AUTHORITY\\SYSTEM"
  },
  {
    "EventID": "5",
    "TimeCreated": "2026-06-07T19:04:19.2311133Z",
    "RuleName": "-",
    "UtcTime": "2026-06-07 19:04:19.229",
    "ProcessGuid": "{a33c49c6-c0a5-6a25-8446-000000001b00}",
    "ProcessId": "16112",
    "Image": "C:\\Program Files (x86)\\Google\\GoogleUpdater\\150.0.7863.0\\updater.exe",
    "User": "NT AUTHORITY\\SYSTEM"
  },
  {
    "EventID": "5",
    "TimeCreated": "2026-06-07T19:04:19.2223085Z",
    "RuleName": "-",
    "UtcTime": "2026-06-07 19:04:19.219",
    "ProcessGuid": "{a33c49c6-c0a5-6a25-8146-000000001b00}",
    "ProcessId": "11640",
    "Image": "C:\\Program Files (x86)\\Google\\GoogleUpdater\\150.0.7863.0\\updater.exe",
    "User": "NT AUTHORITY\\SYSTEM"
  },
  {
    "EventID": "5",
    "TimeCreated": "2026-06-07T19:04:19.2222375Z",
    "RuleName": "-",
    "UtcTime": "2026-06-07 19:04:19.219",
    "ProcessGuid": "{a33c49c6-c0a5-6a25-8346-000000001b00}",
    "ProcessId": "20564",
    "Image": "C:\\Program Files (x86)\\Google\\GoogleUpdater\\150.0.7863.0\\updater.exe",
    "User": "NT AUTHORITY\\SYSTEM"
  },
  {
    "EventID": "13",
    "TimeCreated": "2026-06-07T19:04:16.0946249Z",
    "RuleName": "-",
    "EventType": "SetValue",
    "UtcTime": "2026-06-07 19:04:16.092",
    "ProcessGuid": "{a33c49c6-c0af-6a25-8546-000000001b00}",
    "ProcessId": "21836",
    "Image": "C:\\Program Files\\PostgreSQL\\17\\bin\\postgres.exe",
    "TargetObject": "HKLM\\System\\CurrentControlSet\\Services\\bam\\State\\UserSettings\\S-1-5-20\\\\Device\\HarddiskVolume3\\Program Files\\PostgreSQL\\17\\bin\\postgres.exe",
    "Details": "Binary Data",
    "User": "NT AUTHORITY\\Servicio de red"
  },
  {
    "EventID": "5",
    "TimeCreated": "2026-06-07T19:04:16.0941599Z",
    "RuleName": "-",
    "UtcTime": "2026-06-07 19:04:16.092",
    "ProcessGuid": "{a33c49c6-c0af-6a25-8546-000000001b00}",
    "ProcessId": "21836",
    "Image": "C:\\Program Files\\PostgreSQL\\17\\bin\\postgres.exe",
    "User": "NT AUTHORITY\\Servicio de red"
  },
  {
    "EventID": "13",
    "TimeCreated": "2026-06-07T19:04:15.9508217Z",
    "RuleName": "-",
    "EventType": "SetValue",
    "UtcTime": "2026-06-07 19:04:15.947",
    "ProcessGuid": "{a33c49c6-30c4-6a20-6d00-000000001b00}",
    "ProcessId": "6248",
    "Image": "C:\\Program Files\\PostgreSQL\\17\\bin\\postgres.exe",
    "TargetObject": "HKLM\\System\\CurrentControlSet\\Services\\bam\\State\\UserSettings\\S-1-5-20\\\\Device\\HarddiskVolume3\\Program Files\\PostgreSQL\\17\\bin\\postgres.exe",
    "Details": "Binary Data",
    "User": "NT AUTHORITY\\Servicio de red"
  },
  {
    "EventID": "5",
    "TimeCreated": "2026-06-07T19:04:09.2174949Z",
    "RuleName": "-",
    "UtcTime": "2026-06-07 19:04:09.212",
    "ProcessGuid": "{a33c49c6-c0a5-6a25-8046-000000001b00}",
    "ProcessId": "7556",
    "Image": "C:\\Program Files (x86)\\Google\\GoogleUpdater\\150.0.7863.0\\updater.exe",
    "User": "NT AUTHORITY\\SYSTEM"
  },
  {
    "EventID": "5",
    "TimeCreated": "2026-06-07T19:04:09.2106123Z",
    "RuleName": "-",
    "UtcTime": "2026-06-07 19:04:09.210",
    "ProcessGuid": "{a33c49c6-c0a5-6a25-7e46-000000001b00}",
    "ProcessId": "15096",
    "Image": "C:\\Program Files (x86)\\Google\\GoogleUpdater\\150.0.7863.0\\updater.exe",
    "User": "NT AUTHORITY\\SYSTEM"
  },
  {
    "EventID": "5",
    "TimeCreated": "2026-06-07T19:04:05.3254734Z",
    "RuleName": "-",
    "UtcTime": "2026-06-07 19:04:05.325",
    "ProcessGuid": "{a33c49c6-c0a5-6a25-7f46-000000001b00}",
    "ProcessId": "7096",
    "Image": "C:\\Program Files (x86)\\Microsoft\\EdgeUpdate\\MicrosoftEdgeUpdate.exe",
    "User": "NT AUTHORITY\\SYSTEM"
  },
  {
    "EventID": "5",
    "TimeCreated": "2026-06-07T19:04:01.6092992Z",
    "RuleName": "-",
    "UtcTime": "2026-06-07 19:04:01.608",
    "ProcessGuid": "{a33c49c6-c0a1-6a25-7c46-000000001b00}",
    "ProcessId": "9484",
    "Image": "C:\\Windows\\System32\\taskhostw.exe",
    "User": "DESKTOP-8341B96\\ABI"
  },
  {
    "EventID": "13",
    "TimeCreated": "2026-06-07T19:04:01.5908970Z",
    "RuleName": "-",
    "EventType": "SetValue",
    "UtcTime": "2026-06-07 19:04:01.589",
    "ProcessGuid": "{a33c49c6-c0a1-6a25-7d46-000000001b00}",
    "ProcessId": "15000",
    "Image": "C:\\Windows\\SystemApps\\MicrosoftWindows.Client.CBS_cw5n1h2txyewy\\SoftLandingTask\\SoftLandingTask.exe",
    "TargetObject": "HKLM\\System\\CurrentControlSet\\Services\\bam\\State\\UserSettings\\S-1-5-21-3961930346-3620050953-1644270016-1001\\MicrosoftWindows.Client.CBS_cw5n1h2txyewy",
    "Details": "Binary Data",
    "User": "DESKTOP-8341B96\\ABI"
  },
  {
    "EventID": "5",
    "TimeCreated": "2026-06-07T19:04:01.5904577Z",
    "RuleName": "-",
    "UtcTime": "2026-06-07 19:04:01.589",
    "ProcessGuid": "{a33c49c6-c0a1-6a25-7d46-000000001b00}",
    "ProcessId": "15000",
    "Image": "C:\\Windows\\SystemApps\\MicrosoftWindows.Client.CBS_cw5n1h2txyewy\\SoftLandingTask\\SoftLandingTask.exe",
    "User": "DESKTOP-8341B96\\ABI"
  },
  {
    "EventID": "13",
    "TimeCreated": "2026-06-07T19:04:01.4864830Z",
    "RuleName": "-",
    "EventType": "SetValue",
    "UtcTime": "2026-06-07 19:04:01.485",
    "ProcessGuid": "{a33c49c6-30c2-6a20-0f00-000000001b00}",
    "ProcessId": "1764",
    "Image": "C:\\Windows\\system32\\svchost.exe",
    "TargetObject": "HKLM\\System\\CurrentControlSet\\Services\\bam\\State\\UserSettings\\S-1-5-21-3961930346-3620050953-1644270016-1001\\MicrosoftWindows.Client.CBS_cw5n1h2txyewy",
    "Details": "Binary Data",
    "User": "NT AUTHORITY\\SYSTEM"
  },
  {
    "EventID": "13",
    "TimeCreated": "2026-06-07T19:03:57.1403391Z",
    "RuleName": "-",
    "EventType": "SetValue",
    "UtcTime": "2026-06-07 19:03:57.139",
    "ProcessGuid": "{a33c49c6-c09d-6a25-7b46-000000001b00}",
    "ProcessId": "22116",
    "Image": "C:\\Program Files\\PostgreSQL\\17\\bin\\postgres.exe",
    "TargetObject": "HKLM\\System\\CurrentControlSet\\Services\\bam\\State\\UserSettings\\S-1-5-20\\\\Device\\HarddiskVolume3\\Program Files\\PostgreSQL\\17\\bin\\postgres.exe",
    "Details": "Binary Data",
    "User": "NT AUTHORITY\\Servicio de red"
  },
  {
    "EventID": "5",
    "TimeCreated": "2026-06-07T19:03:57.1396043Z",
    "RuleName": "-",
    "UtcTime": "2026-06-07 19:03:57.138",
    "ProcessGuid": "{a33c49c6-c09d-6a25-7b46-000000001b00}",
    "ProcessId": "22116",
    "Image": "C:\\Program Files\\PostgreSQL\\17\\bin\\postgres.exe",
    "User": "NT AUTHORITY\\Servicio de red"
  },
  {
    "EventID": "13",
    "TimeCreated": "2026-06-07T19:03:57.0895815Z",
    "RuleName": "-",
    "EventType": "SetValue",
    "UtcTime": "2026-06-07 19:03:57.089",
    "ProcessGuid": "{a33c49c6-30c4-6a20-6d00-000000001b00}",
    "ProcessId": "6248",
    "Image": "C:\\Program Files\\PostgreSQL\\17\\bin\\postgres.exe",
    "TargetObject": "HKLM\\System\\CurrentControlSet\\Services\\bam\\State\\UserSettings\\S-1-5-20\\\\Device\\HarddiskVolume3\\Program Files\\PostgreSQL\\17\\bin\\postgres.exe",
    "Details": "Binary Data",
    "User": "NT AUTHORITY\\Servicio de red"
  },
  {
    "EventID": "12",
    "TimeCreated": "2026-06-07T19:03:56.7567762Z",
    "RuleName": "-",
    "EventType": "CreateKey",
    "UtcTime": "2026-06-07 19:03:56.755",
    "ProcessGuid": "{a33c49c6-30c2-6a20-1d00-000000001b00}",
    "ProcessId": "2252",
    "Image": "C:\\Windows\\system32\\svchost.exe",
    "TargetObject": "HKLM\\System\\CurrentControlSet\\Services\\Tcpip\\Parameters",
    "User": "NT AUTHORITY\\Servicio de red"
  },
  {
    "EventID": "13",
    "TimeCreated": "2026-06-07T19:03:36.5588120Z",
    "RuleName": "-",
    "EventType": "SetValue",
    "UtcTime": "2026-06-07 19:03:36.558",
    "ProcessGuid": "{a33c49c6-c088-6a25-7a46-000000001b00}",
    "ProcessId": "14344",
    "Image": "C:\\Program Files\\PostgreSQL\\17\\bin\\postgres.exe",
    "TargetObject": "HKLM\\System\\CurrentControlSet\\Services\\bam\\State\\UserSettings\\S-1-5-20\\\\Device\\HarddiskVolume3\\Program Files\\PostgreSQL\\17\\bin\\postgres.exe",
    "Details": "Binary Data",
    "User": "NT AUTHORITY\\Servicio de red"
  },
  {
    "EventID": "5",
    "TimeCreated": "2026-06-07T19:03:36.5577813Z",
    "RuleName": "-",
    "UtcTime": "2026-06-07 19:03:36.557",
    "ProcessGuid": "{a33c49c6-c088-6a25-7a46-000000001b00}",
    "ProcessId": "14344",
    "Image": "C:\\Program Files\\PostgreSQL\\17\\bin\\postgres.exe",
    "User": "NT AUTHORITY\\Servicio de red"
  },
  {
    "EventID": "13",
    "TimeCreated": "2026-06-07T19:03:36.5160180Z",
    "RuleName": "-",
    "EventType": "SetValue",
    "UtcTime": "2026-06-07 19:03:36.514",
    "ProcessGuid": "{a33c49c6-30c4-6a20-6d00-000000001b00}",
    "ProcessId": "6248",
    "Image": "C:\\Program Files\\PostgreSQL\\17\\bin\\postgres.exe",
    "TargetObject": "HKLM\\System\\CurrentControlSet\\Services\\bam\\State\\UserSettings\\S-1-5-20\\\\Device\\HarddiskVolume3\\Program Files\\PostgreSQL\\17\\bin\\postgres.exe",
    "Details": "Binary Data",
    "User": "NT AUTHORITY\\Servicio de red"
  },
  {
    "EventID": "13",
    "TimeCreated": "2026-06-07T19:03:26.0184013Z",
    "RuleName": "-",
    "EventType": "SetValue",
    "UtcTime": "2026-06-07 19:03:26.016",
    "ProcessGuid": "{a33c49c6-c07d-6a25-7846-000000001b00}",
    "ProcessId": "11284",
    "Image": "C:\\Windows\\system32\\conhost.exe",
    "TargetObject": "HKLM\\System\\CurrentControlSet\\Services\\bam\\State\\UserSettings\\S-1-5-21-3961930346-3620050953-1644270016-1001\\\\Device\\HarddiskVolume3\\Windows\\System32\\conhost.exe",
    "Details": "Binary Data",
    "User": "DESKTOP-8341B96\\ABI"
  },
  {
    "EventID": "5",
    "TimeCreated": "2026-06-07T19:03:26.0179866Z",
    "RuleName": "-",
    "UtcTime": "2026-06-07 19:03:26.016",
    "ProcessGuid": "{a33c49c6-c07d-6a25-7846-000000001b00}",
    "ProcessId": "11284",
    "Image": "C:\\Windows\\System32\\conhost.exe",
    "User": "DESKTOP-8341B96\\ABI"
  },
  {
    "EventID": "5",
    "TimeCreated": "2026-06-07T19:03:26.0162594Z",
    "RuleName": "-",
    "UtcTime": "2026-06-07 19:03:26.014",
    "ProcessGuid": "{a33c49c6-c07d-6a25-7746-000000001b00}",
    "ProcessId": "1592",
    "Image": "C:\\Program Files\\Git\\cmd\\git.exe",
    "User": "DESKTOP-8341B96\\ABI"
  },
  {
    "EventID": "5",
    "TimeCreated": "2026-06-07T19:03:26.0129493Z",
    "RuleName": "-",
    "UtcTime": "2026-06-07 19:03:26.011",
    "ProcessGuid": "{a33c49c6-c07d-6a25-7946-000000001b00}",
    "ProcessId": "5804",
    "Image": "C:\\Program Files\\Git\\mingw64\\bin\\git.exe",
    "User": "DESKTOP-8341B96\\ABI"
  },
  {
    "EventID": "13",
    "TimeCreated": "2026-06-07T19:03:25.9536574Z",
    "RuleName": "-",
    "EventType": "SetValue",
    "UtcTime": "2026-06-07 19:03:25.952",
    "ProcessGuid": "{a33c49c6-c07d-6a25-7746-000000001b00}",
    "ProcessId": "1592",
    "Image": "C:\\Program Files\\Git\\cmd\\git.exe",
    "TargetObject": "HKLM\\System\\CurrentControlSet\\Services\\bam\\State\\UserSettings\\S-1-5-21-3961930346-3620050953-1644270016-1001\\\\Device\\HarddiskVolume3\\Windows\\System32\\conhost.exe",
    "Details": "Binary Data",
    "User": "DESKTOP-8341B96\\ABI"
  },
  {
    "EventID": "12",
    "TimeCreated": "2026-06-07T19:03:25.8709713Z",
    "RuleName": "-",
    "EventType": "CreateKey",
    "UtcTime": "2026-06-07 19:03:25.867",
    "ProcessGuid": "{a33c49c6-30c2-6a20-1d00-000000001b00}",
    "ProcessId": "2252",
    "Image": "C:\\Windows\\system32\\svchost.exe",
    "TargetObject": "HKLM\\System\\CurrentControlSet\\Services\\Tcpip\\Parameters",
    "User": "NT AUTHORITY\\Servicio de red"
  },
  {
    "EventID": "13",
    "TimeCreated": "2026-06-07T19:03:15.9874942Z",
    "RuleName": "-",
    "EventType": "SetValue",
    "UtcTime": "2026-06-07 19:03:15.985",
    "ProcessGuid": "{a33c49c6-c073-6a25-7646-000000001b00}",
    "ProcessId": "18992",
    "Image": "C:\\Program Files\\PostgreSQL\\17\\bin\\postgres.exe",
    "TargetObject": "HKLM\\System\\CurrentControlSet\\Services\\bam\\State\\UserSettings\\S-1-5-20\\\\Device\\HarddiskVolume3\\Program Files\\PostgreSQL\\17\\bin\\postgres.exe",
    "Details": "Binary Data",
    "User": "NT AUTHORITY\\Servicio de red"
  },
  {
    "EventID": "5",
    "TimeCreated": "2026-06-07T19:03:15.9870248Z",
    "RuleName": "-",
    "UtcTime": "2026-06-07 19:03:15.985",
    "ProcessGuid": "{a33c49c6-c073-6a25-7646-000000001b00}",
    "ProcessId": "18992",
    "Image": "C:\\Program Files\\PostgreSQL\\17\\bin\\postgres.exe",
    "User": "NT AUTHORITY\\Servicio de red"
  },
  {
    "EventID": "13",
    "TimeCreated": "2026-06-07T19:03:15.9449902Z",
    "RuleName": "-",
    "EventType": "SetValue",
    "UtcTime": "2026-06-07 19:03:15.943",
    "ProcessGuid": "{a33c49c6-30c4-6a20-6d00-000000001b00}",
    "ProcessId": "6248",
    "Image": "C:\\Program Files\\PostgreSQL\\17\\bin\\postgres.exe",
    "TargetObject": "HKLM\\System\\CurrentControlSet\\Services\\bam\\State\\UserSettings\\S-1-5-20\\\\Device\\HarddiskVolume3\\Program Files\\PostgreSQL\\17\\bin\\postgres.exe",
    "Details": "Binary Data",
    "User": "NT AUTHORITY\\Servicio de red"
  },
  {
    "EventID": "12",
    "TimeCreated": "2026-06-07T19:03:01.2534993Z",
    "RuleName": "-",
    "EventType": "CreateKey",
    "UtcTime": "2026-06-07 19:03:01.251",
    "ProcessGuid": "{a33c49c6-30c2-6a20-1d00-000000001b00}",
    "ProcessId": "2252",
    "Image": "C:\\Windows\\system32\\svchost.exe",
    "TargetObject": "HKLM\\System\\CurrentControlSet\\Services\\Tcpip\\Parameters",
    "User": "NT AUTHORITY\\Servicio de red"
  },
  {
    "EventID": "13",
    "TimeCreated": "2026-06-07T19:03:00.8181060Z",
    "RuleName": "-",
    "EventType": "SetValue",
    "UtcTime": "2026-06-07 19:03:00.817",
    "ProcessGuid": "{a33c49c6-c064-6a25-7446-000000001b00}",
    "ProcessId": "15288",
    "Image": "C:\\Windows\\system32\\conhost.exe",
    "TargetObject": "HKLM\\System\\CurrentControlSet\\Services\\bam\\State\\UserSettings\\S-1-5-21-3961930346-3620050953-1644270016-1001\\\\Device\\HarddiskVolume3\\Windows\\System32\\conhost.exe",
    "Details": "Binary Data",
    "User": "DESKTOP-8341B96\\ABI"
  },
  {
    "EventID": "5",
    "TimeCreated": "2026-06-07T19:03:00.8175910Z",
    "RuleName": "-",
    "UtcTime": "2026-06-07 19:03:00.815",
    "ProcessGuid": "{a33c49c6-c064-6a25-7446-000000001b00}",
    "ProcessId": "15288",
    "Image": "C:\\Windows\\System32\\conhost.exe",
    "User": "DESKTOP-8341B96\\ABI"
  },
  {
    "EventID": "5",
    "TimeCreated": "2026-06-07T19:03:00.8162413Z",
    "RuleName": "-",
    "UtcTime": "2026-06-07 19:03:00.815",
    "ProcessGuid": "{a33c49c6-c064-6a25-7346-000000001b00}",
    "ProcessId": "15124",
    "Image": "C:\\Program Files\\Git\\cmd\\git.exe",
    "User": "DESKTOP-8341B96\\ABI"
  },
  {
    "EventID": "5",
    "TimeCreated": "2026-06-07T19:03:00.8127639Z",
    "RuleName": "-",
    "UtcTime": "2026-06-07 19:03:00.807",
    "ProcessGuid": "{a33c49c6-c064-6a25-7546-000000001b00}",
    "ProcessId": "2832",
    "Image": "C:\\Program Files\\Git\\mingw64\\bin\\git.exe",
    "User": "DESKTOP-8341B96\\ABI"
  },
  {
    "EventID": "13",
    "TimeCreated": "2026-06-07T19:03:00.7433253Z",
    "RuleName": "-",
    "EventType": "SetValue",
    "UtcTime": "2026-06-07 19:03:00.737",
    "ProcessGuid": "{a33c49c6-c064-6a25-7346-000000001b00}",
    "ProcessId": "15124",
    "Image": "C:\\Program Files\\Git\\cmd\\git.exe",
    "TargetObject": "HKLM\\System\\CurrentControlSet\\Services\\bam\\State\\UserSettings\\S-1-5-21-3961930346-3620050953-1644270016-1001\\\\Device\\HarddiskVolume3\\Windows\\System32\\conhost.exe",
    "Details": "Binary Data",
    "User": "DESKTOP-8341B96\\ABI"
  },
  {
    "EventID": "13",
    "TimeCreated": "2026-06-07T19:02:58.9903106Z",
    "RuleName": "-",
    "EventType": "SetValue",
    "UtcTime": "2026-06-07 19:02:58.988",
    "ProcessGuid": "{a33c49c6-c062-6a25-7146-000000001b00}",
    "ProcessId": "10984",
    "Image": "C:\\Windows\\system32\\conhost.exe",
    "TargetObject": "HKLM\\System\\CurrentControlSet\\Services\\bam\\State\\UserSettings\\S-1-5-21-3961930346-3620050953-1644270016-1001\\\\Device\\HarddiskVolume3\\Windows\\System32\\conhost.exe",
    "Details": "Binary Data",
    "User": "DESKTOP-8341B96\\ABI"
  },
  {
    "EventID": "5",
    "TimeCreated": "2026-06-07T19:02:58.9898653Z",
    "RuleName": "-",
    "UtcTime": "2026-06-07 19:02:58.988",
    "ProcessGuid": "{a33c49c6-c062-6a25-7146-000000001b00}",
    "ProcessId": "10984",
    "Image": "C:\\Windows\\System32\\conhost.exe",
    "User": "DESKTOP-8341B96\\ABI"
  },
  {
    "EventID": "5",
    "TimeCreated": "2026-06-07T19:02:58.9874828Z",
    "RuleName": "-",
    "UtcTime": "2026-06-07 19:02:58.987",
    "ProcessGuid": "{a33c49c6-c062-6a25-7046-000000001b00}",
    "ProcessId": "9588",
    "Image": "C:\\Program Files\\Git\\cmd\\git.exe",
    "User": "DESKTOP-8341B96\\ABI"
  },
  {
    "EventID": "5",
    "TimeCreated": "2026-06-07T19:02:58.9830162Z",
    "RuleName": "-",
    "UtcTime": "2026-06-07 19:02:58.982",
    "ProcessGuid": "{a33c49c6-c062-6a25-7246-000000001b00}",
    "ProcessId": "18564",
    "Image": "C:\\Program Files\\Git\\mingw64\\bin\\git.exe",
    "User": "DESKTOP-8341B96\\ABI"
  },
  {
    "EventID": "13",
    "TimeCreated": "2026-06-07T19:02:58.9181452Z",
    "RuleName": "-",
    "EventType": "SetValue",
    "UtcTime": "2026-06-07 19:02:58.915",
    "ProcessGuid": "{a33c49c6-c062-6a25-7046-000000001b00}",
    "ProcessId": "9588",
    "Image": "C:\\Program Files\\Git\\cmd\\git.exe",
    "TargetObject": "HKLM\\System\\CurrentControlSet\\Services\\bam\\State\\UserSettings\\S-1-5-21-3961930346-3620050953-1644270016-1001\\\\Device\\HarddiskVolume3\\Windows\\System32\\conhost.exe",
    "Details": "Binary Data",
    "User": "DESKTOP-8341B96\\ABI"
  },
  {
    "EventID": "13",
    "TimeCreated": "2026-06-07T19:02:57.1276753Z",
    "RuleName": "-",
    "EventType": "SetValue",
    "UtcTime": "2026-06-07 19:02:57.126",
    "ProcessGuid": "{a33c49c6-c061-6a25-6f46-000000001b00}",
    "ProcessId": "13212",
    "Image": "C:\\Program Files\\PostgreSQL\\17\\bin\\postgres.exe",
    "TargetObject": "HKLM\\System\\CurrentControlSet\\Services\\bam\\State\\UserSettings\\S-1-5-20\\\\Device\\HarddiskVolume3\\Program Files\\PostgreSQL\\17\\bin\\postgres.exe",
    "Details": "Binary Data",
    "User": "NT AUTHORITY\\Servicio de red"
  },
  {
    "EventID": "5",
    "TimeCreated": "2026-06-07T19:02:57.1272071Z",
    "RuleName": "-",
    "UtcTime": "2026-06-07 19:02:57.126",
    "ProcessGuid": "{a33c49c6-c061-6a25-6f46-000000001b00}",
    "ProcessId": "13212",
    "Image": "C:\\Program Files\\PostgreSQL\\17\\bin\\postgres.exe",
    "User": "NT AUTHORITY\\Servicio de red"
  },
  {
    "EventID": "13",
    "TimeCreated": "2026-06-07T19:02:57.0848804Z",
    "RuleName": "-",
    "EventType": "SetValue",
    "UtcTime": "2026-06-07 19:02:57.084",
    "ProcessGuid": "{a33c49c6-30c4-6a20-6d00-000000001b00}",
    "ProcessId": "6248",
    "Image": "C:\\Program Files\\PostgreSQL\\17\\bin\\postgres.exe",
    "TargetObject": "HKLM\\System\\CurrentControlSet\\Services\\bam\\State\\UserSettings\\S-1-5-20\\\\Device\\HarddiskVolume3\\Program Files\\PostgreSQL\\17\\bin\\postgres.exe",
    "Details": "Binary Data",
    "User": "NT AUTHORITY\\Servicio de red"
  },
  {
    "EventID": "13",
    "TimeCreated": "2026-06-07T19:02:56.4236417Z",
    "RuleName": "-",
    "EventType": "SetValue",
    "UtcTime": "2026-06-07 19:02:56.421",
    "ProcessGuid": "{a33c49c6-c060-6a25-6d46-000000001b00}",
    "ProcessId": "22132",
    "Image": "C:\\Windows\\system32\\conhost.exe",
    "TargetObject": "HKLM\\System\\CurrentControlSet\\Services\\bam\\State\\UserSettings\\S-1-5-21-3961930346-3620050953-1644270016-1001\\\\Device\\HarddiskVolume3\\Windows\\System32\\conhost.exe",
    "Details": "Binary Data",
    "User": "DESKTOP-8341B96\\ABI"
  },
  {
    "EventID": "5",
    "TimeCreated": "2026-06-07T19:02:56.4229779Z",
    "RuleName": "-",
    "UtcTime": "2026-06-07 19:02:56.421",
    "ProcessGuid": "{a33c49c6-c060-6a25-6d46-000000001b00}",
    "ProcessId": "22132",
    "Image": "C:\\Windows\\System32\\conhost.exe",
    "User": "DESKTOP-8341B96\\ABI"
  },
  {
    "EventID": "5",
    "TimeCreated": "2026-06-07T19:02:56.4198756Z",
    "RuleName": "-",
    "UtcTime": "2026-06-07 19:02:56.418",
    "ProcessGuid": "{a33c49c6-c060-6a25-6c46-000000001b00}",
    "ProcessId": "15204",
    "Image": "C:\\Program Files\\Git\\cmd\\git.exe",
    "User": "DESKTOP-8341B96\\ABI"
  },
  {
    "EventID": "5",
    "TimeCreated": "2026-06-07T19:02:56.4144590Z",
    "RuleName": "-",
    "UtcTime": "2026-06-07 19:02:56.413",
    "ProcessGuid": "{a33c49c6-c060-6a25-6e46-000000001b00}",
    "ProcessId": "22960",
    "Image": "C:\\Program Files\\Git\\mingw64\\bin\\git.exe",
    "User": "DESKTOP-8341B96\\ABI"
  },
  {
    "EventID": "13",
    "TimeCreated": "2026-06-07T19:02:56.3456050Z",
    "RuleName": "-",
    "EventType": "SetValue",
    "UtcTime": "2026-06-07 19:02:56.345",
    "ProcessGuid": "{a33c49c6-c060-6a25-6c46-000000001b00}",
    "ProcessId": "15204",
    "Image": "C:\\Program Files\\Git\\cmd\\git.exe",
    "TargetObject": "HKLM\\System\\CurrentControlSet\\Services\\bam\\State\\UserSettings\\S-1-5-21-3961930346-3620050953-1644270016-1001\\\\Device\\HarddiskVolume3\\Windows\\System32\\conhost.exe",
    "Details": "Binary Data",
    "User": "DESKTOP-8341B96\\ABI"
  },
  {
    "EventID": "13",
    "TimeCreated": "2026-06-07T19:02:50.3388347Z",
    "RuleName": "-",
    "EventType": "SetValue",
    "UtcTime": "2026-06-07 19:02:50.338",
    "ProcessGuid": "{a33c49c6-c05a-6a25-6a46-000000001b00}",
    "ProcessId": "10296",
    "Image": "C:\\Windows\\system32\\conhost.exe",
    "TargetObject": "HKLM\\System\\CurrentControlSet\\Services\\bam\\State\\UserSettings\\S-1-5-21-3961930346-3620050953-1644270016-1001\\\\Device\\HarddiskVolume3\\Windows\\System32\\conhost.exe",
    "Details": "Binary Data",
    "User": "DESKTOP-8341B96\\ABI"
  },
  {
    "EventID": "5",
    "TimeCreated": "2026-06-07T19:02:50.3379418Z",
    "RuleName": "-",
    "UtcTime": "2026-06-07 19:02:50.336",
    "ProcessGuid": "{a33c49c6-c05a-6a25-6a46-000000001b00}",
    "ProcessId": "10296",
    "Image": "C:\\Windows\\System32\\conhost.exe",
    "User": "DESKTOP-8341B96\\ABI"
  },
  {
    "EventID": "5",
    "TimeCreated": "2026-06-07T19:02:50.3359587Z",
    "RuleName": "-",
    "UtcTime": "2026-06-07 19:02:50.335",
    "ProcessGuid": "{a33c49c6-c05a-6a25-6946-000000001b00}",
    "ProcessId": "3228",
    "Image": "C:\\Program Files\\Git\\cmd\\git.exe",
    "User": "DESKTOP-8341B96\\ABI"
  },
  {
    "EventID": "5",
    "TimeCreated": "2026-06-07T19:02:50.3315012Z",
    "RuleName": "-",
    "UtcTime": "2026-06-07 19:02:50.330",
    "ProcessGuid": "{a33c49c6-c05a-6a25-6b46-000000001b00}",
    "ProcessId": "9796",
    "Image": "C:\\Program Files\\Git\\mingw64\\bin\\git.exe",
    "User": "DESKTOP-8341B96\\ABI"
  },
  {
    "EventID": "13",
    "TimeCreated": "2026-06-07T19:02:50.2672392Z",
    "RuleName": "-",
    "EventType": "SetValue",
    "UtcTime": "2026-06-07 19:02:50.261",
    "ProcessGuid": "{a33c49c6-c05a-6a25-6946-000000001b00}",
    "ProcessId": "3228",
    "Image": "C:\\Program Files\\Git\\cmd\\git.exe",
    "TargetObject": "HKLM\\System\\CurrentControlSet\\Services\\bam\\State\\UserSettings\\S-1-5-21-3961930346-3620050953-1644270016-1001\\\\Device\\HarddiskVolume3\\Windows\\System32\\conhost.exe",
    "Details": "Binary Data",
    "User": "DESKTOP-8341B96\\ABI"
  },
  {
    "EventID": "13",
    "TimeCreated": "2026-06-07T19:02:46.3398888Z",
    "RuleName": "-",
    "EventType": "SetValue",
    "UtcTime": "2026-06-07 19:02:46.338",
    "ProcessGuid": "{a33c49c6-c056-6a25-6646-000000001b00}",
    "ProcessId": "10732",
    "Image": "C:\\Windows\\system32\\conhost.exe",
    "TargetObject": "HKLM\\System\\CurrentControlSet\\Services\\bam\\State\\UserSettings\\S-1-5-21-3961930346-3620050953-1644270016-1001\\\\Device\\HarddiskVolume3\\Windows\\System32\\conhost.exe",
    "Details": "Binary Data",
    "User": "DESKTOP-8341B96\\ABI"
  },
  {
    "EventID": "5",
    "TimeCreated": "2026-06-07T19:02:46.3392817Z",
    "RuleName": "-",
    "UtcTime": "2026-06-07 19:02:46.338",
    "ProcessGuid": "{a33c49c6-c056-6a25-6646-000000001b00}",
    "ProcessId": "10732",
    "Image": "C:\\Windows\\System32\\conhost.exe",
    "User": "DESKTOP-8341B96\\ABI"
  },
  {
    "EventID": "5",
    "TimeCreated": "2026-06-07T19:02:46.3368717Z",
    "RuleName": "-",
    "UtcTime": "2026-06-07 19:02:46.333",
    "ProcessGuid": "{a33c49c6-c056-6a25-6546-000000001b00}",
    "ProcessId": "22296",
    "Image": "C:\\Program Files\\Git\\cmd\\git.exe",
    "User": "DESKTOP-8341B96\\ABI"
  },
  {
    "EventID": "5",
    "TimeCreated": "2026-06-07T19:02:46.3327501Z",
    "RuleName": "-",
    "UtcTime": "2026-06-07 19:02:46.332",
    "ProcessGuid": "{a33c49c6-c056-6a25-6746-000000001b00}",
    "ProcessId": "10528",
    "Image": "C:\\Program Files\\Git\\mingw64\\bin\\git.exe",
    "User": "DESKTOP-8341B96\\ABI"
  },
  {
    "EventID": "13",
    "TimeCreated": "2026-06-07T19:02:46.2704933Z",
    "RuleName": "-",
    "EventType": "SetValue",
    "UtcTime": "2026-06-07 19:02:46.269",
    "ProcessGuid": "{a33c49c6-c056-6a25-6546-000000001b00}",
    "ProcessId": "22296",
    "Image": "C:\\Program Files\\Git\\cmd\\git.exe",
    "TargetObject": "HKLM\\System\\CurrentControlSet\\Services\\bam\\State\\UserSettings\\S-1-5-21-3961930346-3620050953-1644270016-1001\\\\Device\\HarddiskVolume3\\Windows\\System32\\conhost.exe",
    "Details": "Binary Data",
    "User": "DESKTOP-8341B96\\ABI"
  },
  {
    "EventID": "13",
    "TimeCreated": "2026-06-07T19:02:44.3596223Z",
    "RuleName": "-",
    "EventType": "SetValue",
    "UtcTime": "2026-06-07 19:02:44.358",
    "ProcessGuid": "{a33c49c6-c054-6a25-6346-000000001b00}",
    "ProcessId": "20444",
    "Image": "C:\\Windows\\system32\\conhost.exe",
    "TargetObject": "HKLM\\System\\CurrentControlSet\\Services\\bam\\State\\UserSettings\\S-1-5-21-3961930346-3620050953-1644270016-1001\\\\Device\\HarddiskVolume3\\Windows\\System32\\conhost.exe",
    "Details": "Binary Data",
    "User": "DESKTOP-8341B96\\ABI"
  },
  {
    "EventID": "5",
    "TimeCreated": "2026-06-07T19:02:44.3591999Z",
    "RuleName": "-",
    "UtcTime": "2026-06-07 19:02:44.358",
    "ProcessGuid": "{a33c49c6-c054-6a25-6346-000000001b00}",
    "ProcessId": "20444",
    "Image": "C:\\Windows\\System32\\conhost.exe",
    "User": "DESKTOP-8341B96\\ABI"
  },
  {
    "EventID": "5",
    "TimeCreated": "2026-06-07T19:02:44.3574234Z",
    "RuleName": "-",
    "UtcTime": "2026-06-07 19:02:44.356",
    "ProcessGuid": "{a33c49c6-c054-6a25-6246-000000001b00}",
    "ProcessId": "13064",
    "Image": "C:\\Program Files\\Git\\cmd\\git.exe",
    "User": "DESKTOP-8341B96\\ABI"
  },
  {
    "EventID": "5",
    "TimeCreated": "2026-06-07T19:02:44.3542689Z",
    "RuleName": "-",
    "UtcTime": "2026-06-07 19:02:44.353",
    "ProcessGuid": "{a33c49c6-c054-6a25-6446-000000001b00}",
    "ProcessId": "6560",
    "Image": "C:\\Program Files\\Git\\mingw64\\bin\\git.exe",
    "User": "DESKTOP-8341B96\\ABI"
  },
  {
    "EventID": "13",
    "TimeCreated": "2026-06-07T19:02:44.2985366Z",
    "RuleName": "-",
    "EventType": "SetValue",
    "UtcTime": "2026-06-07 19:02:44.298",
    "ProcessGuid": "{a33c49c6-c054-6a25-6246-000000001b00}",
    "ProcessId": "13064",
    "Image": "C:\\Program Files\\Git\\cmd\\git.exe",
    "TargetObject": "HKLM\\System\\CurrentControlSet\\Services\\bam\\State\\UserSettings\\S-1-5-21-3961930346-3620050953-1644270016-1001\\\\Device\\HarddiskVolume3\\Windows\\System32\\conhost.exe",
    "Details": "Binary Data",
    "User": "DESKTOP-8341B96\\ABI"
  },
  {
    "EventID": "12",
    "TimeCreated": "2026-06-07T19:02:41.4767784Z",
    "RuleName": "-",
    "EventType": "CreateKey",
    "UtcTime": "2026-06-07 19:02:41.475",
    "ProcessGuid": "{a33c49c6-30c2-6a20-1d00-000000001b00}",
    "ProcessId": "2252",
    "Image": "C:\\Windows\\system32\\svchost.exe",
    "TargetObject": "HKLM\\System\\CurrentControlSet\\Services\\Tcpip\\Parameters",
    "User": "NT AUTHORITY\\Servicio de red"
  },
  {
    "EventID": "13",
    "TimeCreated": "2026-06-07T19:02:36.5565780Z",
    "RuleName": "-",
    "EventType": "SetValue",
    "UtcTime": "2026-06-07 19:02:36.554",
    "ProcessGuid": "{a33c49c6-c04c-6a25-6146-000000001b00}",
    "ProcessId": "7624",
    "Image": "C:\\Program Files\\PostgreSQL\\17\\bin\\postgres.exe",
    "TargetObject": "HKLM\\System\\CurrentControlSet\\Services\\bam\\State\\UserSettings\\S-1-5-20\\\\Device\\HarddiskVolume3\\Program Files\\PostgreSQL\\17\\bin\\postgres.exe",
    "Details": "Binary Data",
    "User": "NT AUTHORITY\\Servicio de red"
  },
  {
    "EventID": "5",
    "TimeCreated": "2026-06-07T19:02:36.5560705Z",
    "RuleName": "-",
    "UtcTime": "2026-06-07 19:02:36.554",
    "ProcessGuid": "{a33c49c6-c04c-6a25-6146-000000001b00}",
    "ProcessId": "7624",
    "Image": "C:\\Program Files\\PostgreSQL\\17\\bin\\postgres.exe",
    "User": "NT AUTHORITY\\Servicio de red"
  },
  {
    "EventID": "13",
    "TimeCreated": "2026-06-07T19:02:36.5163173Z",
    "RuleName": "-",
    "EventType": "SetValue",
    "UtcTime": "2026-06-07 19:02:36.514",
    "ProcessGuid": "{a33c49c6-30c4-6a20-6d00-000000001b00}",
    "ProcessId": "6248",
    "Image": "C:\\Program Files\\PostgreSQL\\17\\bin\\postgres.exe",
    "TargetObject": "HKLM\\System\\CurrentControlSet\\Services\\bam\\State\\UserSettings\\S-1-5-20\\\\Device\\HarddiskVolume3\\Program Files\\PostgreSQL\\17\\bin\\postgres.exe",
    "Details": "Binary Data",
    "User": "NT AUTHORITY\\Servicio de red"
  },
  {
    "EventID": "5",
    "TimeCreated": "2026-06-07T19:02:27.8933046Z",
    "RuleName": "-",
    "UtcTime": "2026-06-07 19:02:27.891",
    "ProcessGuid": "{a33c49c6-bed2-6a25-2046-000000001b00}",
    "ProcessId": "10052",
    "Image": "C:\\Windows\\System32\\svchost.exe",
    "User": "NT AUTHORITY\\SYSTEM"
  },
  {
    "EventID": "12",
    "TimeCreated": "2026-06-07T19:02:18.3932913Z",
    "RuleName": "-",
    "EventType": "CreateKey",
    "UtcTime": "2026-06-07 19:02:18.392",
    "ProcessGuid": "{a33c49c6-30c2-6a20-1d00-000000001b00}",
    "ProcessId": "2252",
    "Image": "C:\\Windows\\system32\\svchost.exe",
    "TargetObject": "HKLM\\System\\CurrentControlSet\\Services\\Tcpip\\Parameters",
    "User": "NT AUTHORITY\\Servicio de red"
  },
  {
    "EventID": "13",
    "TimeCreated": "2026-06-07T19:02:15.9853467Z",
    "RuleName": "-",
    "EventType": "SetValue",
    "UtcTime": "2026-06-07 19:02:15.983",
    "ProcessGuid": "{a33c49c6-c037-6a25-6046-000000001b00}",
    "ProcessId": "6964",
    "Image": "C:\\Program Files\\PostgreSQL\\17\\bin\\postgres.exe",
    "TargetObject": "HKLM\\System\\CurrentControlSet\\Services\\bam\\State\\UserSettings\\S-1-5-20\\\\Device\\HarddiskVolume3\\Program Files\\PostgreSQL\\17\\bin\\postgres.exe",
    "Details": "Binary Data",
    "User": "NT AUTHORITY\\Servicio de red"
  },
  {
    "EventID": "5",
    "TimeCreated": "2026-06-07T19:02:15.9849150Z",
    "RuleName": "-",
    "UtcTime": "2026-06-07 19:02:15.983",
    "ProcessGuid": "{a33c49c6-c037-6a25-6046-000000001b00}",
    "ProcessId": "6964",
    "Image": "C:\\Program Files\\PostgreSQL\\17\\bin\\postgres.exe",
    "User": "NT AUTHORITY\\Servicio de red"
  },
  {
    "EventID": "13",
    "TimeCreated": "2026-06-07T19:02:15.9375806Z",
    "RuleName": "-",
    "EventType": "SetValue",
    "UtcTime": "2026-06-07 19:02:15.935",
    "ProcessGuid": "{a33c49c6-30c4-6a20-6d00-000000001b00}",
    "ProcessId": "6248",
    "Image": "C:\\Program Files\\PostgreSQL\\17\\bin\\postgres.exe",
    "TargetObject": "HKLM\\System\\CurrentControlSet\\Services\\bam\\State\\UserSettings\\S-1-5-20\\\\Device\\HarddiskVolume3\\Program Files\\PostgreSQL\\17\\bin\\postgres.exe",
    "Details": "Binary Data",
    "User": "NT AUTHORITY\\Servicio de red"
  },
  {
    "EventID": "13",
    "TimeCreated": "2026-06-07T19:01:57.1622422Z",
    "RuleName": "-",
    "EventType": "SetValue",
    "UtcTime": "2026-06-07 19:01:57.161",
    "ProcessGuid": "{a33c49c6-c025-6a25-5f46-000000001b00}",
    "ProcessId": "16620",
    "Image": "C:\\Program Files\\PostgreSQL\\17\\bin\\postgres.exe",
    "TargetObject": "HKLM\\System\\CurrentControlSet\\Services\\bam\\State\\UserSettings\\S-1-5-20\\\\Device\\HarddiskVolume3\\Program Files\\PostgreSQL\\17\\bin\\postgres.exe",
    "Details": "Binary Data",
    "User": "NT AUTHORITY\\Servicio de red"
  },
  {
    "EventID": "5",
    "TimeCreated": "2026-06-07T19:01:57.1617530Z",
    "RuleName": "-",
    "UtcTime": "2026-06-07 19:01:57.161",
    "ProcessGuid": "{a33c49c6-c025-6a25-5f46-000000001b00}",
    "ProcessId": "16620",
    "Image": "C:\\Program Files\\PostgreSQL\\17\\bin\\postgres.exe",
    "User": "NT AUTHORITY\\Servicio de red"
  },
  {
    "EventID": "13",
    "TimeCreated": "2026-06-07T19:01:57.1213358Z",
    "RuleName": "-",
    "EventType": "SetValue",
    "UtcTime": "2026-06-07 19:01:57.119",
    "ProcessGuid": "{a33c49c6-30c4-6a20-6d00-000000001b00}",
    "ProcessId": "6248",
    "Image": "C:\\Program Files\\PostgreSQL\\17\\bin\\postgres.exe",
    "TargetObject": "HKLM\\System\\CurrentControlSet\\Services\\bam\\State\\UserSettings\\S-1-5-20\\\\Device\\HarddiskVolume3\\Program Files\\PostgreSQL\\17\\bin\\postgres.exe",
    "Details": "Binary Data",
    "User": "NT AUTHORITY\\Servicio de red"
  },
  {
    "EventID": "13",
    "TimeCreated": "2026-06-07T19:01:55.0331633Z",
    "RuleName": "-",
    "EventType": "SetValue",
    "UtcTime": "2026-06-07 19:01:55.031",
    "ProcessGuid": "{a33c49c6-30c2-6a20-0e00-000000001b00}",
    "ProcessId": "1640",
    "Image": "C:\\Windows\\system32\\lsass.exe",
    "TargetObject": "HKLM\\System\\CurrentControlSet\\Services\\W32Time\\SecureTimeLimits\\RunTime\\SecureTimeConfidence",
    "Details": "DWORD (0x00000008)",
    "User": "NT AUTHORITY\\SYSTEM"
  },
  {
    "EventID": "13",
    "TimeCreated": "2026-06-07T19:01:55.0330810Z",
    "RuleName": "-",
    "EventType": "SetValue",
    "UtcTime": "2026-06-07 19:01:55.031",
    "ProcessGuid": "{a33c49c6-30c2-6a20-0e00-000000001b00}",
    "ProcessId": "1640",
    "Image": "C:\\Windows\\system32\\lsass.exe",
    "TargetObject": "HKLM\\System\\CurrentControlSet\\Services\\W32Time\\SecureTimeLimits\\RunTime\\SecureTimeTickCount",
    "Details": "QWORD (0x00000000-0x15b869b2)",
    "User": "NT AUTHORITY\\SYSTEM"
  },
  {
    "EventID": "12",
    "TimeCreated": "2026-06-07T19:01:55.0330221Z",
    "RuleName": "-",
    "EventType": "CreateKey",
    "UtcTime": "2026-06-07 19:01:55.031",
    "ProcessGuid": "{a33c49c6-30c2-6a20-0e00-000000001b00}",
    "ProcessId": "1640",
    "Image": "C:\\Windows\\system32\\lsass.exe",
    "TargetObject": "HKLM\\System\\CurrentControlSet\\Services\\W32Time\\SecureTimeLimits\\RunTime",
    "User": "NT AUTHORITY\\SYSTEM"
  },
  {
    "EventID": "13",
    "TimeCreated": "2026-06-07T19:01:55.0329427Z",
    "RuleName": "-",
    "EventType": "SetValue",
    "UtcTime": "2026-06-07 19:01:55.031",
    "ProcessGuid": "{a33c49c6-30c2-6a20-0e00-000000001b00}",
    "ProcessId": "1640",
    "Image": "C:\\Windows\\system32\\lsass.exe",
    "TargetObject": "HKLM\\System\\CurrentControlSet\\Services\\W32Time\\SecureTimeLimits\\SecureTimeLow",
    "Details": "QWORD (0x01dcf6a7-0xb93c666e)",
    "User": "NT AUTHORITY\\SYSTEM"
  },
  {
    "EventID": "13",
    "TimeCreated": "2026-06-07T19:01:55.0329063Z",
    "RuleName": "-",
    "EventType": "SetValue",
    "UtcTime": "2026-06-07 19:01:55.031",
    "ProcessGuid": "{a33c49c6-30c2-6a20-0e00-000000001b00}",
    "ProcessId": "1640",
    "Image": "C:\\Windows\\system32\\lsass.exe",
    "TargetObject": "HKLM\\System\\CurrentControlSet\\Services\\W32Time\\SecureTimeLimits\\SecureTimeEstimated",
    "Details": "QWORD (0x01dcf6b0-0x1b00ce6e)",
    "User": "NT AUTHORITY\\SYSTEM"
  },
  {
    "EventID": "13",
    "TimeCreated": "2026-06-07T19:01:55.0328635Z",
    "RuleName": "-",
    "EventType": "SetValue",
    "UtcTime": "2026-06-07 19:01:55.031",
    "ProcessGuid": "{a33c49c6-30c2-6a20-0e00-000000001b00}",
    "ProcessId": "1640",
    "Image": "C:\\Windows\\system32\\lsass.exe",
    "TargetObject": "HKLM\\System\\CurrentControlSet\\Services\\W32Time\\SecureTimeLimits\\SecureTimeHigh",
    "Details": "QWORD (0x01dcf6b8-0x7cc5366e)",
    "User": "NT AUTHORITY\\SYSTEM"
  },
  {
    "EventID": "13",
    "TimeCreated": "2026-06-07T19:01:55.0327317Z",
    "RuleName": "-",
    "EventType": "SetValue",
    "UtcTime": "2026-06-07 19:01:55.031",
    "ProcessGuid": "{a33c49c6-30c2-6a20-0e00-000000001b00}",
    "ProcessId": "1640",
    "Image": "C:\\Windows\\system32\\lsass.exe",
    "TargetObject": "HKLM\\System\\CurrentControlSet\\Services\\W32Time\\SecureTimeLimits\\RunTime\\SecureTimeConfidence",
    "Details": "DWORD (0x00000008)",
    "User": "NT AUTHORITY\\SYSTEM"
  },
  {
    "EventID": "13",
    "TimeCreated": "2026-06-07T19:01:55.0326947Z",
    "RuleName": "-",
    "EventType": "SetValue",
    "UtcTime": "2026-06-07 19:01:55.031",
    "ProcessGuid": "{a33c49c6-30c2-6a20-0e00-000000001b00}",
    "ProcessId": "1640",
    "Image": "C:\\Windows\\system32\\lsass.exe",
    "TargetObject": "HKLM\\System\\CurrentControlSet\\Services\\W32Time\\SecureTimeLimits\\RunTime\\SecureTimeTickCount",
    "Details": "QWORD (0x00000000-0x15b869b2)",
    "User": "NT AUTHORITY\\SYSTEM"
  },
  {
    "EventID": "12",
    "TimeCreated": "2026-06-07T19:01:55.0325233Z",
    "RuleName": "-",
    "EventType": "CreateKey",
    "UtcTime": "2026-06-07 19:01:55.031",
    "ProcessGuid": "{a33c49c6-30c2-6a20-0e00-000000001b00}",
    "ProcessId": "1640",
    "Image": "C:\\Windows\\system32\\lsass.exe",
    "TargetObject": "HKLM\\System\\CurrentControlSet\\Services\\W32Time\\SecureTimeLimits\\RunTime",
    "User": "NT AUTHORITY\\SYSTEM"
  },
  {
    "EventID": "13",
    "TimeCreated": "2026-06-07T19:01:55.0324898Z",
    "RuleName": "-",
    "EventType": "SetValue",
    "UtcTime": "2026-06-07 19:01:55.031",
    "ProcessGuid": "{a33c49c6-30c2-6a20-0e00-000000001b00}",
    "ProcessId": "1640",
    "Image": "C:\\Windows\\system32\\lsass.exe",
    "TargetObject": "HKLM\\System\\CurrentControlSet\\Services\\W32Time\\SecureTimeLimits\\SecureTimeLow",
    "Details": "QWORD (0x01dcf6a7-0xb93c666e)",
    "User": "NT AUTHORITY\\SYSTEM"
  },
