  {
    "EventID": "12",
    "TimeCreated": "2026-06-07T18:56:19.3461683Z",
    "RuleName": "-",
    "EventType": "CreateKey",
    "UtcTime": "2026-06-07 18:56:19.345",
    "ProcessGuid": "{a33c49c6-30b8-6a20-eb03-000000000000}",
    "ProcessId": "4",
    "Image": "System",
    "TargetObject": "HKLM\\System\\CurrentControlSet\\Services\\bam\\State\\UserSettings\\S-1-5-21-3961930346-3620050953-1644270016-1001",
    "User": "NT AUTHORITY\\SYSTEM"
  },
  {
    "EventID": "13",
    "TimeCreated": "2026-06-07T18:56:19.3005811Z",
    "RuleName": "-",
    "EventType": "SetValue",
    "UtcTime": "2026-06-07 18:56:19.299",
    "ProcessGuid": "{a33c49c6-30c2-6a20-0c00-000000001b00}",
    "ProcessId": "1608",
    "Image": "C:\\Windows\\system32\\services.exe",
    "TargetObject": "HKLM\\System\\CurrentControlSet\\Services\\bam\\State\\UserSettings\\S-1-5-21-3961930346-3620050953-1644270016-1001\\\\Device\\HarddiskVolume3\\Windows\\System32\\svchost.exe",
    "Details": "Binary Data",
    "User": "NT AUTHORITY\\SYSTEM"
  },
  {
    "EventID": "13",
    "TimeCreated": "2026-06-07T18:56:19.2953475Z",
    "RuleName": "-",
    "EventType": "SetValue",
    "UtcTime": "2026-06-07 18:56:19.291",
    "ProcessGuid": "{a33c49c6-bed3-6a25-2146-000000001b00}",
    "ProcessId": "1232",
    "Image": "C:\\Windows\\system32\\svchost.exe",
    "TargetObject": "HKLM\\System\\CurrentControlSet\\Services\\bam\\State\\UserSettings\\S-1-5-21-3961930346-3620050953-1644270016-1001\\\\Device\\HarddiskVolume3\\Windows\\System32\\svchost.exe",
    "Details": "Binary Data",
    "User": "DESKTOP-8341B96\\ABI"
  },
  {
    "EventID": "5",
    "TimeCreated": "2026-06-07T18:56:19.2948868Z",
    "RuleName": "-",
    "UtcTime": "2026-06-07 18:56:19.291",
    "ProcessGuid": "{a33c49c6-bed3-6a25-2146-000000001b00}",
    "ProcessId": "1232",
    "Image": "C:\\Windows\\System32\\svchost.exe",
    "User": "DESKTOP-8341B96\\ABI"
  },
  {
    "EventID": "13",
    "TimeCreated": "2026-06-07T18:56:19.2296880Z",
    "RuleName": "-",
    "EventType": "SetValue",
    "UtcTime": "2026-06-07 18:56:19.226",
    "ProcessGuid": "{a33c49c6-30c2-6a20-0c00-000000001b00}",
    "ProcessId": "1608",
    "Image": "C:\\Windows\\system32\\services.exe",
    "TargetObject": "HKLM\\System\\CurrentControlSet\\Services\\bam\\State\\UserSettings\\S-1-5-21-3961930346-3620050953-1644270016-1001\\\\Device\\HarddiskVolume3\\Windows\\System32\\svchost.exe",
    "Details": "Binary Data",
    "User": "NT AUTHORITY\\SYSTEM"
  },
  {
    "EventID": "12",
    "TimeCreated": "2026-06-07T18:56:18.9189277Z",
    "RuleName": "-",
    "EventType": "CreateKey",
    "UtcTime": "2026-06-07 18:56:18.915",
    "ProcessGuid": "{a33c49c6-bed2-6a25-2046-000000001b00}",
    "ProcessId": "10052",
    "Image": "C:\\Windows\\System32\\svchost.exe",
    "TargetObject": "HKLM\\System\\CurrentControlSet\\Services\\ClipSVC\\Parameters",
    "User": "NT AUTHORITY\\SYSTEM"
  },
  {
    "EventID": "12",
    "TimeCreated": "2026-06-07T18:56:18.9180785Z",
    "RuleName": "-",
    "EventType": "CreateKey",
    "UtcTime": "2026-06-07 18:56:18.915",
    "ProcessGuid": "{a33c49c6-bed2-6a25-2046-000000001b00}",
    "ProcessId": "10052",
    "Image": "C:\\Windows\\System32\\svchost.exe",
    "TargetObject": "HKLM\\System\\CurrentControlSet\\Services\\ClipSVC\\Parameters",
    "User": "NT AUTHORITY\\SYSTEM"
  },
  {
    "EventID": "12",
    "TimeCreated": "2026-06-07T18:56:18.9168741Z",
    "RuleName": "-",
    "EventType": "CreateKey",
    "UtcTime": "2026-06-07 18:56:18.915",
    "ProcessGuid": "{a33c49c6-bed2-6a25-2046-000000001b00}",
    "ProcessId": "10052",
    "Image": "C:\\Windows\\System32\\svchost.exe",
    "TargetObject": "HKLM\\System\\CurrentControlSet\\Services\\ClipSVC\\Parameters",
    "User": "NT AUTHORITY\\SYSTEM"
  },
  {
    "EventID": "12",
    "TimeCreated": "2026-06-07T18:56:18.9165002Z",
    "RuleName": "-",
    "EventType": "CreateKey",
    "UtcTime": "2026-06-07 18:56:18.915",
    "ProcessGuid": "{a33c49c6-bed2-6a25-2046-000000001b00}",
    "ProcessId": "10052",
    "Image": "C:\\Windows\\System32\\svchost.exe",
    "TargetObject": "HKLM\\System\\CurrentControlSet\\Services\\ClipSVC\\Parameters",
    "User": "NT AUTHORITY\\SYSTEM"
  },
  {
    "EventID": "12",
    "TimeCreated": "2026-06-07T18:56:18.9152410Z",
    "RuleName": "-",
    "EventType": "CreateKey",
    "UtcTime": "2026-06-07 18:56:18.912",
    "ProcessGuid": "{a33c49c6-bed2-6a25-2046-000000001b00}",
    "ProcessId": "10052",
    "Image": "C:\\Windows\\System32\\svchost.exe",
    "TargetObject": "HKLM\\System\\CurrentControlSet\\Services\\ClipSVC\\Parameters",
    "User": "NT AUTHORITY\\SYSTEM"
  },
  {
    "EventID": "12",
    "TimeCreated": "2026-06-07T18:56:18.9081358Z",
    "RuleName": "-",
    "EventType": "CreateKey",
    "UtcTime": "2026-06-07 18:56:18.907",
    "ProcessGuid": "{a33c49c6-bed2-6a25-2046-000000001b00}",
    "ProcessId": "10052",
    "Image": "C:\\Windows\\System32\\svchost.exe",
    "TargetObject": "HKLM\\System\\CurrentControlSet\\Services\\ClipSVC\\Parameters",
    "User": "NT AUTHORITY\\SYSTEM"
  },
  {
    "EventID": "12",
    "TimeCreated": "2026-06-07T18:56:18.9077427Z",
    "RuleName": "-",
    "EventType": "CreateKey",
    "UtcTime": "2026-06-07 18:56:18.904",
    "ProcessGuid": "{a33c49c6-bed2-6a25-2046-000000001b00}",
    "ProcessId": "10052",
    "Image": "C:\\Windows\\System32\\svchost.exe",
    "TargetObject": "HKLM\\System\\CurrentControlSet\\Services\\ClipSVC\\Parameters",
    "User": "NT AUTHORITY\\SYSTEM"
  },
  {
    "EventID": "12",
    "TimeCreated": "2026-06-07T18:56:18.9060573Z",
    "RuleName": "-",
    "EventType": "CreateKey",
    "UtcTime": "2026-06-07 18:56:18.904",
    "ProcessGuid": "{a33c49c6-bed2-6a25-2046-000000001b00}",
    "ProcessId": "10052",
    "Image": "C:\\Windows\\System32\\svchost.exe",
    "TargetObject": "HKLM\\System\\CurrentControlSet\\Services\\ClipSVC\\Parameters",
    "User": "NT AUTHORITY\\SYSTEM"
  },
  {
    "EventID": "12",
    "TimeCreated": "2026-06-07T18:56:18.9049147Z",
    "RuleName": "-",
    "EventType": "CreateKey",
    "UtcTime": "2026-06-07 18:56:18.902",
    "ProcessGuid": "{a33c49c6-bed2-6a25-2046-000000001b00}",
    "ProcessId": "10052",
    "Image": "C:\\Windows\\System32\\svchost.exe",
    "TargetObject": "HKLM\\System\\CurrentControlSet\\Services\\ClipSVC\\Parameters",
    "User": "NT AUTHORITY\\SYSTEM"
  },
  {
    "EventID": "12",
    "TimeCreated": "2026-06-07T18:56:18.9031883Z",
    "RuleName": "-",
    "EventType": "CreateKey",
    "UtcTime": "2026-06-07 18:56:18.902",
    "ProcessGuid": "{a33c49c6-bed2-6a25-2046-000000001b00}",
    "ProcessId": "10052",
    "Image": "C:\\Windows\\System32\\svchost.exe",
    "TargetObject": "HKLM\\System\\CurrentControlSet\\Services\\ClipSVC\\Parameters",
    "User": "NT AUTHORITY\\SYSTEM"
  },
  {
    "EventID": "12",
    "TimeCreated": "2026-06-07T18:56:18.9002429Z",
    "RuleName": "-",
    "EventType": "CreateKey",
    "UtcTime": "2026-06-07 18:56:18.899",
    "ProcessGuid": "{a33c49c6-bed2-6a25-2046-000000001b00}",
    "ProcessId": "10052",
    "Image": "C:\\Windows\\System32\\svchost.exe",
    "TargetObject": "HKLM\\System\\CurrentControlSet\\Services\\ClipSVC\\Parameters",
    "User": "NT AUTHORITY\\SYSTEM"
  },
  {
    "EventID": "12",
    "TimeCreated": "2026-06-07T18:56:18.8908389Z",
    "RuleName": "-",
    "EventType": "CreateKey",
    "UtcTime": "2026-06-07 18:56:18.885",
    "ProcessGuid": "{a33c49c6-bed2-6a25-2046-000000001b00}",
    "ProcessId": "10052",
    "Image": "C:\\Windows\\System32\\svchost.exe",
    "TargetObject": "HKLM\\System\\CurrentControlSet\\Services\\ClipSVC\\Parameters",
    "User": "NT AUTHORITY\\SYSTEM"
  },
  {
    "EventID": "12",
    "TimeCreated": "2026-06-07T18:56:18.8893192Z",
    "RuleName": "-",
    "EventType": "CreateKey",
    "UtcTime": "2026-06-07 18:56:18.885",
    "ProcessGuid": "{a33c49c6-bed2-6a25-2046-000000001b00}",
    "ProcessId": "10052",
    "Image": "C:\\Windows\\System32\\svchost.exe",
    "TargetObject": "HKLM\\System\\CurrentControlSet\\Services\\ClipSVC\\Parameters",
    "User": "NT AUTHORITY\\SYSTEM"
  },
  {
    "EventID": "12",
    "TimeCreated": "2026-06-07T18:56:18.8881638Z",
    "RuleName": "-",
    "EventType": "CreateKey",
    "UtcTime": "2026-06-07 18:56:18.885",
    "ProcessGuid": "{a33c49c6-bed2-6a25-2046-000000001b00}",
    "ProcessId": "10052",
    "Image": "C:\\Windows\\System32\\svchost.exe",
    "TargetObject": "HKLM\\System\\CurrentControlSet\\Services\\ClipSVC\\Parameters",
    "User": "NT AUTHORITY\\SYSTEM"
  },
  {
    "EventID": "12",
    "TimeCreated": "2026-06-07T18:56:18.8881005Z",
    "RuleName": "-",
    "EventType": "CreateKey",
    "UtcTime": "2026-06-07 18:56:18.885",
    "ProcessGuid": "{a33c49c6-bed2-6a25-2046-000000001b00}",
    "ProcessId": "10052",
    "Image": "C:\\Windows\\System32\\svchost.exe",
    "TargetObject": "HKLM\\System\\CurrentControlSet\\Services\\ClipSVC\\Parameters",
    "User": "NT AUTHORITY\\SYSTEM"
  },
  {
    "EventID": "13",
    "TimeCreated": "2026-06-07T18:56:18.8498687Z",
    "RuleName": "-",
    "EventType": "SetValue",
    "UtcTime": "2026-06-07 18:56:18.843",
    "ProcessGuid": "{a33c49c6-30c7-6a20-b900-000000001b00}",
    "ProcessId": "8512",
    "Image": "C:\\Windows\\system32\\svchost.exe",
    "TargetObject": "HKLM\\System\\CurrentControlSet\\Services\\bam\\State\\UserSettings\\S-1-5-21-3961930346-3620050953-1644270016-1001\\Microsoft.ScreenSketch_8wekyb3d8bbwe",
    "Details": "Binary Data",
    "User": "NT AUTHORITY\\SYSTEM"
  },
  {
    "EventID": "13",
    "TimeCreated": "2026-06-07T18:56:15.8477231Z",
    "RuleName": "-",
    "EventType": "SetValue",
    "UtcTime": "2026-06-07 18:56:15.846",
    "ProcessGuid": "{a33c49c6-becf-6a25-1e46-000000001b00}",
    "ProcessId": "21128",
    "Image": "C:\\Program Files\\PostgreSQL\\17\\bin\\postgres.exe",
    "TargetObject": "HKLM\\System\\CurrentControlSet\\Services\\bam\\State\\UserSettings\\S-1-5-20\\\\Device\\HarddiskVolume3\\Program Files\\PostgreSQL\\17\\bin\\postgres.exe",
    "Details": "Binary Data",
    "User": "NT AUTHORITY\\Servicio de red"
  },
  {
    "EventID": "5",
    "TimeCreated": "2026-06-07T18:56:15.8471227Z",
    "RuleName": "-",
    "UtcTime": "2026-06-07 18:56:15.846",
    "ProcessGuid": "{a33c49c6-becf-6a25-1e46-000000001b00}",
    "ProcessId": "21128",
    "Image": "C:\\Program Files\\PostgreSQL\\17\\bin\\postgres.exe",
    "User": "NT AUTHORITY\\Servicio de red"
  },
  {
    "EventID": "13",
    "TimeCreated": "2026-06-07T18:56:15.8046484Z",
    "RuleName": "-",
    "EventType": "SetValue",
    "UtcTime": "2026-06-07 18:56:15.800",
    "ProcessGuid": "{a33c49c6-30c4-6a20-6d00-000000001b00}",
    "ProcessId": "6248",
    "Image": "C:\\Program Files\\PostgreSQL\\17\\bin\\postgres.exe",
    "TargetObject": "HKLM\\System\\CurrentControlSet\\Services\\bam\\State\\UserSettings\\S-1-5-20\\\\Device\\HarddiskVolume3\\Program Files\\PostgreSQL\\17\\bin\\postgres.exe",
    "Details": "Binary Data",
    "User": "NT AUTHORITY\\Servicio de red"
  },
  {
    "EventID": "12",
    "TimeCreated": "2026-06-07T18:56:08.4900901Z",
    "RuleName": "-",
    "EventType": "CreateKey",
    "UtcTime": "2026-06-07 18:56:08.489",
    "ProcessGuid": "{a33c49c6-30c2-6a20-1d00-000000001b00}",
    "ProcessId": "2252",
    "Image": "C:\\Windows\\system32\\svchost.exe",
    "TargetObject": "HKLM\\System\\CurrentControlSet\\Services\\Tcpip\\Parameters",
    "User": "NT AUTHORITY\\Servicio de red"
  },
  {
    "EventID": "13",
    "TimeCreated": "2026-06-07T18:55:57.0767314Z",
    "RuleName": "-",
    "EventType": "SetValue",
    "UtcTime": "2026-06-07 18:55:57.075",
    "ProcessGuid": "{a33c49c6-bebd-6a25-1c46-000000001b00}",
    "ProcessId": "15992",
    "Image": "C:\\Program Files\\PostgreSQL\\17\\bin\\postgres.exe",
    "TargetObject": "HKLM\\System\\CurrentControlSet\\Services\\bam\\State\\UserSettings\\S-1-5-20\\\\Device\\HarddiskVolume3\\Program Files\\PostgreSQL\\17\\bin\\postgres.exe",
    "Details": "Binary Data",
    "User": "NT AUTHORITY\\Servicio de red"
  },
  {
    "EventID": "5",
    "TimeCreated": "2026-06-07T18:55:57.0763454Z",
    "RuleName": "-",
    "UtcTime": "2026-06-07 18:55:57.075",
    "ProcessGuid": "{a33c49c6-bebd-6a25-1c46-000000001b00}",
    "ProcessId": "15992",
    "Image": "C:\\Program Files\\PostgreSQL\\17\\bin\\postgres.exe",
    "User": "NT AUTHORITY\\Servicio de red"
  },
  {
    "EventID": "13",
    "TimeCreated": "2026-06-07T18:55:57.0354114Z",
    "RuleName": "-",
    "EventType": "SetValue",
    "UtcTime": "2026-06-07 18:55:57.031",
    "ProcessGuid": "{a33c49c6-30c4-6a20-6d00-000000001b00}",
    "ProcessId": "6248",
    "Image": "C:\\Program Files\\PostgreSQL\\17\\bin\\postgres.exe",
    "TargetObject": "HKLM\\System\\CurrentControlSet\\Services\\bam\\State\\UserSettings\\S-1-5-20\\\\Device\\HarddiskVolume3\\Program Files\\PostgreSQL\\17\\bin\\postgres.exe",
    "Details": "Binary Data",
    "User": "NT AUTHORITY\\Servicio de red"
  },
  {
    "EventID": "12",
    "TimeCreated": "2026-06-07T18:55:49.7002708Z",
    "RuleName": "-",
    "EventType": "CreateKey",
    "UtcTime": "2026-06-07 18:55:49.698",
    "ProcessGuid": "{a33c49c6-30c2-6a20-1d00-000000001b00}",
    "ProcessId": "2252",
    "Image": "C:\\Windows\\system32\\svchost.exe",
    "TargetObject": "HKLM\\System\\CurrentControlSet\\Services\\Tcpip\\Parameters",
    "User": "NT AUTHORITY\\Servicio de red"
  },
  {
    "EventID": "13",
    "TimeCreated": "2026-06-07T18:55:36.5322621Z",
    "RuleName": "-",
    "EventType": "SetValue",
    "UtcTime": "2026-06-07 18:55:36.530",
    "ProcessGuid": "{a33c49c6-bea8-6a25-1b46-000000001b00}",
    "ProcessId": "17652",
    "Image": "C:\\Program Files\\PostgreSQL\\17\\bin\\postgres.exe",
    "TargetObject": "HKLM\\System\\CurrentControlSet\\Services\\bam\\State\\UserSettings\\S-1-5-20\\\\Device\\HarddiskVolume3\\Program Files\\PostgreSQL\\17\\bin\\postgres.exe",
    "Details": "Binary Data",
    "User": "NT AUTHORITY\\Servicio de red"
  },
  {
    "EventID": "5",
    "TimeCreated": "2026-06-07T18:55:36.5317638Z",
    "RuleName": "-",
    "UtcTime": "2026-06-07 18:55:36.530",
    "ProcessGuid": "{a33c49c6-bea8-6a25-1b46-000000001b00}",
    "ProcessId": "17652",
    "Image": "C:\\Program Files\\PostgreSQL\\17\\bin\\postgres.exe",
    "User": "NT AUTHORITY\\Servicio de red"
  },
  {
    "EventID": "13",
    "TimeCreated": "2026-06-07T18:55:36.4723254Z",
    "RuleName": "-",
    "EventType": "SetValue",
    "UtcTime": "2026-06-07 18:55:36.471",
    "ProcessGuid": "{a33c49c6-30c4-6a20-6d00-000000001b00}",
    "ProcessId": "6248",
    "Image": "C:\\Program Files\\PostgreSQL\\17\\bin\\postgres.exe",
    "TargetObject": "HKLM\\System\\CurrentControlSet\\Services\\bam\\State\\UserSettings\\S-1-5-20\\\\Device\\HarddiskVolume3\\Program Files\\PostgreSQL\\17\\bin\\postgres.exe",
    "Details": "Binary Data",
    "User": "NT AUTHORITY\\Servicio de red"
  },
  {
    "EventID": "12",
    "TimeCreated": "2026-06-07T18:55:28.4763724Z",
    "RuleName": "-",
    "EventType": "CreateKey",
    "UtcTime": "2026-06-07 18:55:28.476",
    "ProcessGuid": "{a33c49c6-30c2-6a20-1d00-000000001b00}",
    "ProcessId": "2252",
    "Image": "C:\\Windows\\system32\\svchost.exe",
    "TargetObject": "HKLM\\System\\CurrentControlSet\\Services\\Tcpip\\Parameters",
    "User": "NT AUTHORITY\\Servicio de red"
  },
  {
    "EventID": "13",
    "TimeCreated": "2026-06-07T18:55:15.7437354Z",
    "RuleName": "-",
    "EventType": "SetValue",
    "UtcTime": "2026-06-07 18:55:15.732",
    "ProcessGuid": "{a33c49c6-be93-6a25-1a46-000000001b00}",
    "ProcessId": "13676",
    "Image": "C:\\Program Files\\PostgreSQL\\17\\bin\\postgres.exe",
    "TargetObject": "HKLM\\System\\CurrentControlSet\\Services\\bam\\State\\UserSettings\\S-1-5-20\\\\Device\\HarddiskVolume3\\Program Files\\PostgreSQL\\17\\bin\\postgres.exe",
    "Details": "Binary Data",
    "User": "NT AUTHORITY\\Servicio de red"
  },
  {
    "EventID": "5",
    "TimeCreated": "2026-06-07T18:55:15.7432805Z",
    "RuleName": "-",
    "UtcTime": "2026-06-07 18:55:15.732",
    "ProcessGuid": "{a33c49c6-be93-6a25-1a46-000000001b00}",
    "ProcessId": "13676",
    "Image": "C:\\Program Files\\PostgreSQL\\17\\bin\\postgres.exe",
    "User": "NT AUTHORITY\\Servicio de red"
  },
  {
    "EventID": "13",
    "TimeCreated": "2026-06-07T18:55:15.7052154Z",
    "RuleName": "-",
    "EventType": "SetValue",
    "UtcTime": "2026-06-07 18:55:15.700",
    "ProcessGuid": "{a33c49c6-30c4-6a20-6d00-000000001b00}",
    "ProcessId": "6248",
    "Image": "C:\\Program Files\\PostgreSQL\\17\\bin\\postgres.exe",
    "TargetObject": "HKLM\\System\\CurrentControlSet\\Services\\bam\\State\\UserSettings\\S-1-5-20\\\\Device\\HarddiskVolume3\\Program Files\\PostgreSQL\\17\\bin\\postgres.exe",
    "Details": "Binary Data",
    "User": "NT AUTHORITY\\Servicio de red"
  },
  {
    "EventID": "13",
    "TimeCreated": "2026-06-07T18:55:08.1763057Z",
    "RuleName": "-",
    "EventType": "SetValue",
    "UtcTime": "2026-06-07 18:55:08.175",
    "ProcessGuid": "{a33c49c6-be86-6a25-1946-000000001b00}",
    "ProcessId": "16052",
    "Image": "C:\\Windows\\system32\\DllHost.exe",
    "TargetObject": "HKLM\\System\\CurrentControlSet\\Services\\bam\\State\\UserSettings\\S-1-5-21-3961930346-3620050953-1644270016-1001\\\\Device\\HarddiskVolume3\\Windows\\System32\\dllhost.exe",
    "Details": "Binary Data",
    "User": "DESKTOP-8341B96\\ABI"
  },
  {
    "EventID": "5",
    "TimeCreated": "2026-06-07T18:55:08.1757191Z",
    "RuleName": "-",
    "UtcTime": "2026-06-07 18:55:08.175",
    "ProcessGuid": "{a33c49c6-be86-6a25-1946-000000001b00}",
    "ProcessId": "16052",
    "Image": "C:\\Windows\\System32\\dllhost.exe",
    "User": "DESKTOP-8341B96\\ABI"
  },
  {
    "EventID": "5",
    "TimeCreated": "2026-06-07T18:55:05.8311027Z",
    "RuleName": "-",
    "UtcTime": "2026-06-07 18:55:05.829",
    "ProcessGuid": "{a33c49c6-be61-6a25-1246-000000001b00}",
    "ProcessId": "14344",
    "Image": "C:\\Windows\\System32\\RuntimeBroker.exe",
    "User": "DESKTOP-8341B96\\ABI"
  },
  {
    "EventID": "12",
    "TimeCreated": "2026-06-07T18:55:04.8935207Z",
    "RuleName": "-",
    "EventType": "CreateKey",
    "UtcTime": "2026-06-07 18:55:04.891",
    "ProcessGuid": "{a33c49c6-30c2-6a20-1d00-000000001b00}",
    "ProcessId": "2252",
    "Image": "C:\\Windows\\system32\\svchost.exe",
    "TargetObject": "HKLM\\System\\CurrentControlSet\\Services\\Tcpip\\Parameters",
    "User": "NT AUTHORITY\\Servicio de red"
  },
  {
    "EventID": "13",
    "TimeCreated": "2026-06-07T18:55:03.1389973Z",
    "RuleName": "-",
    "EventType": "SetValue",
    "UtcTime": "2026-06-07 18:55:03.137",
    "ProcessGuid": "{a33c49c6-30b8-6a20-eb03-000000000000}",
    "ProcessId": "4",
    "Image": "System",
    "TargetObject": "HKLM\\System\\CurrentControlSet\\Services\\bam\\State\\UserSettings\\S-1-5-21-3961930346-3620050953-1644270016-1001\\SequenceNumber",
    "Details": "DWORD (0x00000291)",
    "User": "NT AUTHORITY\\SYSTEM"
  },
  {
    "EventID": "13",
    "TimeCreated": "2026-06-07T18:55:03.1389481Z",
    "RuleName": "-",
    "EventType": "SetValue",
    "UtcTime": "2026-06-07 18:55:03.137",
    "ProcessGuid": "{a33c49c6-30b8-6a20-eb03-000000000000}",
    "ProcessId": "4",
    "Image": "System",
    "TargetObject": "HKLM\\System\\CurrentControlSet\\Services\\bam\\State\\UserSettings\\S-1-5-21-3961930346-3620050953-1644270016-1001\\\\Device\\HarddiskVolume3\\Windows\\System32\\DataExchangeHost.exe",
    "Details": "Binary Data",
    "User": "NT AUTHORITY\\SYSTEM"
  },
  {
    "EventID": "12",
    "TimeCreated": "2026-06-07T18:55:03.1388161Z",
    "RuleName": "-",
    "EventType": "CreateKey",
    "UtcTime": "2026-06-07 18:55:03.137",
    "ProcessGuid": "{a33c49c6-30b8-6a20-eb03-000000000000}",
    "ProcessId": "4",
    "Image": "System",
    "TargetObject": "HKLM\\System\\CurrentControlSet\\Services\\bam\\State\\UserSettings\\S-1-5-21-3961930346-3620050953-1644270016-1001",
    "User": "NT AUTHORITY\\SYSTEM"
  },
  {
    "EventID": "13",
    "TimeCreated": "2026-06-07T18:55:02.9217290Z",
    "RuleName": "-",
    "EventType": "SetValue",
    "UtcTime": "2026-06-07 18:55:02.921",
    "ProcessGuid": "{a33c49c6-30b8-6a20-eb03-000000000000}",
    "ProcessId": "4",
    "Image": "System",
    "TargetObject": "HKLM\\System\\CurrentControlSet\\Services\\bam\\State\\UserSettings\\S-1-5-21-3961930346-3620050953-1644270016-1001\\SequenceNumber",
    "Details": "DWORD (0x00000290)",
    "User": "NT AUTHORITY\\SYSTEM"
  },
  {
    "EventID": "13",
    "TimeCreated": "2026-06-07T18:55:02.9215051Z",
    "RuleName": "-",
    "EventType": "SetValue",
    "UtcTime": "2026-06-07 18:55:02.921",
    "ProcessGuid": "{a33c49c6-30b8-6a20-eb03-000000000000}",
    "ProcessId": "4",
    "Image": "System",
    "TargetObject": "HKLM\\System\\CurrentControlSet\\Services\\bam\\State\\UserSettings\\S-1-5-21-3961930346-3620050953-1644270016-1001\\\\Device\\HarddiskVolume3\\Windows\\System32\\ShellHost.exe",
    "Details": "Binary Data",
    "User": "NT AUTHORITY\\SYSTEM"
  },
  {
    "EventID": "12",
    "TimeCreated": "2026-06-07T18:55:02.9213034Z",
    "RuleName": "-",
    "EventType": "CreateKey",
    "UtcTime": "2026-06-07 18:55:02.921",
    "ProcessGuid": "{a33c49c6-30b8-6a20-eb03-000000000000}",
    "ProcessId": "4",
    "Image": "System",
    "TargetObject": "HKLM\\System\\CurrentControlSet\\Services\\bam\\State\\UserSettings\\S-1-5-21-3961930346-3620050953-1644270016-1001",
    "User": "NT AUTHORITY\\SYSTEM"
  },
  {
    "EventID": "13",
    "TimeCreated": "2026-06-07T18:55:02.9159525Z",
    "RuleName": "-",
    "EventType": "SetValue",
    "UtcTime": "2026-06-07 18:55:02.914",
    "ProcessGuid": "{a33c49c6-30c2-6a20-0f00-000000001b00}",
    "ProcessId": "1764",
    "Image": "C:\\Windows\\system32\\svchost.exe",
    "TargetObject": "HKLM\\System\\CurrentControlSet\\Services\\bam\\State\\UserSettings\\S-1-5-21-3961930346-3620050953-1644270016-1001\\\\Device\\HarddiskVolume3\\Windows\\System32\\dllhost.exe",
    "Details": "Binary Data",
    "User": "NT AUTHORITY\\SYSTEM"
  },
  {
    "EventID": "5",
    "TimeCreated": "2026-06-07T18:55:00.9115050Z",
    "RuleName": "-",
    "UtcTime": "2026-06-07 18:55:00.908",
    "ProcessGuid": "{a33c49c6-be61-6a25-1046-000000001b00}",
    "ProcessId": "15884",
    "Image": "C:\\Windows\\System32\\taskhostw.exe",
    "User": "NT AUTHORITY\\SYSTEM"
  },
  {
    "EventID": "5",
    "TimeCreated": "2026-06-07T18:54:57.0684287Z",
    "RuleName": "-",
    "UtcTime": "2026-06-07 18:54:57.066",
    "ProcessGuid": "{a33c49c6-be62-6a25-1346-000000001b00}",
    "ProcessId": "18776",
    "Image": "C:\\Windows\\System32\\sppsvc.exe",
    "User": "NT AUTHORITY\\Servicio de red"
  },
  {
    "EventID": "13",
    "TimeCreated": "2026-06-07T18:54:57.0658163Z",
    "RuleName": "-",
    "EventType": "SetValue",
    "UtcTime": "2026-06-07 18:54:57.064",
    "ProcessGuid": "{a33c49c6-be81-6a25-1846-000000001b00}",
    "ProcessId": "8804",
    "Image": "C:\\Program Files\\PostgreSQL\\17\\bin\\postgres.exe",
    "TargetObject": "HKLM\\System\\CurrentControlSet\\Services\\bam\\State\\UserSettings\\S-1-5-20\\\\Device\\HarddiskVolume3\\Program Files\\PostgreSQL\\17\\bin\\postgres.exe",
    "Details": "Binary Data",
    "User": "NT AUTHORITY\\Servicio de red"
  },
  {
    "EventID": "5",
    "TimeCreated": "2026-06-07T18:54:57.0653935Z",
    "RuleName": "-",
    "UtcTime": "2026-06-07 18:54:57.064",
    "ProcessGuid": "{a33c49c6-be81-6a25-1846-000000001b00}",
    "ProcessId": "8804",
    "Image": "C:\\Program Files\\PostgreSQL\\17\\bin\\postgres.exe",
    "User": "NT AUTHORITY\\Servicio de red"
  },
  {
    "EventID": "13",
    "TimeCreated": "2026-06-07T18:54:57.0252638Z",
    "RuleName": "-",
    "EventType": "SetValue",
    "UtcTime": "2026-06-07 18:54:57.023",
    "ProcessGuid": "{a33c49c6-30c4-6a20-6d00-000000001b00}",
    "ProcessId": "6248",
    "Image": "C:\\Program Files\\PostgreSQL\\17\\bin\\postgres.exe",
    "TargetObject": "HKLM\\System\\CurrentControlSet\\Services\\bam\\State\\UserSettings\\S-1-5-20\\\\Device\\HarddiskVolume3\\Program Files\\PostgreSQL\\17\\bin\\postgres.exe",
    "Details": "Binary Data",
    "User": "NT AUTHORITY\\Servicio de red"
  },
  {
    "EventID": "5",
    "TimeCreated": "2026-06-07T18:54:54.0142122Z",
    "RuleName": "-",
    "UtcTime": "2026-06-07 18:54:54.013",
    "ProcessGuid": "{a33c49c6-bdd1-6a25-f345-000000001b00}",
    "ProcessId": "12644",
    "Image": "C:\\Windows\\System32\\SearchProtocolHost.exe",
    "User": "DESKTOP-8341B96\\ABI"
  },
  {
    "EventID": "13",
    "TimeCreated": "2026-06-07T18:54:52.5819414Z",
    "RuleName": "-",
    "EventType": "SetValue",
    "UtcTime": "2026-06-07 18:54:52.581",
    "ProcessGuid": "{a33c49c6-be7c-6a25-1646-000000001b00}",
    "ProcessId": "1792",
    "Image": "C:\\Windows\\system32\\conhost.exe",
    "TargetObject": "HKLM\\System\\CurrentControlSet\\Services\\bam\\State\\UserSettings\\S-1-5-21-3961930346-3620050953-1644270016-1001\\\\Device\\HarddiskVolume3\\Windows\\System32\\conhost.exe",
    "Details": "Binary Data",
    "User": "DESKTOP-8341B96\\ABI"
  },
  {
    "EventID": "5",
    "TimeCreated": "2026-06-07T18:54:52.5814941Z",
    "RuleName": "-",
    "UtcTime": "2026-06-07 18:54:52.581",
    "ProcessGuid": "{a33c49c6-be7c-6a25-1646-000000001b00}",
    "ProcessId": "1792",
    "Image": "C:\\Windows\\System32\\conhost.exe",
    "User": "DESKTOP-8341B96\\ABI"
  },
  {
    "EventID": "5",
    "TimeCreated": "2026-06-07T18:54:52.5784599Z",
    "RuleName": "-",
    "UtcTime": "2026-06-07 18:54:52.577",
    "ProcessGuid": "{a33c49c6-be7c-6a25-1546-000000001b00}",
    "ProcessId": "16276",
    "Image": "C:\\Program Files\\Git\\cmd\\git.exe",
    "User": "DESKTOP-8341B96\\ABI"
  },
  {
    "EventID": "5",
    "TimeCreated": "2026-06-07T18:54:52.5726790Z",
    "RuleName": "-",
    "UtcTime": "2026-06-07 18:54:52.570",
    "ProcessGuid": "{a33c49c6-be7c-6a25-1746-000000001b00}",
    "ProcessId": "1180",
    "Image": "C:\\Program Files\\Git\\mingw64\\bin\\git.exe",
    "User": "DESKTOP-8341B96\\ABI"
  },
  {
    "EventID": "13",
    "TimeCreated": "2026-06-07T18:54:52.5058237Z",
    "RuleName": "-",
    "EventType": "SetValue",
    "UtcTime": "2026-06-07 18:54:52.504",
    "ProcessGuid": "{a33c49c6-be7c-6a25-1546-000000001b00}",
    "ProcessId": "16276",
    "Image": "C:\\Program Files\\Git\\cmd\\git.exe",
    "TargetObject": "HKLM\\System\\CurrentControlSet\\Services\\bam\\State\\UserSettings\\S-1-5-21-3961930346-3620050953-1644270016-1001\\\\Device\\HarddiskVolume3\\Windows\\System32\\conhost.exe",
    "Details": "Binary Data",
    "User": "DESKTOP-8341B96\\ABI"
  },
  {
    "EventID": "12",
    "TimeCreated": "2026-06-07T18:54:49.9560570Z",
    "RuleName": "-",
    "EventType": "CreateKey",
    "UtcTime": "2026-06-07 18:54:49.952",
    "ProcessGuid": "{a33c49c6-30c2-6a20-1d00-000000001b00}",
    "ProcessId": "2252",
    "Image": "C:\\Windows\\system32\\svchost.exe",
    "TargetObject": "HKLM\\System\\CurrentControlSet\\Services\\Tcpip\\Parameters",
    "User": "NT AUTHORITY\\Servicio de red"
  },
  {
    "EventID": "13",
    "TimeCreated": "2026-06-07T18:54:36.5058640Z",
    "RuleName": "-",
    "EventType": "SetValue",
    "UtcTime": "2026-06-07 18:54:36.504",
    "ProcessGuid": "{a33c49c6-be6c-6a25-1446-000000001b00}",
    "ProcessId": "18724",
    "Image": "C:\\Program Files\\PostgreSQL\\17\\bin\\postgres.exe",
    "TargetObject": "HKLM\\System\\CurrentControlSet\\Services\\bam\\State\\UserSettings\\S-1-5-20\\\\Device\\HarddiskVolume3\\Program Files\\PostgreSQL\\17\\bin\\postgres.exe",
    "Details": "Binary Data",
    "User": "NT AUTHORITY\\Servicio de red"
  },
  {
    "EventID": "5",
    "TimeCreated": "2026-06-07T18:54:36.5054070Z",
    "RuleName": "-",
    "UtcTime": "2026-06-07 18:54:36.504",
    "ProcessGuid": "{a33c49c6-be6c-6a25-1446-000000001b00}",
    "ProcessId": "18724",
    "Image": "C:\\Program Files\\PostgreSQL\\17\\bin\\postgres.exe",
    "User": "NT AUTHORITY\\Servicio de red"
  },
  {
    "EventID": "13",
    "TimeCreated": "2026-06-07T18:54:36.4663032Z",
    "RuleName": "-",
    "EventType": "SetValue",
    "UtcTime": "2026-06-07 18:54:36.465",
    "ProcessGuid": "{a33c49c6-30c4-6a20-6d00-000000001b00}",
    "ProcessId": "6248",
    "Image": "C:\\Program Files\\PostgreSQL\\17\\bin\\postgres.exe",
    "TargetObject": "HKLM\\System\\CurrentControlSet\\Services\\bam\\State\\UserSettings\\S-1-5-20\\\\Device\\HarddiskVolume3\\Program Files\\PostgreSQL\\17\\bin\\postgres.exe",
    "Details": "Binary Data",
    "User": "NT AUTHORITY\\Servicio de red"
  },
  {
    "EventID": "12",
    "TimeCreated": "2026-06-07T18:54:34.6969149Z",
    "RuleName": "-",
    "EventType": "CreateKey",
    "UtcTime": "2026-06-07 18:54:34.696",
    "ProcessGuid": "{a33c49c6-30c2-6a20-1d00-000000001b00}",
    "ProcessId": "2252",
    "Image": "C:\\Windows\\system32\\svchost.exe",
    "TargetObject": "HKLM\\System\\CurrentControlSet\\Services\\Tcpip\\Parameters",
    "User": "NT AUTHORITY\\Servicio de red"
  },
  {
    "EventID": "12",
    "TimeCreated": "2026-06-07T18:54:27.2102793Z",
    "RuleName": "-",
    "EventType": "CreateKey",
    "UtcTime": "2026-06-07 18:54:27.206",
    "ProcessGuid": "{a33c49c6-be61-6a25-1046-000000001b00}",
    "ProcessId": "15884",
    "Image": "C:\\Windows\\system32\\taskhostw.exe",
    "TargetObject": "HKLM\\System\\CurrentControlSet\\Services\\Tcpip\\Parameters",
    "User": "NT AUTHORITY\\SYSTEM"
  },
  {
    "EventID": "12",
    "TimeCreated": "2026-06-07T18:54:27.2102540Z",
    "RuleName": "-",
    "EventType": "CreateKey",
    "UtcTime": "2026-06-07 18:54:27.206",
    "ProcessGuid": "{a33c49c6-be61-6a25-1046-000000001b00}",
    "ProcessId": "15884",
    "Image": "C:\\Windows\\system32\\taskhostw.exe",
    "TargetObject": "HKLM\\System\\CurrentControlSet\\Services\\Tcpip\\Parameters",
    "User": "NT AUTHORITY\\SYSTEM"
  },
  {
    "EventID": "12",
    "TimeCreated": "2026-06-07T18:54:27.2102356Z",
    "RuleName": "-",
    "EventType": "CreateKey",
    "UtcTime": "2026-06-07 18:54:27.206",
    "ProcessGuid": "{a33c49c6-be61-6a25-1046-000000001b00}",
    "ProcessId": "15884",
    "Image": "C:\\Windows\\system32\\taskhostw.exe",
    "TargetObject": "HKLM\\System\\CurrentControlSet\\Services\\Tcpip\\Parameters",
    "User": "NT AUTHORITY\\SYSTEM"
  },
  {
    "EventID": "12",
    "TimeCreated": "2026-06-07T18:54:27.2102118Z",
    "RuleName": "-",
    "EventType": "CreateKey",
    "UtcTime": "2026-06-07 18:54:27.206",
    "ProcessGuid": "{a33c49c6-be61-6a25-1046-000000001b00}",
    "ProcessId": "15884",
    "Image": "C:\\Windows\\system32\\taskhostw.exe",
    "TargetObject": "HKLM\\System\\CurrentControlSet\\Services\\Tcpip\\Parameters",
    "User": "NT AUTHORITY\\SYSTEM"
  },
  {
    "EventID": "12",
    "TimeCreated": "2026-06-07T18:54:27.2101786Z",
    "RuleName": "-",
    "EventType": "CreateKey",
    "UtcTime": "2026-06-07 18:54:27.206",
    "ProcessGuid": "{a33c49c6-be61-6a25-1046-000000001b00}",
    "ProcessId": "15884",
    "Image": "C:\\Windows\\system32\\taskhostw.exe",
    "TargetObject": "HKLM\\System\\CurrentControlSet\\Services\\Tcpip\\Parameters",
    "User": "NT AUTHORITY\\SYSTEM"
  },
  {
    "EventID": "12",
    "TimeCreated": "2026-06-07T18:54:27.2096162Z",
    "RuleName": "-",
    "EventType": "CreateKey",
    "UtcTime": "2026-06-07 18:54:27.206",
    "ProcessGuid": "{a33c49c6-be61-6a25-1046-000000001b00}",
    "ProcessId": "15884",
    "Image": "C:\\Windows\\system32\\taskhostw.exe",
    "TargetObject": "HKLM\\System\\CurrentControlSet\\Services\\Tcpip\\Parameters",
    "User": "NT AUTHORITY\\SYSTEM"
  },
  {
    "EventID": "12",
    "TimeCreated": "2026-06-07T18:54:27.2095476Z",
    "RuleName": "-",
    "EventType": "CreateKey",
    "UtcTime": "2026-06-07 18:54:27.206",
    "ProcessGuid": "{a33c49c6-be61-6a25-1046-000000001b00}",
    "ProcessId": "15884",
    "Image": "C:\\Windows\\system32\\taskhostw.exe",
    "TargetObject": "HKLM\\System\\CurrentControlSet\\Services\\Tcpip\\Parameters",
    "User": "NT AUTHORITY\\SYSTEM"
  },
  {
    "EventID": "13",
    "TimeCreated": "2026-06-07T18:54:26.5615087Z",
    "RuleName": "-",
    "EventType": "SetValue",
    "UtcTime": "2026-06-07 18:54:26.557",
    "ProcessGuid": "{a33c49c6-be62-6a25-1346-000000001b00}",
    "ProcessId": "18776",
    "Image": "C:\\Windows\\system32\\sppsvc.exe",
    "TargetObject": "HKLM\\SOFTWARE\\Microsoft\\Windows NT\\CurrentVersion\\SoftwareProtectionPlatform\\ServiceSessionId",
    "Details": "Binary Data",
    "User": "NT AUTHORITY\\Servicio de red"
  },
  {
    "EventID": "5",
    "TimeCreated": "2026-06-07T18:54:25.8160064Z",
    "RuleName": "-",
    "UtcTime": "2026-06-07 18:54:25.815",
    "ProcessGuid": "{a33c49c6-be61-6a25-1146-000000001b00}",
    "ProcessId": "15732",
    "Image": "C:\\Windows\\System32\\backgroundTaskHost.exe",
    "User": "DESKTOP-8341B96\\ABI"
  },
  {
    "EventID": "12",
    "TimeCreated": "2026-06-07T18:54:17.9884847Z",
    "RuleName": "-",
    "EventType": "CreateKey",
    "UtcTime": "2026-06-07 18:54:17.988",
    "ProcessGuid": "{a33c49c6-30c2-6a20-1d00-000000001b00}",
    "ProcessId": "2252",
    "Image": "C:\\Windows\\system32\\svchost.exe",
    "TargetObject": "HKLM\\System\\CurrentControlSet\\Services\\Tcpip\\Parameters",
    "User": "NT AUTHORITY\\Servicio de red"
  },
  {
    "EventID": "13",
    "TimeCreated": "2026-06-07T18:54:15.7477458Z",
    "RuleName": "-",
    "EventType": "SetValue",
    "UtcTime": "2026-06-07 18:54:15.743",
    "ProcessGuid": "{a33c49c6-be57-6a25-0f46-000000001b00}",
    "ProcessId": "21768",
    "Image": "C:\\Program Files\\PostgreSQL\\17\\bin\\postgres.exe",
    "TargetObject": "HKLM\\System\\CurrentControlSet\\Services\\bam\\State\\UserSettings\\S-1-5-20\\\\Device\\HarddiskVolume3\\Program Files\\PostgreSQL\\17\\bin\\postgres.exe",
    "Details": "Binary Data",
    "User": "NT AUTHORITY\\Servicio de red"
  },
  {
    "EventID": "5",
    "TimeCreated": "2026-06-07T18:54:15.7473051Z",
    "RuleName": "-",
    "UtcTime": "2026-06-07 18:54:15.743",
    "ProcessGuid": "{a33c49c6-be57-6a25-0f46-000000001b00}",
    "ProcessId": "21768",
    "Image": "C:\\Program Files\\PostgreSQL\\17\\bin\\postgres.exe",
    "User": "NT AUTHORITY\\Servicio de red"
  },
  {
    "EventID": "13",
    "TimeCreated": "2026-06-07T18:54:15.7034580Z",
    "RuleName": "-",
    "EventType": "SetValue",
    "UtcTime": "2026-06-07 18:54:15.702",
    "ProcessGuid": "{a33c49c6-30c4-6a20-6d00-000000001b00}",
    "ProcessId": "6248",
    "Image": "C:\\Program Files\\PostgreSQL\\17\\bin\\postgres.exe",
    "TargetObject": "HKLM\\System\\CurrentControlSet\\Services\\bam\\State\\UserSettings\\S-1-5-20\\\\Device\\HarddiskVolume3\\Program Files\\PostgreSQL\\17\\bin\\postgres.exe",
    "Details": "Binary Data",
    "User": "NT AUTHORITY\\Servicio de red"
  },
  {
    "EventID": "13",
    "TimeCreated": "2026-06-07T18:54:09.7745333Z",
    "RuleName": "-",
    "EventType": "SetValue",
    "UtcTime": "2026-06-07 18:54:09.758",
    "ProcessGuid": "{a33c49c6-be51-6a25-0d46-000000001b00}",
    "ProcessId": "14384",
    "Image": "C:\\Windows\\system32\\conhost.exe",
    "TargetObject": "HKLM\\System\\CurrentControlSet\\Services\\bam\\State\\UserSettings\\S-1-5-21-3961930346-3620050953-1644270016-1001\\\\Device\\HarddiskVolume3\\Windows\\System32\\conhost.exe",
    "Details": "Binary Data",
    "User": "DESKTOP-8341B96\\ABI"
  },
  {
    "EventID": "5",
    "TimeCreated": "2026-06-07T18:54:09.7740736Z",
    "RuleName": "-",
    "UtcTime": "2026-06-07 18:54:09.758",
    "ProcessGuid": "{a33c49c6-be51-6a25-0d46-000000001b00}",
    "ProcessId": "14384",
    "Image": "C:\\Windows\\System32\\conhost.exe",
    "User": "DESKTOP-8341B96\\ABI"
  },
  {
    "EventID": "5",
    "TimeCreated": "2026-06-07T18:54:09.7719548Z",
    "RuleName": "-",
    "UtcTime": "2026-06-07 18:54:09.758",
    "ProcessGuid": "{a33c49c6-be51-6a25-0c46-000000001b00}",
    "ProcessId": "11988",
    "Image": "C:\\Program Files\\Git\\cmd\\git.exe",
    "User": "DESKTOP-8341B96\\ABI"
  },
  {
    "EventID": "5",
    "TimeCreated": "2026-06-07T18:54:09.7682902Z",
    "RuleName": "-",
    "UtcTime": "2026-06-07 18:54:09.758",
    "ProcessGuid": "{a33c49c6-be51-6a25-0e46-000000001b00}",
    "ProcessId": "7496",
    "Image": "C:\\Program Files\\Git\\mingw64\\bin\\git.exe",
    "User": "DESKTOP-8341B96\\ABI"
  },
  {
    "EventID": "13",
    "TimeCreated": "2026-06-07T18:54:09.7109970Z",
    "RuleName": "-",
    "EventType": "SetValue",
    "UtcTime": "2026-06-07 18:54:09.700",
    "ProcessGuid": "{a33c49c6-be51-6a25-0c46-000000001b00}",
    "ProcessId": "11988",
    "Image": "C:\\Program Files\\Git\\cmd\\git.exe",
    "TargetObject": "HKLM\\System\\CurrentControlSet\\Services\\bam\\State\\UserSettings\\S-1-5-21-3961930346-3620050953-1644270016-1001\\\\Device\\HarddiskVolume3\\Windows\\System32\\conhost.exe",
    "Details": "Binary Data",
    "User": "DESKTOP-8341B96\\ABI"
  },
  {
    "EventID": "13",
    "TimeCreated": "2026-06-07T18:54:07.3086261Z",
    "RuleName": "-",
    "EventType": "SetValue",
    "UtcTime": "2026-06-07 18:54:07.307",
    "ProcessGuid": "{a33c49c6-be4f-6a25-0a46-000000001b00}",
    "ProcessId": "18264",
    "Image": "C:\\Windows\\system32\\conhost.exe",
    "TargetObject": "HKLM\\System\\CurrentControlSet\\Services\\bam\\State\\UserSettings\\S-1-5-21-3961930346-3620050953-1644270016-1001\\\\Device\\HarddiskVolume3\\Windows\\System32\\conhost.exe",
    "Details": "Binary Data",
    "User": "DESKTOP-8341B96\\ABI"
  },
  {
    "EventID": "5",
    "TimeCreated": "2026-06-07T18:54:07.3074373Z",
    "RuleName": "-",
    "UtcTime": "2026-06-07 18:54:07.305",
    "ProcessGuid": "{a33c49c6-be4f-6a25-0a46-000000001b00}",
    "ProcessId": "18264",
    "Image": "C:\\Windows\\System32\\conhost.exe",
    "User": "DESKTOP-8341B96\\ABI"
  },
  {
    "EventID": "5",
    "TimeCreated": "2026-06-07T18:54:07.3045548Z",
    "RuleName": "-",
    "UtcTime": "2026-06-07 18:54:07.303",
    "ProcessGuid": "{a33c49c6-be4f-6a25-0946-000000001b00}",
    "ProcessId": "15016",
    "Image": "C:\\Program Files\\Git\\cmd\\git.exe",
    "User": "DESKTOP-8341B96\\ABI"
  },
  {
    "EventID": "5",
    "TimeCreated": "2026-06-07T18:54:07.3006843Z",
    "RuleName": "-",
    "UtcTime": "2026-06-07 18:54:07.300",
    "ProcessGuid": "{a33c49c6-be4f-6a25-0b46-000000001b00}",
    "ProcessId": "11672",
    "Image": "C:\\Program Files\\Git\\mingw64\\bin\\git.exe",
    "User": "DESKTOP-8341B96\\ABI"
  },
  {
    "EventID": "13",
    "TimeCreated": "2026-06-07T18:54:07.2411725Z",
    "RuleName": "-",
    "EventType": "SetValue",
    "UtcTime": "2026-06-07 18:54:07.239",
    "ProcessGuid": "{a33c49c6-be4f-6a25-0946-000000001b00}",
    "ProcessId": "15016",
    "Image": "C:\\Program Files\\Git\\cmd\\git.exe",
    "TargetObject": "HKLM\\System\\CurrentControlSet\\Services\\bam\\State\\UserSettings\\S-1-5-21-3961930346-3620050953-1644270016-1001\\\\Device\\HarddiskVolume3\\Windows\\System32\\conhost.exe",
    "Details": "Binary Data",
    "User": "DESKTOP-8341B96\\ABI"
  },
  {
    "EventID": "5",
    "TimeCreated": "2026-06-07T18:54:07.0850355Z",
    "RuleName": "-",
    "UtcTime": "2026-06-07 18:54:07.083",
    "ProcessGuid": "{a33c49c6-be38-6a25-0446-000000001b00}",
    "ProcessId": "3888",
    "Image": "C:\\Program Files (x86)\\Google\\GoogleUpdater\\150.0.7863.0\\updater.exe",
    "User": "NT AUTHORITY\\SYSTEM"
  },
  {
    "EventID": "5",
    "TimeCreated": "2026-06-07T18:54:07.0807102Z",
    "RuleName": "-",
    "UtcTime": "2026-06-07 18:54:07.077",
    "ProcessGuid": "{a33c49c6-be38-6a25-0246-000000001b00}",
    "ProcessId": "17704",
    "Image": "C:\\Program Files (x86)\\Google\\GoogleUpdater\\150.0.7863.0\\updater.exe",
    "User": "NT AUTHORITY\\SYSTEM"
  },
  {
    "EventID": "5",
    "TimeCreated": "2026-06-07T18:54:07.0751519Z",
    "RuleName": "-",
    "UtcTime": "2026-06-07 18:54:07.074",
    "ProcessGuid": "{a33c49c6-be38-6a25-0346-000000001b00}",
    "ProcessId": "18316",
    "Image": "C:\\Program Files (x86)\\Google\\GoogleUpdater\\150.0.7863.0\\updater.exe",
    "User": "NT AUTHORITY\\SYSTEM"
  },
  {
    "EventID": "5",
    "TimeCreated": "2026-06-07T18:54:07.0722241Z",
    "RuleName": "-",
    "UtcTime": "2026-06-07 18:54:07.071",
    "ProcessGuid": "{a33c49c6-be38-6a25-0146-000000001b00}",
    "ProcessId": "22344",
    "Image": "C:\\Program Files (x86)\\Google\\GoogleUpdater\\150.0.7863.0\\updater.exe",
    "User": "NT AUTHORITY\\SYSTEM"
  },
  {
    "EventID": "13",
    "TimeCreated": "2026-06-07T18:53:57.1924182Z",
    "RuleName": "-",
    "EventType": "SetValue",
    "UtcTime": "2026-06-07 18:53:57.183",
    "ProcessGuid": "{a33c49c6-be45-6a25-0846-000000001b00}",
    "ProcessId": "2864",
    "Image": "C:\\Program Files\\PostgreSQL\\17\\bin\\postgres.exe",
    "TargetObject": "HKLM\\System\\CurrentControlSet\\Services\\bam\\State\\UserSettings\\S-1-5-20\\\\Device\\HarddiskVolume3\\Program Files\\PostgreSQL\\17\\bin\\postgres.exe",
    "Details": "Binary Data",
    "User": "NT AUTHORITY\\Servicio de red"
  },
  {
    "EventID": "5",
    "TimeCreated": "2026-06-07T18:53:57.1920004Z",
    "RuleName": "-",
    "UtcTime": "2026-06-07 18:53:57.183",
    "ProcessGuid": "{a33c49c6-be45-6a25-0846-000000001b00}",
    "ProcessId": "2864",
    "Image": "C:\\Program Files\\PostgreSQL\\17\\bin\\postgres.exe",
    "User": "NT AUTHORITY\\Servicio de red"
  },
  {
    "EventID": "5",
    "TimeCreated": "2026-06-07T18:53:57.0721652Z",
    "RuleName": "-",
    "UtcTime": "2026-06-07 18:53:57.069",
    "ProcessGuid": "{a33c49c6-be38-6a25-0046-000000001b00}",
    "ProcessId": "22764",
    "Image": "C:\\Program Files (x86)\\Google\\GoogleUpdater\\150.0.7863.0\\updater.exe",
    "User": "NT AUTHORITY\\SYSTEM"
  },
  {
    "EventID": "5",
    "TimeCreated": "2026-06-07T18:53:57.0642509Z",
    "RuleName": "-",
    "UtcTime": "2026-06-07 18:53:57.063",
    "ProcessGuid": "{a33c49c6-be38-6a25-ff45-000000001b00}",
    "ProcessId": "21776",
    "Image": "C:\\Program Files (x86)\\Google\\GoogleUpdater\\150.0.7863.0\\updater.exe",
    "User": "NT AUTHORITY\\SYSTEM"
  },
  {
    "EventID": "13",
    "TimeCreated": "2026-06-07T18:53:57.0560435Z",
    "RuleName": "-",
    "EventType": "SetValue",
    "UtcTime": "2026-06-07 18:53:57.054",
    "ProcessGuid": "{a33c49c6-30c4-6a20-6d00-000000001b00}",
    "ProcessId": "6248",
    "Image": "C:\\Program Files\\PostgreSQL\\17\\bin\\postgres.exe",
    "TargetObject": "HKLM\\System\\CurrentControlSet\\Services\\bam\\State\\UserSettings\\S-1-5-20\\\\Device\\HarddiskVolume3\\Program Files\\PostgreSQL\\17\\bin\\postgres.exe",
    "Details": "Binary Data",
    "User": "NT AUTHORITY\\Servicio de red"
  },
  {
    "EventID": "13",
    "TimeCreated": "2026-06-07T18:53:48.6130786Z",
    "RuleName": "-",
    "EventType": "SetValue",
    "UtcTime": "2026-06-07 18:53:48.611",
    "ProcessGuid": "{a33c49c6-be3c-6a25-0646-000000001b00}",
    "ProcessId": "9012",
    "Image": "C:\\Windows\\system32\\conhost.exe",
    "TargetObject": "HKLM\\System\\CurrentControlSet\\Services\\bam\\State\\UserSettings\\S-1-5-21-3961930346-3620050953-1644270016-1001\\\\Device\\HarddiskVolume3\\Windows\\System32\\conhost.exe",
    "Details": "Binary Data",
    "User": "DESKTOP-8341B96\\ABI"
  },
  {
    "EventID": "5",
    "TimeCreated": "2026-06-07T18:53:48.6125160Z",
    "RuleName": "-",
    "UtcTime": "2026-06-07 18:53:48.611",
    "ProcessGuid": "{a33c49c6-be3c-6a25-0646-000000001b00}",
    "ProcessId": "9012",
    "Image": "C:\\Windows\\System32\\conhost.exe",
    "User": "DESKTOP-8341B96\\ABI"
  },
  {
    "EventID": "5",
    "TimeCreated": "2026-06-07T18:53:48.6102030Z",
    "RuleName": "-",
    "UtcTime": "2026-06-07 18:53:48.609",
    "ProcessGuid": "{a33c49c6-be3c-6a25-0546-000000001b00}",
    "ProcessId": "22660",
    "Image": "C:\\Program Files\\Git\\cmd\\git.exe",
    "User": "DESKTOP-8341B96\\ABI"
  },
  {
    "EventID": "5",
    "TimeCreated": "2026-06-07T18:53:48.6066702Z",
    "RuleName": "-",
    "UtcTime": "2026-06-07 18:53:48.596",
    "ProcessGuid": "{a33c49c6-be3c-6a25-0746-000000001b00}",
    "ProcessId": "19504",
    "Image": "C:\\Program Files\\Git\\mingw64\\bin\\git.exe",
    "User": "DESKTOP-8341B96\\ABI"
  },
  {
    "EventID": "13",
    "TimeCreated": "2026-06-07T18:53:48.5439535Z",
    "RuleName": "-",
    "EventType": "SetValue",
    "UtcTime": "2026-06-07 18:53:48.543",
    "ProcessGuid": "{a33c49c6-be3c-6a25-0546-000000001b00}",
    "ProcessId": "22660",
    "Image": "C:\\Program Files\\Git\\cmd\\git.exe",
    "TargetObject": "HKLM\\System\\CurrentControlSet\\Services\\bam\\State\\UserSettings\\S-1-5-21-3961930346-3620050953-1644270016-1001\\\\Device\\HarddiskVolume3\\Windows\\System32\\conhost.exe",
    "Details": "Binary Data",
    "User": "DESKTOP-8341B96\\ABI"
  },
  {
    "EventID": "12",
    "TimeCreated": "2026-06-07T18:53:45.8891712Z",
    "RuleName": "-",
    "EventType": "CreateKey",
    "UtcTime": "2026-06-07 18:53:45.884",
    "ProcessGuid": "{a33c49c6-be38-6a25-0346-000000001b00}",
    "ProcessId": "18316",
    "Image": "C:\\Program Files (x86)\\Google\\GoogleUpdater\\150.0.7863.0\\updater.exe",
    "TargetObject": "HKLM\\System\\CurrentControlSet\\Services\\Tcpip\\Parameters",
    "User": "NT AUTHORITY\\SYSTEM"
  },
  {
    "EventID": "12",
    "TimeCreated": "2026-06-07T18:53:45.8890901Z",
    "RuleName": "-",
    "EventType": "CreateKey",
    "UtcTime": "2026-06-07 18:53:45.884",
    "ProcessGuid": "{a33c49c6-be38-6a25-0346-000000001b00}",
    "ProcessId": "18316",
    "Image": "C:\\Program Files (x86)\\Google\\GoogleUpdater\\150.0.7863.0\\updater.exe",
    "TargetObject": "HKLM\\System\\CurrentControlSet\\Services\\Tcpip\\Parameters",
    "User": "NT AUTHORITY\\SYSTEM"
  },
  {
    "EventID": "12",
    "TimeCreated": "2026-06-07T18:53:45.8890041Z",
    "RuleName": "-",
    "EventType": "CreateKey",
    "UtcTime": "2026-06-07 18:53:45.884",
    "ProcessGuid": "{a33c49c6-be38-6a25-0346-000000001b00}",
    "ProcessId": "18316",
    "Image": "C:\\Program Files (x86)\\Google\\GoogleUpdater\\150.0.7863.0\\updater.exe",
    "TargetObject": "HKLM\\System\\CurrentControlSet\\Services\\Tcpip\\Parameters",
    "User": "NT AUTHORITY\\SYSTEM"
  },
  {
    "EventID": "12",
    "TimeCreated": "2026-06-07T18:53:45.8889294Z",
    "RuleName": "-",
    "EventType": "CreateKey",
    "UtcTime": "2026-06-07 18:53:45.884",
    "ProcessGuid": "{a33c49c6-be38-6a25-0346-000000001b00}",
    "ProcessId": "18316",
    "Image": "C:\\Program Files (x86)\\Google\\GoogleUpdater\\150.0.7863.0\\updater.exe",
    "TargetObject": "HKLM\\System\\CurrentControlSet\\Services\\Tcpip\\Parameters",
    "User": "NT AUTHORITY\\SYSTEM"
  },
  {
    "EventID": "12",
    "TimeCreated": "2026-06-07T18:53:45.8887652Z",
    "RuleName": "-",
    "EventType": "CreateKey",
    "UtcTime": "2026-06-07 18:53:45.884",
    "ProcessGuid": "{a33c49c6-be38-6a25-0346-000000001b00}",
    "ProcessId": "18316",
    "Image": "C:\\Program Files (x86)\\Google\\GoogleUpdater\\150.0.7863.0\\updater.exe",
    "TargetObject": "HKLM\\System\\CurrentControlSet\\Services\\Tcpip\\Parameters",
    "User": "NT AUTHORITY\\SYSTEM"
  },
  {
    "EventID": "12",
    "TimeCreated": "2026-06-07T18:53:45.8887316Z",
    "RuleName": "-",
    "EventType": "CreateKey",
    "UtcTime": "2026-06-07 18:53:45.884",
    "ProcessGuid": "{a33c49c6-be38-6a25-0346-000000001b00}",
    "ProcessId": "18316",
    "Image": "C:\\Program Files (x86)\\Google\\GoogleUpdater\\150.0.7863.0\\updater.exe",
    "TargetObject": "HKLM\\System\\CurrentControlSet\\Services\\Tcpip\\Parameters",
    "User": "NT AUTHORITY\\SYSTEM"
  },
  {
    "EventID": "12",
    "TimeCreated": "2026-06-07T18:53:45.8886804Z",
    "RuleName": "-",
    "EventType": "CreateKey",
    "UtcTime": "2026-06-07 18:53:45.884",
    "ProcessGuid": "{a33c49c6-be38-6a25-0346-000000001b00}",
    "ProcessId": "18316",
    "Image": "C:\\Program Files (x86)\\Google\\GoogleUpdater\\150.0.7863.0\\updater.exe",
    "TargetObject": "HKLM\\System\\CurrentControlSet\\Services\\Tcpip\\Parameters",
    "User": "NT AUTHORITY\\SYSTEM"
  },
  {
    "EventID": "13",
    "TimeCreated": "2026-06-07T18:53:43.0734633Z",
    "RuleName": "-",
    "EventType": "SetValue",
    "UtcTime": "2026-06-07 18:53:43.068",
    "ProcessGuid": "{a33c49c6-be37-6a25-fd45-000000001b00}",
    "ProcessId": "7928",
    "Image": "C:\\Windows\\system32\\conhost.exe",
    "TargetObject": "HKLM\\System\\CurrentControlSet\\Services\\bam\\State\\UserSettings\\S-1-5-21-3961930346-3620050953-1644270016-1001\\\\Device\\HarddiskVolume3\\Windows\\System32\\conhost.exe",
    "Details": "Binary Data",
    "User": "DESKTOP-8341B96\\ABI"
  },
