  {
    "EventID": "12",
    "TimeCreated": "2026-06-07T18:46:03.4605136Z",
    "RuleName": "-",
    "EventType": "CreateKey",
    "UtcTime": "2026-06-07 18:46:03.459",
    "ProcessGuid": "{a33c49c6-30c2-6a20-1d00-000000001b00}",
    "ProcessId": "2252",
    "Image": "C:\\Windows\\system32\\svchost.exe",
    "TargetObject": "HKLM\\System\\CurrentControlSet\\Services\\Tcpip\\Parameters",
    "User": "NT AUTHORITY\\Servicio de red"
  },
  {
    "EventID": "13",
    "TimeCreated": "2026-06-07T18:45:56.7017947Z",
    "RuleName": "-",
    "EventType": "SetValue",
    "UtcTime": "2026-06-07 18:45:56.700",
    "ProcessGuid": "{a33c49c6-bc64-6a25-c145-000000001b00}",
    "ProcessId": "7804",
    "Image": "C:\\Program Files\\PostgreSQL\\17\\bin\\postgres.exe",
    "TargetObject": "HKLM\\System\\CurrentControlSet\\Services\\bam\\State\\UserSettings\\S-1-5-20\\\\Device\\HarddiskVolume3\\Program Files\\PostgreSQL\\17\\bin\\postgres.exe",
    "Details": "Binary Data",
    "User": "NT AUTHORITY\\Servicio de red"
  },
  {
    "EventID": "5",
    "TimeCreated": "2026-06-07T18:45:56.7013102Z",
    "RuleName": "-",
    "UtcTime": "2026-06-07 18:45:56.700",
    "ProcessGuid": "{a33c49c6-bc64-6a25-c145-000000001b00}",
    "ProcessId": "7804",
    "Image": "C:\\Program Files\\PostgreSQL\\17\\bin\\postgres.exe",
    "User": "NT AUTHORITY\\Servicio de red"
  },
  {
    "EventID": "13",
    "TimeCreated": "2026-06-07T18:45:56.6588528Z",
    "RuleName": "-",
    "EventType": "SetValue",
    "UtcTime": "2026-06-07 18:45:56.657",
    "ProcessGuid": "{a33c49c6-30c4-6a20-6d00-000000001b00}",
    "ProcessId": "6248",
    "Image": "C:\\Program Files\\PostgreSQL\\17\\bin\\postgres.exe",
    "TargetObject": "HKLM\\System\\CurrentControlSet\\Services\\bam\\State\\UserSettings\\S-1-5-20\\\\Device\\HarddiskVolume3\\Program Files\\PostgreSQL\\17\\bin\\postgres.exe",
    "Details": "Binary Data",
    "User": "NT AUTHORITY\\Servicio de red"
  },
  {
    "EventID": "5",
    "TimeCreated": "2026-06-07T18:45:49.5019508Z",
    "RuleName": "-",
    "UtcTime": "2026-06-07 18:45:49.499",
    "ProcessGuid": "{a33c49c6-b6f9-6a25-c144-000000001b00}",
    "ProcessId": "17788",
    "Image": "C:\\Windows\\System32\\svchost.exe",
    "User": "NT AUTHORITY\\SYSTEM"
  },
  {
    "EventID": "12",
    "TimeCreated": "2026-06-07T18:45:45.9329908Z",
    "RuleName": "-",
    "EventType": "CreateKey",
    "UtcTime": "2026-06-07 18:45:45.930",
    "ProcessGuid": "{a33c49c6-30c2-6a20-1d00-000000001b00}",
    "ProcessId": "2252",
    "Image": "C:\\Windows\\system32\\svchost.exe",
    "TargetObject": "HKLM\\System\\CurrentControlSet\\Services\\Tcpip\\Parameters",
    "User": "NT AUTHORITY\\Servicio de red"
  },
  {
    "EventID": "13",
    "TimeCreated": "2026-06-07T18:45:36.3359434Z",
    "RuleName": "-",
    "EventType": "SetValue",
    "UtcTime": "2026-06-07 18:45:36.334",
    "ProcessGuid": "{a33c49c6-bc50-6a25-c045-000000001b00}",
    "ProcessId": "4564",
    "Image": "C:\\Program Files\\PostgreSQL\\17\\bin\\postgres.exe",
    "TargetObject": "HKLM\\System\\CurrentControlSet\\Services\\bam\\State\\UserSettings\\S-1-5-20\\\\Device\\HarddiskVolume3\\Program Files\\PostgreSQL\\17\\bin\\postgres.exe",
    "Details": "Binary Data",
    "User": "NT AUTHORITY\\Servicio de red"
  },
  {
    "EventID": "5",
    "TimeCreated": "2026-06-07T18:45:36.3354949Z",
    "RuleName": "-",
    "UtcTime": "2026-06-07 18:45:36.334",
    "ProcessGuid": "{a33c49c6-bc50-6a25-c045-000000001b00}",
    "ProcessId": "4564",
    "Image": "C:\\Program Files\\PostgreSQL\\17\\bin\\postgres.exe",
    "User": "NT AUTHORITY\\Servicio de red"
  },
  {
    "EventID": "13",
    "TimeCreated": "2026-06-07T18:45:36.2941686Z",
    "RuleName": "-",
    "EventType": "SetValue",
    "UtcTime": "2026-06-07 18:45:36.293",
    "ProcessGuid": "{a33c49c6-30c4-6a20-6d00-000000001b00}",
    "ProcessId": "6248",
    "Image": "C:\\Program Files\\PostgreSQL\\17\\bin\\postgres.exe",
    "TargetObject": "HKLM\\System\\CurrentControlSet\\Services\\bam\\State\\UserSettings\\S-1-5-20\\\\Device\\HarddiskVolume3\\Program Files\\PostgreSQL\\17\\bin\\postgres.exe",
    "Details": "Binary Data",
    "User": "NT AUTHORITY\\Servicio de red"
  },
  {
    "EventID": "13",
    "TimeCreated": "2026-06-07T18:45:32.7418186Z",
    "RuleName": "-",
    "EventType": "SetValue",
    "UtcTime": "2026-06-07 18:45:32.739",
    "ProcessGuid": "{a33c49c6-30b8-6a20-eb03-000000000000}",
    "ProcessId": "4",
    "Image": "System",
    "TargetObject": "HKLM\\System\\CurrentControlSet\\Services\\bam\\State\\UserSettings\\S-1-5-21-3961930346-3620050953-1644270016-1001\\SequenceNumber",
    "Details": "DWORD (0x0000028c)",
    "User": "NT AUTHORITY\\SYSTEM"
  },
  {
    "EventID": "13",
    "TimeCreated": "2026-06-07T18:45:32.7417074Z",
    "RuleName": "-",
    "EventType": "SetValue",
    "UtcTime": "2026-06-07 18:45:32.739",
    "ProcessGuid": "{a33c49c6-30b8-6a20-eb03-000000000000}",
    "ProcessId": "4",
    "Image": "System",
    "TargetObject": "HKLM\\System\\CurrentControlSet\\Services\\bam\\State\\UserSettings\\S-1-5-21-3961930346-3620050953-1644270016-1001\\\\Device\\HarddiskVolume3\\Windows\\System32\\DriverStore\\FileRepository\\lenovofnandfunctionkeys.inf_amd64_5e21bf389d23855a\\FnHotkeyUtility.exe",
    "Details": "Binary Data",
    "User": "NT AUTHORITY\\SYSTEM"
  },
  {
    "EventID": "12",
    "TimeCreated": "2026-06-07T18:45:32.7415490Z",
    "RuleName": "-",
    "EventType": "CreateKey",
    "UtcTime": "2026-06-07 18:45:32.739",
    "ProcessGuid": "{a33c49c6-30b8-6a20-eb03-000000000000}",
    "ProcessId": "4",
    "Image": "System",
    "TargetObject": "HKLM\\System\\CurrentControlSet\\Services\\bam\\State\\UserSettings\\S-1-5-21-3961930346-3620050953-1644270016-1001",
    "User": "NT AUTHORITY\\SYSTEM"
  },
  {
    "EventID": "12",
    "TimeCreated": "2026-06-07T18:45:26.2740081Z",
    "RuleName": "-",
    "EventType": "CreateKey",
    "UtcTime": "2026-06-07 18:45:26.272",
    "ProcessGuid": "{a33c49c6-30c2-6a20-1d00-000000001b00}",
    "ProcessId": "2252",
    "Image": "C:\\Windows\\system32\\svchost.exe",
    "TargetObject": "HKLM\\System\\CurrentControlSet\\Services\\Tcpip\\Parameters",
    "User": "NT AUTHORITY\\Servicio de red"
  },
  {
    "EventID": "13",
    "TimeCreated": "2026-06-07T18:45:15.3819309Z",
    "RuleName": "-",
    "EventType": "SetValue",
    "UtcTime": "2026-06-07 18:45:15.380",
    "ProcessGuid": "{a33c49c6-bc3b-6a25-bf45-000000001b00}",
    "ProcessId": "8556",
    "Image": "C:\\Program Files\\PostgreSQL\\17\\bin\\postgres.exe",
    "TargetObject": "HKLM\\System\\CurrentControlSet\\Services\\bam\\State\\UserSettings\\S-1-5-20\\\\Device\\HarddiskVolume3\\Program Files\\PostgreSQL\\17\\bin\\postgres.exe",
    "Details": "Binary Data",
    "User": "NT AUTHORITY\\Servicio de red"
  },
  {
    "EventID": "5",
    "TimeCreated": "2026-06-07T18:45:15.3815641Z",
    "RuleName": "-",
    "UtcTime": "2026-06-07 18:45:15.380",
    "ProcessGuid": "{a33c49c6-bc3b-6a25-bf45-000000001b00}",
    "ProcessId": "8556",
    "Image": "C:\\Program Files\\PostgreSQL\\17\\bin\\postgres.exe",
    "User": "NT AUTHORITY\\Servicio de red"
  },
  {
    "EventID": "13",
    "TimeCreated": "2026-06-07T18:45:15.3453050Z",
    "RuleName": "-",
    "EventType": "SetValue",
    "UtcTime": "2026-06-07 18:45:15.344",
    "ProcessGuid": "{a33c49c6-30c4-6a20-6d00-000000001b00}",
    "ProcessId": "6248",
    "Image": "C:\\Program Files\\PostgreSQL\\17\\bin\\postgres.exe",
    "TargetObject": "HKLM\\System\\CurrentControlSet\\Services\\bam\\State\\UserSettings\\S-1-5-20\\\\Device\\HarddiskVolume3\\Program Files\\PostgreSQL\\17\\bin\\postgres.exe",
    "Details": "Binary Data",
    "User": "NT AUTHORITY\\Servicio de red"
  },
  {
    "EventID": "13",
    "TimeCreated": "2026-06-07T18:44:56.6957666Z",
    "RuleName": "-",
    "EventType": "SetValue",
    "UtcTime": "2026-06-07 18:44:56.693",
    "ProcessGuid": "{a33c49c6-bc28-6a25-be45-000000001b00}",
    "ProcessId": "9736",
    "Image": "C:\\Program Files\\PostgreSQL\\17\\bin\\postgres.exe",
    "TargetObject": "HKLM\\System\\CurrentControlSet\\Services\\bam\\State\\UserSettings\\S-1-5-20\\\\Device\\HarddiskVolume3\\Program Files\\PostgreSQL\\17\\bin\\postgres.exe",
    "Details": "Binary Data",
    "User": "NT AUTHORITY\\Servicio de red"
  },
  {
    "EventID": "5",
    "TimeCreated": "2026-06-07T18:44:56.6953157Z",
    "RuleName": "-",
    "UtcTime": "2026-06-07 18:44:56.693",
    "ProcessGuid": "{a33c49c6-bc28-6a25-be45-000000001b00}",
    "ProcessId": "9736",
    "Image": "C:\\Program Files\\PostgreSQL\\17\\bin\\postgres.exe",
    "User": "NT AUTHORITY\\Servicio de red"
  },
  {
    "EventID": "13",
    "TimeCreated": "2026-06-07T18:44:56.6534025Z",
    "RuleName": "-",
    "EventType": "SetValue",
    "UtcTime": "2026-06-07 18:44:56.651",
    "ProcessGuid": "{a33c49c6-30c4-6a20-6d00-000000001b00}",
    "ProcessId": "6248",
    "Image": "C:\\Program Files\\PostgreSQL\\17\\bin\\postgres.exe",
    "TargetObject": "HKLM\\System\\CurrentControlSet\\Services\\bam\\State\\UserSettings\\S-1-5-20\\\\Device\\HarddiskVolume3\\Program Files\\PostgreSQL\\17\\bin\\postgres.exe",
    "Details": "Binary Data",
    "User": "NT AUTHORITY\\Servicio de red"
  },
  {
    "EventID": "5",
    "TimeCreated": "2026-06-07T18:44:54.3626876Z",
    "RuleName": "-",
    "UtcTime": "2026-06-07 18:44:54.362",
    "ProcessGuid": "{a33c49c6-bb79-6a25-9b45-000000001b00}",
    "ProcessId": "5916",
    "Image": "C:\\Windows\\System32\\SearchProtocolHost.exe",
    "User": "DESKTOP-8341B96\\ABI"
  },
  {
    "EventID": "13",
    "TimeCreated": "2026-06-07T18:44:51.4668271Z",
    "RuleName": "-",
    "EventType": "SetValue",
    "UtcTime": "2026-06-07 18:44:51.465",
    "ProcessGuid": "{a33c49c6-bc23-6a25-bc45-000000001b00}",
    "ProcessId": "11340",
    "Image": "C:\\Windows\\system32\\conhost.exe",
    "TargetObject": "HKLM\\System\\CurrentControlSet\\Services\\bam\\State\\UserSettings\\S-1-5-21-3961930346-3620050953-1644270016-1001\\\\Device\\HarddiskVolume3\\Windows\\System32\\conhost.exe",
    "Details": "Binary Data",
    "User": "DESKTOP-8341B96\\ABI"
  },
  {
    "EventID": "5",
    "TimeCreated": "2026-06-07T18:44:51.4664577Z",
    "RuleName": "-",
    "UtcTime": "2026-06-07 18:44:51.465",
    "ProcessGuid": "{a33c49c6-bc23-6a25-bc45-000000001b00}",
    "ProcessId": "11340",
    "Image": "C:\\Windows\\System32\\conhost.exe",
    "User": "DESKTOP-8341B96\\ABI"
  },
  {
    "EventID": "5",
    "TimeCreated": "2026-06-07T18:44:51.4647376Z",
    "RuleName": "-",
    "UtcTime": "2026-06-07 18:44:51.463",
    "ProcessGuid": "{a33c49c6-bc23-6a25-bb45-000000001b00}",
    "ProcessId": "14556",
    "Image": "C:\\Program Files\\Git\\cmd\\git.exe",
    "User": "DESKTOP-8341B96\\ABI"
  },
  {
    "EventID": "5",
    "TimeCreated": "2026-06-07T18:44:51.4610027Z",
    "RuleName": "-",
    "UtcTime": "2026-06-07 18:44:51.460",
    "ProcessGuid": "{a33c49c6-bc23-6a25-bd45-000000001b00}",
    "ProcessId": "13236",
    "Image": "C:\\Program Files\\Git\\mingw64\\bin\\git.exe",
    "User": "DESKTOP-8341B96\\ABI"
  },
  {
    "EventID": "13",
    "TimeCreated": "2026-06-07T18:44:51.4055897Z",
    "RuleName": "-",
    "EventType": "SetValue",
    "UtcTime": "2026-06-07 18:44:51.403",
    "ProcessGuid": "{a33c49c6-bc23-6a25-bb45-000000001b00}",
    "ProcessId": "14556",
    "Image": "C:\\Program Files\\Git\\cmd\\git.exe",
    "TargetObject": "HKLM\\System\\CurrentControlSet\\Services\\bam\\State\\UserSettings\\S-1-5-21-3961930346-3620050953-1644270016-1001\\\\Device\\HarddiskVolume3\\Windows\\System32\\conhost.exe",
    "Details": "Binary Data",
    "User": "DESKTOP-8341B96\\ABI"
  },
  {
    "EventID": "5",
    "TimeCreated": "2026-06-07T18:44:50.0356580Z",
    "RuleName": "-",
    "UtcTime": "2026-06-07 18:44:50.032",
    "ProcessGuid": "{a33c49c6-bb81-6a25-9c45-000000001b00}",
    "ProcessId": "1740",
    "Image": "C:\\Windows\\System32\\SearchProtocolHost.exe",
    "User": "NT AUTHORITY\\SYSTEM"
  },
  {
    "EventID": "12",
    "TimeCreated": "2026-06-07T18:44:48.7868055Z",
    "RuleName": "-",
    "EventType": "CreateKey",
    "UtcTime": "2026-06-07 18:44:48.786",
    "ProcessGuid": "{a33c49c6-30c2-6a20-1d00-000000001b00}",
    "ProcessId": "2252",
    "Image": "C:\\Windows\\system32\\svchost.exe",
    "TargetObject": "HKLM\\System\\CurrentControlSet\\Services\\Tcpip\\Parameters",
    "User": "NT AUTHORITY\\Servicio de red"
  },
  {
    "EventID": "13",
    "TimeCreated": "2026-06-07T18:44:47.7818197Z",
    "RuleName": "-",
    "EventType": "SetValue",
    "UtcTime": "2026-06-07 18:44:47.780",
    "ProcessGuid": "{a33c49c6-bc1f-6a25-b945-000000001b00}",
    "ProcessId": "13060",
    "Image": "C:\\Windows\\system32\\conhost.exe",
    "TargetObject": "HKLM\\System\\CurrentControlSet\\Services\\bam\\State\\UserSettings\\S-1-5-21-3961930346-3620050953-1644270016-1001\\\\Device\\HarddiskVolume3\\Windows\\System32\\conhost.exe",
    "Details": "Binary Data",
    "User": "DESKTOP-8341B96\\ABI"
  },
  {
    "EventID": "5",
    "TimeCreated": "2026-06-07T18:44:47.7814120Z",
    "RuleName": "-",
    "UtcTime": "2026-06-07 18:44:47.780",
    "ProcessGuid": "{a33c49c6-bc1f-6a25-b945-000000001b00}",
    "ProcessId": "13060",
    "Image": "C:\\Windows\\System32\\conhost.exe",
    "User": "DESKTOP-8341B96\\ABI"
  },
  {
    "EventID": "5",
    "TimeCreated": "2026-06-07T18:44:47.7795511Z",
    "RuleName": "-",
    "UtcTime": "2026-06-07 18:44:47.778",
    "ProcessGuid": "{a33c49c6-bc1f-6a25-b845-000000001b00}",
    "ProcessId": "14820",
    "Image": "C:\\Program Files\\Git\\cmd\\git.exe",
    "User": "DESKTOP-8341B96\\ABI"
  },
  {
    "EventID": "5",
    "TimeCreated": "2026-06-07T18:44:47.7759004Z",
    "RuleName": "-",
    "UtcTime": "2026-06-07 18:44:47.775",
    "ProcessGuid": "{a33c49c6-bc1f-6a25-ba45-000000001b00}",
    "ProcessId": "22952",
    "Image": "C:\\Program Files\\Git\\mingw64\\bin\\git.exe",
    "User": "DESKTOP-8341B96\\ABI"
  },
  {
    "EventID": "13",
    "TimeCreated": "2026-06-07T18:44:47.7191105Z",
    "RuleName": "-",
    "EventType": "SetValue",
    "UtcTime": "2026-06-07 18:44:47.718",
    "ProcessGuid": "{a33c49c6-bc1f-6a25-b845-000000001b00}",
    "ProcessId": "14820",
    "Image": "C:\\Program Files\\Git\\cmd\\git.exe",
    "TargetObject": "HKLM\\System\\CurrentControlSet\\Services\\bam\\State\\UserSettings\\S-1-5-21-3961930346-3620050953-1644270016-1001\\\\Device\\HarddiskVolume3\\Windows\\System32\\conhost.exe",
    "Details": "Binary Data",
    "User": "DESKTOP-8341B96\\ABI"
  },
  {
    "EventID": "5",
    "TimeCreated": "2026-06-07T18:44:44.0087857Z",
    "RuleName": "-",
    "UtcTime": "2026-06-07 18:44:44.007",
    "ProcessGuid": "{a33c49c6-bba0-6a25-a045-000000001b00}",
    "ProcessId": "12924",
    "Image": "C:\\Windows\\System32\\SearchFilterHost.exe",
    "User": "NT AUTHORITY\\SYSTEM"
  },
  {
    "EventID": "13",
    "TimeCreated": "2026-06-07T18:44:37.1754559Z",
    "RuleName": "-",
    "EventType": "SetValue",
    "UtcTime": "2026-06-07 18:44:37.174",
    "ProcessGuid": "{a33c49c6-bc10-6a25-b645-000000001b00}",
    "ProcessId": "13208",
    "Image": "C:\\Windows\\system32\\DllHost.exe",
    "TargetObject": "HKLM\\System\\CurrentControlSet\\Services\\bam\\State\\UserSettings\\S-1-5-21-3961930346-3620050953-1644270016-1001\\\\Device\\HarddiskVolume3\\Windows\\System32\\dllhost.exe",
    "Details": "Binary Data",
    "User": "DESKTOP-8341B96\\ABI"
  },
  {
    "EventID": "5",
    "TimeCreated": "2026-06-07T18:44:37.1749677Z",
    "RuleName": "-",
    "UtcTime": "2026-06-07 18:44:37.174",
    "ProcessGuid": "{a33c49c6-bc10-6a25-b645-000000001b00}",
    "ProcessId": "13208",
    "Image": "C:\\Windows\\System32\\dllhost.exe",
    "User": "DESKTOP-8341B96\\ABI"
  },
  {
    "EventID": "13",
    "TimeCreated": "2026-06-07T18:44:36.3196974Z",
    "RuleName": "-",
    "EventType": "SetValue",
    "UtcTime": "2026-06-07 18:44:36.318",
    "ProcessGuid": "{a33c49c6-bc14-6a25-b745-000000001b00}",
    "ProcessId": "4068",
    "Image": "C:\\Program Files\\PostgreSQL\\17\\bin\\postgres.exe",
    "TargetObject": "HKLM\\System\\CurrentControlSet\\Services\\bam\\State\\UserSettings\\S-1-5-20\\\\Device\\HarddiskVolume3\\Program Files\\PostgreSQL\\17\\bin\\postgres.exe",
    "Details": "Binary Data",
    "User": "NT AUTHORITY\\Servicio de red"
  },
  {
    "EventID": "5",
    "TimeCreated": "2026-06-07T18:44:36.3192905Z",
    "RuleName": "-",
    "UtcTime": "2026-06-07 18:44:36.318",
    "ProcessGuid": "{a33c49c6-bc14-6a25-b745-000000001b00}",
    "ProcessId": "4068",
    "Image": "C:\\Program Files\\PostgreSQL\\17\\bin\\postgres.exe",
    "User": "NT AUTHORITY\\Servicio de red"
  },
  {
    "EventID": "13",
    "TimeCreated": "2026-06-07T18:44:36.2813678Z",
    "RuleName": "-",
    "EventType": "SetValue",
    "UtcTime": "2026-06-07 18:44:36.278",
    "ProcessGuid": "{a33c49c6-30c4-6a20-6d00-000000001b00}",
    "ProcessId": "6248",
    "Image": "C:\\Program Files\\PostgreSQL\\17\\bin\\postgres.exe",
    "TargetObject": "HKLM\\System\\CurrentControlSet\\Services\\bam\\State\\UserSettings\\S-1-5-20\\\\Device\\HarddiskVolume3\\Program Files\\PostgreSQL\\17\\bin\\postgres.exe",
    "Details": "Binary Data",
    "User": "NT AUTHORITY\\Servicio de red"
  },
  {
    "EventID": "12",
    "TimeCreated": "2026-06-07T18:44:33.3862349Z",
    "RuleName": "-",
    "EventType": "CreateKey",
    "UtcTime": "2026-06-07 18:44:33.385",
    "ProcessGuid": "{a33c49c6-30c2-6a20-1d00-000000001b00}",
    "ProcessId": "2252",
    "Image": "C:\\Windows\\system32\\svchost.exe",
    "TargetObject": "HKLM\\System\\CurrentControlSet\\Services\\Tcpip\\Parameters",
    "User": "NT AUTHORITY\\Servicio de red"
  },
  {
    "EventID": "13",
    "TimeCreated": "2026-06-07T18:44:32.1072759Z",
    "RuleName": "-",
    "EventType": "SetValue",
    "UtcTime": "2026-06-07 18:44:32.104",
    "ProcessGuid": "{a33c49c6-30c2-6a20-0f00-000000001b00}",
    "ProcessId": "1764",
    "Image": "C:\\Windows\\system32\\svchost.exe",
    "TargetObject": "HKLM\\System\\CurrentControlSet\\Services\\bam\\State\\UserSettings\\S-1-5-21-3961930346-3620050953-1644270016-1001\\\\Device\\HarddiskVolume3\\Windows\\System32\\dllhost.exe",
    "Details": "Binary Data",
    "User": "NT AUTHORITY\\SYSTEM"
  },
  {
    "EventID": "13",
    "TimeCreated": "2026-06-07T18:44:32.0243693Z",
    "RuleName": "-",
    "EventType": "SetValue",
    "UtcTime": "2026-06-07 18:44:32.023",
    "ProcessGuid": "{a33c49c6-30b8-6a20-eb03-000000000000}",
    "ProcessId": "4",
    "Image": "System",
    "TargetObject": "HKLM\\System\\CurrentControlSet\\Services\\bam\\State\\UserSettings\\S-1-5-21-3961930346-3620050953-1644270016-1001\\SequenceNumber",
    "Details": "DWORD (0x0000028b)",
    "User": "NT AUTHORITY\\SYSTEM"
  },
  {
    "EventID": "13",
    "TimeCreated": "2026-06-07T18:44:32.0243416Z",
    "RuleName": "-",
    "EventType": "SetValue",
    "UtcTime": "2026-06-07 18:44:32.023",
    "ProcessGuid": "{a33c49c6-30b8-6a20-eb03-000000000000}",
    "ProcessId": "4",
    "Image": "System",
    "TargetObject": "HKLM\\System\\CurrentControlSet\\Services\\bam\\State\\UserSettings\\S-1-5-21-3961930346-3620050953-1644270016-1001\\\\Device\\HarddiskVolume3\\Windows\\System32\\DataExchangeHost.exe",
    "Details": "Binary Data",
    "User": "NT AUTHORITY\\SYSTEM"
  },
  {
    "EventID": "12",
    "TimeCreated": "2026-06-07T18:44:32.0242072Z",
    "RuleName": "-",
    "EventType": "CreateKey",
    "UtcTime": "2026-06-07 18:44:32.023",
    "ProcessGuid": "{a33c49c6-30b8-6a20-eb03-000000000000}",
    "ProcessId": "4",
    "Image": "System",
    "TargetObject": "HKLM\\System\\CurrentControlSet\\Services\\bam\\State\\UserSettings\\S-1-5-21-3961930346-3620050953-1644270016-1001",
    "User": "NT AUTHORITY\\SYSTEM"
  },
  {
    "EventID": "13",
    "TimeCreated": "2026-06-07T18:44:31.9270956Z",
    "RuleName": "-",
    "EventType": "SetValue",
    "UtcTime": "2026-06-07 18:44:31.912",
    "ProcessGuid": "{a33c49c6-30b8-6a20-eb03-000000000000}",
    "ProcessId": "4",
    "Image": "System",
    "TargetObject": "HKLM\\System\\CurrentControlSet\\Services\\bam\\State\\UserSettings\\S-1-5-21-3961930346-3620050953-1644270016-1001\\SequenceNumber",
    "Details": "DWORD (0x0000028a)",
    "User": "NT AUTHORITY\\SYSTEM"
  },
  {
    "EventID": "13",
    "TimeCreated": "2026-06-07T18:44:31.9270370Z",
    "RuleName": "-",
    "EventType": "SetValue",
    "UtcTime": "2026-06-07 18:44:31.912",
    "ProcessGuid": "{a33c49c6-30b8-6a20-eb03-000000000000}",
    "ProcessId": "4",
    "Image": "System",
    "TargetObject": "HKLM\\System\\CurrentControlSet\\Services\\bam\\State\\UserSettings\\S-1-5-21-3961930346-3620050953-1644270016-1001\\\\Device\\HarddiskVolume3\\Windows\\System32\\ShellHost.exe",
    "Details": "Binary Data",
    "User": "NT AUTHORITY\\SYSTEM"
  },
  {
    "EventID": "12",
    "TimeCreated": "2026-06-07T18:44:31.9269213Z",
    "RuleName": "-",
    "EventType": "CreateKey",
    "UtcTime": "2026-06-07 18:44:31.912",
    "ProcessGuid": "{a33c49c6-30b8-6a20-eb03-000000000000}",
    "ProcessId": "4",
    "Image": "System",
    "TargetObject": "HKLM\\System\\CurrentControlSet\\Services\\bam\\State\\UserSettings\\S-1-5-21-3961930346-3620050953-1644270016-1001",
    "User": "NT AUTHORITY\\SYSTEM"
  },
  {
    "EventID": "13",
    "TimeCreated": "2026-06-07T18:44:31.6746578Z",
    "RuleName": "-",
    "EventType": "SetValue",
    "UtcTime": "2026-06-07 18:44:31.673",
    "ProcessGuid": "{a33c49c6-30c2-6a20-0f00-000000001b00}",
    "ProcessId": "1764",
    "Image": "C:\\Windows\\system32\\svchost.exe",
    "TargetObject": "HKLM\\System\\CurrentControlSet\\Services\\bam\\State\\UserSettings\\S-1-5-21-3961930346-3620050953-1644270016-1001\\\\Device\\HarddiskVolume3\\Windows\\System32\\DataExchangeHost.exe",
    "Details": "Binary Data",
    "User": "NT AUTHORITY\\SYSTEM"
  },
  {
    "EventID": "13",
    "TimeCreated": "2026-06-07T18:44:31.5501728Z",
    "RuleName": "-",
    "EventType": "SetValue",
    "UtcTime": "2026-06-07 18:44:31.547",
    "ProcessGuid": "{a33c49c6-7680-6a25-e938-000000001b00}",
    "ProcessId": "19684",
    "Image": "C:\\Windows\\Explorer.EXE",
    "TargetObject": "HKLM\\System\\CurrentControlSet\\Services\\bam\\State\\UserSettings\\S-1-5-21-3961930346-3620050953-1644270016-1001\\\\Device\\HarddiskVolume3\\Windows\\System32\\ShellHost.exe",
    "Details": "Binary Data",
    "User": "DESKTOP-8341B96\\ABI"
  },
  {
    "EventID": "13",
    "TimeCreated": "2026-06-07T18:44:16.0818308Z",
    "RuleName": "-",
    "EventType": "SetValue",
    "UtcTime": "2026-06-07 18:44:16.079",
    "ProcessGuid": "{a33c49c6-bc00-6a25-b245-000000001b00}",
    "ProcessId": "18676",
    "Image": "C:\\Windows\\system32\\conhost.exe",
    "TargetObject": "HKLM\\System\\CurrentControlSet\\Services\\bam\\State\\UserSettings\\S-1-5-21-3961930346-3620050953-1644270016-1001\\\\Device\\HarddiskVolume3\\Windows\\System32\\conhost.exe",
    "Details": "Binary Data",
    "User": "DESKTOP-8341B96\\ABI"
  },
  {
    "EventID": "5",
    "TimeCreated": "2026-06-07T18:44:16.0814227Z",
    "RuleName": "-",
    "UtcTime": "2026-06-07 18:44:16.079",
    "ProcessGuid": "{a33c49c6-bc00-6a25-b245-000000001b00}",
    "ProcessId": "18676",
    "Image": "C:\\Windows\\System32\\conhost.exe",
    "User": "DESKTOP-8341B96\\ABI"
  },
  {
    "EventID": "5",
    "TimeCreated": "2026-06-07T18:44:16.0785572Z",
    "RuleName": "-",
    "UtcTime": "2026-06-07 18:44:16.077",
    "ProcessGuid": "{a33c49c6-bbff-6a25-b145-000000001b00}",
    "ProcessId": "19592",
    "Image": "C:\\Program Files\\Git\\cmd\\git.exe",
    "User": "DESKTOP-8341B96\\ABI"
  },
  {
    "EventID": "5",
    "TimeCreated": "2026-06-07T18:44:16.0747267Z",
    "RuleName": "-",
    "UtcTime": "2026-06-07 18:44:16.074",
    "ProcessGuid": "{a33c49c6-bc00-6a25-b345-000000001b00}",
    "ProcessId": "15008",
    "Image": "C:\\Program Files\\Git\\mingw64\\bin\\git.exe",
    "User": "DESKTOP-8341B96\\ABI"
  },
  {
    "EventID": "13",
    "TimeCreated": "2026-06-07T18:44:16.0096935Z",
    "RuleName": "-",
    "EventType": "SetValue",
    "UtcTime": "2026-06-07 18:44:16.009",
    "ProcessGuid": "{a33c49c6-bbff-6a25-b145-000000001b00}",
    "ProcessId": "19592",
    "Image": "C:\\Program Files\\Git\\cmd\\git.exe",
    "TargetObject": "HKLM\\System\\CurrentControlSet\\Services\\bam\\State\\UserSettings\\S-1-5-21-3961930346-3620050953-1644270016-1001\\\\Device\\HarddiskVolume3\\Windows\\System32\\conhost.exe",
    "Details": "Binary Data",
    "User": "DESKTOP-8341B96\\ABI"
  },
  {
    "EventID": "13",
    "TimeCreated": "2026-06-07T18:44:15.3898148Z",
    "RuleName": "-",
    "EventType": "SetValue",
    "UtcTime": "2026-06-07 18:44:15.388",
    "ProcessGuid": "{a33c49c6-bbff-6a25-b045-000000001b00}",
    "ProcessId": "4816",
    "Image": "C:\\Program Files\\PostgreSQL\\17\\bin\\postgres.exe",
    "TargetObject": "HKLM\\System\\CurrentControlSet\\Services\\bam\\State\\UserSettings\\S-1-5-20\\\\Device\\HarddiskVolume3\\Program Files\\PostgreSQL\\17\\bin\\postgres.exe",
    "Details": "Binary Data",
    "User": "NT AUTHORITY\\Servicio de red"
  },
  {
    "EventID": "5",
    "TimeCreated": "2026-06-07T18:44:15.3883831Z",
    "RuleName": "-",
    "UtcTime": "2026-06-07 18:44:15.383",
    "ProcessGuid": "{a33c49c6-bbff-6a25-b045-000000001b00}",
    "ProcessId": "4816",
    "Image": "C:\\Program Files\\PostgreSQL\\17\\bin\\postgres.exe",
    "User": "NT AUTHORITY\\Servicio de red"
  },
  {
    "EventID": "13",
    "TimeCreated": "2026-06-07T18:44:15.3381048Z",
    "RuleName": "-",
    "EventType": "SetValue",
    "UtcTime": "2026-06-07 18:44:15.337",
    "ProcessGuid": "{a33c49c6-30c4-6a20-6d00-000000001b00}",
    "ProcessId": "6248",
    "Image": "C:\\Program Files\\PostgreSQL\\17\\bin\\postgres.exe",
    "TargetObject": "HKLM\\System\\CurrentControlSet\\Services\\bam\\State\\UserSettings\\S-1-5-20\\\\Device\\HarddiskVolume3\\Program Files\\PostgreSQL\\17\\bin\\postgres.exe",
    "Details": "Binary Data",
    "User": "NT AUTHORITY\\Servicio de red"
  },
  {
    "EventID": "12",
    "TimeCreated": "2026-06-07T18:44:12.7606076Z",
    "RuleName": "-",
    "EventType": "CreateKey",
    "UtcTime": "2026-06-07 18:44:12.754",
    "ProcessGuid": "{a33c49c6-30c2-6a20-1d00-000000001b00}",
    "ProcessId": "2252",
    "Image": "C:\\Windows\\system32\\svchost.exe",
    "TargetObject": "HKLM\\System\\CurrentControlSet\\Services\\Tcpip\\Parameters",
    "User": "NT AUTHORITY\\Servicio de red"
  },
  {
    "EventID": "13",
    "TimeCreated": "2026-06-07T18:44:10.2887306Z",
    "RuleName": "-",
    "EventType": "SetValue",
    "UtcTime": "2026-06-07 18:44:10.287",
    "ProcessGuid": "{a33c49c6-bbfa-6a25-ae45-000000001b00}",
    "ProcessId": "21912",
    "Image": "C:\\Windows\\system32\\conhost.exe",
    "TargetObject": "HKLM\\System\\CurrentControlSet\\Services\\bam\\State\\UserSettings\\S-1-5-21-3961930346-3620050953-1644270016-1001\\\\Device\\HarddiskVolume3\\Windows\\System32\\conhost.exe",
    "Details": "Binary Data",
    "User": "DESKTOP-8341B96\\ABI"
  },
  {
    "EventID": "5",
    "TimeCreated": "2026-06-07T18:44:10.2882375Z",
    "RuleName": "-",
    "UtcTime": "2026-06-07 18:44:10.287",
    "ProcessGuid": "{a33c49c6-bbfa-6a25-ae45-000000001b00}",
    "ProcessId": "21912",
    "Image": "C:\\Windows\\System32\\conhost.exe",
    "User": "DESKTOP-8341B96\\ABI"
  },
  {
    "EventID": "5",
    "TimeCreated": "2026-06-07T18:44:10.2860016Z",
    "RuleName": "-",
    "UtcTime": "2026-06-07 18:44:10.285",
    "ProcessGuid": "{a33c49c6-bbfa-6a25-ad45-000000001b00}",
    "ProcessId": "18256",
    "Image": "C:\\Program Files\\Git\\cmd\\git.exe",
    "User": "DESKTOP-8341B96\\ABI"
  },
  {
    "EventID": "5",
    "TimeCreated": "2026-06-07T18:44:10.2823681Z",
    "RuleName": "-",
    "UtcTime": "2026-06-07 18:44:10.281",
    "ProcessGuid": "{a33c49c6-bbfa-6a25-af45-000000001b00}",
    "ProcessId": "19964",
    "Image": "C:\\Program Files\\Git\\mingw64\\bin\\git.exe",
    "User": "DESKTOP-8341B96\\ABI"
  },
  {
    "EventID": "13",
    "TimeCreated": "2026-06-07T18:44:10.2178034Z",
    "RuleName": "-",
    "EventType": "SetValue",
    "UtcTime": "2026-06-07 18:44:10.216",
    "ProcessGuid": "{a33c49c6-bbfa-6a25-ad45-000000001b00}",
    "ProcessId": "18256",
    "Image": "C:\\Program Files\\Git\\cmd\\git.exe",
    "TargetObject": "HKLM\\System\\CurrentControlSet\\Services\\bam\\State\\UserSettings\\S-1-5-21-3961930346-3620050953-1644270016-1001\\\\Device\\HarddiskVolume3\\Windows\\System32\\conhost.exe",
    "Details": "Binary Data",
    "User": "DESKTOP-8341B96\\ABI"
  },
  {
    "EventID": "13",
    "TimeCreated": "2026-06-07T18:44:07.8651620Z",
    "RuleName": "-",
    "EventType": "SetValue",
    "UtcTime": "2026-06-07 18:44:07.864",
    "ProcessGuid": "{a33c49c6-bbf7-6a25-ab45-000000001b00}",
    "ProcessId": "18460",
    "Image": "C:\\Windows\\system32\\conhost.exe",
    "TargetObject": "HKLM\\System\\CurrentControlSet\\Services\\bam\\State\\UserSettings\\S-1-5-21-3961930346-3620050953-1644270016-1001\\\\Device\\HarddiskVolume3\\Windows\\System32\\conhost.exe",
    "Details": "Binary Data",
    "User": "DESKTOP-8341B96\\ABI"
  },
  {
    "EventID": "5",
    "TimeCreated": "2026-06-07T18:44:07.8645874Z",
    "RuleName": "-",
    "UtcTime": "2026-06-07 18:44:07.864",
    "ProcessGuid": "{a33c49c6-bbf7-6a25-ab45-000000001b00}",
    "ProcessId": "18460",
    "Image": "C:\\Windows\\System32\\conhost.exe",
    "User": "DESKTOP-8341B96\\ABI"
  },
  {
    "EventID": "5",
    "TimeCreated": "2026-06-07T18:44:07.8617180Z",
    "RuleName": "-",
    "UtcTime": "2026-06-07 18:44:07.861",
    "ProcessGuid": "{a33c49c6-bbf7-6a25-aa45-000000001b00}",
    "ProcessId": "15524",
    "Image": "C:\\Program Files\\Git\\cmd\\git.exe",
    "User": "DESKTOP-8341B96\\ABI"
  },
  {
    "EventID": "5",
    "TimeCreated": "2026-06-07T18:44:07.8582328Z",
    "RuleName": "-",
    "UtcTime": "2026-06-07 18:44:07.857",
    "ProcessGuid": "{a33c49c6-bbf7-6a25-ac45-000000001b00}",
    "ProcessId": "19680",
    "Image": "C:\\Program Files\\Git\\mingw64\\bin\\git.exe",
    "User": "DESKTOP-8341B96\\ABI"
  },
  {
    "EventID": "13",
    "TimeCreated": "2026-06-07T18:44:07.7946248Z",
    "RuleName": "-",
    "EventType": "SetValue",
    "UtcTime": "2026-06-07 18:44:07.794",
    "ProcessGuid": "{a33c49c6-bbf7-6a25-aa45-000000001b00}",
    "ProcessId": "15524",
    "Image": "C:\\Program Files\\Git\\cmd\\git.exe",
    "TargetObject": "HKLM\\System\\CurrentControlSet\\Services\\bam\\State\\UserSettings\\S-1-5-21-3961930346-3620050953-1644270016-1001\\\\Device\\HarddiskVolume3\\Windows\\System32\\conhost.exe",
    "Details": "Binary Data",
    "User": "DESKTOP-8341B96\\ABI"
  },
  {
    "EventID": "13",
    "TimeCreated": "2026-06-07T18:43:59.8823044Z",
    "RuleName": "-",
    "EventType": "SetValue",
    "UtcTime": "2026-06-07 18:43:59.879",
    "ProcessGuid": "{a33c49c6-bbef-6a25-a945-000000001b00}",
    "ProcessId": "15464",
    "Image": "C:\\Program Files\\WindowsApps\\PythonSoftwareFoundation.Python.3.12_3.12.2800.0_x64__qbz5n2kfra8p0\\python3.12.exe",
    "TargetObject": "HKLM\\System\\CurrentControlSet\\Services\\bam\\State\\UserSettings\\S-1-5-21-3961930346-3620050953-1644270016-1001\\PythonSoftwareFoundation.Python.3.12_qbz5n2kfra8p0",
    "Details": "Binary Data",
    "User": "DESKTOP-8341B96\\ABI"
  },
  {
    "EventID": "5",
    "TimeCreated": "2026-06-07T18:43:59.8818064Z",
    "RuleName": "-",
    "UtcTime": "2026-06-07 18:43:59.879",
    "ProcessGuid": "{a33c49c6-bbef-6a25-a945-000000001b00}",
    "ProcessId": "15464",
    "Image": "C:\\Program Files\\WindowsApps\\PythonSoftwareFoundation.Python.3.12_3.12.2800.0_x64__qbz5n2kfra8p0\\python3.12.exe",
    "User": "DESKTOP-8341B96\\ABI"
  },
  {
    "EventID": "13",
    "TimeCreated": "2026-06-07T18:43:59.7414281Z",
    "RuleName": "-",
    "EventType": "SetValue",
    "UtcTime": "2026-06-07 18:43:59.740",
    "ProcessGuid": "{a33c49c6-b80c-6a25-f244-000000001b00}",
    "ProcessId": "18384",
    "Image": "C:\\Windows\\system32\\cmd.exe",
    "TargetObject": "HKLM\\System\\CurrentControlSet\\Services\\bam\\State\\UserSettings\\S-1-5-21-3961930346-3620050953-1644270016-1001\\PythonSoftwareFoundation.Python.3.12_qbz5n2kfra8p0",
    "Details": "Binary Data",
    "User": "DESKTOP-8341B96\\ABI"
  },
  {
    "EventID": "13",
    "TimeCreated": "2026-06-07T18:43:56.6930180Z",
    "RuleName": "-",
    "EventType": "SetValue",
    "UtcTime": "2026-06-07 18:43:56.691",
    "ProcessGuid": "{a33c49c6-bbec-6a25-a845-000000001b00}",
    "ProcessId": "5952",
    "Image": "C:\\Program Files\\PostgreSQL\\17\\bin\\postgres.exe",
    "TargetObject": "HKLM\\System\\CurrentControlSet\\Services\\bam\\State\\UserSettings\\S-1-5-20\\\\Device\\HarddiskVolume3\\Program Files\\PostgreSQL\\17\\bin\\postgres.exe",
    "Details": "Binary Data",
    "User": "NT AUTHORITY\\Servicio de red"
  },
  {
    "EventID": "5",
    "TimeCreated": "2026-06-07T18:43:56.6925548Z",
    "RuleName": "-",
    "UtcTime": "2026-06-07 18:43:56.691",
    "ProcessGuid": "{a33c49c6-bbec-6a25-a845-000000001b00}",
    "ProcessId": "5952",
    "Image": "C:\\Program Files\\PostgreSQL\\17\\bin\\postgres.exe",
    "User": "NT AUTHORITY\\Servicio de red"
  },
  {
    "EventID": "13",
    "TimeCreated": "2026-06-07T18:43:56.6527469Z",
    "RuleName": "-",
    "EventType": "SetValue",
    "UtcTime": "2026-06-07 18:43:56.650",
    "ProcessGuid": "{a33c49c6-30c4-6a20-6d00-000000001b00}",
    "ProcessId": "6248",
    "Image": "C:\\Program Files\\PostgreSQL\\17\\bin\\postgres.exe",
    "TargetObject": "HKLM\\System\\CurrentControlSet\\Services\\bam\\State\\UserSettings\\S-1-5-20\\\\Device\\HarddiskVolume3\\Program Files\\PostgreSQL\\17\\bin\\postgres.exe",
    "Details": "Binary Data",
    "User": "NT AUTHORITY\\Servicio de red"
  },
  {
    "EventID": "12",
    "TimeCreated": "2026-06-07T18:43:41.9262744Z",
    "RuleName": "-",
    "EventType": "CreateKey",
    "UtcTime": "2026-06-07 18:43:41.925",
    "ProcessGuid": "{a33c49c6-30c2-6a20-1d00-000000001b00}",
    "ProcessId": "2252",
    "Image": "C:\\Windows\\system32\\svchost.exe",
    "TargetObject": "HKLM\\System\\CurrentControlSet\\Services\\Tcpip\\Parameters",
    "User": "NT AUTHORITY\\Servicio de red"
  },
  {
    "EventID": "13",
    "TimeCreated": "2026-06-07T18:43:36.2200881Z",
    "RuleName": "-",
    "EventType": "SetValue",
    "UtcTime": "2026-06-07 18:43:36.219",
    "ProcessGuid": "{a33c49c6-bbd8-6a25-a745-000000001b00}",
    "ProcessId": "20656",
    "Image": "C:\\Program Files\\PostgreSQL\\17\\bin\\postgres.exe",
    "TargetObject": "HKLM\\System\\CurrentControlSet\\Services\\bam\\State\\UserSettings\\S-1-5-20\\\\Device\\HarddiskVolume3\\Program Files\\PostgreSQL\\17\\bin\\postgres.exe",
    "Details": "Binary Data",
    "User": "NT AUTHORITY\\Servicio de red"
  },
  {
    "EventID": "5",
    "TimeCreated": "2026-06-07T18:43:36.2197011Z",
    "RuleName": "-",
    "UtcTime": "2026-06-07 18:43:36.219",
    "ProcessGuid": "{a33c49c6-bbd8-6a25-a745-000000001b00}",
    "ProcessId": "20656",
    "Image": "C:\\Program Files\\PostgreSQL\\17\\bin\\postgres.exe",
    "User": "NT AUTHORITY\\Servicio de red"
  },
  {
    "EventID": "13",
    "TimeCreated": "2026-06-07T18:43:36.1812747Z",
    "RuleName": "-",
    "EventType": "SetValue",
    "UtcTime": "2026-06-07 18:43:36.178",
    "ProcessGuid": "{a33c49c6-30c4-6a20-6d00-000000001b00}",
    "ProcessId": "6248",
    "Image": "C:\\Program Files\\PostgreSQL\\17\\bin\\postgres.exe",
    "TargetObject": "HKLM\\System\\CurrentControlSet\\Services\\bam\\State\\UserSettings\\S-1-5-20\\\\Device\\HarddiskVolume3\\Program Files\\PostgreSQL\\17\\bin\\postgres.exe",
    "Details": "Binary Data",
    "User": "NT AUTHORITY\\Servicio de red"
  },
  {
    "EventID": "13",
    "TimeCreated": "2026-06-07T18:43:34.2142365Z",
    "RuleName": "-",
    "EventType": "SetValue",
    "UtcTime": "2026-06-07 18:43:34.212",
    "ProcessGuid": "{a33c49c6-bbce-6a25-a545-000000001b00}",
    "ProcessId": "12316",
    "Image": "C:\\Windows\\system32\\DllHost.exe",
    "TargetObject": "HKLM\\System\\CurrentControlSet\\Services\\bam\\State\\UserSettings\\S-1-5-21-3961930346-3620050953-1644270016-1001\\AdvancedMicroDevicesInc-2.AMDRadeonSoftware_0a9344xs7nr4m",
    "Details": "Binary Data",
    "User": "DESKTOP-8341B96\\ABI"
  },
  {
    "EventID": "5",
    "TimeCreated": "2026-06-07T18:43:34.2139012Z",
    "RuleName": "-",
    "UtcTime": "2026-06-07 18:43:34.212",
    "ProcessGuid": "{a33c49c6-bbce-6a25-a545-000000001b00}",
    "ProcessId": "12316",
    "Image": "C:\\Windows\\System32\\dllhost.exe",
    "User": "DESKTOP-8341B96\\ABI"
  },
  {
    "EventID": "13",
    "TimeCreated": "2026-06-07T18:43:34.2099714Z",
    "RuleName": "-",
    "EventType": "SetValue",
    "UtcTime": "2026-06-07 18:43:34.209",
    "ProcessGuid": "{a33c49c6-bbce-6a25-a645-000000001b00}",
    "ProcessId": "13756",
    "Image": "C:\\Windows\\system32\\DllHost.exe",
    "TargetObject": "HKLM\\System\\CurrentControlSet\\Services\\bam\\State\\UserSettings\\S-1-5-21-3961930346-3620050953-1644270016-1001\\Microsoft.WindowsTerminal_8wekyb3d8bbwe",
    "Details": "Binary Data",
    "User": "DESKTOP-8341B96\\ABI"
  },
  {
    "EventID": "5",
    "TimeCreated": "2026-06-07T18:43:34.2091235Z",
    "RuleName": "-",
    "UtcTime": "2026-06-07 18:43:34.208",
    "ProcessGuid": "{a33c49c6-bbce-6a25-a645-000000001b00}",
    "ProcessId": "13756",
    "Image": "C:\\Windows\\System32\\dllhost.exe",
    "User": "DESKTOP-8341B96\\ABI"
  },
  {
    "EventID": "13",
    "TimeCreated": "2026-06-07T18:43:26.6296216Z",
    "RuleName": "-",
    "EventType": "SetValue",
    "UtcTime": "2026-06-07 18:43:26.629",
    "ProcessGuid": "{a33c49c6-30c2-6a20-0f00-000000001b00}",
    "ProcessId": "1764",
    "Image": "C:\\Windows\\system32\\svchost.exe",
    "TargetObject": "HKLM\\System\\CurrentControlSet\\Services\\bam\\State\\UserSettings\\S-1-5-21-3961930346-3620050953-1644270016-1001\\Microsoft.WindowsTerminal_8wekyb3d8bbwe",
    "Details": "Binary Data",
    "User": "NT AUTHORITY\\SYSTEM"
  },
  {
    "EventID": "13",
    "TimeCreated": "2026-06-07T18:43:26.4225693Z",
    "RuleName": "-",
    "EventType": "SetValue",
    "UtcTime": "2026-06-07 18:43:26.422",
    "ProcessGuid": "{a33c49c6-30c2-6a20-0f00-000000001b00}",
    "ProcessId": "1764",
    "Image": "C:\\Windows\\system32\\svchost.exe",
    "TargetObject": "HKLM\\System\\CurrentControlSet\\Services\\bam\\State\\UserSettings\\S-1-5-21-3961930346-3620050953-1644270016-1001\\AdvancedMicroDevicesInc-2.AMDRadeonSoftware_0a9344xs7nr4m",
    "Details": "Binary Data",
    "User": "NT AUTHORITY\\SYSTEM"
  },
  {
    "EventID": "13",
    "TimeCreated": "2026-06-07T18:43:15.3809111Z",
    "RuleName": "-",
    "EventType": "SetValue",
    "UtcTime": "2026-06-07 18:43:15.380",
    "ProcessGuid": "{a33c49c6-bbc3-6a25-a445-000000001b00}",
    "ProcessId": "18148",
    "Image": "C:\\Program Files\\PostgreSQL\\17\\bin\\postgres.exe",
    "TargetObject": "HKLM\\System\\CurrentControlSet\\Services\\bam\\State\\UserSettings\\S-1-5-20\\\\Device\\HarddiskVolume3\\Program Files\\PostgreSQL\\17\\bin\\postgres.exe",
    "Details": "Binary Data",
    "User": "NT AUTHORITY\\Servicio de red"
  },
  {
    "EventID": "5",
    "TimeCreated": "2026-06-07T18:43:15.3802291Z",
    "RuleName": "-",
    "UtcTime": "2026-06-07 18:43:15.379",
    "ProcessGuid": "{a33c49c6-bbc3-6a25-a445-000000001b00}",
    "ProcessId": "18148",
    "Image": "C:\\Program Files\\PostgreSQL\\17\\bin\\postgres.exe",
    "User": "NT AUTHORITY\\Servicio de red"
  },
  {
    "EventID": "13",
    "TimeCreated": "2026-06-07T18:43:15.3325890Z",
    "RuleName": "-",
    "EventType": "SetValue",
    "UtcTime": "2026-06-07 18:43:15.332",
    "ProcessGuid": "{a33c49c6-30c4-6a20-6d00-000000001b00}",
    "ProcessId": "6248",
    "Image": "C:\\Program Files\\PostgreSQL\\17\\bin\\postgres.exe",
    "TargetObject": "HKLM\\System\\CurrentControlSet\\Services\\bam\\State\\UserSettings\\S-1-5-20\\\\Device\\HarddiskVolume3\\Program Files\\PostgreSQL\\17\\bin\\postgres.exe",
    "Details": "Binary Data",
    "User": "NT AUTHORITY\\Servicio de red"
  },
  {
    "EventID": "12",
    "TimeCreated": "2026-06-07T18:43:08.5581235Z",
    "RuleName": "-",
    "EventType": "CreateKey",
    "UtcTime": "2026-06-07 18:43:08.550",
    "ProcessGuid": "{a33c49c6-30c3-6a20-4b00-000000001b00}",
    "ProcessId": "4636",
    "Image": "C:\\Windows\\System32\\svchost.exe",
    "TargetObject": "HKLM\\SOFTWARE\\Microsoft\\Windows Performance Toolkit\\v5\\WPRControl\\DiagTrackMiniLogger\\Boot\\SystemRunning",
    "User": "NT AUTHORITY\\SYSTEM"
  },
