  {
    "EventID": "5",
    "TimeCreated": "2026-06-07T18:53:43.0733893Z",
    "RuleName": "-",
    "UtcTime": "2026-06-07 18:53:43.068",
    "ProcessGuid": "{a33c49c6-be37-6a25-fd45-000000001b00}",
    "ProcessId": "7928",
    "Image": "C:\\Windows\\System32\\conhost.exe",
    "User": "DESKTOP-8341B96\\ABI"
  },
  {
    "EventID": "5",
    "TimeCreated": "2026-06-07T18:53:43.0671938Z",
    "RuleName": "-",
    "UtcTime": "2026-06-07 18:53:43.066",
    "ProcessGuid": "{a33c49c6-be36-6a25-fc45-000000001b00}",
    "ProcessId": "240",
    "Image": "C:\\Program Files\\Git\\cmd\\git.exe",
    "User": "DESKTOP-8341B96\\ABI"
  },
  {
    "EventID": "5",
    "TimeCreated": "2026-06-07T18:53:43.0638597Z",
    "RuleName": "-",
    "UtcTime": "2026-06-07 18:53:43.061",
    "ProcessGuid": "{a33c49c6-be37-6a25-fe45-000000001b00}",
    "ProcessId": "2240",
    "Image": "C:\\Program Files\\Git\\mingw64\\bin\\git.exe",
    "User": "DESKTOP-8341B96\\ABI"
  },
  {
    "EventID": "13",
    "TimeCreated": "2026-06-07T18:53:43.0047110Z",
    "RuleName": "-",
    "EventType": "SetValue",
    "UtcTime": "2026-06-07 18:53:43.004",
    "ProcessGuid": "{a33c49c6-be36-6a25-fc45-000000001b00}",
    "ProcessId": "240",
    "Image": "C:\\Program Files\\Git\\cmd\\git.exe",
    "TargetObject": "HKLM\\System\\CurrentControlSet\\Services\\bam\\State\\UserSettings\\S-1-5-21-3961930346-3620050953-1644270016-1001\\\\Device\\HarddiskVolume3\\Windows\\System32\\conhost.exe",
    "Details": "Binary Data",
    "User": "DESKTOP-8341B96\\ABI"
  },
  {
    "EventID": "12",
    "TimeCreated": "2026-06-07T18:53:38.1623278Z",
    "RuleName": "-",
    "EventType": "CreateKey",
    "UtcTime": "2026-06-07 18:53:38.160",
    "ProcessGuid": "{a33c49c6-30c2-6a20-1d00-000000001b00}",
    "ProcessId": "2252",
    "Image": "C:\\Windows\\system32\\svchost.exe",
    "TargetObject": "HKLM\\System\\CurrentControlSet\\Services\\Tcpip\\Parameters",
    "User": "NT AUTHORITY\\Servicio de red"
  },
  {
    "EventID": "13",
    "TimeCreated": "2026-06-07T18:53:36.4968885Z",
    "RuleName": "-",
    "EventType": "SetValue",
    "UtcTime": "2026-06-07 18:53:36.494",
    "ProcessGuid": "{a33c49c6-be30-6a25-fb45-000000001b00}",
    "ProcessId": "9164",
    "Image": "C:\\Program Files\\PostgreSQL\\17\\bin\\postgres.exe",
    "TargetObject": "HKLM\\System\\CurrentControlSet\\Services\\bam\\State\\UserSettings\\S-1-5-20\\\\Device\\HarddiskVolume3\\Program Files\\PostgreSQL\\17\\bin\\postgres.exe",
    "Details": "Binary Data",
    "User": "NT AUTHORITY\\Servicio de red"
  },
  {
    "EventID": "5",
    "TimeCreated": "2026-06-07T18:53:36.4964697Z",
    "RuleName": "-",
    "UtcTime": "2026-06-07 18:53:36.494",
    "ProcessGuid": "{a33c49c6-be30-6a25-fb45-000000001b00}",
    "ProcessId": "9164",
    "Image": "C:\\Program Files\\PostgreSQL\\17\\bin\\postgres.exe",
    "User": "NT AUTHORITY\\Servicio de red"
  },
  {
    "EventID": "13",
    "TimeCreated": "2026-06-07T18:53:36.4590362Z",
    "RuleName": "-",
    "EventType": "SetValue",
    "UtcTime": "2026-06-07 18:53:36.457",
    "ProcessGuid": "{a33c49c6-30c4-6a20-6d00-000000001b00}",
    "ProcessId": "6248",
    "Image": "C:\\Program Files\\PostgreSQL\\17\\bin\\postgres.exe",
    "TargetObject": "HKLM\\System\\CurrentControlSet\\Services\\bam\\State\\UserSettings\\S-1-5-20\\\\Device\\HarddiskVolume3\\Program Files\\PostgreSQL\\17\\bin\\postgres.exe",
    "Details": "Binary Data",
    "User": "NT AUTHORITY\\Servicio de red"
  },
  {
    "EventID": "5",
    "TimeCreated": "2026-06-07T18:53:34.4371399Z",
    "RuleName": "-",
    "UtcTime": "2026-06-07 18:53:34.436",
    "ProcessGuid": "{a33c49c6-ba08-6a25-5b45-000000001b00}",
    "ProcessId": "2152",
    "Image": "C:\\Windows\\System32\\svchost.exe",
    "User": "NT AUTHORITY\\SERVICIO LOCAL"
  },
  {
    "EventID": "13",
    "TimeCreated": "2026-06-07T18:53:26.9572687Z",
    "RuleName": "-",
    "EventType": "SetValue",
    "UtcTime": "2026-06-07 18:53:26.956",
    "ProcessGuid": "{a33c49c6-be26-6a25-f945-000000001b00}",
    "ProcessId": "21224",
    "Image": "C:\\Windows\\system32\\conhost.exe",
    "TargetObject": "HKLM\\System\\CurrentControlSet\\Services\\bam\\State\\UserSettings\\S-1-5-21-3961930346-3620050953-1644270016-1001\\\\Device\\HarddiskVolume3\\Windows\\System32\\conhost.exe",
    "Details": "Binary Data",
    "User": "DESKTOP-8341B96\\ABI"
  },
  {
    "EventID": "5",
    "TimeCreated": "2026-06-07T18:53:26.9567342Z",
    "RuleName": "-",
    "UtcTime": "2026-06-07 18:53:26.956",
    "ProcessGuid": "{a33c49c6-be26-6a25-f945-000000001b00}",
    "ProcessId": "21224",
    "Image": "C:\\Windows\\System32\\conhost.exe",
    "User": "DESKTOP-8341B96\\ABI"
  },
  {
    "EventID": "5",
    "TimeCreated": "2026-06-07T18:53:26.9540859Z",
    "RuleName": "-",
    "UtcTime": "2026-06-07 18:53:26.953",
    "ProcessGuid": "{a33c49c6-be26-6a25-f845-000000001b00}",
    "ProcessId": "16044",
    "Image": "C:\\Program Files\\Git\\cmd\\git.exe",
    "User": "DESKTOP-8341B96\\ABI"
  },
  {
    "EventID": "5",
    "TimeCreated": "2026-06-07T18:53:26.9481767Z",
    "RuleName": "-",
    "UtcTime": "2026-06-07 18:53:26.946",
    "ProcessGuid": "{a33c49c6-be26-6a25-fa45-000000001b00}",
    "ProcessId": "9544",
    "Image": "C:\\Program Files\\Git\\mingw64\\bin\\git.exe",
    "User": "DESKTOP-8341B96\\ABI"
  },
  {
    "EventID": "13",
    "TimeCreated": "2026-06-07T18:53:26.8796381Z",
    "RuleName": "-",
    "EventType": "SetValue",
    "UtcTime": "2026-06-07 18:53:26.878",
    "ProcessGuid": "{a33c49c6-be26-6a25-f845-000000001b00}",
    "ProcessId": "16044",
    "Image": "C:\\Program Files\\Git\\cmd\\git.exe",
    "TargetObject": "HKLM\\System\\CurrentControlSet\\Services\\bam\\State\\UserSettings\\S-1-5-21-3961930346-3620050953-1644270016-1001\\\\Device\\HarddiskVolume3\\Windows\\System32\\conhost.exe",
    "Details": "Binary Data",
    "User": "DESKTOP-8341B96\\ABI"
  },
  {
    "EventID": "13",
    "TimeCreated": "2026-06-07T18:53:15.7425556Z",
    "RuleName": "-",
    "EventType": "SetValue",
    "UtcTime": "2026-06-07 18:53:15.741",
    "ProcessGuid": "{a33c49c6-be1b-6a25-f745-000000001b00}",
    "ProcessId": "21976",
    "Image": "C:\\Program Files\\PostgreSQL\\17\\bin\\postgres.exe",
    "TargetObject": "HKLM\\System\\CurrentControlSet\\Services\\bam\\State\\UserSettings\\S-1-5-20\\\\Device\\HarddiskVolume3\\Program Files\\PostgreSQL\\17\\bin\\postgres.exe",
    "Details": "Binary Data",
    "User": "NT AUTHORITY\\Servicio de red"
  },
  {
    "EventID": "5",
    "TimeCreated": "2026-06-07T18:53:15.7418365Z",
    "RuleName": "-",
    "UtcTime": "2026-06-07 18:53:15.739",
    "ProcessGuid": "{a33c49c6-be1b-6a25-f745-000000001b00}",
    "ProcessId": "21976",
    "Image": "C:\\Program Files\\PostgreSQL\\17\\bin\\postgres.exe",
    "User": "NT AUTHORITY\\Servicio de red"
  },
  {
    "EventID": "13",
    "TimeCreated": "2026-06-07T18:53:15.7001518Z",
    "RuleName": "-",
    "EventType": "SetValue",
    "UtcTime": "2026-06-07 18:53:15.699",
    "ProcessGuid": "{a33c49c6-30c4-6a20-6d00-000000001b00}",
    "ProcessId": "6248",
    "Image": "C:\\Program Files\\PostgreSQL\\17\\bin\\postgres.exe",
    "TargetObject": "HKLM\\System\\CurrentControlSet\\Services\\bam\\State\\UserSettings\\S-1-5-20\\\\Device\\HarddiskVolume3\\Program Files\\PostgreSQL\\17\\bin\\postgres.exe",
    "Details": "Binary Data",
    "User": "NT AUTHORITY\\Servicio de red"
  },
  {
    "EventID": "12",
    "TimeCreated": "2026-06-07T18:53:13.6305350Z",
    "RuleName": "-",
    "EventType": "CreateKey",
    "UtcTime": "2026-06-07 18:53:13.628",
    "ProcessGuid": "{a33c49c6-30c2-6a20-1d00-000000001b00}",
    "ProcessId": "2252",
    "Image": "C:\\Windows\\system32\\svchost.exe",
    "TargetObject": "HKLM\\System\\CurrentControlSet\\Services\\Tcpip\\Parameters",
    "User": "NT AUTHORITY\\Servicio de red"
  },
  {
    "EventID": "13",
    "TimeCreated": "2026-06-07T18:52:56.9556368Z",
    "RuleName": "-",
    "EventType": "SetValue",
    "UtcTime": "2026-06-07 18:52:56.953",
    "ProcessGuid": "{a33c49c6-be08-6a25-f645-000000001b00}",
    "ProcessId": "8448",
    "Image": "C:\\Program Files\\PostgreSQL\\17\\bin\\postgres.exe",
    "TargetObject": "HKLM\\System\\CurrentControlSet\\Services\\bam\\State\\UserSettings\\S-1-5-20\\\\Device\\HarddiskVolume3\\Program Files\\PostgreSQL\\17\\bin\\postgres.exe",
    "Details": "Binary Data",
    "User": "NT AUTHORITY\\Servicio de red"
  },
  {
    "EventID": "5",
    "TimeCreated": "2026-06-07T18:52:56.9552092Z",
    "RuleName": "-",
    "UtcTime": "2026-06-07 18:52:56.953",
    "ProcessGuid": "{a33c49c6-be08-6a25-f645-000000001b00}",
    "ProcessId": "8448",
    "Image": "C:\\Program Files\\PostgreSQL\\17\\bin\\postgres.exe",
    "User": "NT AUTHORITY\\Servicio de red"
  },
  {
    "EventID": "13",
    "TimeCreated": "2026-06-07T18:52:56.9038370Z",
    "RuleName": "-",
    "EventType": "SetValue",
    "UtcTime": "2026-06-07 18:52:56.903",
    "ProcessGuid": "{a33c49c6-30c4-6a20-6d00-000000001b00}",
    "ProcessId": "6248",
    "Image": "C:\\Program Files\\PostgreSQL\\17\\bin\\postgres.exe",
    "TargetObject": "HKLM\\System\\CurrentControlSet\\Services\\bam\\State\\UserSettings\\S-1-5-20\\\\Device\\HarddiskVolume3\\Program Files\\PostgreSQL\\17\\bin\\postgres.exe",
    "Details": "Binary Data",
    "User": "NT AUTHORITY\\Servicio de red"
  },
  {
    "EventID": "12",
    "TimeCreated": "2026-06-07T18:52:41.4774882Z",
    "RuleName": "-",
    "EventType": "CreateKey",
    "UtcTime": "2026-06-07 18:52:41.472",
    "ProcessGuid": "{a33c49c6-30c2-6a20-1d00-000000001b00}",
    "ProcessId": "2252",
    "Image": "C:\\Windows\\system32\\svchost.exe",
    "TargetObject": "HKLM\\System\\CurrentControlSet\\Services\\Tcpip\\Parameters",
    "User": "NT AUTHORITY\\Servicio de red"
  },
  {
    "EventID": "13",
    "TimeCreated": "2026-06-07T18:52:36.4947497Z",
    "RuleName": "-",
    "EventType": "SetValue",
    "UtcTime": "2026-06-07 18:52:36.492",
    "ProcessGuid": "{a33c49c6-bdf4-6a25-f545-000000001b00}",
    "ProcessId": "9052",
    "Image": "C:\\Program Files\\PostgreSQL\\17\\bin\\postgres.exe",
    "TargetObject": "HKLM\\System\\CurrentControlSet\\Services\\bam\\State\\UserSettings\\S-1-5-20\\\\Device\\HarddiskVolume3\\Program Files\\PostgreSQL\\17\\bin\\postgres.exe",
    "Details": "Binary Data",
    "User": "NT AUTHORITY\\Servicio de red"
  },
  {
    "EventID": "5",
    "TimeCreated": "2026-06-07T18:52:36.4925839Z",
    "RuleName": "-",
    "UtcTime": "2026-06-07 18:52:36.490",
    "ProcessGuid": "{a33c49c6-bdf4-6a25-f545-000000001b00}",
    "ProcessId": "9052",
    "Image": "C:\\Program Files\\PostgreSQL\\17\\bin\\postgres.exe",
    "User": "NT AUTHORITY\\Servicio de red"
  },
  {
    "EventID": "13",
    "TimeCreated": "2026-06-07T18:52:36.4471967Z",
    "RuleName": "-",
    "EventType": "SetValue",
    "UtcTime": "2026-06-07 18:52:36.446",
    "ProcessGuid": "{a33c49c6-30c4-6a20-6d00-000000001b00}",
    "ProcessId": "6248",
    "Image": "C:\\Program Files\\PostgreSQL\\17\\bin\\postgres.exe",
    "TargetObject": "HKLM\\System\\CurrentControlSet\\Services\\bam\\State\\UserSettings\\S-1-5-20\\\\Device\\HarddiskVolume3\\Program Files\\PostgreSQL\\17\\bin\\postgres.exe",
    "Details": "Binary Data",
    "User": "NT AUTHORITY\\Servicio de red"
  },
  {
    "EventID": "12",
    "TimeCreated": "2026-06-07T18:52:16.8854712Z",
    "RuleName": "-",
    "EventType": "CreateKey",
    "UtcTime": "2026-06-07 18:52:16.879",
    "ProcessGuid": "{a33c49c6-30c2-6a20-1d00-000000001b00}",
    "ProcessId": "2252",
    "Image": "C:\\Windows\\system32\\svchost.exe",
    "TargetObject": "HKLM\\System\\CurrentControlSet\\Services\\Tcpip\\Parameters",
    "User": "NT AUTHORITY\\Servicio de red"
  },
  {
    "EventID": "13",
    "TimeCreated": "2026-06-07T18:52:15.6371764Z",
    "RuleName": "-",
    "EventType": "SetValue",
    "UtcTime": "2026-06-07 18:52:15.636",
    "ProcessGuid": "{a33c49c6-bddf-6a25-f445-000000001b00}",
    "ProcessId": "15808",
    "Image": "C:\\Program Files\\PostgreSQL\\17\\bin\\postgres.exe",
    "TargetObject": "HKLM\\System\\CurrentControlSet\\Services\\bam\\State\\UserSettings\\S-1-5-20\\\\Device\\HarddiskVolume3\\Program Files\\PostgreSQL\\17\\bin\\postgres.exe",
    "Details": "Binary Data",
    "User": "NT AUTHORITY\\Servicio de red"
  },
  {
    "EventID": "5",
    "TimeCreated": "2026-06-07T18:52:15.6364369Z",
    "RuleName": "-",
    "UtcTime": "2026-06-07 18:52:15.635",
    "ProcessGuid": "{a33c49c6-bddf-6a25-f445-000000001b00}",
    "ProcessId": "15808",
    "Image": "C:\\Program Files\\PostgreSQL\\17\\bin\\postgres.exe",
    "User": "NT AUTHORITY\\Servicio de red"
  },
  {
    "EventID": "13",
    "TimeCreated": "2026-06-07T18:52:15.5944374Z",
    "RuleName": "-",
    "EventType": "SetValue",
    "UtcTime": "2026-06-07 18:52:15.592",
    "ProcessGuid": "{a33c49c6-30c4-6a20-6d00-000000001b00}",
    "ProcessId": "6248",
    "Image": "C:\\Program Files\\PostgreSQL\\17\\bin\\postgres.exe",
    "TargetObject": "HKLM\\System\\CurrentControlSet\\Services\\bam\\State\\UserSettings\\S-1-5-20\\\\Device\\HarddiskVolume3\\Program Files\\PostgreSQL\\17\\bin\\postgres.exe",
    "Details": "Binary Data",
    "User": "NT AUTHORITY\\Servicio de red"
  },
  {
    "EventID": "12",
    "TimeCreated": "2026-06-07T18:52:01.7087478Z",
    "RuleName": "-",
    "EventType": "CreateKey",
    "UtcTime": "2026-06-07 18:52:01.706",
    "ProcessGuid": "{a33c49c6-30c2-6a20-1d00-000000001b00}",
    "ProcessId": "2252",
    "Image": "C:\\Windows\\system32\\svchost.exe",
    "TargetObject": "HKLM\\System\\CurrentControlSet\\Services\\Tcpip\\Parameters",
    "User": "NT AUTHORITY\\Servicio de red"
  },
  {
    "EventID": "13",
    "TimeCreated": "2026-06-07T18:51:56.9517610Z",
    "RuleName": "-",
    "EventType": "SetValue",
    "UtcTime": "2026-06-07 18:51:56.950",
    "ProcessGuid": "{a33c49c6-bdcc-6a25-f245-000000001b00}",
    "ProcessId": "15728",
    "Image": "C:\\Program Files\\PostgreSQL\\17\\bin\\postgres.exe",
    "TargetObject": "HKLM\\System\\CurrentControlSet\\Services\\bam\\State\\UserSettings\\S-1-5-20\\\\Device\\HarddiskVolume3\\Program Files\\PostgreSQL\\17\\bin\\postgres.exe",
    "Details": "Binary Data",
    "User": "NT AUTHORITY\\Servicio de red"
  },
  {
    "EventID": "5",
    "TimeCreated": "2026-06-07T18:51:56.9513399Z",
    "RuleName": "-",
    "UtcTime": "2026-06-07 18:51:56.950",
    "ProcessGuid": "{a33c49c6-bdcc-6a25-f245-000000001b00}",
    "ProcessId": "15728",
    "Image": "C:\\Program Files\\PostgreSQL\\17\\bin\\postgres.exe",
    "User": "NT AUTHORITY\\Servicio de red"
  },
  {
    "EventID": "13",
    "TimeCreated": "2026-06-07T18:51:56.8990022Z",
    "RuleName": "-",
    "EventType": "SetValue",
    "UtcTime": "2026-06-07 18:51:56.897",
    "ProcessGuid": "{a33c49c6-30c4-6a20-6d00-000000001b00}",
    "ProcessId": "6248",
    "Image": "C:\\Program Files\\PostgreSQL\\17\\bin\\postgres.exe",
    "TargetObject": "HKLM\\System\\CurrentControlSet\\Services\\bam\\State\\UserSettings\\S-1-5-20\\\\Device\\HarddiskVolume3\\Program Files\\PostgreSQL\\17\\bin\\postgres.exe",
    "Details": "Binary Data",
    "User": "NT AUTHORITY\\Servicio de red"
  },
  {
    "EventID": "13",
    "TimeCreated": "2026-06-07T18:51:55.0175315Z",
    "RuleName": "-",
    "EventType": "SetValue",
    "UtcTime": "2026-06-07 18:51:55.016",
    "ProcessGuid": "{a33c49c6-30c2-6a20-0e00-000000001b00}",
    "ProcessId": "1640",
    "Image": "C:\\Windows\\system32\\lsass.exe",
    "TargetObject": "HKLM\\System\\CurrentControlSet\\Services\\W32Time\\SecureTimeLimits\\RunTime\\SecureTimeConfidence",
    "Details": "DWORD (0x00000008)",
    "User": "NT AUTHORITY\\SYSTEM"
  },
  {
    "EventID": "13",
    "TimeCreated": "2026-06-07T18:51:55.0174610Z",
    "RuleName": "-",
    "EventType": "SetValue",
    "UtcTime": "2026-06-07 18:51:55.016",
    "ProcessGuid": "{a33c49c6-30c2-6a20-0e00-000000001b00}",
    "ProcessId": "1640",
    "Image": "C:\\Windows\\system32\\lsass.exe",
    "TargetObject": "HKLM\\System\\CurrentControlSet\\Services\\W32Time\\SecureTimeLimits\\RunTime\\SecureTimeTickCount",
    "Details": "QWORD (0x00000000-0x15af41e3)",
    "User": "NT AUTHORITY\\SYSTEM"
  },
  {
    "EventID": "12",
    "TimeCreated": "2026-06-07T18:51:55.0174222Z",
    "RuleName": "-",
    "EventType": "CreateKey",
    "UtcTime": "2026-06-07 18:51:55.016",
    "ProcessGuid": "{a33c49c6-30c2-6a20-0e00-000000001b00}",
    "ProcessId": "1640",
    "Image": "C:\\Windows\\system32\\lsass.exe",
    "TargetObject": "HKLM\\System\\CurrentControlSet\\Services\\W32Time\\SecureTimeLimits\\RunTime",
    "User": "NT AUTHORITY\\SYSTEM"
  },
  {
    "EventID": "13",
    "TimeCreated": "2026-06-07T18:51:55.0173577Z",
    "RuleName": "-",
    "EventType": "SetValue",
    "UtcTime": "2026-06-07 18:51:55.016",
    "ProcessGuid": "{a33c49c6-30c2-6a20-0e00-000000001b00}",
    "ProcessId": "1640",
    "Image": "C:\\Windows\\system32\\lsass.exe",
    "TargetObject": "HKLM\\System\\CurrentControlSet\\Services\\W32Time\\SecureTimeLimits\\SecureTimeLow",
    "Details": "QWORD (0x01dcf6a6-0x5399607e)",
    "User": "NT AUTHORITY\\SYSTEM"
  },
  {
    "EventID": "13",
    "TimeCreated": "2026-06-07T18:51:55.0173217Z",
    "RuleName": "-",
    "EventType": "SetValue",
    "UtcTime": "2026-06-07 18:51:55.016",
    "ProcessGuid": "{a33c49c6-30c2-6a20-0e00-000000001b00}",
    "ProcessId": "1640",
    "Image": "C:\\Windows\\system32\\lsass.exe",
    "TargetObject": "HKLM\\System\\CurrentControlSet\\Services\\W32Time\\SecureTimeLimits\\SecureTimeEstimated",
    "Details": "QWORD (0x01dcf6ae-0xb55dc87e)",
    "User": "NT AUTHORITY\\SYSTEM"
  },
  {
    "EventID": "13",
    "TimeCreated": "2026-06-07T18:51:55.0172745Z",
    "RuleName": "-",
    "EventType": "SetValue",
    "UtcTime": "2026-06-07 18:51:55.016",
    "ProcessGuid": "{a33c49c6-30c2-6a20-0e00-000000001b00}",
    "ProcessId": "1640",
    "Image": "C:\\Windows\\system32\\lsass.exe",
    "TargetObject": "HKLM\\System\\CurrentControlSet\\Services\\W32Time\\SecureTimeLimits\\SecureTimeHigh",
    "Details": "QWORD (0x01dcf6b7-0x1722307e)",
    "User": "NT AUTHORITY\\SYSTEM"
  },
  {
    "EventID": "13",
    "TimeCreated": "2026-06-07T18:51:55.0171673Z",
    "RuleName": "-",
    "EventType": "SetValue",
    "UtcTime": "2026-06-07 18:51:55.016",
    "ProcessGuid": "{a33c49c6-30c2-6a20-0e00-000000001b00}",
    "ProcessId": "1640",
    "Image": "C:\\Windows\\system32\\lsass.exe",
    "TargetObject": "HKLM\\System\\CurrentControlSet\\Services\\W32Time\\SecureTimeLimits\\RunTime\\SecureTimeConfidence",
    "Details": "DWORD (0x00000006)",
    "User": "NT AUTHORITY\\SYSTEM"
  },
  {
    "EventID": "13",
    "TimeCreated": "2026-06-07T18:51:55.0171209Z",
    "RuleName": "-",
    "EventType": "SetValue",
    "UtcTime": "2026-06-07 18:51:55.016",
    "ProcessGuid": "{a33c49c6-30c2-6a20-0e00-000000001b00}",
    "ProcessId": "1640",
    "Image": "C:\\Windows\\system32\\lsass.exe",
    "TargetObject": "HKLM\\System\\CurrentControlSet\\Services\\W32Time\\SecureTimeLimits\\RunTime\\SecureTimeTickCount",
    "Details": "QWORD (0x00000000-0x15af41e3)",
    "User": "NT AUTHORITY\\SYSTEM"
  },
  {
    "EventID": "12",
    "TimeCreated": "2026-06-07T18:51:55.0170900Z",
    "RuleName": "-",
    "EventType": "CreateKey",
    "UtcTime": "2026-06-07 18:51:55.016",
    "ProcessGuid": "{a33c49c6-30c2-6a20-0e00-000000001b00}",
    "ProcessId": "1640",
    "Image": "C:\\Windows\\system32\\lsass.exe",
    "TargetObject": "HKLM\\System\\CurrentControlSet\\Services\\W32Time\\SecureTimeLimits\\RunTime",
    "User": "NT AUTHORITY\\SYSTEM"
  },
  {
    "EventID": "13",
    "TimeCreated": "2026-06-07T18:51:55.0170661Z",
    "RuleName": "-",
    "EventType": "SetValue",
    "UtcTime": "2026-06-07 18:51:55.016",
    "ProcessGuid": "{a33c49c6-30c2-6a20-0e00-000000001b00}",
    "ProcessId": "1640",
    "Image": "C:\\Windows\\system32\\lsass.exe",
    "TargetObject": "HKLM\\System\\CurrentControlSet\\Services\\W32Time\\SecureTimeLimits\\SecureTimeLow",
    "Details": "QWORD (0x01dcf6a6-0x53a636c9)",
    "User": "NT AUTHORITY\\SYSTEM"
  },
  {
    "EventID": "13",
    "TimeCreated": "2026-06-07T18:51:55.0170380Z",
    "RuleName": "-",
    "EventType": "SetValue",
    "UtcTime": "2026-06-07 18:51:55.016",
    "ProcessGuid": "{a33c49c6-30c2-6a20-0e00-000000001b00}",
    "ProcessId": "1640",
    "Image": "C:\\Windows\\system32\\lsass.exe",
    "TargetObject": "HKLM\\System\\CurrentControlSet\\Services\\W32Time\\SecureTimeLimits\\SecureTimeEstimated",
    "Details": "QWORD (0x01dcf6ae-0xb56a9ec9)",
    "User": "NT AUTHORITY\\SYSTEM"
  },
  {
    "EventID": "13",
    "TimeCreated": "2026-06-07T18:51:55.0169444Z",
    "RuleName": "-",
    "EventType": "SetValue",
    "UtcTime": "2026-06-07 18:51:55.016",
    "ProcessGuid": "{a33c49c6-30c2-6a20-0e00-000000001b00}",
    "ProcessId": "1640",
    "Image": "C:\\Windows\\system32\\lsass.exe",
    "TargetObject": "HKLM\\System\\CurrentControlSet\\Services\\W32Time\\SecureTimeLimits\\SecureTimeHigh",
    "Details": "QWORD (0x01dcf6b7-0x172f06c9)",
    "User": "NT AUTHORITY\\SYSTEM"
  },
  {
    "EventID": "5",
    "TimeCreated": "2026-06-07T18:51:46.0845358Z",
    "RuleName": "-",
    "UtcTime": "2026-06-07 18:51:46.083",
    "ProcessGuid": "{a33c49c6-bdc2-6a25-f145-000000001b00}",
    "ProcessId": "23156",
    "Image": "C:\\Program Files (x86)\\Adobe\\Acrobat Reader DC\\Reader\\FullTrustNotifier.exe",
    "User": "DESKTOP-8341B96\\ABI"
  },
  {
    "EventID": "13",
    "TimeCreated": "2026-06-07T18:51:41.4872399Z",
    "RuleName": "-",
    "EventType": "SetValue",
    "UtcTime": "2026-06-07 18:51:41.486",
    "ProcessGuid": "{a33c49c6-30b8-6a20-eb03-000000000000}",
    "ProcessId": "4",
    "Image": "System",
    "TargetObject": "HKLM\\System\\CurrentControlSet\\Services\\bam\\State\\UserSettings\\S-1-5-21-3961930346-3620050953-1644270016-1001\\SequenceNumber",
    "Details": "DWORD (0x0000028f)",
    "User": "NT AUTHORITY\\SYSTEM"
  },
  {
    "EventID": "13",
    "TimeCreated": "2026-06-07T18:51:41.4871864Z",
    "RuleName": "-",
    "EventType": "SetValue",
    "UtcTime": "2026-06-07 18:51:41.486",
    "ProcessGuid": "{a33c49c6-30b8-6a20-eb03-000000000000}",
    "ProcessId": "4",
    "Image": "System",
    "TargetObject": "HKLM\\System\\CurrentControlSet\\Services\\bam\\State\\UserSettings\\S-1-5-21-3961930346-3620050953-1644270016-1001\\MicrosoftWindows.Client.WebExperience_cw5n1h2txyewy",
    "Details": "Binary Data",
    "User": "NT AUTHORITY\\SYSTEM"
  },
  {
    "EventID": "12",
    "TimeCreated": "2026-06-07T18:51:41.4870337Z",
    "RuleName": "-",
    "EventType": "CreateKey",
    "UtcTime": "2026-06-07 18:51:41.485",
    "ProcessGuid": "{a33c49c6-30b8-6a20-eb03-000000000000}",
    "ProcessId": "4",
    "Image": "System",
    "TargetObject": "HKLM\\System\\CurrentControlSet\\Services\\bam\\State\\UserSettings\\S-1-5-21-3961930346-3620050953-1644270016-1001",
    "User": "NT AUTHORITY\\SYSTEM"
  },
  {
    "EventID": "12",
    "TimeCreated": "2026-06-07T18:51:38.8605066Z",
    "RuleName": "-",
    "EventType": "CreateKey",
    "UtcTime": "2026-06-07 18:51:38.859",
    "ProcessGuid": "{a33c49c6-30c2-6a20-1d00-000000001b00}",
    "ProcessId": "2252",
    "Image": "C:\\Windows\\system32\\svchost.exe",
    "TargetObject": "HKLM\\System\\CurrentControlSet\\Services\\Tcpip\\Parameters",
    "User": "NT AUTHORITY\\Servicio de red"
  },
  {
    "EventID": "13",
    "TimeCreated": "2026-06-07T18:51:36.4870639Z",
    "RuleName": "-",
    "EventType": "SetValue",
    "UtcTime": "2026-06-07 18:51:36.483",
    "ProcessGuid": "{a33c49c6-bdb8-6a25-f045-000000001b00}",
    "ProcessId": "5328",
    "Image": "C:\\Program Files\\PostgreSQL\\17\\bin\\postgres.exe",
    "TargetObject": "HKLM\\System\\CurrentControlSet\\Services\\bam\\State\\UserSettings\\S-1-5-20\\\\Device\\HarddiskVolume3\\Program Files\\PostgreSQL\\17\\bin\\postgres.exe",
    "Details": "Binary Data",
    "User": "NT AUTHORITY\\Servicio de red"
  },
  {
    "EventID": "5",
    "TimeCreated": "2026-06-07T18:51:36.4861638Z",
    "RuleName": "-",
    "UtcTime": "2026-06-07 18:51:36.483",
    "ProcessGuid": "{a33c49c6-bdb8-6a25-f045-000000001b00}",
    "ProcessId": "5328",
    "Image": "C:\\Program Files\\PostgreSQL\\17\\bin\\postgres.exe",
    "User": "NT AUTHORITY\\Servicio de red"
  },
  {
    "EventID": "13",
    "TimeCreated": "2026-06-07T18:51:36.4474593Z",
    "RuleName": "-",
    "EventType": "SetValue",
    "UtcTime": "2026-06-07 18:51:36.446",
    "ProcessGuid": "{a33c49c6-30c4-6a20-6d00-000000001b00}",
    "ProcessId": "6248",
    "Image": "C:\\Program Files\\PostgreSQL\\17\\bin\\postgres.exe",
    "TargetObject": "HKLM\\System\\CurrentControlSet\\Services\\bam\\State\\UserSettings\\S-1-5-20\\\\Device\\HarddiskVolume3\\Program Files\\PostgreSQL\\17\\bin\\postgres.exe",
    "Details": "Binary Data",
    "User": "NT AUTHORITY\\Servicio de red"
  },
  {
    "EventID": "13",
    "TimeCreated": "2026-06-07T18:51:15.6544690Z",
    "RuleName": "-",
    "EventType": "SetValue",
    "UtcTime": "2026-06-07 18:51:15.652",
    "ProcessGuid": "{a33c49c6-bda3-6a25-ee45-000000001b00}",
    "ProcessId": "16404",
    "Image": "C:\\Program Files\\PostgreSQL\\17\\bin\\postgres.exe",
    "TargetObject": "HKLM\\System\\CurrentControlSet\\Services\\bam\\State\\UserSettings\\S-1-5-20\\\\Device\\HarddiskVolume3\\Program Files\\PostgreSQL\\17\\bin\\postgres.exe",
    "Details": "Binary Data",
    "User": "NT AUTHORITY\\Servicio de red"
  },
  {
    "EventID": "5",
    "TimeCreated": "2026-06-07T18:51:15.6539871Z",
    "RuleName": "-",
    "UtcTime": "2026-06-07 18:51:15.652",
    "ProcessGuid": "{a33c49c6-bda3-6a25-ee45-000000001b00}",
    "ProcessId": "16404",
    "Image": "C:\\Program Files\\PostgreSQL\\17\\bin\\postgres.exe",
    "User": "NT AUTHORITY\\Servicio de red"
  },
  {
    "EventID": "13",
    "TimeCreated": "2026-06-07T18:51:15.5931587Z",
    "RuleName": "-",
    "EventType": "SetValue",
    "UtcTime": "2026-06-07 18:51:15.592",
    "ProcessGuid": "{a33c49c6-30c4-6a20-6d00-000000001b00}",
    "ProcessId": "6248",
    "Image": "C:\\Program Files\\PostgreSQL\\17\\bin\\postgres.exe",
    "TargetObject": "HKLM\\System\\CurrentControlSet\\Services\\bam\\State\\UserSettings\\S-1-5-20\\\\Device\\HarddiskVolume3\\Program Files\\PostgreSQL\\17\\bin\\postgres.exe",
    "Details": "Binary Data",
    "User": "NT AUTHORITY\\Servicio de red"
  },
  {
    "EventID": "13",
    "TimeCreated": "2026-06-07T18:50:56.9373501Z",
    "RuleName": "-",
    "EventType": "SetValue",
    "UtcTime": "2026-06-07 18:50:56.935",
    "ProcessGuid": "{a33c49c6-bd90-6a25-ed45-000000001b00}",
    "ProcessId": "3432",
    "Image": "C:\\Program Files\\PostgreSQL\\17\\bin\\postgres.exe",
    "TargetObject": "HKLM\\System\\CurrentControlSet\\Services\\bam\\State\\UserSettings\\S-1-5-20\\\\Device\\HarddiskVolume3\\Program Files\\PostgreSQL\\17\\bin\\postgres.exe",
    "Details": "Binary Data",
    "User": "NT AUTHORITY\\Servicio de red"
  },
  {
    "EventID": "5",
    "TimeCreated": "2026-06-07T18:50:56.9369348Z",
    "RuleName": "-",
    "UtcTime": "2026-06-07 18:50:56.935",
    "ProcessGuid": "{a33c49c6-bd90-6a25-ed45-000000001b00}",
    "ProcessId": "3432",
    "Image": "C:\\Program Files\\PostgreSQL\\17\\bin\\postgres.exe",
    "User": "NT AUTHORITY\\Servicio de red"
  },
  {
    "EventID": "13",
    "TimeCreated": "2026-06-07T18:50:56.8962231Z",
    "RuleName": "-",
    "EventType": "SetValue",
    "UtcTime": "2026-06-07 18:50:56.892",
    "ProcessGuid": "{a33c49c6-30c4-6a20-6d00-000000001b00}",
    "ProcessId": "6248",
    "Image": "C:\\Program Files\\PostgreSQL\\17\\bin\\postgres.exe",
    "TargetObject": "HKLM\\System\\CurrentControlSet\\Services\\bam\\State\\UserSettings\\S-1-5-20\\\\Device\\HarddiskVolume3\\Program Files\\PostgreSQL\\17\\bin\\postgres.exe",
    "Details": "Binary Data",
    "User": "NT AUTHORITY\\Servicio de red"
  },
  {
    "EventID": "5",
    "TimeCreated": "2026-06-07T18:50:48.9537033Z",
    "RuleName": "-",
    "UtcTime": "2026-06-07 18:50:48.948",
    "ProcessGuid": "{a33c49c6-bd32-6a25-e445-000000001b00}",
    "ProcessId": "11308",
    "Image": "C:\\Windows\\System32\\SearchProtocolHost.exe",
    "User": "DESKTOP-8341B96\\ABI"
  },
  {
    "EventID": "13",
    "TimeCreated": "2026-06-07T18:50:36.4854229Z",
    "RuleName": "-",
    "EventType": "SetValue",
    "UtcTime": "2026-06-07 18:50:36.484",
    "ProcessGuid": "{a33c49c6-bd7c-6a25-ec45-000000001b00}",
    "ProcessId": "11680",
    "Image": "C:\\Program Files\\PostgreSQL\\17\\bin\\postgres.exe",
    "TargetObject": "HKLM\\System\\CurrentControlSet\\Services\\bam\\State\\UserSettings\\S-1-5-20\\\\Device\\HarddiskVolume3\\Program Files\\PostgreSQL\\17\\bin\\postgres.exe",
    "Details": "Binary Data",
    "User": "NT AUTHORITY\\Servicio de red"
  },
  {
    "EventID": "5",
    "TimeCreated": "2026-06-07T18:50:36.4847210Z",
    "RuleName": "-",
    "UtcTime": "2026-06-07 18:50:36.474",
    "ProcessGuid": "{a33c49c6-bd7c-6a25-ec45-000000001b00}",
    "ProcessId": "11680",
    "Image": "C:\\Program Files\\PostgreSQL\\17\\bin\\postgres.exe",
    "User": "NT AUTHORITY\\Servicio de red"
  },
  {
    "EventID": "13",
    "TimeCreated": "2026-06-07T18:50:36.4463045Z",
    "RuleName": "-",
    "EventType": "SetValue",
    "UtcTime": "2026-06-07 18:50:36.445",
    "ProcessGuid": "{a33c49c6-30c4-6a20-6d00-000000001b00}",
    "ProcessId": "6248",
    "Image": "C:\\Program Files\\PostgreSQL\\17\\bin\\postgres.exe",
    "TargetObject": "HKLM\\System\\CurrentControlSet\\Services\\bam\\State\\UserSettings\\S-1-5-20\\\\Device\\HarddiskVolume3\\Program Files\\PostgreSQL\\17\\bin\\postgres.exe",
    "Details": "Binary Data",
    "User": "NT AUTHORITY\\Servicio de red"
  },
  {
    "EventID": "13",
    "TimeCreated": "2026-06-07T18:50:29.5446399Z",
    "RuleName": "-",
    "EventType": "SetValue",
    "UtcTime": "2026-06-07 18:50:29.544",
    "ProcessGuid": "{a33c49c6-767f-6a25-da38-000000001b00}",
    "ProcessId": "2644",
    "Image": "C:\\Windows\\system32\\AutoModeDetect.exe",
    "TargetObject": "HKLM\\System\\CurrentControlSet\\Services\\LITSSVC\\LNBITS\\IC\\AUTODETECT\\CurrentSetting",
    "Details": "DWORD (0x00000004)",
    "User": "DESKTOP-8341B96\\ABI"
  },
  {
    "EventID": "12",
    "TimeCreated": "2026-06-07T18:50:29.5444447Z",
    "RuleName": "-",
    "EventType": "CreateKey",
    "UtcTime": "2026-06-07 18:50:29.544",
    "ProcessGuid": "{a33c49c6-767f-6a25-da38-000000001b00}",
    "ProcessId": "2644",
    "Image": "C:\\Windows\\system32\\AutoModeDetect.exe",
    "TargetObject": "HKLM\\System\\CurrentControlSet\\Services\\LITSSVC\\LNBITS\\IC\\AUTODETECT",
    "User": "DESKTOP-8341B96\\ABI"
  },
  {
    "EventID": "12",
    "TimeCreated": "2026-06-07T18:50:24.4866015Z",
    "RuleName": "-",
    "EventType": "CreateKey",
    "UtcTime": "2026-06-07 18:50:24.485",
    "ProcessGuid": "{a33c49c6-30c2-6a20-1d00-000000001b00}",
    "ProcessId": "2252",
    "Image": "C:\\Windows\\system32\\svchost.exe",
    "TargetObject": "HKLM\\System\\CurrentControlSet\\Services\\Tcpip\\Parameters",
    "User": "NT AUTHORITY\\Servicio de red"
  },
  {
    "EventID": "13",
    "TimeCreated": "2026-06-07T18:50:15.6310763Z",
    "RuleName": "-",
    "EventType": "SetValue",
    "UtcTime": "2026-06-07 18:50:15.625",
    "ProcessGuid": "{a33c49c6-bd67-6a25-eb45-000000001b00}",
    "ProcessId": "3164",
    "Image": "C:\\Program Files\\PostgreSQL\\17\\bin\\postgres.exe",
    "TargetObject": "HKLM\\System\\CurrentControlSet\\Services\\bam\\State\\UserSettings\\S-1-5-20\\\\Device\\HarddiskVolume3\\Program Files\\PostgreSQL\\17\\bin\\postgres.exe",
    "Details": "Binary Data",
    "User": "NT AUTHORITY\\Servicio de red"
  },
  {
    "EventID": "5",
    "TimeCreated": "2026-06-07T18:50:15.6305597Z",
    "RuleName": "-",
    "UtcTime": "2026-06-07 18:50:15.625",
    "ProcessGuid": "{a33c49c6-bd67-6a25-eb45-000000001b00}",
    "ProcessId": "3164",
    "Image": "C:\\Program Files\\PostgreSQL\\17\\bin\\postgres.exe",
    "User": "NT AUTHORITY\\Servicio de red"
  },
  {
    "EventID": "13",
    "TimeCreated": "2026-06-07T18:50:15.5860836Z",
    "RuleName": "-",
    "EventType": "SetValue",
    "UtcTime": "2026-06-07 18:50:15.584",
    "ProcessGuid": "{a33c49c6-30c4-6a20-6d00-000000001b00}",
    "ProcessId": "6248",
    "Image": "C:\\Program Files\\PostgreSQL\\17\\bin\\postgres.exe",
    "TargetObject": "HKLM\\System\\CurrentControlSet\\Services\\bam\\State\\UserSettings\\S-1-5-20\\\\Device\\HarddiskVolume3\\Program Files\\PostgreSQL\\17\\bin\\postgres.exe",
    "Details": "Binary Data",
    "User": "NT AUTHORITY\\Servicio de red"
  },
  {
    "EventID": "13",
    "TimeCreated": "2026-06-07T18:49:58.3286859Z",
    "RuleName": "-",
    "EventType": "SetValue",
    "UtcTime": "2026-06-07 18:49:58.327",
    "ProcessGuid": "{a33c49c6-bd56-6a25-e945-000000001b00}",
    "ProcessId": "13636",
    "Image": "C:\\Windows\\system32\\conhost.exe",
    "TargetObject": "HKLM\\System\\CurrentControlSet\\Services\\bam\\State\\UserSettings\\S-1-5-21-3961930346-3620050953-1644270016-1001\\\\Device\\HarddiskVolume3\\Windows\\System32\\conhost.exe",
    "Details": "Binary Data",
    "User": "DESKTOP-8341B96\\ABI"
  },
  {
    "EventID": "5",
    "TimeCreated": "2026-06-07T18:49:58.3282372Z",
    "RuleName": "-",
    "UtcTime": "2026-06-07 18:49:58.327",
    "ProcessGuid": "{a33c49c6-bd56-6a25-e945-000000001b00}",
    "ProcessId": "13636",
    "Image": "C:\\Windows\\System32\\conhost.exe",
    "User": "DESKTOP-8341B96\\ABI"
  },
  {
    "EventID": "5",
    "TimeCreated": "2026-06-07T18:49:58.3259093Z",
    "RuleName": "-",
    "UtcTime": "2026-06-07 18:49:58.323",
    "ProcessGuid": "{a33c49c6-bd56-6a25-e845-000000001b00}",
    "ProcessId": "15660",
    "Image": "C:\\Program Files\\Git\\cmd\\git.exe",
    "User": "DESKTOP-8341B96\\ABI"
  },
  {
    "EventID": "5",
    "TimeCreated": "2026-06-07T18:49:58.3211132Z",
    "RuleName": "-",
    "UtcTime": "2026-06-07 18:49:58.319",
    "ProcessGuid": "{a33c49c6-bd56-6a25-ea45-000000001b00}",
    "ProcessId": "13032",
    "Image": "C:\\Program Files\\Git\\mingw64\\bin\\git.exe",
    "User": "DESKTOP-8341B96\\ABI"
  },
  {
    "EventID": "13",
    "TimeCreated": "2026-06-07T18:49:58.2571038Z",
    "RuleName": "-",
    "EventType": "SetValue",
    "UtcTime": "2026-06-07 18:49:58.256",
    "ProcessGuid": "{a33c49c6-bd56-6a25-e845-000000001b00}",
    "ProcessId": "15660",
    "Image": "C:\\Program Files\\Git\\cmd\\git.exe",
    "TargetObject": "HKLM\\System\\CurrentControlSet\\Services\\bam\\State\\UserSettings\\S-1-5-21-3961930346-3620050953-1644270016-1001\\\\Device\\HarddiskVolume3\\Windows\\System32\\conhost.exe",
    "Details": "Binary Data",
    "User": "DESKTOP-8341B96\\ABI"
  },
  {
    "EventID": "13",
    "TimeCreated": "2026-06-07T18:49:56.9785340Z",
    "RuleName": "-",
    "EventType": "SetValue",
    "UtcTime": "2026-06-07 18:49:56.977",
    "ProcessGuid": "{a33c49c6-bd54-6a25-e745-000000001b00}",
    "ProcessId": "9928",
    "Image": "C:\\Program Files\\PostgreSQL\\17\\bin\\postgres.exe",
    "TargetObject": "HKLM\\System\\CurrentControlSet\\Services\\bam\\State\\UserSettings\\S-1-5-20\\\\Device\\HarddiskVolume3\\Program Files\\PostgreSQL\\17\\bin\\postgres.exe",
    "Details": "Binary Data",
    "User": "NT AUTHORITY\\Servicio de red"
  },
  {
    "EventID": "5",
    "TimeCreated": "2026-06-07T18:49:56.9779924Z",
    "RuleName": "-",
    "UtcTime": "2026-06-07 18:49:56.977",
    "ProcessGuid": "{a33c49c6-bd54-6a25-e745-000000001b00}",
    "ProcessId": "9928",
    "Image": "C:\\Program Files\\PostgreSQL\\17\\bin\\postgres.exe",
    "User": "NT AUTHORITY\\Servicio de red"
  },
  {
    "EventID": "13",
    "TimeCreated": "2026-06-07T18:49:56.9050642Z",
    "RuleName": "-",
    "EventType": "SetValue",
    "UtcTime": "2026-06-07 18:49:56.904",
    "ProcessGuid": "{a33c49c6-30c4-6a20-6d00-000000001b00}",
    "ProcessId": "6248",
    "Image": "C:\\Program Files\\PostgreSQL\\17\\bin\\postgres.exe",
    "TargetObject": "HKLM\\System\\CurrentControlSet\\Services\\bam\\State\\UserSettings\\S-1-5-20\\\\Device\\HarddiskVolume3\\Program Files\\PostgreSQL\\17\\bin\\postgres.exe",
    "Details": "Binary Data",
    "User": "NT AUTHORITY\\Servicio de red"
  },
  {
    "EventID": "13",
    "TimeCreated": "2026-06-07T18:49:51.3350600Z",
    "RuleName": "-",
    "EventType": "SetValue",
    "UtcTime": "2026-06-07 18:49:51.334",
    "ProcessGuid": "{a33c49c6-767f-6a25-da38-000000001b00}",
    "ProcessId": "2644",
    "Image": "C:\\Windows\\system32\\AutoModeDetect.exe",
    "TargetObject": "HKLM\\System\\CurrentControlSet\\Services\\LITSSVC\\LNBITS\\IC\\AUTODETECT\\CurrentSetting",
    "Details": "DWORD (0x00000000)",
    "User": "DESKTOP-8341B96\\ABI"
  },
  {
    "EventID": "12",
    "TimeCreated": "2026-06-07T18:49:51.3348914Z",
    "RuleName": "-",
    "EventType": "CreateKey",
    "UtcTime": "2026-06-07 18:49:51.334",
    "ProcessGuid": "{a33c49c6-767f-6a25-da38-000000001b00}",
    "ProcessId": "2644",
    "Image": "C:\\Windows\\system32\\AutoModeDetect.exe",
    "TargetObject": "HKLM\\System\\CurrentControlSet\\Services\\LITSSVC\\LNBITS\\IC\\AUTODETECT",
    "User": "DESKTOP-8341B96\\ABI"
  },
  {
    "EventID": "12",
    "TimeCreated": "2026-06-07T18:49:46.6504371Z",
    "RuleName": "-",
    "EventType": "CreateKey",
    "UtcTime": "2026-06-07 18:49:46.635",
    "ProcessGuid": "{a33c49c6-30c2-6a20-1d00-000000001b00}",
    "ProcessId": "2252",
    "Image": "C:\\Windows\\system32\\svchost.exe",
    "TargetObject": "HKLM\\System\\CurrentControlSet\\Services\\Tcpip\\Parameters",
    "User": "NT AUTHORITY\\Servicio de red"
  },
  {
    "EventID": "12",
    "TimeCreated": "2026-06-07T18:49:46.6494451Z",
    "RuleName": "-",
    "EventType": "CreateKey",
    "UtcTime": "2026-06-07 18:49:46.635",
    "ProcessGuid": "{a33c49c6-bd4a-6a25-e645-000000001b00}",
    "ProcessId": "20224",
    "Image": "C:\\Program Files\\WindowsApps\\PythonSoftwareFoundation.Python.3.12_3.12.2800.0_x64__qbz5n2kfra8p0\\python3.12.exe",
    "TargetObject": "HKLM\\System\\CurrentControlSet\\Services\\Tcpip\\Parameters",
    "User": "DESKTOP-8341B96\\ABI"
  },
  {
    "EventID": "12",
    "TimeCreated": "2026-06-07T18:49:46.6436062Z",
    "RuleName": "-",
    "EventType": "CreateKey",
    "UtcTime": "2026-06-07 18:49:46.635",
    "ProcessGuid": "{a33c49c6-bd4a-6a25-e645-000000001b00}",
    "ProcessId": "20224",
    "Image": "C:\\Program Files\\WindowsApps\\PythonSoftwareFoundation.Python.3.12_3.12.2800.0_x64__qbz5n2kfra8p0\\python3.12.exe",
    "TargetObject": "HKLM\\System\\CurrentControlSet\\Services\\Tcpip\\Parameters",
    "User": "DESKTOP-8341B96\\ABI"
  },
  {
    "EventID": "12",
    "TimeCreated": "2026-06-07T18:49:46.6435701Z",
    "RuleName": "-",
    "EventType": "CreateKey",
    "UtcTime": "2026-06-07 18:49:46.635",
    "ProcessGuid": "{a33c49c6-bd4a-6a25-e645-000000001b00}",
    "ProcessId": "20224",
    "Image": "C:\\Program Files\\WindowsApps\\PythonSoftwareFoundation.Python.3.12_3.12.2800.0_x64__qbz5n2kfra8p0\\python3.12.exe",
    "TargetObject": "HKLM\\System\\CurrentControlSet\\Services\\Tcpip\\Parameters",
    "User": "DESKTOP-8341B96\\ABI"
  },
  {
    "EventID": "12",
    "TimeCreated": "2026-06-07T18:49:46.6431172Z",
    "RuleName": "-",
    "EventType": "CreateKey",
    "UtcTime": "2026-06-07 18:49:46.635",
    "ProcessGuid": "{a33c49c6-bd4a-6a25-e645-000000001b00}",
    "ProcessId": "20224",
    "Image": "C:\\Program Files\\WindowsApps\\PythonSoftwareFoundation.Python.3.12_3.12.2800.0_x64__qbz5n2kfra8p0\\python3.12.exe",
    "TargetObject": "HKLM\\System\\CurrentControlSet\\Services\\Tcpip\\Parameters",
    "User": "DESKTOP-8341B96\\ABI"
  },
  {
    "EventID": "12",
    "TimeCreated": "2026-06-07T18:49:46.6423411Z",
    "RuleName": "-",
    "EventType": "CreateKey",
    "UtcTime": "2026-06-07 18:49:46.635",
    "ProcessGuid": "{a33c49c6-bd4a-6a25-e645-000000001b00}",
    "ProcessId": "20224",
    "Image": "C:\\Program Files\\WindowsApps\\PythonSoftwareFoundation.Python.3.12_3.12.2800.0_x64__qbz5n2kfra8p0\\python3.12.exe",
    "TargetObject": "HKLM\\System\\CurrentControlSet\\Services\\Tcpip\\Parameters",
    "User": "DESKTOP-8341B96\\ABI"
  },
  {
    "EventID": "12",
    "TimeCreated": "2026-06-07T18:49:46.6422244Z",
    "RuleName": "-",
    "EventType": "CreateKey",
    "UtcTime": "2026-06-07 18:49:46.635",
    "ProcessGuid": "{a33c49c6-bd4a-6a25-e645-000000001b00}",
    "ProcessId": "20224",
    "Image": "C:\\Program Files\\WindowsApps\\PythonSoftwareFoundation.Python.3.12_3.12.2800.0_x64__qbz5n2kfra8p0\\python3.12.exe",
    "TargetObject": "HKLM\\System\\CurrentControlSet\\Services\\Tcpip\\Parameters",
    "User": "DESKTOP-8341B96\\ABI"
  },
  {
    "EventID": "12",
    "TimeCreated": "2026-06-07T18:49:46.6420954Z",
    "RuleName": "-",
    "EventType": "CreateKey",
    "UtcTime": "2026-06-07 18:49:46.635",
    "ProcessGuid": "{a33c49c6-bd4a-6a25-e645-000000001b00}",
    "ProcessId": "20224",
    "Image": "C:\\Program Files\\WindowsApps\\PythonSoftwareFoundation.Python.3.12_3.12.2800.0_x64__qbz5n2kfra8p0\\python3.12.exe",
    "TargetObject": "HKLM\\System\\CurrentControlSet\\Services\\Tcpip\\Parameters",
    "User": "DESKTOP-8341B96\\ABI"
  },
  {
    "EventID": "13",
    "TimeCreated": "2026-06-07T18:49:46.3644771Z",
    "RuleName": "-",
    "EventType": "SetValue",
    "UtcTime": "2026-06-07 18:49:46.358",
    "ProcessGuid": "{a33c49c6-8b6e-6a25-913c-000000001b00}",
    "ProcessId": "15796",
    "Image": "C:\\Windows\\system32\\cmd.exe",
    "TargetObject": "HKLM\\System\\CurrentControlSet\\Services\\bam\\State\\UserSettings\\S-1-5-21-3961930346-3620050953-1644270016-1001\\PythonSoftwareFoundation.Python.3.12_qbz5n2kfra8p0",
    "Details": "Binary Data",
    "User": "DESKTOP-8341B96\\ABI"
  },
  {
    "EventID": "13",
    "TimeCreated": "2026-06-07T18:49:42.1028925Z",
    "RuleName": "-",
    "EventType": "SetValue",
    "UtcTime": "2026-06-07 18:49:42.101",
    "ProcessGuid": "{a33c49c6-8b7b-6a25-963c-000000001b00}",
    "ProcessId": "23236",
    "Image": "C:\\Program Files\\WindowsApps\\PythonSoftwareFoundation.Python.3.12_3.12.2800.0_x64__qbz5n2kfra8p0\\python3.12.exe",
    "TargetObject": "HKLM\\System\\CurrentControlSet\\Services\\bam\\State\\UserSettings\\S-1-5-21-3961930346-3620050953-1644270016-1001\\PythonSoftwareFoundation.Python.3.12_qbz5n2kfra8p0",
    "Details": "Binary Data",
    "User": "DESKTOP-8341B96\\ABI"
  },
  {
    "EventID": "5",
    "TimeCreated": "2026-06-07T18:49:42.1023572Z",
    "RuleName": "-",
    "UtcTime": "2026-06-07 18:49:42.101",
    "ProcessGuid": "{a33c49c6-8b7b-6a25-963c-000000001b00}",
    "ProcessId": "23236",
    "Image": "C:\\Program Files\\WindowsApps\\PythonSoftwareFoundation.Python.3.12_3.12.2800.0_x64__qbz5n2kfra8p0\\python3.12.exe",
    "User": "DESKTOP-8341B96\\ABI"
  },
  {
    "EventID": "13",
    "TimeCreated": "2026-06-07T18:49:36.4849816Z",
    "RuleName": "-",
    "EventType": "SetValue",
    "UtcTime": "2026-06-07 18:49:36.484",
    "ProcessGuid": "{a33c49c6-bd40-6a25-e545-000000001b00}",
    "ProcessId": "12860",
    "Image": "C:\\Program Files\\PostgreSQL\\17\\bin\\postgres.exe",
    "TargetObject": "HKLM\\System\\CurrentControlSet\\Services\\bam\\State\\UserSettings\\S-1-5-20\\\\Device\\HarddiskVolume3\\Program Files\\PostgreSQL\\17\\bin\\postgres.exe",
    "Details": "Binary Data",
    "User": "NT AUTHORITY\\Servicio de red"
  },
  {
    "EventID": "5",
    "TimeCreated": "2026-06-07T18:49:36.4839378Z",
    "RuleName": "-",
    "UtcTime": "2026-06-07 18:49:36.481",
    "ProcessGuid": "{a33c49c6-bd40-6a25-e545-000000001b00}",
    "ProcessId": "12860",
    "Image": "C:\\Program Files\\PostgreSQL\\17\\bin\\postgres.exe",
    "User": "NT AUTHORITY\\Servicio de red"
  },
  {
    "EventID": "13",
    "TimeCreated": "2026-06-07T18:49:36.4368424Z",
    "RuleName": "-",
    "EventType": "SetValue",
    "UtcTime": "2026-06-07 18:49:36.436",
    "ProcessGuid": "{a33c49c6-30c4-6a20-6d00-000000001b00}",
    "ProcessId": "6248",
    "Image": "C:\\Program Files\\PostgreSQL\\17\\bin\\postgres.exe",
    "TargetObject": "HKLM\\System\\CurrentControlSet\\Services\\bam\\State\\UserSettings\\S-1-5-20\\\\Device\\HarddiskVolume3\\Program Files\\PostgreSQL\\17\\bin\\postgres.exe",
    "Details": "Binary Data",
    "User": "NT AUTHORITY\\Servicio de red"
  },
  {
    "EventID": "12",
    "TimeCreated": "2026-06-07T18:49:28.9361530Z",
    "RuleName": "-",
    "EventType": "CreateKey",
    "UtcTime": "2026-06-07 18:49:28.935",
    "ProcessGuid": "{a33c49c6-30c2-6a20-1d00-000000001b00}",
    "ProcessId": "2252",
    "Image": "C:\\Windows\\system32\\svchost.exe",
    "TargetObject": "HKLM\\System\\CurrentControlSet\\Services\\Tcpip\\Parameters",
    "User": "NT AUTHORITY\\Servicio de red"
  },
  {
    "EventID": "13",
    "TimeCreated": "2026-06-07T18:49:21.9405952Z",
    "RuleName": "-",
    "EventType": "SetValue",
    "UtcTime": "2026-06-07 18:49:21.938",
    "ProcessGuid": "{a33c49c6-bd31-6a25-e245-000000001b00}",
    "ProcessId": "7456",
    "Image": "C:\\Windows\\system32\\conhost.exe",
    "TargetObject": "HKLM\\System\\CurrentControlSet\\Services\\bam\\State\\UserSettings\\S-1-5-21-3961930346-3620050953-1644270016-1001\\\\Device\\HarddiskVolume3\\Windows\\System32\\conhost.exe",
    "Details": "Binary Data",
    "User": "DESKTOP-8341B96\\ABI"
  },
  {
    "EventID": "5",
    "TimeCreated": "2026-06-07T18:49:21.9399286Z",
    "RuleName": "-",
    "UtcTime": "2026-06-07 18:49:21.938",
    "ProcessGuid": "{a33c49c6-bd31-6a25-e245-000000001b00}",
    "ProcessId": "7456",
    "Image": "C:\\Windows\\System32\\conhost.exe",
    "User": "DESKTOP-8341B96\\ABI"
  },
  {
    "EventID": "5",
    "TimeCreated": "2026-06-07T18:49:21.9354568Z",
    "RuleName": "-",
    "UtcTime": "2026-06-07 18:49:21.932",
    "ProcessGuid": "{a33c49c6-bd31-6a25-e145-000000001b00}",
    "ProcessId": "11096",
    "Image": "C:\\Program Files\\Git\\cmd\\git.exe",
    "User": "DESKTOP-8341B96\\ABI"
  },
  {
    "EventID": "5",
    "TimeCreated": "2026-06-07T18:49:21.9320122Z",
    "RuleName": "-",
    "UtcTime": "2026-06-07 18:49:21.931",
    "ProcessGuid": "{a33c49c6-bd31-6a25-e345-000000001b00}",
    "ProcessId": "5244",
    "Image": "C:\\Program Files\\Git\\mingw64\\bin\\git.exe",
    "User": "DESKTOP-8341B96\\ABI"
  },
  {
    "EventID": "13",
    "TimeCreated": "2026-06-07T18:49:21.8770341Z",
    "RuleName": "-",
    "EventType": "SetValue",
    "UtcTime": "2026-06-07 18:49:21.876",
    "ProcessGuid": "{a33c49c6-bd31-6a25-e145-000000001b00}",
    "ProcessId": "11096",
    "Image": "C:\\Program Files\\Git\\cmd\\git.exe",
    "TargetObject": "HKLM\\System\\CurrentControlSet\\Services\\bam\\State\\UserSettings\\S-1-5-21-3961930346-3620050953-1644270016-1001\\\\Device\\HarddiskVolume3\\Windows\\System32\\conhost.exe",
    "Details": "Binary Data",
    "User": "DESKTOP-8341B96\\ABI"
  },
  {
    "EventID": "13",
    "TimeCreated": "2026-06-07T18:49:15.6222736Z",
    "RuleName": "-",
    "EventType": "SetValue",
    "UtcTime": "2026-06-07 18:49:15.621",
    "ProcessGuid": "{a33c49c6-bd2b-6a25-e045-000000001b00}",
    "ProcessId": "2096",
    "Image": "C:\\Program Files\\PostgreSQL\\17\\bin\\postgres.exe",
    "TargetObject": "HKLM\\System\\CurrentControlSet\\Services\\bam\\State\\UserSettings\\S-1-5-20\\\\Device\\HarddiskVolume3\\Program Files\\PostgreSQL\\17\\bin\\postgres.exe",
    "Details": "Binary Data",
    "User": "NT AUTHORITY\\Servicio de red"
  },
  {
    "EventID": "5",
    "TimeCreated": "2026-06-07T18:49:15.6218057Z",
    "RuleName": "-",
    "UtcTime": "2026-06-07 18:49:15.621",
    "ProcessGuid": "{a33c49c6-bd2b-6a25-e045-000000001b00}",
    "ProcessId": "2096",
    "Image": "C:\\Program Files\\PostgreSQL\\17\\bin\\postgres.exe",
    "User": "NT AUTHORITY\\Servicio de red"
  },
  {
    "EventID": "13",
    "TimeCreated": "2026-06-07T18:49:15.5784462Z",
    "RuleName": "-",
    "EventType": "SetValue",
    "UtcTime": "2026-06-07 18:49:15.578",
    "ProcessGuid": "{a33c49c6-30c4-6a20-6d00-000000001b00}",
    "ProcessId": "6248",
    "Image": "C:\\Program Files\\PostgreSQL\\17\\bin\\postgres.exe",
    "TargetObject": "HKLM\\System\\CurrentControlSet\\Services\\bam\\State\\UserSettings\\S-1-5-20\\\\Device\\HarddiskVolume3\\Program Files\\PostgreSQL\\17\\bin\\postgres.exe",
    "Details": "Binary Data",
    "User": "NT AUTHORITY\\Servicio de red"
  },
