  {
    "EventID": "13",
    "TimeCreated": "2026-06-07T19:12:57.4112419Z",
    "RuleName": "-",
    "EventType": "SetValue",
    "UtcTime": "2026-06-07 19:12:57.407",
    "ProcessGuid": "{a33c49c6-30c4-6a20-6d00-000000001b00}",
    "ProcessId": "6248",
    "Image": "C:\\Program Files\\PostgreSQL\\17\\bin\\postgres.exe",
    "TargetObject": "HKLM\\System\\CurrentControlSet\\Services\\bam\\State\\UserSettings\\S-1-5-20\\\\Device\\HarddiskVolume3\\Program Files\\PostgreSQL\\17\\bin\\postgres.exe",
    "Details": "Binary Data",
    "User": "NT AUTHORITY\\Servicio de red"
  },
  {
    "EventID": "12",
    "TimeCreated": "2026-06-07T19:12:51.0250602Z",
    "RuleName": "-",
    "EventType": "CreateKey",
    "UtcTime": "2026-06-07 19:12:51.023",
    "ProcessGuid": "{a33c49c6-30c2-6a20-1d00-000000001b00}",
    "ProcessId": "2252",
    "Image": "C:\\Windows\\system32\\svchost.exe",
    "TargetObject": "HKLM\\System\\CurrentControlSet\\Services\\Tcpip\\Parameters",
    "User": "NT AUTHORITY\\Servicio de red"
  },
  {
    "EventID": "13",
    "TimeCreated": "2026-06-07T19:12:50.9658663Z",
    "RuleName": "-",
    "EventType": "SetValue",
    "UtcTime": "2026-06-07 19:12:50.965",
    "ProcessGuid": "{a33c49c6-30c3-6a20-2100-000000001b00}",
    "ProcessId": "2420",
    "Image": "C:\\Windows\\system32\\svchost.exe",
    "TargetObject": "HKLM\\System\\CurrentControlSet\\Services\\Tcpip6\\Parameters\\Interfaces\\{d5dc0885-9888-461f-8b16-888cc7d2035c}\\Dhcpv6State",
    "Details": "DWORD (0x00000002)",
    "User": "NT AUTHORITY\\SERVICIO LOCAL"
  },
  {
    "EventID": "12",
    "TimeCreated": "2026-06-07T19:12:50.9658181Z",
    "RuleName": "-",
    "EventType": "CreateKey",
    "UtcTime": "2026-06-07 19:12:50.964",
    "ProcessGuid": "{a33c49c6-30c2-6a20-1d00-000000001b00}",
    "ProcessId": "2252",
    "Image": "C:\\Windows\\system32\\svchost.exe",
    "TargetObject": "HKLM\\System\\CurrentControlSet\\Services\\Tcpip\\Parameters",
    "User": "NT AUTHORITY\\Servicio de red"
  },
  {
    "EventID": "12",
    "TimeCreated": "2026-06-07T19:12:50.9633267Z",
    "RuleName": "-",
    "EventType": "CreateKey",
    "UtcTime": "2026-06-07 19:12:50.962",
    "ProcessGuid": "{a33c49c6-30c2-6a20-1d00-000000001b00}",
    "ProcessId": "2252",
    "Image": "C:\\Windows\\system32\\svchost.exe",
    "TargetObject": "HKLM\\System\\CurrentControlSet\\Services\\Tcpip\\Parameters",
    "User": "NT AUTHORITY\\Servicio de red"
  },
  {
    "EventID": "12",
    "TimeCreated": "2026-06-07T19:12:50.9631834Z",
    "RuleName": "-",
    "EventType": "CreateKey",
    "UtcTime": "2026-06-07 19:12:50.960",
    "ProcessGuid": "{a33c49c6-30c3-6a20-2100-000000001b00}",
    "ProcessId": "2420",
    "Image": "C:\\Windows\\system32\\svchost.exe",
    "TargetObject": "HKLM\\System\\CurrentControlSet\\Services\\NetBT",
    "User": "NT AUTHORITY\\SERVICIO LOCAL"
  },
  {
    "EventID": "12",
    "TimeCreated": "2026-06-07T19:12:50.9631580Z",
    "RuleName": "-",
    "EventType": "CreateKey",
    "UtcTime": "2026-06-07 19:12:50.960",
    "ProcessGuid": "{a33c49c6-30c3-6a20-2100-000000001b00}",
    "ProcessId": "2420",
    "Image": "C:\\Windows\\system32\\svchost.exe",
    "TargetObject": "HKLM\\System\\CurrentControlSet\\Services\\NetBT",
    "User": "NT AUTHORITY\\SERVICIO LOCAL"
  },
  {
    "EventID": "13",
    "TimeCreated": "2026-06-07T19:12:50.9631307Z",
    "RuleName": "-",
    "EventType": "SetValue",
    "UtcTime": "2026-06-07 19:12:50.960",
    "ProcessGuid": "{a33c49c6-30c3-6a20-2100-000000001b00}",
    "ProcessId": "2420",
    "Image": "C:\\Windows\\system32\\svchost.exe",
    "TargetObject": "HKLM\\System\\CurrentControlSet\\Services\\Tcpip\\Parameters\\Interfaces\\{d5dc0885-9888-461f-8b16-888cc7d2035c}\\DhcpNetworkHint",
    "Details": "C4F46554C4543535",
    "User": "NT AUTHORITY\\SERVICIO LOCAL"
  },
  {
    "EventID": "13",
    "TimeCreated": "2026-06-07T19:12:50.9631008Z",
    "RuleName": "-",
    "EventType": "SetValue",
    "UtcTime": "2026-06-07 19:12:50.960",
    "ProcessGuid": "{a33c49c6-30c3-6a20-2100-000000001b00}",
    "ProcessId": "2420",
    "Image": "C:\\Windows\\system32\\svchost.exe",
    "TargetObject": "HKLM\\System\\CurrentControlSet\\Services\\Tcpip\\Parameters\\Interfaces\\{d5dc0885-9888-461f-8b16-888cc7d2035c}\\DhcpConnForceBroadcastFlag",
    "Details": "DWORD (0x00000000)",
    "User": "NT AUTHORITY\\SERVICIO LOCAL"
  },
  {
    "EventID": "13",
    "TimeCreated": "2026-06-07T19:12:50.9630695Z",
    "RuleName": "-",
    "EventType": "SetValue",
    "UtcTime": "2026-06-07 19:12:50.960",
    "ProcessGuid": "{a33c49c6-30c3-6a20-2100-000000001b00}",
    "ProcessId": "2420",
    "Image": "C:\\Windows\\system32\\svchost.exe",
    "TargetObject": "HKLM\\System\\CurrentControlSet\\Services\\Tcpip\\Parameters\\Interfaces\\{d5dc0885-9888-461f-8b16-888cc7d2035c}\\IsServerNapAware",
    "Details": "DWORD (0x00000000)",
    "User": "NT AUTHORITY\\SERVICIO LOCAL"
  },
  {
    "EventID": "13",
    "TimeCreated": "2026-06-07T19:12:50.9630397Z",
    "RuleName": "-",
    "EventType": "SetValue",
    "UtcTime": "2026-06-07 19:12:50.960",
    "ProcessGuid": "{a33c49c6-30c3-6a20-2100-000000001b00}",
    "ProcessId": "2420",
    "Image": "C:\\Windows\\system32\\svchost.exe",
    "TargetObject": "HKLM\\System\\CurrentControlSet\\Services\\Tcpip\\Parameters\\Interfaces\\{d5dc0885-9888-461f-8b16-888cc7d2035c}\\AddressType",
    "Details": "DWORD (0x00000000)",
    "User": "NT AUTHORITY\\SERVICIO LOCAL"
  },
  {
    "EventID": "13",
    "TimeCreated": "2026-06-07T19:12:50.9630102Z",
    "RuleName": "-",
    "EventType": "SetValue",
    "UtcTime": "2026-06-07 19:12:50.960",
    "ProcessGuid": "{a33c49c6-30c3-6a20-2100-000000001b00}",
    "ProcessId": "2420",
    "Image": "C:\\Windows\\system32\\svchost.exe",
    "TargetObject": "HKLM\\System\\CurrentControlSet\\Services\\Tcpip\\Parameters\\Interfaces\\{d5dc0885-9888-461f-8b16-888cc7d2035c}\\LeaseTerminatesTime",
    "Details": "DWORD (0x6a25d0c2)",
    "User": "NT AUTHORITY\\SERVICIO LOCAL"
  },
  {
    "EventID": "13",
    "TimeCreated": "2026-06-07T19:12:50.9629795Z",
    "RuleName": "-",
    "EventType": "SetValue",
    "UtcTime": "2026-06-07 19:12:50.958",
    "ProcessGuid": "{a33c49c6-30c3-6a20-2100-000000001b00}",
    "ProcessId": "2420",
    "Image": "C:\\Windows\\system32\\svchost.exe",
    "TargetObject": "HKLM\\System\\CurrentControlSet\\Services\\Tcpip\\Parameters\\Interfaces\\{d5dc0885-9888-461f-8b16-888cc7d2035c}\\T2",
    "Details": "DWORD (0x6a25cf00)",
    "User": "NT AUTHORITY\\SERVICIO LOCAL"
  },
  {
    "EventID": "13",
    "TimeCreated": "2026-06-07T19:12:50.9629498Z",
    "RuleName": "-",
    "EventType": "SetValue",
    "UtcTime": "2026-06-07 19:12:50.958",
    "ProcessGuid": "{a33c49c6-30c3-6a20-2100-000000001b00}",
    "ProcessId": "2420",
    "Image": "C:\\Windows\\system32\\svchost.exe",
    "TargetObject": "HKLM\\System\\CurrentControlSet\\Services\\Tcpip\\Parameters\\Interfaces\\{d5dc0885-9888-461f-8b16-888cc7d2035c}\\T1",
    "Details": "DWORD (0x6a25c9ba)",
    "User": "NT AUTHORITY\\SERVICIO LOCAL"
  },
  {
    "EventID": "13",
    "TimeCreated": "2026-06-07T19:12:50.9629194Z",
    "RuleName": "-",
    "EventType": "SetValue",
    "UtcTime": "2026-06-07 19:12:50.958",
    "ProcessGuid": "{a33c49c6-30c3-6a20-2100-000000001b00}",
    "ProcessId": "2420",
    "Image": "C:\\Windows\\system32\\svchost.exe",
    "TargetObject": "HKLM\\System\\CurrentControlSet\\Services\\Tcpip\\Parameters\\Interfaces\\{d5dc0885-9888-461f-8b16-888cc7d2035c}\\LeaseObtainedTime",
    "Details": "DWORD (0x6a25c2b2)",
    "User": "NT AUTHORITY\\SERVICIO LOCAL"
  },
  {
    "EventID": "13",
    "TimeCreated": "2026-06-07T19:12:50.9628891Z",
    "RuleName": "-",
    "EventType": "SetValue",
    "UtcTime": "2026-06-07 19:12:50.958",
    "ProcessGuid": "{a33c49c6-30c3-6a20-2100-000000001b00}",
    "ProcessId": "2420",
    "Image": "C:\\Windows\\system32\\svchost.exe",
    "TargetObject": "HKLM\\System\\CurrentControlSet\\Services\\Tcpip\\Parameters\\Interfaces\\{d5dc0885-9888-461f-8b16-888cc7d2035c}\\Lease",
    "Details": "DWORD (0x00000e10)",
    "User": "NT AUTHORITY\\SERVICIO LOCAL"
  },
  {
    "EventID": "13",
    "TimeCreated": "2026-06-07T19:12:50.9628575Z",
    "RuleName": "-",
    "EventType": "SetValue",
    "UtcTime": "2026-06-07 19:12:50.958",
    "ProcessGuid": "{a33c49c6-30c3-6a20-2100-000000001b00}",
    "ProcessId": "2420",
    "Image": "C:\\Windows\\system32\\svchost.exe",
    "TargetObject": "HKLM\\System\\CurrentControlSet\\Services\\Tcpip\\Parameters\\Interfaces\\{d5dc0885-9888-461f-8b16-888cc7d2035c}\\DhcpServer",
    "Details": "192.168.43.1",
    "User": "NT AUTHORITY\\SERVICIO LOCAL"
  },
  {
    "EventID": "13",
    "TimeCreated": "2026-06-07T19:12:50.9628260Z",
    "RuleName": "-",
    "EventType": "SetValue",
    "UtcTime": "2026-06-07 19:12:50.958",
    "ProcessGuid": "{a33c49c6-30c3-6a20-2100-000000001b00}",
    "ProcessId": "2420",
    "Image": "C:\\Windows\\system32\\svchost.exe",
    "TargetObject": "HKLM\\System\\CurrentControlSet\\Services\\Tcpip\\Parameters\\Interfaces\\{d5dc0885-9888-461f-8b16-888cc7d2035c}\\DhcpSubnetMask",
    "Details": "255.255.255.0",
    "User": "NT AUTHORITY\\SERVICIO LOCAL"
  },
  {
    "EventID": "13",
    "TimeCreated": "2026-06-07T19:12:50.9627956Z",
    "RuleName": "-",
    "EventType": "SetValue",
    "UtcTime": "2026-06-07 19:12:50.958",
    "ProcessGuid": "{a33c49c6-30c3-6a20-2100-000000001b00}",
    "ProcessId": "2420",
    "Image": "C:\\Windows\\system32\\svchost.exe",
    "TargetObject": "HKLM\\System\\CurrentControlSet\\Services\\Tcpip\\Parameters\\Interfaces\\{d5dc0885-9888-461f-8b16-888cc7d2035c}\\DhcpIPAddress",
    "Details": "192.168.43.97",
    "User": "NT AUTHORITY\\SERVICIO LOCAL"
  },
  {
    "EventID": "13",
    "TimeCreated": "2026-06-07T19:12:50.9627634Z",
    "RuleName": "-",
    "EventType": "SetValue",
    "UtcTime": "2026-06-07 19:12:50.958",
    "ProcessGuid": "{a33c49c6-30c3-6a20-2100-000000001b00}",
    "ProcessId": "2420",
    "Image": "C:\\Windows\\system32\\svchost.exe",
    "TargetObject": "HKLM\\System\\CurrentControlSet\\Services\\Tcpip\\Parameters\\Interfaces\\{d5dc0885-9888-461f-8b16-888cc7d2035c}\\DhcpInterfaceOptions",
    "Details": "Binary Data",
    "User": "NT AUTHORITY\\SERVICIO LOCAL"
  },
  {
    "EventID": "13",
    "TimeCreated": "2026-06-07T19:12:50.9627297Z",
    "RuleName": "-",
    "EventType": "SetValue",
    "UtcTime": "2026-06-07 19:12:50.952",
    "ProcessGuid": "{a33c49c6-30c3-6a20-2100-000000001b00}",
    "ProcessId": "2420",
    "Image": "C:\\Windows\\system32\\svchost.exe",
    "TargetObject": "HKLM\\System\\CurrentControlSet\\Services\\Tcpip\\Parameters\\Interfaces\\{d5dc0885-9888-461f-8b16-888cc7d2035c}\\DhcpIsMeteredDetected",
    "Details": "DWORD (0x00000001)",
    "User": "NT AUTHORITY\\SERVICIO LOCAL"
  },
  {
    "EventID": "12",
    "TimeCreated": "2026-06-07T19:12:50.9626531Z",
    "RuleName": "-",
    "EventType": "DeleteValue",
    "UtcTime": "2026-06-07 19:12:50.952",
    "ProcessGuid": "{a33c49c6-30c3-6a20-2100-000000001b00}",
    "ProcessId": "2420",
    "Image": "C:\\Windows\\system32\\svchost.exe",
    "TargetObject": "HKLM\\System\\CurrentControlSet\\Services\\Tcpip\\Parameters\\Interfaces\\{d5dc0885-9888-461f-8b16-888cc7d2035c}\\DhcpIsMeteredDetected",
    "User": "NT AUTHORITY\\SERVICIO LOCAL"
  },
  {
    "EventID": "13",
    "TimeCreated": "2026-06-07T19:12:50.9516639Z",
    "RuleName": "-",
    "EventType": "SetValue",
    "UtcTime": "2026-06-07 19:12:50.949",
    "ProcessGuid": "{a33c49c6-30c3-6a20-2100-000000001b00}",
    "ProcessId": "2420",
    "Image": "C:\\Windows\\system32\\svchost.exe",
    "TargetObject": "HKLM\\System\\CurrentControlSet\\Services\\Tcpip6\\Parameters\\Interfaces\\{d5dc0885-9888-461f-8b16-888cc7d2035c}\\Dhcpv6State",
    "Details": "DWORD (0x00000000)",
    "User": "NT AUTHORITY\\SERVICIO LOCAL"
  },
  {
    "EventID": "12",
    "TimeCreated": "2026-06-07T19:12:50.9499621Z",
    "RuleName": "-",
    "EventType": "CreateKey",
    "UtcTime": "2026-06-07 19:12:50.947",
    "ProcessGuid": "{a33c49c6-30c2-6a20-1d00-000000001b00}",
    "ProcessId": "2252",
    "Image": "C:\\Windows\\system32\\svchost.exe",
    "TargetObject": "HKLM\\System\\CurrentControlSet\\Services\\Tcpip\\Parameters",
    "User": "NT AUTHORITY\\Servicio de red"
  },
  {
    "EventID": "12",
    "TimeCreated": "2026-06-07T19:12:50.9485055Z",
    "RuleName": "-",
    "EventType": "CreateKey",
    "UtcTime": "2026-06-07 19:12:50.947",
    "ProcessGuid": "{a33c49c6-30cd-6a20-ed00-000000001b00}",
    "ProcessId": "13480",
    "Image": "C:\\Windows\\system32\\SecurityHealthService.exe",
    "TargetObject": "HKLM\\System\\CurrentControlSet\\Services\\SharedAccess\\Epoch",
    "User": "NT AUTHORITY\\SYSTEM"
  },
  {
    "EventID": "12",
    "TimeCreated": "2026-06-07T19:12:50.9484633Z",
    "RuleName": "-",
    "EventType": "CreateKey",
    "UtcTime": "2026-06-07 19:12:50.946",
    "ProcessGuid": "{a33c49c6-d4f8-6a20-7f05-000000001b00}",
    "ProcessId": "3056",
    "Image": "C:\\Windows\\system32\\svchost.exe",
    "TargetObject": "HKLM\\System\\CurrentControlSet\\Services\\SharedAccess\\Epoch",
    "User": "NT AUTHORITY\\SERVICIO LOCAL"
  },
  {
    "EventID": "12",
    "TimeCreated": "2026-06-07T19:12:50.9475981Z",
    "RuleName": "-",
    "EventType": "CreateKey",
    "UtcTime": "2026-06-07 19:12:50.946",
    "ProcessGuid": "{a33c49c6-313f-6a20-6a01-000000001b00}",
    "ProcessId": "11452",
    "Image": "C:\\Windows\\System32\\svchost.exe",
    "TargetObject": "HKLM\\System\\CurrentControlSet\\Services\\SharedAccess\\Epoch",
    "User": "NT AUTHORITY\\SERVICIO LOCAL"
  },
  {
    "EventID": "13",
    "TimeCreated": "2026-06-07T19:12:50.9473101Z",
    "RuleName": "-",
    "EventType": "SetValue",
    "UtcTime": "2026-06-07 19:12:50.946",
    "ProcessGuid": "{a33c49c6-30c3-6a20-4600-000000001b00}",
    "ProcessId": "4228",
    "Image": "C:\\Windows\\system32\\svchost.exe",
    "TargetObject": "HKLM\\System\\CurrentControlSet\\Services\\SharedAccess\\Epoch\\Epoch",
    "Details": "DWORD (0x00000960)",
    "User": "NT AUTHORITY\\SERVICIO LOCAL"
  },
  {
    "EventID": "12",
    "TimeCreated": "2026-06-07T19:12:50.9430493Z",
    "RuleName": "-",
    "EventType": "CreateKey",
    "UtcTime": "2026-06-07 19:12:50.942",
    "ProcessGuid": "{a33c49c6-30c2-6a20-1d00-000000001b00}",
    "ProcessId": "2252",
    "Image": "C:\\Windows\\system32\\svchost.exe",
    "TargetObject": "HKLM\\System\\CurrentControlSet\\Services\\Tcpip\\Parameters",
    "User": "NT AUTHORITY\\Servicio de red"
  },
  {
    "EventID": "12",
    "TimeCreated": "2026-06-07T19:12:50.9420572Z",
    "RuleName": "-",
    "EventType": "CreateKey",
    "UtcTime": "2026-06-07 19:12:50.936",
    "ProcessGuid": "{a33c49c6-30c2-6a20-1d00-000000001b00}",
    "ProcessId": "2252",
    "Image": "C:\\Windows\\system32\\svchost.exe",
    "TargetObject": "HKLM\\System\\CurrentControlSet\\Services\\Tcpip\\Parameters",
    "User": "NT AUTHORITY\\Servicio de red"
  },
  {
    "EventID": "12",
    "TimeCreated": "2026-06-07T19:12:50.9295853Z",
    "RuleName": "-",
    "EventType": "CreateKey",
    "UtcTime": "2026-06-07 19:12:50.928",
    "ProcessGuid": "{a33c49c6-30c3-6a20-2100-000000001b00}",
    "ProcessId": "2420",
    "Image": "C:\\Windows\\system32\\svchost.exe",
    "TargetObject": "HKLM\\System\\CurrentControlSet\\Services\\Tcpip\\Parameters\\Interfaces\\{d5dc0885-9888-461f-8b16-888cc7d2035c}",
    "User": "NT AUTHORITY\\SERVICIO LOCAL"
  },
  {
    "EventID": "12",
    "TimeCreated": "2026-06-07T19:12:50.9295319Z",
    "RuleName": "-",
    "EventType": "CreateKey",
    "UtcTime": "2026-06-07 19:12:50.928",
    "ProcessGuid": "{a33c49c6-30c2-6a20-1d00-000000001b00}",
    "ProcessId": "2252",
    "Image": "C:\\Windows\\system32\\svchost.exe",
    "TargetObject": "HKLM\\System\\CurrentControlSet\\Services\\Tcpip\\Parameters",
    "User": "NT AUTHORITY\\Servicio de red"
  },
  {
    "EventID": "12",
    "TimeCreated": "2026-06-07T19:12:50.9287484Z",
    "RuleName": "-",
    "EventType": "CreateKey",
    "UtcTime": "2026-06-07 19:12:50.928",
    "ProcessGuid": "{a33c49c6-30c2-6a20-1d00-000000001b00}",
    "ProcessId": "2252",
    "Image": "C:\\Windows\\system32\\svchost.exe",
    "TargetObject": "HKLM\\System\\CurrentControlSet\\Services\\Tcpip\\Parameters",
    "User": "NT AUTHORITY\\Servicio de red"
  },
  {
    "EventID": "5",
    "TimeCreated": "2026-06-07T19:12:49.4832335Z",
    "RuleName": "-",
    "UtcTime": "2026-06-07 19:12:49.481",
    "ProcessGuid": "{a33c49c6-c059-6a25-6846-000000001b00}",
    "ProcessId": "19260",
    "Image": "C:\\Windows\\System32\\svchost.exe",
    "User": "NT AUTHORITY\\SYSTEM"
  },
  {
    "EventID": "13",
    "TimeCreated": "2026-06-07T19:12:36.8592199Z",
    "RuleName": "-",
    "EventType": "SetValue",
    "UtcTime": "2026-06-07 19:12:36.853",
    "ProcessGuid": "{a33c49c6-c2a4-6a25-b646-000000001b00}",
    "ProcessId": "14380",
    "Image": "C:\\Program Files\\PostgreSQL\\17\\bin\\postgres.exe",
    "TargetObject": "HKLM\\System\\CurrentControlSet\\Services\\bam\\State\\UserSettings\\S-1-5-20\\\\Device\\HarddiskVolume3\\Program Files\\PostgreSQL\\17\\bin\\postgres.exe",
    "Details": "Binary Data",
    "User": "NT AUTHORITY\\Servicio de red"
  },
  {
    "EventID": "5",
    "TimeCreated": "2026-06-07T19:12:36.8588091Z",
    "RuleName": "-",
    "UtcTime": "2026-06-07 19:12:36.853",
    "ProcessGuid": "{a33c49c6-c2a4-6a25-b646-000000001b00}",
    "ProcessId": "14380",
    "Image": "C:\\Program Files\\PostgreSQL\\17\\bin\\postgres.exe",
    "User": "NT AUTHORITY\\Servicio de red"
  },
  {
    "EventID": "13",
    "TimeCreated": "2026-06-07T19:12:36.8181586Z",
    "RuleName": "-",
    "EventType": "SetValue",
    "UtcTime": "2026-06-07 19:12:36.816",
    "ProcessGuid": "{a33c49c6-30c4-6a20-6d00-000000001b00}",
    "ProcessId": "6248",
    "Image": "C:\\Program Files\\PostgreSQL\\17\\bin\\postgres.exe",
    "TargetObject": "HKLM\\System\\CurrentControlSet\\Services\\bam\\State\\UserSettings\\S-1-5-20\\\\Device\\HarddiskVolume3\\Program Files\\PostgreSQL\\17\\bin\\postgres.exe",
    "Details": "Binary Data",
    "User": "NT AUTHORITY\\Servicio de red"
  },
  {
    "EventID": "12",
    "TimeCreated": "2026-06-07T19:12:18.8850912Z",
    "RuleName": "-",
    "EventType": "CreateKey",
    "UtcTime": "2026-06-07 19:12:18.883",
    "ProcessGuid": "{a33c49c6-30c2-6a20-1d00-000000001b00}",
    "ProcessId": "2252",
    "Image": "C:\\Windows\\system32\\svchost.exe",
    "TargetObject": "HKLM\\System\\CurrentControlSet\\Services\\Tcpip\\Parameters",
    "User": "NT AUTHORITY\\Servicio de red"
  },
  {
    "EventID": "13",
    "TimeCreated": "2026-06-07T19:12:16.1480799Z",
    "RuleName": "-",
    "EventType": "SetValue",
    "UtcTime": "2026-06-07 19:12:16.147",
    "ProcessGuid": "{a33c49c6-c290-6a25-b546-000000001b00}",
    "ProcessId": "20228",
    "Image": "C:\\Program Files\\PostgreSQL\\17\\bin\\postgres.exe",
    "TargetObject": "HKLM\\System\\CurrentControlSet\\Services\\bam\\State\\UserSettings\\S-1-5-20\\\\Device\\HarddiskVolume3\\Program Files\\PostgreSQL\\17\\bin\\postgres.exe",
    "Details": "Binary Data",
    "User": "NT AUTHORITY\\Servicio de red"
  },
  {
    "EventID": "5",
    "TimeCreated": "2026-06-07T19:12:16.1474281Z",
    "RuleName": "-",
    "UtcTime": "2026-06-07 19:12:16.141",
    "ProcessGuid": "{a33c49c6-c290-6a25-b546-000000001b00}",
    "ProcessId": "20228",
    "Image": "C:\\Program Files\\PostgreSQL\\17\\bin\\postgres.exe",
    "User": "NT AUTHORITY\\Servicio de red"
  },
  {
    "EventID": "13",
    "TimeCreated": "2026-06-07T19:12:16.1040969Z",
    "RuleName": "-",
    "EventType": "SetValue",
    "UtcTime": "2026-06-07 19:12:16.103",
    "ProcessGuid": "{a33c49c6-30c4-6a20-6d00-000000001b00}",
    "ProcessId": "6248",
    "Image": "C:\\Program Files\\PostgreSQL\\17\\bin\\postgres.exe",
    "TargetObject": "HKLM\\System\\CurrentControlSet\\Services\\bam\\State\\UserSettings\\S-1-5-20\\\\Device\\HarddiskVolume3\\Program Files\\PostgreSQL\\17\\bin\\postgres.exe",
    "Details": "Binary Data",
    "User": "NT AUTHORITY\\Servicio de red"
  },
  {
    "EventID": "13",
    "TimeCreated": "2026-06-07T19:11:57.3385357Z",
    "RuleName": "-",
    "EventType": "SetValue",
    "UtcTime": "2026-06-07 19:11:57.330",
    "ProcessGuid": "{a33c49c6-c27d-6a25-b446-000000001b00}",
    "ProcessId": "19752",
    "Image": "C:\\Program Files\\PostgreSQL\\17\\bin\\postgres.exe",
    "TargetObject": "HKLM\\System\\CurrentControlSet\\Services\\bam\\State\\UserSettings\\S-1-5-20\\\\Device\\HarddiskVolume3\\Program Files\\PostgreSQL\\17\\bin\\postgres.exe",
    "Details": "Binary Data",
    "User": "NT AUTHORITY\\Servicio de red"
  },
  {
    "EventID": "5",
    "TimeCreated": "2026-06-07T19:11:57.3381715Z",
    "RuleName": "-",
    "UtcTime": "2026-06-07 19:11:57.330",
    "ProcessGuid": "{a33c49c6-c27d-6a25-b446-000000001b00}",
    "ProcessId": "19752",
    "Image": "C:\\Program Files\\PostgreSQL\\17\\bin\\postgres.exe",
    "User": "NT AUTHORITY\\Servicio de red"
  },
  {
    "EventID": "13",
    "TimeCreated": "2026-06-07T19:11:57.3011725Z",
    "RuleName": "-",
    "EventType": "SetValue",
    "UtcTime": "2026-06-07 19:11:57.300",
    "ProcessGuid": "{a33c49c6-30c4-6a20-6d00-000000001b00}",
    "ProcessId": "6248",
    "Image": "C:\\Program Files\\PostgreSQL\\17\\bin\\postgres.exe",
    "TargetObject": "HKLM\\System\\CurrentControlSet\\Services\\bam\\State\\UserSettings\\S-1-5-20\\\\Device\\HarddiskVolume3\\Program Files\\PostgreSQL\\17\\bin\\postgres.exe",
    "Details": "Binary Data",
    "User": "NT AUTHORITY\\Servicio de red"
  },
  {
    "EventID": "13",
    "TimeCreated": "2026-06-07T19:11:55.0369550Z",
    "RuleName": "-",
    "EventType": "SetValue",
    "UtcTime": "2026-06-07 19:11:55.035",
    "ProcessGuid": "{a33c49c6-30c2-6a20-0e00-000000001b00}",
    "ProcessId": "1640",
    "Image": "C:\\Windows\\system32\\lsass.exe",
    "TargetObject": "HKLM\\System\\CurrentControlSet\\Services\\W32Time\\SecureTimeLimits\\RunTime\\SecureTimeConfidence",
    "Details": "DWORD (0x00000008)",
    "User": "NT AUTHORITY\\SYSTEM"
  },
  {
    "EventID": "13",
    "TimeCreated": "2026-06-07T19:11:55.0368942Z",
    "RuleName": "-",
    "EventType": "SetValue",
    "UtcTime": "2026-06-07 19:11:55.035",
    "ProcessGuid": "{a33c49c6-30c2-6a20-0e00-000000001b00}",
    "ProcessId": "1640",
    "Image": "C:\\Windows\\system32\\lsass.exe",
    "TargetObject": "HKLM\\System\\CurrentControlSet\\Services\\W32Time\\SecureTimeLimits\\RunTime\\SecureTimeTickCount",
    "Details": "QWORD (0x00000000-0x15c19182)",
    "User": "NT AUTHORITY\\SYSTEM"
  },
  {
    "EventID": "12",
    "TimeCreated": "2026-06-07T19:11:55.0368321Z",
    "RuleName": "-",
    "EventType": "CreateKey",
    "UtcTime": "2026-06-07 19:11:55.035",
    "ProcessGuid": "{a33c49c6-30c2-6a20-0e00-000000001b00}",
    "ProcessId": "1640",
    "Image": "C:\\Windows\\system32\\lsass.exe",
    "TargetObject": "HKLM\\System\\CurrentControlSet\\Services\\W32Time\\SecureTimeLimits\\RunTime",
    "User": "NT AUTHORITY\\SYSTEM"
  },
  {
    "EventID": "13",
    "TimeCreated": "2026-06-07T19:11:55.0367697Z",
    "RuleName": "-",
    "EventType": "SetValue",
    "UtcTime": "2026-06-07 19:11:55.035",
    "ProcessGuid": "{a33c49c6-30c2-6a20-0e00-000000001b00}",
    "ProcessId": "1640",
    "Image": "C:\\Windows\\system32\\lsass.exe",
    "TargetObject": "HKLM\\System\\CurrentControlSet\\Services\\W32Time\\SecureTimeLimits\\SecureTimeLow",
    "Details": "QWORD (0x01dcf6a9-0x1edf936e)",
    "User": "NT AUTHORITY\\SYSTEM"
  },
  {
    "EventID": "13",
    "TimeCreated": "2026-06-07T19:11:55.0367038Z",
    "RuleName": "-",
    "EventType": "SetValue",
    "UtcTime": "2026-06-07 19:11:55.035",
    "ProcessGuid": "{a33c49c6-30c2-6a20-0e00-000000001b00}",
    "ProcessId": "1640",
    "Image": "C:\\Windows\\system32\\lsass.exe",
    "TargetObject": "HKLM\\System\\CurrentControlSet\\Services\\W32Time\\SecureTimeLimits\\SecureTimeEstimated",
    "Details": "QWORD (0x01dcf6b1-0x80a3fb6e)",
    "User": "NT AUTHORITY\\SYSTEM"
  },
  {
    "EventID": "13",
    "TimeCreated": "2026-06-07T19:11:55.0366634Z",
    "RuleName": "-",
    "EventType": "SetValue",
    "UtcTime": "2026-06-07 19:11:55.035",
    "ProcessGuid": "{a33c49c6-30c2-6a20-0e00-000000001b00}",
    "ProcessId": "1640",
    "Image": "C:\\Windows\\system32\\lsass.exe",
    "TargetObject": "HKLM\\System\\CurrentControlSet\\Services\\W32Time\\SecureTimeLimits\\SecureTimeHigh",
    "Details": "QWORD (0x01dcf6b9-0xe268636e)",
    "User": "NT AUTHORITY\\SYSTEM"
  },
  {
    "EventID": "13",
    "TimeCreated": "2026-06-07T19:11:55.0364545Z",
    "RuleName": "-",
    "EventType": "SetValue",
    "UtcTime": "2026-06-07 19:11:55.035",
    "ProcessGuid": "{a33c49c6-30c2-6a20-0e00-000000001b00}",
    "ProcessId": "1640",
    "Image": "C:\\Windows\\system32\\lsass.exe",
    "TargetObject": "HKLM\\System\\CurrentControlSet\\Services\\W32Time\\SecureTimeLimits\\RunTime\\SecureTimeConfidence",
    "Details": "DWORD (0x00000008)",
    "User": "NT AUTHORITY\\SYSTEM"
  },
  {
    "EventID": "13",
    "TimeCreated": "2026-06-07T19:11:55.0363932Z",
    "RuleName": "-",
    "EventType": "SetValue",
    "UtcTime": "2026-06-07 19:11:55.035",
    "ProcessGuid": "{a33c49c6-30c2-6a20-0e00-000000001b00}",
    "ProcessId": "1640",
    "Image": "C:\\Windows\\system32\\lsass.exe",
    "TargetObject": "HKLM\\System\\CurrentControlSet\\Services\\W32Time\\SecureTimeLimits\\RunTime\\SecureTimeTickCount",
    "Details": "QWORD (0x00000000-0x15c19182)",
    "User": "NT AUTHORITY\\SYSTEM"
  },
  {
    "EventID": "12",
    "TimeCreated": "2026-06-07T19:11:55.0362216Z",
    "RuleName": "-",
    "EventType": "CreateKey",
    "UtcTime": "2026-06-07 19:11:55.035",
    "ProcessGuid": "{a33c49c6-30c2-6a20-0e00-000000001b00}",
    "ProcessId": "1640",
    "Image": "C:\\Windows\\system32\\lsass.exe",
    "TargetObject": "HKLM\\System\\CurrentControlSet\\Services\\W32Time\\SecureTimeLimits\\RunTime",
    "User": "NT AUTHORITY\\SYSTEM"
  },
  {
    "EventID": "13",
    "TimeCreated": "2026-06-07T19:11:55.0361645Z",
    "RuleName": "-",
    "EventType": "SetValue",
    "UtcTime": "2026-06-07 19:11:55.035",
    "ProcessGuid": "{a33c49c6-30c2-6a20-0e00-000000001b00}",
    "ProcessId": "1640",
    "Image": "C:\\Windows\\system32\\lsass.exe",
    "TargetObject": "HKLM\\System\\CurrentControlSet\\Services\\W32Time\\SecureTimeLimits\\SecureTimeLow",
    "Details": "QWORD (0x01dcf6a9-0x1edf936e)",
    "User": "NT AUTHORITY\\SYSTEM"
  },
  {
    "EventID": "13",
    "TimeCreated": "2026-06-07T19:11:55.0360957Z",
    "RuleName": "-",
    "EventType": "SetValue",
    "UtcTime": "2026-06-07 19:11:55.035",
    "ProcessGuid": "{a33c49c6-30c2-6a20-0e00-000000001b00}",
    "ProcessId": "1640",
    "Image": "C:\\Windows\\system32\\lsass.exe",
    "TargetObject": "HKLM\\System\\CurrentControlSet\\Services\\W32Time\\SecureTimeLimits\\SecureTimeEstimated",
    "Details": "QWORD (0x01dcf6b1-0x80a3fb6e)",
    "User": "NT AUTHORITY\\SYSTEM"
  },
  {
    "EventID": "13",
    "TimeCreated": "2026-06-07T19:11:55.0360037Z",
    "RuleName": "-",
    "EventType": "SetValue",
    "UtcTime": "2026-06-07 19:11:55.035",
    "ProcessGuid": "{a33c49c6-30c2-6a20-0e00-000000001b00}",
    "ProcessId": "1640",
    "Image": "C:\\Windows\\system32\\lsass.exe",
    "TargetObject": "HKLM\\System\\CurrentControlSet\\Services\\W32Time\\SecureTimeLimits\\SecureTimeHigh",
    "Details": "QWORD (0x01dcf6b9-0xe268636e)",
    "User": "NT AUTHORITY\\SYSTEM"
  },
  {
    "EventID": "12",
    "TimeCreated": "2026-06-07T19:11:48.0031900Z",
    "RuleName": "-",
    "EventType": "CreateKey",
    "UtcTime": "2026-06-07 19:11:47.999",
    "ProcessGuid": "{a33c49c6-30c2-6a20-1d00-000000001b00}",
    "ProcessId": "2252",
    "Image": "C:\\Windows\\system32\\svchost.exe",
    "TargetObject": "HKLM\\System\\CurrentControlSet\\Services\\Tcpip\\Parameters",
    "User": "NT AUTHORITY\\Servicio de red"
  },
  {
    "EventID": "13",
    "TimeCreated": "2026-06-07T19:11:36.8613680Z",
    "RuleName": "-",
    "EventType": "SetValue",
    "UtcTime": "2026-06-07 19:11:36.860",
    "ProcessGuid": "{a33c49c6-c268-6a25-b346-000000001b00}",
    "ProcessId": "3900",
    "Image": "C:\\Program Files\\PostgreSQL\\17\\bin\\postgres.exe",
    "TargetObject": "HKLM\\System\\CurrentControlSet\\Services\\bam\\State\\UserSettings\\S-1-5-20\\\\Device\\HarddiskVolume3\\Program Files\\PostgreSQL\\17\\bin\\postgres.exe",
    "Details": "Binary Data",
    "User": "NT AUTHORITY\\Servicio de red"
  },
  {
    "EventID": "5",
    "TimeCreated": "2026-06-07T19:11:36.8608108Z",
    "RuleName": "-",
    "UtcTime": "2026-06-07 19:11:36.860",
    "ProcessGuid": "{a33c49c6-c268-6a25-b346-000000001b00}",
    "ProcessId": "3900",
    "Image": "C:\\Program Files\\PostgreSQL\\17\\bin\\postgres.exe",
    "User": "NT AUTHORITY\\Servicio de red"
  },
  {
    "EventID": "13",
    "TimeCreated": "2026-06-07T19:11:36.8138752Z",
    "RuleName": "-",
    "EventType": "SetValue",
    "UtcTime": "2026-06-07 19:11:36.813",
    "ProcessGuid": "{a33c49c6-30c4-6a20-6d00-000000001b00}",
    "ProcessId": "6248",
    "Image": "C:\\Program Files\\PostgreSQL\\17\\bin\\postgres.exe",
    "TargetObject": "HKLM\\System\\CurrentControlSet\\Services\\bam\\State\\UserSettings\\S-1-5-20\\\\Device\\HarddiskVolume3\\Program Files\\PostgreSQL\\17\\bin\\postgres.exe",
    "Details": "Binary Data",
    "User": "NT AUTHORITY\\Servicio de red"
  },
  {
    "EventID": "12",
    "TimeCreated": "2026-06-07T19:11:26.9279604Z",
    "RuleName": "-",
    "EventType": "CreateKey",
    "UtcTime": "2026-06-07 19:11:26.925",
    "ProcessGuid": "{a33c49c6-30c2-6a20-1d00-000000001b00}",
    "ProcessId": "2252",
    "Image": "C:\\Windows\\system32\\svchost.exe",
    "TargetObject": "HKLM\\System\\CurrentControlSet\\Services\\Tcpip\\Parameters",
    "User": "NT AUTHORITY\\Servicio de red"
  },
  {
    "EventID": "13",
    "TimeCreated": "2026-06-07T19:11:16.1392469Z",
    "RuleName": "-",
    "EventType": "SetValue",
    "UtcTime": "2026-06-07 19:11:16.138",
    "ProcessGuid": "{a33c49c6-c254-6a25-b246-000000001b00}",
    "ProcessId": "12860",
    "Image": "C:\\Program Files\\PostgreSQL\\17\\bin\\postgres.exe",
    "TargetObject": "HKLM\\System\\CurrentControlSet\\Services\\bam\\State\\UserSettings\\S-1-5-20\\\\Device\\HarddiskVolume3\\Program Files\\PostgreSQL\\17\\bin\\postgres.exe",
    "Details": "Binary Data",
    "User": "NT AUTHORITY\\Servicio de red"
  },
  {
    "EventID": "5",
    "TimeCreated": "2026-06-07T19:11:16.1386152Z",
    "RuleName": "-",
    "UtcTime": "2026-06-07 19:11:16.134",
    "ProcessGuid": "{a33c49c6-c254-6a25-b246-000000001b00}",
    "ProcessId": "12860",
    "Image": "C:\\Program Files\\PostgreSQL\\17\\bin\\postgres.exe",
    "User": "NT AUTHORITY\\Servicio de red"
  },
  {
    "EventID": "13",
    "TimeCreated": "2026-06-07T19:11:16.0997211Z",
    "RuleName": "-",
    "EventType": "SetValue",
    "UtcTime": "2026-06-07 19:11:16.097",
    "ProcessGuid": "{a33c49c6-30c4-6a20-6d00-000000001b00}",
    "ProcessId": "6248",
    "Image": "C:\\Program Files\\PostgreSQL\\17\\bin\\postgres.exe",
    "TargetObject": "HKLM\\System\\CurrentControlSet\\Services\\bam\\State\\UserSettings\\S-1-5-20\\\\Device\\HarddiskVolume3\\Program Files\\PostgreSQL\\17\\bin\\postgres.exe",
    "Details": "Binary Data",
    "User": "NT AUTHORITY\\Servicio de red"
  },
  {
    "EventID": "13",
    "TimeCreated": "2026-06-07T19:10:57.3330383Z",
    "RuleName": "-",
    "EventType": "SetValue",
    "UtcTime": "2026-06-07 19:10:57.331",
    "ProcessGuid": "{a33c49c6-c241-6a25-b146-000000001b00}",
    "ProcessId": "12120",
    "Image": "C:\\Program Files\\PostgreSQL\\17\\bin\\postgres.exe",
    "TargetObject": "HKLM\\System\\CurrentControlSet\\Services\\bam\\State\\UserSettings\\S-1-5-20\\\\Device\\HarddiskVolume3\\Program Files\\PostgreSQL\\17\\bin\\postgres.exe",
    "Details": "Binary Data",
    "User": "NT AUTHORITY\\Servicio de red"
  },
  {
    "EventID": "5",
    "TimeCreated": "2026-06-07T19:10:57.3325994Z",
    "RuleName": "-",
    "UtcTime": "2026-06-07 19:10:57.331",
    "ProcessGuid": "{a33c49c6-c241-6a25-b146-000000001b00}",
    "ProcessId": "12120",
    "Image": "C:\\Program Files\\PostgreSQL\\17\\bin\\postgres.exe",
    "User": "NT AUTHORITY\\Servicio de red"
  },
  {
    "EventID": "13",
    "TimeCreated": "2026-06-07T19:10:57.2902148Z",
    "RuleName": "-",
    "EventType": "SetValue",
    "UtcTime": "2026-06-07 19:10:57.288",
    "ProcessGuid": "{a33c49c6-30c4-6a20-6d00-000000001b00}",
    "ProcessId": "6248",
    "Image": "C:\\Program Files\\PostgreSQL\\17\\bin\\postgres.exe",
    "TargetObject": "HKLM\\System\\CurrentControlSet\\Services\\bam\\State\\UserSettings\\S-1-5-20\\\\Device\\HarddiskVolume3\\Program Files\\PostgreSQL\\17\\bin\\postgres.exe",
    "Details": "Binary Data",
    "User": "NT AUTHORITY\\Servicio de red"
  },
  {
    "EventID": "12",
    "TimeCreated": "2026-06-07T19:10:44.1447951Z",
    "RuleName": "-",
    "EventType": "CreateKey",
    "UtcTime": "2026-06-07 19:10:44.143",
    "ProcessGuid": "{a33c49c6-30c2-6a20-1d00-000000001b00}",
    "ProcessId": "2252",
    "Image": "C:\\Windows\\system32\\svchost.exe",
    "TargetObject": "HKLM\\System\\CurrentControlSet\\Services\\Tcpip\\Parameters",
    "User": "NT AUTHORITY\\Servicio de red"
  },
  {
    "EventID": "13",
    "TimeCreated": "2026-06-07T19:10:36.8524366Z",
    "RuleName": "-",
    "EventType": "SetValue",
    "UtcTime": "2026-06-07 19:10:36.848",
    "ProcessGuid": "{a33c49c6-c22c-6a25-b046-000000001b00}",
    "ProcessId": "3520",
    "Image": "C:\\Program Files\\PostgreSQL\\17\\bin\\postgres.exe",
    "TargetObject": "HKLM\\System\\CurrentControlSet\\Services\\bam\\State\\UserSettings\\S-1-5-20\\\\Device\\HarddiskVolume3\\Program Files\\PostgreSQL\\17\\bin\\postgres.exe",
    "Details": "Binary Data",
    "User": "NT AUTHORITY\\Servicio de red"
  },
  {
    "EventID": "5",
    "TimeCreated": "2026-06-07T19:10:36.8519955Z",
    "RuleName": "-",
    "UtcTime": "2026-06-07 19:10:36.848",
    "ProcessGuid": "{a33c49c6-c22c-6a25-b046-000000001b00}",
    "ProcessId": "3520",
    "Image": "C:\\Program Files\\PostgreSQL\\17\\bin\\postgres.exe",
    "User": "NT AUTHORITY\\Servicio de red"
  },
  {
    "EventID": "13",
    "TimeCreated": "2026-06-07T19:10:36.8100981Z",
    "RuleName": "-",
    "EventType": "SetValue",
    "UtcTime": "2026-06-07 19:10:36.808",
    "ProcessGuid": "{a33c49c6-30c4-6a20-6d00-000000001b00}",
    "ProcessId": "6248",
    "Image": "C:\\Program Files\\PostgreSQL\\17\\bin\\postgres.exe",
    "TargetObject": "HKLM\\System\\CurrentControlSet\\Services\\bam\\State\\UserSettings\\S-1-5-20\\\\Device\\HarddiskVolume3\\Program Files\\PostgreSQL\\17\\bin\\postgres.exe",
    "Details": "Binary Data",
    "User": "NT AUTHORITY\\Servicio de red"
  },
  {
    "EventID": "13",
    "TimeCreated": "2026-06-07T19:10:16.1298150Z",
    "RuleName": "-",
    "EventType": "SetValue",
    "UtcTime": "2026-06-07 19:10:16.128",
    "ProcessGuid": "{a33c49c6-c218-6a25-af46-000000001b00}",
    "ProcessId": "17704",
    "Image": "C:\\Program Files\\PostgreSQL\\17\\bin\\postgres.exe",
    "TargetObject": "HKLM\\System\\CurrentControlSet\\Services\\bam\\State\\UserSettings\\S-1-5-20\\\\Device\\HarddiskVolume3\\Program Files\\PostgreSQL\\17\\bin\\postgres.exe",
    "Details": "Binary Data",
    "User": "NT AUTHORITY\\Servicio de red"
  },
  {
    "EventID": "5",
    "TimeCreated": "2026-06-07T19:10:16.1293260Z",
    "RuleName": "-",
    "UtcTime": "2026-06-07 19:10:16.128",
    "ProcessGuid": "{a33c49c6-c218-6a25-af46-000000001b00}",
    "ProcessId": "17704",
    "Image": "C:\\Program Files\\PostgreSQL\\17\\bin\\postgres.exe",
    "User": "NT AUTHORITY\\Servicio de red"
  },
  {
    "EventID": "13",
    "TimeCreated": "2026-06-07T19:10:16.0902234Z",
    "RuleName": "-",
    "EventType": "SetValue",
    "UtcTime": "2026-06-07 19:10:16.088",
    "ProcessGuid": "{a33c49c6-30c4-6a20-6d00-000000001b00}",
    "ProcessId": "6248",
    "Image": "C:\\Program Files\\PostgreSQL\\17\\bin\\postgres.exe",
    "TargetObject": "HKLM\\System\\CurrentControlSet\\Services\\bam\\State\\UserSettings\\S-1-5-20\\\\Device\\HarddiskVolume3\\Program Files\\PostgreSQL\\17\\bin\\postgres.exe",
    "Details": "Binary Data",
    "User": "NT AUTHORITY\\Servicio de red"
  },
  {
    "EventID": "13",
    "TimeCreated": "2026-06-07T19:10:09.9378024Z",
    "RuleName": "-",
    "EventType": "SetValue",
    "UtcTime": "2026-06-07 19:10:09.936",
    "ProcessGuid": "{a33c49c6-c208-6a25-ae46-000000001b00}",
    "ProcessId": "8804",
    "Image": "C:\\Windows\\system32\\DllHost.exe",
    "TargetObject": "HKLM\\System\\CurrentControlSet\\Services\\bam\\State\\UserSettings\\S-1-5-21-3961930346-3620050953-1644270016-1001\\\\Device\\HarddiskVolume3\\Windows\\System32\\dllhost.exe",
    "Details": "Binary Data",
    "User": "DESKTOP-8341B96\\ABI"
  },
  {
    "EventID": "5",
    "TimeCreated": "2026-06-07T19:10:09.9367564Z",
    "RuleName": "-",
    "UtcTime": "2026-06-07 19:10:09.935",
    "ProcessGuid": "{a33c49c6-c208-6a25-ae46-000000001b00}",
    "ProcessId": "8804",
    "Image": "C:\\Windows\\System32\\dllhost.exe",
    "User": "DESKTOP-8341B96\\ABI"
  },
  {
    "EventID": "12",
    "TimeCreated": "2026-06-07T19:10:07.1736423Z",
    "RuleName": "-",
    "EventType": "CreateKey",
    "UtcTime": "2026-06-07 19:10:07.172",
    "ProcessGuid": "{a33c49c6-30c2-6a20-1d00-000000001b00}",
    "ProcessId": "2252",
    "Image": "C:\\Windows\\system32\\svchost.exe",
    "TargetObject": "HKLM\\System\\CurrentControlSet\\Services\\Tcpip\\Parameters",
    "User": "NT AUTHORITY\\Servicio de red"
  },
  {
    "EventID": "12",
    "TimeCreated": "2026-06-07T19:10:07.1732528Z",
    "RuleName": "-",
    "EventType": "CreateKey",
    "UtcTime": "2026-06-07 19:10:07.172",
    "ProcessGuid": "{a33c49c6-30c3-6a20-4f00-000000001b00}",
    "ProcessId": "4680",
    "Image": "C:\\Windows\\system32\\svchost.exe",
    "TargetObject": "HKLM\\System\\CurrentControlSet\\Services\\Tcpip\\Parameters",
    "User": "NT AUTHORITY\\Servicio de red"
  },
  {
    "EventID": "12",
    "TimeCreated": "2026-06-07T19:10:07.1730656Z",
    "RuleName": "-",
    "EventType": "CreateKey",
    "UtcTime": "2026-06-07 19:10:07.172",
    "ProcessGuid": "{a33c49c6-30c3-6a20-4f00-000000001b00}",
    "ProcessId": "4680",
    "Image": "C:\\Windows\\system32\\svchost.exe",
    "TargetObject": "HKLM\\System\\CurrentControlSet\\Services\\Tcpip\\Parameters",
    "User": "NT AUTHORITY\\Servicio de red"
  },
  {
    "EventID": "12",
    "TimeCreated": "2026-06-07T19:10:07.1729528Z",
    "RuleName": "-",
    "EventType": "CreateKey",
    "UtcTime": "2026-06-07 19:10:07.172",
    "ProcessGuid": "{a33c49c6-30c3-6a20-4f00-000000001b00}",
    "ProcessId": "4680",
    "Image": "C:\\Windows\\system32\\svchost.exe",
    "TargetObject": "HKLM\\System\\CurrentControlSet\\Services\\Tcpip\\Parameters",
    "User": "NT AUTHORITY\\Servicio de red"
  },
  {
    "EventID": "13",
    "TimeCreated": "2026-06-07T19:10:04.9396473Z",
    "RuleName": "-",
    "EventType": "SetValue",
    "UtcTime": "2026-06-07 19:10:04.934",
    "ProcessGuid": "{a33c49c6-30b8-6a20-eb03-000000000000}",
    "ProcessId": "4",
    "Image": "System",
    "TargetObject": "HKLM\\System\\CurrentControlSet\\Services\\bam\\State\\UserSettings\\S-1-5-21-3961930346-3620050953-1644270016-1001\\SequenceNumber",
    "Details": "DWORD (0x0000029a)",
    "User": "NT AUTHORITY\\SYSTEM"
  },
  {
    "EventID": "13",
    "TimeCreated": "2026-06-07T19:10:04.9396073Z",
    "RuleName": "-",
    "EventType": "SetValue",
    "UtcTime": "2026-06-07 19:10:04.934",
    "ProcessGuid": "{a33c49c6-30b8-6a20-eb03-000000000000}",
    "ProcessId": "4",
    "Image": "System",
    "TargetObject": "HKLM\\System\\CurrentControlSet\\Services\\bam\\State\\UserSettings\\S-1-5-21-3961930346-3620050953-1644270016-1001\\\\Device\\HarddiskVolume3\\Windows\\System32\\ShellHost.exe",
    "Details": "Binary Data",
    "User": "NT AUTHORITY\\SYSTEM"
  },
  {
    "EventID": "12",
    "TimeCreated": "2026-06-07T19:10:04.9395460Z",
    "RuleName": "-",
    "EventType": "CreateKey",
    "UtcTime": "2026-06-07 19:10:04.934",
    "ProcessGuid": "{a33c49c6-30b8-6a20-eb03-000000000000}",
    "ProcessId": "4",
    "Image": "System",
    "TargetObject": "HKLM\\System\\CurrentControlSet\\Services\\bam\\State\\UserSettings\\S-1-5-21-3961930346-3620050953-1644270016-1001",
    "User": "NT AUTHORITY\\SYSTEM"
  },
  {
    "EventID": "13",
    "TimeCreated": "2026-06-07T19:10:00.4057410Z",
    "RuleName": "-",
    "EventType": "SetValue",
    "UtcTime": "2026-06-07 19:10:00.404",
    "ProcessGuid": "{a33c49c6-30c2-6a20-0f00-000000001b00}",
    "ProcessId": "1764",
    "Image": "C:\\Windows\\system32\\svchost.exe",
    "TargetObject": "HKLM\\System\\CurrentControlSet\\Services\\bam\\State\\UserSettings\\S-1-5-21-3961930346-3620050953-1644270016-1001\\\\Device\\HarddiskVolume3\\Windows\\System32\\dllhost.exe",
    "Details": "Binary Data",
    "User": "NT AUTHORITY\\SYSTEM"
  },
  {
    "EventID": "5",
    "TimeCreated": "2026-06-07T19:09:59.8199685Z",
    "RuleName": "-",
    "UtcTime": "2026-06-07 19:09:59.819",
    "ProcessGuid": "{a33c49c6-c207-6a25-ad46-000000001b00}",
    "ProcessId": "12848",
    "Image": "C:\\Windows\\System32\\backgroundTaskHost.exe",
    "User": "DESKTOP-8341B96\\ABI"
  },
  {
    "EventID": "13",
    "TimeCreated": "2026-06-07T19:09:57.2370837Z",
    "RuleName": "-",
    "EventType": "SetValue",
    "UtcTime": "2026-06-07 19:09:57.236",
    "ProcessGuid": "{a33c49c6-c205-6a25-ac46-000000001b00}",
    "ProcessId": "9692",
    "Image": "C:\\Program Files\\PostgreSQL\\17\\bin\\postgres.exe",
    "TargetObject": "HKLM\\System\\CurrentControlSet\\Services\\bam\\State\\UserSettings\\S-1-5-20\\\\Device\\HarddiskVolume3\\Program Files\\PostgreSQL\\17\\bin\\postgres.exe",
    "Details": "Binary Data",
    "User": "NT AUTHORITY\\Servicio de red"
  },
  {
    "EventID": "5",
    "TimeCreated": "2026-06-07T19:09:57.2366068Z",
    "RuleName": "-",
    "UtcTime": "2026-06-07 19:09:57.236",
    "ProcessGuid": "{a33c49c6-c205-6a25-ac46-000000001b00}",
    "ProcessId": "9692",
    "Image": "C:\\Program Files\\PostgreSQL\\17\\bin\\postgres.exe",
    "User": "NT AUTHORITY\\Servicio de red"
  },
  {
    "EventID": "13",
    "TimeCreated": "2026-06-07T19:09:57.1866535Z",
    "RuleName": "-",
    "EventType": "SetValue",
    "UtcTime": "2026-06-07 19:09:57.186",
    "ProcessGuid": "{a33c49c6-30c4-6a20-6d00-000000001b00}",
    "ProcessId": "6248",
    "Image": "C:\\Program Files\\PostgreSQL\\17\\bin\\postgres.exe",
    "TargetObject": "HKLM\\System\\CurrentControlSet\\Services\\bam\\State\\UserSettings\\S-1-5-20\\\\Device\\HarddiskVolume3\\Program Files\\PostgreSQL\\17\\bin\\postgres.exe",
    "Details": "Binary Data",
    "User": "NT AUTHORITY\\Servicio de red"
  },
  {
    "EventID": "12",
    "TimeCreated": "2026-06-07T19:09:52.3776811Z",
    "RuleName": "-",
    "EventType": "CreateKey",
    "UtcTime": "2026-06-07 19:09:52.375",
    "ProcessGuid": "{a33c49c6-30c2-6a20-1d00-000000001b00}",
    "ProcessId": "2252",
    "Image": "C:\\Windows\\system32\\svchost.exe",
    "TargetObject": "HKLM\\System\\CurrentControlSet\\Services\\Tcpip\\Parameters",
    "User": "NT AUTHORITY\\Servicio de red"
  },
  {
    "EventID": "5",
    "TimeCreated": "2026-06-07T19:09:44.3646266Z",
    "RuleName": "-",
    "UtcTime": "2026-06-07 19:09:44.362",
    "ProcessGuid": "{a33c49c6-c1d0-6a25-a846-000000001b00}",
    "ProcessId": "5984",
    "Image": "C:\\Windows\\System32\\RuntimeBroker.exe",
    "User": "DESKTOP-8341B96\\ABI"
  },
  {
    "EventID": "13",
    "TimeCreated": "2026-06-07T19:09:36.8522470Z",
    "RuleName": "-",
    "EventType": "SetValue",
    "UtcTime": "2026-06-07 19:09:36.851",
    "ProcessGuid": "{a33c49c6-c1f0-6a25-ab46-000000001b00}",
    "ProcessId": "21168",
    "Image": "C:\\Program Files\\PostgreSQL\\17\\bin\\postgres.exe",
    "TargetObject": "HKLM\\System\\CurrentControlSet\\Services\\bam\\State\\UserSettings\\S-1-5-20\\\\Device\\HarddiskVolume3\\Program Files\\PostgreSQL\\17\\bin\\postgres.exe",
    "Details": "Binary Data",
    "User": "NT AUTHORITY\\Servicio de red"
  },
  {
    "EventID": "5",
    "TimeCreated": "2026-06-07T19:09:36.8517146Z",
    "RuleName": "-",
    "UtcTime": "2026-06-07 19:09:36.851",
    "ProcessGuid": "{a33c49c6-c1f0-6a25-ab46-000000001b00}",
    "ProcessId": "21168",
    "Image": "C:\\Program Files\\PostgreSQL\\17\\bin\\postgres.exe",
    "User": "NT AUTHORITY\\Servicio de red"
  },
  {
    "EventID": "13",
    "TimeCreated": "2026-06-07T19:09:36.8007519Z",
    "RuleName": "-",
    "EventType": "SetValue",
    "UtcTime": "2026-06-07 19:09:36.799",
    "ProcessGuid": "{a33c49c6-30c4-6a20-6d00-000000001b00}",
    "ProcessId": "6248",
    "Image": "C:\\Program Files\\PostgreSQL\\17\\bin\\postgres.exe",
    "TargetObject": "HKLM\\System\\CurrentControlSet\\Services\\bam\\State\\UserSettings\\S-1-5-20\\\\Device\\HarddiskVolume3\\Program Files\\PostgreSQL\\17\\bin\\postgres.exe",
    "Details": "Binary Data",
    "User": "NT AUTHORITY\\Servicio de red"
  },
  {
    "EventID": "5",
    "TimeCreated": "2026-06-07T19:09:35.4246515Z",
    "RuleName": "-",
    "UtcTime": "2026-06-07 19:09:35.423",
    "ProcessGuid": "{a33c49c6-c1d0-6a25-a946-000000001b00}",
    "ProcessId": "20116",
    "Image": "C:\\Windows\\System32\\sppsvc.exe",
    "User": "NT AUTHORITY\\Servicio de red"
  },
  {
    "EventID": "12",
    "TimeCreated": "2026-06-07T19:09:28.8863331Z",
    "RuleName": "-",
    "EventType": "CreateKey",
    "UtcTime": "2026-06-07 19:09:28.886",
    "ProcessGuid": "{a33c49c6-30c2-6a20-1d00-000000001b00}",
    "ProcessId": "2252",
    "Image": "C:\\Windows\\system32\\svchost.exe",
    "TargetObject": "HKLM\\System\\CurrentControlSet\\Services\\Tcpip\\Parameters",
    "User": "NT AUTHORITY\\Servicio de red"
  },
  {
    "EventID": "13",
    "TimeCreated": "2026-06-07T19:09:16.1299125Z",
    "RuleName": "-",
    "EventType": "SetValue",
    "UtcTime": "2026-06-07 19:09:16.129",
    "ProcessGuid": "{a33c49c6-c1dc-6a25-aa46-000000001b00}",
    "ProcessId": "15040",
    "Image": "C:\\Program Files\\PostgreSQL\\17\\bin\\postgres.exe",
    "TargetObject": "HKLM\\System\\CurrentControlSet\\Services\\bam\\State\\UserSettings\\S-1-5-20\\\\Device\\HarddiskVolume3\\Program Files\\PostgreSQL\\17\\bin\\postgres.exe",
    "Details": "Binary Data",
    "User": "NT AUTHORITY\\Servicio de red"
  },
  {
    "EventID": "5",
    "TimeCreated": "2026-06-07T19:09:16.1290487Z",
    "RuleName": "-",
    "UtcTime": "2026-06-07 19:09:16.127",
    "ProcessGuid": "{a33c49c6-c1dc-6a25-aa46-000000001b00}",
    "ProcessId": "15040",
    "Image": "C:\\Program Files\\PostgreSQL\\17\\bin\\postgres.exe",
    "User": "NT AUTHORITY\\Servicio de red"
  },
  {
    "EventID": "13",
    "TimeCreated": "2026-06-07T19:09:16.0868482Z",
    "RuleName": "-",
    "EventType": "SetValue",
    "UtcTime": "2026-06-07 19:09:16.083",
    "ProcessGuid": "{a33c49c6-30c4-6a20-6d00-000000001b00}",
    "ProcessId": "6248",
    "Image": "C:\\Program Files\\PostgreSQL\\17\\bin\\postgres.exe",
    "TargetObject": "HKLM\\System\\CurrentControlSet\\Services\\bam\\State\\UserSettings\\S-1-5-20\\\\Device\\HarddiskVolume3\\Program Files\\PostgreSQL\\17\\bin\\postgres.exe",
    "Details": "Binary Data",
    "User": "NT AUTHORITY\\Servicio de red"
  },
  {
    "EventID": "5",
    "TimeCreated": "2026-06-07T19:09:07.1359041Z",
    "RuleName": "-",
    "UtcTime": "2026-06-07 19:09:07.135",
    "ProcessGuid": "{a33c49c6-c1cf-6a25-a646-000000001b00}",
    "ProcessId": "10292",
    "Image": "C:\\Windows\\System32\\taskhostw.exe",
    "User": "NT AUTHORITY\\SYSTEM"
  },
  {
    "EventID": "12",
    "TimeCreated": "2026-06-07T19:09:05.5586718Z",
    "RuleName": "-",
    "EventType": "CreateKey",
    "UtcTime": "2026-06-07 19:09:05.557",
    "ProcessGuid": "{a33c49c6-30c2-6a20-1d00-000000001b00}",
    "ProcessId": "2252",
    "Image": "C:\\Windows\\system32\\svchost.exe",
    "TargetObject": "HKLM\\System\\CurrentControlSet\\Services\\Tcpip\\Parameters",
    "User": "NT AUTHORITY\\Servicio de red"
  },
  {
    "EventID": "12",
    "TimeCreated": "2026-06-07T19:09:05.5577970Z",
    "RuleName": "-",
    "EventType": "CreateKey",
    "UtcTime": "2026-06-07 19:09:05.555",
    "ProcessGuid": "{a33c49c6-c1cf-6a25-a646-000000001b00}",
    "ProcessId": "10292",
    "Image": "C:\\Windows\\system32\\taskhostw.exe",
    "TargetObject": "HKLM\\System\\CurrentControlSet\\Services\\Tcpip\\Parameters",
    "User": "NT AUTHORITY\\SYSTEM"
  },
