  {
    "EventID": "13",
    "TimeCreated": "2026-06-07T18:43:08.5579694Z",
    "RuleName": "-",
    "EventType": "SetValue",
    "UtcTime": "2026-06-07 18:43:08.550",
    "ProcessGuid": "{a33c49c6-30c3-6a20-4b00-000000001b00}",
    "ProcessId": "4636",
    "Image": "C:\\Windows\\System32\\svchost.exe",
    "TargetObject": "HKLM\\SOFTWARE\\Microsoft\\Windows Performance Toolkit\\v5\\WPRControl\\DiagTrackMiniLogger\\Boot\\RunningProfile",
    "Details": "<WindowsPerformanceRecorder Version=\"1.0\">\n  <Profiles>\n    <SystemCollector Id=\"WPR_initiated_DiagTrackMiniLogger_WPR_System_Collector\" Name=\"WPR_initiated_DiagTrackMiniLogger_WPR System Collector\">\n      <BufferSize Value=\"128\" />\n      <Buffers Value=\"8\" />\n      <StackCaching BucketCount=\"256\" CacheSize=\"3072\" />\n    </SystemCollector>\n    <EventCollector Id=\"WPR_initiated_DiagTrackMiniLogger_OneTrace_User_Logger_20260605_1_EC_0\" Name=\"WPR_initiated_DiagTrackMiniLogger_OneTrace_User_Logger_20260605_1_EC_0\">\n      <BufferSize Value=\"256\" />\n      <Buffers Value=\"124\" />\n    </EventCollector>\n    <SystemProvider Id=\"WPR_initiated_DiagTrackMiniLogger_WPR_System_Collector_Provider\">\n      <Keywords>\n        <Keyword Value=\"ProcessThread\" />\n      </Keywords>\n    </SystemProvider>\n    <EventProvider Id=\"OneTrace_User_Logger_20260605_1_EC_0_1b5106b1-7622-4740-ad81-d9c6ee74f124\" Name=\"1b5106b1-7622-4740-ad81-d9c6ee74f124\" NonPagedMemory=\"true\" EventKey=\"true\" ExcludeInPrivate=\"true\" Level=\"5\" />\n    <EventProvider Id=\"OneTrace_User_Logger_20260605_1_EC_0_a0e3d8ea-c34f-4419-a1db-90435b8b21d0\" Name=\"a0e3d8ea-c34f-4419-a1db-90435b8b21d0\" NonPagedMemory=\"true\" EventKey=\"true\" ExcludeInPrivate=\"true\" Level=\"5\" />\n    <EventProvider Id=\"OneTrace_User_Logger_20260605_1_EC_0_de9ba731-7f33-4f44-98c9-6cac856b9f83\" Name=\"de9ba731-7f33-4f44-98c9-6cac856b9f83\" NonPagedMemory=\"true\" EventKey=\"true\" ExcludeInPrivate=\"true\" Level=\"5\" />\n    <EventProvider Id=\"OneTrace_User_Logger_20260605_1_EC_0_80ce50de-d264-4581-950d-abadeee0d340\" Name=\"80ce50de-d264-4581-950d-abadeee0d340\" NonPagedMemory=\"true\" EventKey=\"true\" ExcludeInPrivate=\"true\" Level=\"4\">\n      <Keywords>\n        <Keyword Value=\"0x0000f000000ff0ff\" />\n      </Keywords>\n    </EventProvider>\n    <EventProvider Id=\"OneTrace_User_Logger_20260605_1_EC_0_06184c97-5201-480e-92af-3a3626c5b140\" Name=\"06184c97-5201-480e-92af-3a3626c5b140\" NonPagedMemory=\"true\" EventKey=\"true\" ExcludeInPrivate=\"true\" />\n    <EventProvider Id=\"OneTrace_User_Logger_20260605_1_EC_0_590874ab-8c82-500f-f23e-66291e79759d\" Name=\"590874ab-8c82-500f-f23e-66291e79759d\" NonPagedMemory=\"true\" EventKey=\"true\" ExcludeInPrivate=\"true\" Level=\"5\" />\n    <EventProvider Id=\"OneTrace_User_Logger_20260605_1_EC_0_b92d1ff0-92ec-444d-b7ec-c016f971c000\" Name=\"b92d1ff0-92ec-444d-b7ec-c016f971c000\" NonPagedMemory=\"true\" EventKey=\"true\" ExcludeInPrivate=\"true\" Level=\"5\" />\n    <EventProvider Id=\"OneTrace_User_Logger_20260605_1_EC_0_41877cb4-11fc-4188-b590-712c143c881d\" Name=\"41877cb4-11fc-4188-b590-712c143c881d\" NonPagedMemory=\"true\" EventKey=\"true\" ExcludeInPrivate=\"true\" Level=\"4\">\n      <EventFilters FilterIn=\"false\">\n        <EventId Value=\"7\" />\n        <EventId Value=\"9\" />\n        <EventId Value=\"25\" />\n        <EventId Value=\"28\" />\n        <EventId Value=\"30\" />\n        <EventId Value=\"34\" />\n        <EventId Value=\"42\" />\n      </EventFilters>\n    </EventProvider>\n    <EventProvider Id=\"OneTrace_User_Logger_20260605_1_EC_0_314b2b0d-81ee-4474-b6e0-c2aaec0ddbde\" Name=\"314b2b0d-81ee-4474-b6e0-c2aaec0ddbde\" NonPagedMemory=\"true\" EventKey=\"true\" ExcludeInPrivate=\"true\" Level=\"4\" />\n    <EventProvider Id=\"OneTrace_User_Logger_20260605_1_EC_0_0bd3506a-9030-4f76-9b88-3e8fe1f7cfb6\" Name=\"0bd3506a-9030-4f76-9b88-3e8fe1f7cfb6\" NonPagedMemory=\"true\" EventKey=\"true\" ExcludeInPrivate=\"true\" Level=\"4\" />\n    <EventProvider Id=\"OneTrace_User_Logger_20260605_1_EC_0_ee97cdc4-b095-5c70-6e37-a541eb74c2b5\" Name=\"ee97cdc4-b095-5c70-6e37-a541eb74c2b5\" NonPagedMemory=\"true\" EventKey=\"true\" ExcludeInPrivate=\"true\" Level=\"5\" />\n    <EventProvider Id=\"OneTrace_User_Logger_20260605_1_EC_0_cdead503-17f5-4a3e-b7ae-df8cc2902eb9\" Name=\"cdead503-17f5-4a3e-b7ae-df8cc2902eb9\" NonPagedMemory=\"true\" EventKey=\"true\" ExcludeInPrivate=\"true\" Level=\"4\">\n      <EventFilters FilterIn=\"false\">\n        <EventId Value=\"10006\" />\n        <EventId Value=\"10014\" />\n        <EventId Value=\"10024\" />\n        <EventId Value=\"10107\" />\n        <EventId Value=\"10204\" />\n        <EventId Value=\"10311\" />\n        <EventId Value=\"10312\" />\n      </EventFilters>\n    </EventProvider>\n    <EventProvider Id=\"OneTrace_User_Logger_20260605_1_EC_0_43d1a55c-76d6-4f7e-995c-64c711e5cafe\" Name=\"43d1a55c-76d6-4f7e-995c-64c711e5cafe\" NonPagedMemory=\"true\" EventKey=\"true\" ExcludeInPrivate=\"true\" Level=\"3\" />\n    <EventProvider Id=\"OneTrace_User_Logger_20260605_1_EC_0_315a8872-923e-4ea2-9889-33cd4754bf64\" Name=\"315a8872-923e-4ea2-9889-33cd4754bf64\" NonPagedMemory=\"true\" EventKey=\"true\" ExcludeInPrivate=\"true\" Level=\"5\">\n      <EventFilters FilterIn=\"false\">\n        <EventId Value=\"111\" />\n        <EventId Value=\"112\" />\n        <EventId Value=\"153\" />\n        <EventId Value=\"171\" />\n        <EventId Value=\"1601\" />\n        <EventId Value=\"1602\" />\n        <EventId Value=\"1611\" />\n        <EventId Value=\"1612\" />\n        <EventId Value=\"2474\" />\n        <EventId Value=\"5901\" />\n        <EventId Value=\"5902\" />\n        <EventId Value=\"5977\" />\n        <EventId Value=\"5978\" />\n        <EventId Value=\"11120\" />\n        <EventId Value=\"11121\" />\n      </EventFilters>\n    </EventProvider>\n    <EventProvider Id=\"OneTrace_User_Logger_20260605_1_EC_0_9580d7dd-0379-4658-9870-d5be7d52d6de\" Name=\"9580d7dd-0379-4658-9870-d5be7d52d6de\" NonPagedMemory=\"true\" EventKey=\"true\" ExcludeInPrivate=\"true\" Level=\"4\" />\n    <EventProvider Id=\"OneTrace_User_Logger_20260605_1_EC_0_55404e71-4db9-4deb-a5f5-8f86e46dde56\" Name=\"55404e71-4db9-4deb-a5f5-8f86e46dde56\" NonPagedMemory=\"true\" EventKey=\"true\" ExcludeInPrivate=\"true\" Level=\"3\" />\n    <EventProvider Id=\"OneTrace_User_Logger_20260605_1_EC_0_dd85457f-4e2d-44a5-a7a7-6253362e34dc\" Name=\"dd85457f-4e2d-44a5-a7a7-6253362e34dc\" NonPagedMemory=\"true\" EventKey=\"true\" ExcludeInPrivate=\"true\" Level=\"4\" />\n    <EventProvider Id=\"OneTrace_User_Logger_20260605_1_EC_0_219d0018-d923-4094-939f-6766b27bd2d1\" Name=\"219d0018-d923-4094-939f-6766b27bd2d1\" NonPagedMemory=\"true\" EventKey=\"true\" ExcludeInPrivate=\"true\" Level=\"4\">\n      <Keywords>\n        <Keyword Value=\"0x000000007fffffff\" />\n      </Keywords>\n    </EventProvider>\n    <EventProvider Id=\"OneTrace_User_Logger_20260605_1_EC_0_cf7f94b3-08dc-5257-422f-497d7dc86ab3\" Name=\"cf7f94b3-08dc-5257-422f-497d7dc86ab3\" NonPagedMemory=\"true\" EventKey=\"true\" ExcludeInPrivate=\"true\" Level=\"5\" />\n    <EventProvider Id=\"OneTrace_User_Logger_20260605_1_EC_0_d75df9f1-5f3d-49d0-9d15-2a55bd1c012e\" Name=\"d75df9f1-5f3d-49d0-9d15-2a55bd1c012e\" NonPagedMemory=\"true\" EventKey=\"true\" ExcludeInPrivate=\"true\" Level=\"5\" />\n    <EventProvider Id=\"OneTrace_User_Logger_20260605_1_EC_0_ef00584a-2655-462c-bc24-e7de630e7fbf\" Name=\"ef00584a-2655-462c-bc24-e7de630e7fbf\" NonPagedMemory=\"true\" EventKey=\"true\" ExcludeInPrivate=\"true\" Level=\"5\" />\n    <EventProvider Id=\"OneTrace_User_Logger_20260605_1_EC_0_2845975a-9dfb-4253-b953-eaed3d5cc8ed\" Name=\"2845975a-9dfb-4253-b953-eaed3d5cc8ed\" NonPagedMemory=\"true\" EventKey=\"true\" ExcludeInPrivate=\"true\" Level=\"4\">\n      <Keywords>\n        <Keyword Value=\"0x000000007ffffcff\" />\n      </Keywords>\n    </EventProvider>\n    <EventProvider Id=\"OneTrace_User_Logger_20260605_1_EC_0_8127f6d4-59f9-4abf-8952-3e3a02073d5f\" Name=\"8127f6d4-59f9-4abf-8952-3e3a02073d5f\" NonPagedMemory=\"true\" EventKey=\"true\" ExcludeInPrivate=\"true\" Level=\"5\" />\n    <EventProvider Id=\"OneTrace_User_Logger_20260605_1_EC_0_e837619c-a2a8-4689-833f-47b48ebd2442\" Name=\"e837619c-a2a8-4689-833f-47b48ebd2442\" NonPagedMemory=\"true\" EventKey=\"true\" ExcludeInPrivate=\"true\" Level=\"4\" />\n    <EventProvider Id=\"OneTrace_User_Logger_20260605_1_EC_0_6eb8db94-fe96-443f-a366-5fe0cee7fb1c\" Name=\"6eb8db94-fe96-443f-a366-5fe0cee7fb1c\" NonPagedMemory=\"true\" EventKey=\"true\" ExcludeInPrivate=\"true\" Level=\"4\" />\n    <EventProvider Id=\"OneTrace_User_Logger_20260605_1_EC_0_fe0ab4b4-19b6-485b-89bb-60fd931fdd56\" Name=\"fe0ab4b4-19b6-485b-89bb-60fd931fdd56\" NonPagedMemory=\"true\" EventKey=\"true\" ExcludeInPrivate=\"true\" Level=\"5\" />\n    <EventProvider Id=\"OneTrace_User_Logger_20260605_1_EC_0_7d44233d-3055-4b9c-ba64-0d47ca40a232\" Name=\"7d44233d-3055-4b9c-ba64-0d47ca40a232\" NonPagedMemory=\"true\" EventKey=\"true\" ExcludeInPrivate=\"true\" Level=\"4\">\n      <EventFilters FilterIn=\"false\">\n        <EventId Value=\"834\" />\n        <EventId Value=\"835\" />\n      </EventFilters>\n    </EventProvider>\n    <EventProvider Id=\"OneTrace_User_Logger_20260605_1_EC_0_d49918cf-9489-4bf1-9d7b-014d864cf71f\" Name=\"d49918cf-9489-4bf1-9d7b-014d864cf71f\" NonPagedMemory=\"true\" EventKey=\"true\" ExcludeInPrivate=\"true\" Level=\"5\">\n      <EventFilters FilterIn=\"false\">\n        <EventId Value=\"1\" />\n        <EventId Value=\"4\" />\n        <EventId Value=\"103\" />\n      </EventFilters>\n    </EventProvider>\n    <EventProvider Id=\"OneTrace_User_Logger_20260605_1_EC_0_21dd39d7-763d-46b6-9aa4-815bcfa89a8e\" Name=\"21dd39d7-763d-46b6-9aa4-815bcfa89a8e\" NonPagedMemory=\"true\" EventKey=\"true\" ExcludeInPrivate=\"true\" Level=\"4\">\n      <Keywords>\n        <Keyword Value=\"0x000000007ffffff7\" />\n      </Keywords>\n    </EventProvider>\n    <EventProvider Id=\"OneTrace_User_Logger_20260605_1_EC_0_35d4a1fa-4036-40dc-a907-e330f3104e24\" Name=\"35d4a1fa-4036-40dc-a907-e330f3104e24\" NonPagedMemory=\"true\" EventKey=\"true\" ExcludeInPrivate=\"true\" Level=\"5\" />\n    <EventProvider Id=\"OneTrace_User_Logger_20260605_1_EC_0_fa386406-8e25-47f7-a03f-413635a55dc0\" Name=\"fa386406-8e25-47f7-a03f-413635a55dc0\" NonPagedMemory=\"true\" EventKey=\"true\" ExcludeInPrivate=\"true\" Level=\"5\" />\n    <EventProvider Id=\"OneTrace_User_Logger_20260605_1_EC_0_678e492b-5de1-50c5-7219-ae4aa7d6a141\" Name=\"678e492b-5de1-50c5-7219-ae4aa7d6a141\" NonPagedMemory=\"true\" EventKey=\"true\" ExcludeInPrivate=\"true\" Level=\"5\" />\n    <EventProvider Id=\"OneTrace_User_Logger_20260605_1_EC_0_7b702970-90bc-4584-8b20-c0799086ee5a\" Name=\"7b702970-90bc-4584-8b20-c0799086ee5a\" NonPagedMemory=\"true\" EventKey=\"true\" ExcludeInPrivate=\"true\" Level=\"4\" />\n    <EventProvider Id=\"OneTrace_User_Logger_20260605_1_EC_0_5526aed1-f6e5-5896-cbf0-27d9f59b6be7\" Name=\"5526aed1-f6e5-5896-cbf0-27d9f59b6be7\" NonPagedMemory=\"true\" EventKey=\"true\" ExcludeInPrivate=\"true\" Level=\"5\" />\n    <EventProvider Id=\"OneTrace_User_Logger_20260605_1_EC_0_a6a9ce06-035f-40cb-829b-ebb822697591\" Name=\"a6a9ce06-035f-40cb-829b-ebb822697591\" NonPagedMemory=\"true\" EventKey=\"true\" ExcludeInPrivate=\"true\" Level=\"5\" />\n    <EventProvider Id=\"OneTrace_User_Logger_20260605_1_EC_0_0c478c5b-0351-41b1-8c58-4a6737da32e3\" Name=\"0c478c5b-0351-41b1-8c58-4a6737da32e3\" NonPagedMemory=\"true\" EventKey=\"true\" ExcludeInPrivate=\"true\" Level=\"4\">\n      <EventFilters FilterIn=\"false\">\n        <EventId Value=\"1001\" />\n        <EventId Value=\"1024\" />\n      </EventFilters>\n    </EventProvider>\n    <EventProvider Id=\"OneTrace_User_Logger_20260605_1_EC_0_ab0d8ef9-866d-4d39-b83f-453f3b8f6325\" Name=\"ab0d8ef9-866d-4d39-b83f-453f3b8f6325\" NonPagedMemory=\"true\" EventKey=\"true\" ExcludeInPrivate=\"true\" Level=\"4\" />\n    <EventProvider Id=\"OneTrace_User_Logger_20260605_1_EC_0_aa6f6a10-8a13-417d-8799-52361684bd76\" Name=\"aa6f6a10-8a13-417d-8799-52361684bd76\" NonPagedMemory=\"true\" EventKey=\"true\" ExcludeInPrivate=\"true\" Level=\"5\" />\n    <EventProvider Id=\"OneTrace_User_Logger_20260605_1_EC_0_54ef0565-8114-4906-aacb-e6d70899adc3\" Name=\"54ef0565-8114-4906-aacb-e6d70899adc3\" NonPagedMemory=\"true\" EventKey=\"true\" ExcludeInPrivate=\"true\" Level=\"3\">\n      <Keywords>\n        <Keyword Value=\"0x000000007fffffff\" />\n      </Keywords>\n    </EventProvider>\n    <EventProvider Id=\"OneTrace_User_Logger_20260605_1_EC_0_996ad932-8c75-47c5-914e-a9299b1d91ad\" Name=\"996ad932-8c75-47c5-914e-a9299b1d91ad\" NonPagedMemory=\"true\" EventKey=\"true\" ExcludeInPrivate=\"true\" Level=\"5\" />\n    <EventProvider Id=\"OneTrace_User_Logger_20260605_1_EC_0_4be7b04b-179f-47cb-b6d9-b58ceef35be7\" Name=\"4be7b04b-179f-47cb-b6d9-b58ceef35be7\" NonPagedMemory=\"true\" EventKey=\"true\" ExcludeInPrivate=\"true\" Level=\"5\" />\n    <EventProvider Id=\"OneTrace_User_Logger_20260605_1_EC_0_6f63aefb-2229-5444-c3b1-519681ab0654\" Name=\"6f63aefb-2229-5444-c3b1-519681ab0654\" NonPagedMemory=\"true\" EventKey=\"true\" ExcludeInPrivate=\"true\" Level=\"5\" />\n    <EventProvider Id=\"OneTrace_User_Logger_20260605_1_EC_0_1db8dad0-7ca6-4f18-b357-43bfdd8c9806\" Name=\"1db8dad0-7ca6-4f18-b357-43bfdd8c9806\" NonPagedMemory=\"true\" EventKey=\"true\" ExcludeInPrivate=\"true\" Level=\"5\" />\n    <EventProvider Id=\"OneTrace_User_Logger_20260605_1_EC_0_870ac05a-7777-5c66-c3f0-c1f6b7129ef6\" Name=\"870ac05a-7777-5c66-c3f0-c1f6b7129ef6\" NonPagedMemory=\"true\" EventKey=\"true\" ExcludeInPrivate=\"true\" Level=\"5\" />\n    <EventProvider Id=\"OneTrace_User_Logger_20260605_1_EC_0_cbbbc22d-2efe-4eae-9af5-f9c6cf113670\" Name=\"cbbbc22d-2efe-4eae-9af5-f9c6cf113670\" NonPagedMemory=\"true\" EventKey=\"true\" ExcludeInPrivate=\"true\" Level=\"5\" />\n    <EventProvider Id=\"OneTrace_User_Logger_20260605_1_EC_0_04a490d4-84c6-4920-9c22-51c80825ff2c\" Name=\"04a490d4-84c6-4920-9c22-51c80825ff2c\" NonPagedMemory=\"true\" EventKey=\"true\" ExcludeInPrivate=\"true\" Level=\"5\" />\n    <EventProvider Id=\"OneTrace_User_Logger_20260605_1_EC_0_f94b91a0-bbf6-480e-bf55-6362e225f8a5\" Name=\"f94b91a0-bbf6-480e-bf55-6362e225f8a5\" NonPagedMemory=\"true\" EventKey=\"true\" ExcludeInPrivate=\"true\" Level=\"5\" />\n    <EventProvider Id=\"OneTrace_User_Logger_20260605_1_EC_0_786396cd-2ff3-53d3-d1ca-43e41d9fb73b\" Name=\"786396cd-2ff3-53d3-d1ca-43e41d9fb73b\" NonPagedMemory=\"true\" EventKey=\"true\" Excl",
    "User": "NT AUTHORITY\\SYSTEM"
  },
  {
    "EventID": "12",
    "TimeCreated": "2026-06-07T18:43:07.9403437Z",
    "RuleName": "-",
    "EventType": "CreateKey",
    "UtcTime": "2026-06-07 18:43:07.925",
    "ProcessGuid": "{a33c49c6-30c3-6a20-4b00-000000001b00}",
    "ProcessId": "4636",
    "Image": "C:\\Windows\\System32\\svchost.exe",
    "TargetObject": "HKLM\\SOFTWARE\\Microsoft\\Windows Performance Toolkit\\v5\\WPRControl\\DiagTrackMiniLogger\\Normal\\SystemRunning",
    "User": "NT AUTHORITY\\SYSTEM"
  },
  {
    "EventID": "13",
    "TimeCreated": "2026-06-07T18:43:07.9401787Z",
    "RuleName": "-",
    "EventType": "SetValue",
    "UtcTime": "2026-06-07 18:43:07.925",
    "ProcessGuid": "{a33c49c6-30c3-6a20-4b00-000000001b00}",
    "ProcessId": "4636",
    "Image": "C:\\Windows\\System32\\svchost.exe",
    "TargetObject": "HKLM\\SOFTWARE\\Microsoft\\Windows Performance Toolkit\\v5\\WPRControl\\DiagTrackMiniLogger\\Normal\\RunningProfile",
    "Details": "<WindowsPerformanceRecorder Version=\"1.0\">\n  <Profiles>\n    <SystemCollector Id=\"WPR_initiated_DiagTrackMiniLogger_WPR_System_Collector\" Name=\"WPR_initiated_DiagTrackMiniLogger_WPR System Collector\" HostGuestCorrelation=\"false\">\n      <BufferSize Value=\"128\" />\n      <Buffers Value=\"32\" />\n      <StackCaching BucketCount=\"256\" CacheSize=\"3072\" />\n    </SystemCollector>\n    <EventCollector Id=\"WPR_initiated_DiagTrackMiniLogger_OneTrace_User_Logger_20260605_1_EC_0\" Name=\"WPR_initiated_DiagTrackMiniLogger_OneTrace_User_Logger_20260605_1_EC_0\">\n      <BufferSize Value=\"256\" />\n      <Buffers Value=\"124\" />\n    </EventCollector>\n    <SystemProvider Id=\"WPR_initiated_DiagTrackMiniLogger_WPR_System_Collector_Provider\">\n      <Keywords>\n        <Keyword Value=\"ProcessThread\" />\n      </Keywords>\n    </SystemProvider>\n    <EventProvider Id=\"OneTrace_User_Logger_20260605_1_EC_0_aa1b41d3-d193-4660-9b47-dd701ba55841\" Name=\"aa1b41d3-d193-4660-9b47-dd701ba55841\" NonPagedMemory=\"true\" EventKey=\"true\" ExcludeInPrivate=\"true\" Level=\"5\" />\n    <EventProvider Id=\"OneTrace_User_Logger_20260605_1_EC_0_048dc470-37c1-52a8-565a-54cb27be37ec\" Name=\"048dc470-37c1-52a8-565a-54cb27be37ec\" NonPagedMemory=\"true\" EventKey=\"true\" ExcludeInPrivate=\"true\" Level=\"5\">\n      <Keywords>\n        <Keyword Value=\"0x00000000ffffffff\" />\n      </Keywords>\n    </EventProvider>\n    <EventProvider Id=\"OneTrace_User_Logger_20260605_1_EC_0_4ee869fa-9954-4b90-9a62-308c74f99d32\" Name=\"4ee869fa-9954-4b90-9a62-308c74f99d32\" NonPagedMemory=\"true\" EventKey=\"true\" ExcludeInPrivate=\"true\" Level=\"3\">\n      <Keywords>\n        <Keyword Value=\"0x000000007fffffff\" />\n      </Keywords>\n    </EventProvider>\n    <EventProvider Id=\"OneTrace_User_Logger_20260605_1_EC_0_aab97afe-deaf-5882-1e3b-d7210f059dc1\" Name=\"aab97afe-deaf-5882-1e3b-d7210f059dc1\" NonPagedMemory=\"true\" EventKey=\"true\" ExcludeInPrivate=\"true\" Level=\"5\" />\n    <EventProvider Id=\"OneTrace_User_Logger_20260605_1_EC_0_b0f40491-9ea6-5fd5-ccb1-0ec63be8b674\" Name=\"b0f40491-9ea6-5fd5-ccb1-0ec63be8b674\" NonPagedMemory=\"true\" EventKey=\"true\" ExcludeInPrivate=\"true\" Level=\"5\" />\n    <EventProvider Id=\"OneTrace_User_Logger_20260605_1_EC_0_273c19b2-6643-5a58-6288-c336d3688b8d\" Name=\"273c19b2-6643-5a58-6288-c336d3688b8d\" NonPagedMemory=\"true\" EventKey=\"true\" ExcludeInPrivate=\"true\" Level=\"5\">\n      <EventNameFilters FilterIn=\"false\" Level=\"255\">\n        <EventName Value=\"Invoke\" />\n      </EventNameFilters>\n    </EventProvider>\n    <EventProvider Id=\"OneTrace_User_Logger_20260605_1_EC_0_ef00584a-2655-462c-bc24-e7de630e7fbf\" Name=\"ef00584a-2655-462c-bc24-e7de630e7fbf\" NonPagedMemory=\"true\" EventKey=\"true\" ExcludeInPrivate=\"true\" Level=\"5\" />\n    <EventProvider Id=\"OneTrace_User_Logger_20260605_1_EC_0_e0be2aaa-b6c3-5f17-4e86-1cde27b51ac1\" Name=\"e0be2aaa-b6c3-5f17-4e86-1cde27b51ac1\" NonPagedMemory=\"true\" EventKey=\"true\" ExcludeInPrivate=\"true\" Level=\"5\" />\n    <EventProvider Id=\"OneTrace_User_Logger_20260605_1_EC_0_6fb61ac3-3455-4da4-8313-c1a855ee64c5\" Name=\"6fb61ac3-3455-4da4-8313-c1a855ee64c5\" NonPagedMemory=\"true\" EventKey=\"true\" ExcludeInPrivate=\"true\" Level=\"5\" />\n    <EventProvider Id=\"OneTrace_User_Logger_20260605_1_EC_0_45902de3-6d95-4a35-a37e-862215252640\" Name=\"45902de3-6d95-4a35-a37e-862215252640\" NonPagedMemory=\"true\" EventKey=\"true\" ExcludeInPrivate=\"true\" Level=\"5\" />\n    <EventProvider Id=\"OneTrace_User_Logger_20260605_1_EC_0_9cc9beb7-9d24-47c7-8f9d-ccc9dcac29eb\" Name=\"9cc9beb7-9d24-47c7-8f9d-ccc9dcac29eb\" NonPagedMemory=\"true\" Level=\"3\">\n      <Keywords>\n        <Keyword Value=\"0x000000007fffffff\" />\n      </Keywords>\n    </EventProvider>\n    <EventProvider Id=\"OneTrace_User_Logger_20260605_1_EC_0_b99cdb5a-039c-5046-e672-1a0de0a40211\" Name=\"b99cdb5a-039c-5046-e672-1a0de0a40211\" NonPagedMemory=\"true\" SID=\"true\" EventKey=\"true\" ExcludeInPrivate=\"true\" />\n    <EventProvider Id=\"OneTrace_User_Logger_20260605_1_EC_0_a0f8425a-daad-486d-bdc6-4a24cb136b6f\" Name=\"a0f8425a-daad-486d-bdc6-4a24cb136b6f\" NonPagedMemory=\"true\" EventKey=\"true\" ExcludeInPrivate=\"true\" Level=\"5\">\n      <Keywords>\n        <Keyword Value=\"0x00000000ffffffff\" />\n      </Keywords>\n    </EventProvider>\n    <EventProvider Id=\"OneTrace_User_Logger_20260605_1_EC_0_e0dda06c-a215-407b-be66-8ae0c628d6b0\" Name=\"e0dda06c-a215-407b-be66-8ae0c628d6b0\" NonPagedMemory=\"true\" EventKey=\"true\" ExcludeInPrivate=\"true\" Level=\"5\" />\n    <EventProvider Id=\"OneTrace_User_Logger_20260605_1_EC_0_7a881c79-ad79-5187-3c97-24e57db0b998\" Name=\"7a881c79-ad79-5187-3c97-24e57db0b998\" NonPagedMemory=\"true\" EventKey=\"true\" ExcludeInPrivate=\"true\" Level=\"5\" />\n    <EventProvider Id=\"OneTrace_User_Logger_20260605_1_EC_0_0a649fb8-bd71-4e19-90bf-93f558bd4b0d\" Name=\"0a649fb8-bd71-4e19-90bf-93f558bd4b0d\" NonPagedMemory=\"true\" EventKey=\"true\" ExcludeInPrivate=\"true\" />\n    <EventProvider Id=\"OneTrace_User_Logger_20260605_1_EC_0_ec6ede49-f40f-5f93-8651-a4edc18afe06\" Name=\"ec6ede49-f40f-5f93-8651-a4edc18afe06\" NonPagedMemory=\"true\" EventKey=\"true\" ExcludeInPrivate=\"true\" Level=\"4\" />\n    <EventProvider Id=\"OneTrace_User_Logger_20260605_1_EC_0_687ae510-1c00-4108-a958-acfa78ecccd5\" Name=\"687ae510-1c00-4108-a958-acfa78ecccd5\" NonPagedMemory=\"true\" EventKey=\"true\" ExcludeInPrivate=\"true\" Level=\"5\" />\n    <EventProvider Id=\"OneTrace_User_Logger_20260605_1_EC_0_80ce50de-d264-4581-950d-abadeee0d340\" Name=\"80ce50de-d264-4581-950d-abadeee0d340\" NonPagedMemory=\"true\" EventKey=\"true\" ExcludeInPrivate=\"true\" Level=\"4\">\n      <Keywords>\n        <Keyword Value=\"0x0000f000000ff0ff\" />\n      </Keywords>\n    </EventProvider>\n    <EventProvider Id=\"OneTrace_User_Logger_20260605_1_EC_0_a29339ad-b137-486c-a8f3-88c9738e5379\" Name=\"a29339ad-b137-486c-a8f3-88c9738e5379\" NonPagedMemory=\"true\" EventKey=\"true\" ExcludeInPrivate=\"true\" Level=\"5\" />\n    <EventProvider Id=\"OneTrace_User_Logger_20260605_1_EC_0_df8dab3f-b1c9-58d3-2ea1-4c08592bb71b\" Name=\"df8dab3f-b1c9-58d3-2ea1-4c08592bb71b\" NonPagedMemory=\"true\" EventKey=\"true\" ExcludeInPrivate=\"true\" Level=\"5\">\n      <Keywords>\n        <Keyword Value=\"0x0000000000000001\" />\n      </Keywords>\n    </EventProvider>\n    <EventProvider Id=\"OneTrace_User_Logger_20260605_1_EC_0_ebadf775-48aa-4bf3-8f8e-ec68d113c98e\" Name=\"ebadf775-48aa-4bf3-8f8e-ec68d113c98e\" NonPagedMemory=\"true\" EventKey=\"true\" ExcludeInPrivate=\"true\" Level=\"5\">\n      <Keywords>\n        <Keyword Value=\"0x000000000003ffff\" />\n      </Keywords>\n    </EventProvider>\n    <EventProvider Id=\"OneTrace_User_Logger_20260605_1_EC_0_490cea65-c3ca-51d1-c3bf-6a71ad3d91a7\" Name=\"490cea65-c3ca-51d1-c3bf-6a71ad3d91a7\" NonPagedMemory=\"true\" EventKey=\"true\" ExcludeInPrivate=\"true\" Level=\"5\" />\n    <EventProvider Id=\"OneTrace_User_Logger_20260605_1_EC_0_637a0f36-dff5-4b2f-83dd-b106c1c725e2\" Name=\"637a0f36-dff5-4b2f-83dd-b106c1c725e2\" NonPagedMemory=\"true\" Level=\"3\">\n      <Keywords>\n        <Keyword Value=\"0x000000007fffffff\" />\n      </Keywords>\n    </EventProvider>\n    <EventProvider Id=\"OneTrace_User_Logger_20260605_1_EC_0_9580d7dd-0379-4658-9870-d5be7d52d6de\" Name=\"9580d7dd-0379-4658-9870-d5be7d52d6de\" NonPagedMemory=\"true\" EventKey=\"true\" ExcludeInPrivate=\"true\" Level=\"4\" />\n    <EventProvider Id=\"OneTrace_User_Logger_20260605_1_EC_0_4e1a9518-67e6-528e-caf6-c4cb765e20d7\" Name=\"4e1a9518-67e6-528e-caf6-c4cb765e20d7\" NonPagedMemory=\"true\" EventKey=\"true\" ExcludeInPrivate=\"true\" Level=\"5\" />\n    <EventProvider Id=\"OneTrace_User_Logger_20260605_1_EC_0_37033b59-796b-45ac-9c4d-e07d6c7dd142\" Name=\"37033b59-796b-45ac-9c4d-e07d6c7dd142\" NonPagedMemory=\"true\" EventKey=\"true\" ExcludeInPrivate=\"true\" Level=\"1\" />\n    <EventProvider Id=\"OneTrace_User_Logger_20260605_1_EC_0_8fc1266a-aaf0-56c5-763f-29132ec83c3e\" Name=\"8fc1266a-aaf0-56c5-763f-29132ec83c3e\" NonPagedMemory=\"true\" EventKey=\"true\" ExcludeInPrivate=\"true\" Level=\"5\" />\n    <EventProvider Id=\"OneTrace_User_Logger_20260605_1_EC_0_beb1a719-40d1-54e5-c207-232d48ac6dea\" Name=\"beb1a719-40d1-54e5-c207-232d48ac6dea\" NonPagedMemory=\"true\" EventKey=\"true\" ExcludeInPrivate=\"true\" Level=\"5\" />\n    <EventProvider Id=\"OneTrace_User_Logger_20260605_1_EC_0_cdc6beb9-6d78-5138-d232-d951916ab98f\" Name=\"cdc6beb9-6d78-5138-d232-d951916ab98f\" NonPagedMemory=\"true\" EventKey=\"true\" ExcludeInPrivate=\"true\" Level=\"3\" />\n    <EventProvider Id=\"OneTrace_User_Logger_20260605_1_EC_0_aa02d1a4-72d8-5f50-d425-7402ea09253a\" Name=\"aa02d1a4-72d8-5f50-d425-7402ea09253a\" NonPagedMemory=\"true\" EventKey=\"true\" ExcludeInPrivate=\"true\" Level=\"5\" />\n    <EventProvider Id=\"OneTrace_User_Logger_20260605_1_EC_0_3f710bd9-a9e0-4124-9b61-fa15e0a05f65\" Name=\"3f710bd9-a9e0-4124-9b61-fa15e0a05f65\" NonPagedMemory=\"true\" EventKey=\"true\" ExcludeInPrivate=\"true\" Level=\"5\">\n      <Keywords>\n        <Keyword Value=\"0x000000007fffffff\" />\n      </Keywords>\n    </EventProvider>\n    <EventProvider Id=\"OneTrace_User_Logger_20260605_1_EC_0_8999952b-d9ca-491c-ab5b-6ad70835f0f2\" Name=\"8999952b-d9ca-491c-ab5b-6ad70835f0f2\" NonPagedMemory=\"true\" EventKey=\"true\" ExcludeInPrivate=\"true\" Level=\"5\" />\n    <EventProvider Id=\"OneTrace_User_Logger_20260605_1_EC_0_e2eb5b52-08b1-4391-b670-f58317376247\" Name=\"e2eb5b52-08b1-4391-b670-f58317376247\" NonPagedMemory=\"true\" EventKey=\"true\" ExcludeInPrivate=\"true\" Level=\"3\">\n      <Keywords>\n        <Keyword Value=\"0x000000007fffffff\" />\n      </Keywords>\n    </EventProvider>\n    <EventProvider Id=\"OneTrace_User_Logger_20260605_1_EC_0_3d3e7039-99df-4446-8c81-4ad5a8560e7b\" Name=\"3d3e7039-99df-4446-8c81-4ad5a8560e7b\" NonPagedMemory=\"true\" EventKey=\"true\" ExcludeInPrivate=\"true\" Level=\"3\">\n      <Keywords>\n        <Keyword Value=\"0x0000f000ffffffff\" />\n      </Keywords>\n    </EventProvider>\n    <EventProvider Id=\"OneTrace_User_Logger_20260605_1_EC_0_3e3e7039-99df-4446-8c81-4ad5a8560e7b\" Name=\"3e3e7039-99df-4446-8c81-4ad5a8560e7b\" NonPagedMemory=\"true\" EventKey=\"true\" ExcludeInPrivate=\"true\" Level=\"3\">\n      <Keywords>\n        <Keyword Value=\"0x0000f000ffffffff\" />\n      </Keywords>\n    </EventProvider>\n    <EventProvider Id=\"OneTrace_User_Logger_20260605_1_EC_0_c9bf4a9f-d547-4d11-8242-e03a18b5be01\" Name=\"c9bf4a9f-d547-4d11-8242-e03a18b5be01\" NonPagedMemory=\"true\" EventKey=\"true\" ExcludeInPrivate=\"true\" Level=\"5\">\n      <Keywords>\n        <Keyword Value=\"0x000000007fffffff\" />\n      </Keywords>\n    </EventProvider>\n    <EventProvider Id=\"OneTrace_User_Logger_20260605_1_EC_0_585cab4f-9351-436e-9d99-dc4b41a20de0\" Name=\"585cab4f-9351-436e-9d99-dc4b41a20de0\" NonPagedMemory=\"true\" EventKey=\"true\" ExcludeInPrivate=\"true\" Level=\"5\" />\n    <EventProvider Id=\"OneTrace_User_Logger_20260605_1_EC_0_d4356983-5d0d-43c3-84bf-9d2288b7c46b\" Name=\"d4356983-5d0d-43c3-84bf-9d2288b7c46b\" NonPagedMemory=\"true\" EventKey=\"true\" ExcludeInPrivate=\"true\" Level=\"5\" />\n    <EventProvider Id=\"OneTrace_User_Logger_20260605_1_EC_0_b3854706-6d90-58a4-415d-d86cd54f35f5\" Name=\"b3854706-6d90-58a4-415d-d86cd54f35f5\" NonPagedMemory=\"true\" EventKey=\"true\" ExcludeInPrivate=\"true\" />\n    <EventProvider Id=\"OneTrace_User_Logger_20260605_1_EC_0_927821f8-d9e6-42e2-84f2-949e18256f3a\" Name=\"927821f8-d9e6-42e2-84f2-949e18256f3a\" NonPagedMemory=\"true\" EventKey=\"true\" ExcludeInPrivate=\"true\" Level=\"3\">\n      <Keywords>\n        <Keyword Value=\"0x00000000007fffff\" />\n      </Keywords>\n    </EventProvider>\n    <EventProvider Id=\"OneTrace_User_Logger_20260605_1_EC_0_7076bf7a-db99-4a63-8afe-0bb2ab92997a\" Name=\"7076bf7a-db99-4a63-8afe-0bb2ab92997a\" NonPagedMemory=\"true\" Level=\"4\">\n      <Keywords>\n        <",
    "User": "NT AUTHORITY\\SYSTEM"
  },
  {
    "EventID": "12",
    "TimeCreated": "2026-06-07T18:43:07.8153355Z",
    "RuleName": "-",
    "EventType": "CreateKey",
    "UtcTime": "2026-06-07 18:43:07.814",
    "ProcessGuid": "{a33c49c6-30c2-6a20-1d00-000000001b00}",
    "ProcessId": "2252",
    "Image": "C:\\Windows\\system32\\svchost.exe",
    "TargetObject": "HKLM\\System\\CurrentControlSet\\Services\\Tcpip\\Parameters",
    "User": "NT AUTHORITY\\Servicio de red"
  },
  {
    "EventID": "13",
    "TimeCreated": "2026-06-07T18:42:56.6813820Z",
    "RuleName": "-",
    "EventType": "SetValue",
    "UtcTime": "2026-06-07 18:42:56.679",
    "ProcessGuid": "{a33c49c6-bbb0-6a25-a345-000000001b00}",
    "ProcessId": "7744",
    "Image": "C:\\Program Files\\PostgreSQL\\17\\bin\\postgres.exe",
    "TargetObject": "HKLM\\System\\CurrentControlSet\\Services\\bam\\State\\UserSettings\\S-1-5-20\\\\Device\\HarddiskVolume3\\Program Files\\PostgreSQL\\17\\bin\\postgres.exe",
    "Details": "Binary Data",
    "User": "NT AUTHORITY\\Servicio de red"
  },
  {
    "EventID": "5",
    "TimeCreated": "2026-06-07T18:42:56.6809226Z",
    "RuleName": "-",
    "UtcTime": "2026-06-07 18:42:56.679",
    "ProcessGuid": "{a33c49c6-bbb0-6a25-a345-000000001b00}",
    "ProcessId": "7744",
    "Image": "C:\\Program Files\\PostgreSQL\\17\\bin\\postgres.exe",
    "User": "NT AUTHORITY\\Servicio de red"
  },
  {
    "EventID": "13",
    "TimeCreated": "2026-06-07T18:42:56.6407758Z",
    "RuleName": "-",
    "EventType": "SetValue",
    "UtcTime": "2026-06-07 18:42:56.639",
    "ProcessGuid": "{a33c49c6-30c4-6a20-6d00-000000001b00}",
    "ProcessId": "6248",
    "Image": "C:\\Program Files\\PostgreSQL\\17\\bin\\postgres.exe",
    "TargetObject": "HKLM\\System\\CurrentControlSet\\Services\\bam\\State\\UserSettings\\S-1-5-20\\\\Device\\HarddiskVolume3\\Program Files\\PostgreSQL\\17\\bin\\postgres.exe",
    "Details": "Binary Data",
    "User": "NT AUTHORITY\\Servicio de red"
  },
  {
    "EventID": "13",
    "TimeCreated": "2026-06-07T18:42:54.2895992Z",
    "RuleName": "-",
    "EventType": "SetValue",
    "UtcTime": "2026-06-07 18:42:54.289",
    "ProcessGuid": "{a33c49c6-bb74-6a25-9745-000000001b00}",
    "ProcessId": "14304",
    "Image": "C:\\Program Files (x86)\\Microsoft\\Edge\\Application\\msedge.exe",
    "TargetObject": "HKLM\\System\\CurrentControlSet\\Services\\bam\\State\\UserSettings\\S-1-5-21-3961930346-3620050953-1644270016-1001\\\\Device\\HarddiskVolume3\\Program Files (x86)\\Microsoft\\Edge\\Application\\msedge.exe",
    "Details": "Binary Data",
    "User": "DESKTOP-8341B96\\ABI"
  },
  {
    "EventID": "5",
    "TimeCreated": "2026-06-07T18:42:54.2889915Z",
    "RuleName": "-",
    "UtcTime": "2026-06-07 18:42:54.288",
    "ProcessGuid": "{a33c49c6-bb74-6a25-9745-000000001b00}",
    "ProcessId": "14304",
    "Image": "C:\\Program Files (x86)\\Microsoft\\Edge\\Application\\msedge.exe",
    "User": "DESKTOP-8341B96\\ABI"
  },
  {
    "EventID": "5",
    "TimeCreated": "2026-06-07T18:42:49.3137536Z",
    "RuleName": "-",
    "UtcTime": "2026-06-07 18:42:49.312",
    "ProcessGuid": "{a33c49c6-b951-6a25-4645-000000001b00}",
    "ProcessId": "11664",
    "Image": "C:\\Windows\\System32\\svchost.exe",
    "User": "NT AUTHORITY\\SYSTEM"
  },
  {
    "EventID": "13",
    "TimeCreated": "2026-06-07T18:42:49.2913469Z",
    "RuleName": "-",
    "EventType": "SetValue",
    "UtcTime": "2026-06-07 18:42:49.284",
    "ProcessGuid": "{a33c49c6-768e-6a25-3339-000000001b00}",
    "ProcessId": "14912",
    "Image": "C:\\Program Files (x86)\\Microsoft\\Edge\\Application\\msedge.exe",
    "TargetObject": "HKU\\S-1-5-21-3961930346-3620050953-1644270016-1001\\Software\\Microsoft\\EdgeUpdate\\ClientState\\{56EB18F8-B008-4CBD-B6D2-8C97FE7E9062}\\lastrun",
    "Details": "13425331369291171",
    "User": "DESKTOP-8341B96\\ABI"
  },
  {
    "EventID": "13",
    "TimeCreated": "2026-06-07T18:42:49.2461205Z",
    "RuleName": "-",
    "EventType": "SetValue",
    "UtcTime": "2026-06-07 18:42:49.245",
    "ProcessGuid": "{a33c49c6-768e-6a25-3339-000000001b00}",
    "ProcessId": "14912",
    "Image": "C:\\Program Files (x86)\\Microsoft\\Edge\\Application\\msedge.exe",
    "TargetObject": "HKLM\\System\\CurrentControlSet\\Services\\bam\\State\\UserSettings\\S-1-5-21-3961930346-3620050953-1644270016-1001\\\\Device\\HarddiskVolume3\\Program Files (x86)\\Microsoft\\Edge\\Application\\msedge.exe",
    "Details": "Binary Data",
    "User": "DESKTOP-8341B96\\ABI"
  },
  {
    "EventID": "13",
    "TimeCreated": "2026-06-07T18:42:49.2386567Z",
    "RuleName": "-",
    "EventType": "SetValue",
    "UtcTime": "2026-06-07 18:42:49.237",
    "ProcessGuid": "{a33c49c6-bba9-6a25-a145-000000001b00}",
    "ProcessId": "17400",
    "Image": "C:\\Program Files (x86)\\Microsoft\\Edge\\Application\\msedge.exe",
    "TargetObject": "HKLM\\System\\CurrentControlSet\\Services\\bam\\State\\UserSettings\\S-1-5-21-3961930346-3620050953-1644270016-1001\\\\Device\\HarddiskVolume3\\Program Files (x86)\\Microsoft\\Edge\\Application\\msedge.exe",
    "Details": "Binary Data",
    "User": "DESKTOP-8341B96\\ABI"
  },
  {
    "EventID": "5",
    "TimeCreated": "2026-06-07T18:42:49.2382063Z",
    "RuleName": "-",
    "UtcTime": "2026-06-07 18:42:49.237",
    "ProcessGuid": "{a33c49c6-bba9-6a25-a145-000000001b00}",
    "ProcessId": "17400",
    "Image": "C:\\Program Files (x86)\\Microsoft\\Edge\\Application\\msedge.exe",
    "User": "DESKTOP-8341B96\\ABI"
  },
  {
    "EventID": "13",
    "TimeCreated": "2026-06-07T18:42:49.1709365Z",
    "RuleName": "-",
    "EventType": "SetValue",
    "UtcTime": "2026-06-07 18:42:49.170",
    "ProcessGuid": "{a33c49c6-7680-6a25-e938-000000001b00}",
    "ProcessId": "19684",
    "Image": "C:\\Windows\\Explorer.EXE",
    "TargetObject": "HKLM\\System\\CurrentControlSet\\Services\\bam\\State\\UserSettings\\S-1-5-21-3961930346-3620050953-1644270016-1001\\\\Device\\HarddiskVolume3\\Program Files (x86)\\Microsoft\\Edge\\Application\\msedge.exe",
    "Details": "Binary Data",
    "User": "DESKTOP-8341B96\\ABI"
  },
  {
    "EventID": "12",
    "TimeCreated": "2026-06-07T18:42:44.2946913Z",
    "RuleName": "-",
    "EventType": "CreateKey",
    "UtcTime": "2026-06-07 18:42:44.293",
    "ProcessGuid": "{a33c49c6-30c2-6a20-1d00-000000001b00}",
    "ProcessId": "2252",
    "Image": "C:\\Windows\\system32\\svchost.exe",
    "TargetObject": "HKLM\\System\\CurrentControlSet\\Services\\Tcpip\\Parameters",
    "User": "NT AUTHORITY\\Servicio de red"
  },
  {
    "EventID": "13",
    "TimeCreated": "2026-06-07T18:42:36.2135188Z",
    "RuleName": "-",
    "EventType": "SetValue",
    "UtcTime": "2026-06-07 18:42:36.213",
    "ProcessGuid": "{a33c49c6-bb9c-6a25-9f45-000000001b00}",
    "ProcessId": "7296",
    "Image": "C:\\Program Files\\PostgreSQL\\17\\bin\\postgres.exe",
    "TargetObject": "HKLM\\System\\CurrentControlSet\\Services\\bam\\State\\UserSettings\\S-1-5-20\\\\Device\\HarddiskVolume3\\Program Files\\PostgreSQL\\17\\bin\\postgres.exe",
    "Details": "Binary Data",
    "User": "NT AUTHORITY\\Servicio de red"
  },
  {
    "EventID": "5",
    "TimeCreated": "2026-06-07T18:42:36.2130225Z",
    "RuleName": "-",
    "UtcTime": "2026-06-07 18:42:36.212",
    "ProcessGuid": "{a33c49c6-bb9c-6a25-9f45-000000001b00}",
    "ProcessId": "7296",
    "Image": "C:\\Program Files\\PostgreSQL\\17\\bin\\postgres.exe",
    "User": "NT AUTHORITY\\Servicio de red"
  },
  {
    "EventID": "13",
    "TimeCreated": "2026-06-07T18:42:36.1734457Z",
    "RuleName": "-",
    "EventType": "SetValue",
    "UtcTime": "2026-06-07 18:42:36.171",
    "ProcessGuid": "{a33c49c6-30c4-6a20-6d00-000000001b00}",
    "ProcessId": "6248",
    "Image": "C:\\Program Files\\PostgreSQL\\17\\bin\\postgres.exe",
    "TargetObject": "HKLM\\System\\CurrentControlSet\\Services\\bam\\State\\UserSettings\\S-1-5-20\\\\Device\\HarddiskVolume3\\Program Files\\PostgreSQL\\17\\bin\\postgres.exe",
    "Details": "Binary Data",
    "User": "NT AUTHORITY\\Servicio de red"
  }
]