[
  {
    "EventID": "13",
    "TimeCreated": "2026-06-07T19:14:59.1310887Z",
    "RuleName": "-",
    "EventType": "SetValue",
    "UtcTime": "2026-06-07 19:14:59.129",
    "ProcessGuid": "{a33c49c6-c32d-6a25-be46-000000001b00}",
    "ProcessId": "2784",
    "Image": "C:\\Windows\\system32\\DllHost.exe",
    "TargetObject": "HKLM\\System\\CurrentControlSet\\Services\\bam\\State\\UserSettings\\S-1-5-21-3961930346-3620050953-1644270016-1001\\\\Device\\HarddiskVolume3\\Windows\\System32\\dllhost.exe",
    "Details": "Binary Data",
    "User": "DESKTOP-8341B96\\ABI"
  },
  {
    "EventID": "5",
    "TimeCreated": "2026-06-07T19:14:59.1305485Z",
    "RuleName": "-",
    "UtcTime": "2026-06-07 19:14:59.129",
    "ProcessGuid": "{a33c49c6-c32d-6a25-be46-000000001b00}",
    "ProcessId": "2784",
    "Image": "C:\\Windows\\System32\\dllhost.exe",
    "User": "DESKTOP-8341B96\\ABI"
  },
  {
    "EventID": "13",
    "TimeCreated": "2026-06-07T19:14:57.5661137Z",
    "RuleName": "-",
    "EventType": "SetValue",
    "UtcTime": "2026-06-07 19:14:57.555",
    "ProcessGuid": "{a33c49c6-c331-6a25-bf46-000000001b00}",
    "ProcessId": "19140",
    "Image": "C:\\Program Files\\PostgreSQL\\17\\bin\\postgres.exe",
    "TargetObject": "HKLM\\System\\CurrentControlSet\\Services\\bam\\State\\UserSettings\\S-1-5-20\\\\Device\\HarddiskVolume3\\Program Files\\PostgreSQL\\17\\bin\\postgres.exe",
    "Details": "Binary Data",
    "User": "NT AUTHORITY\\Servicio de red"
  },
  {
    "EventID": "5",
    "TimeCreated": "2026-06-07T19:14:57.5658529Z",
    "RuleName": "-",
    "UtcTime": "2026-06-07 19:14:57.555",
    "ProcessGuid": "{a33c49c6-c331-6a25-bf46-000000001b00}",
    "ProcessId": "19140",
    "Image": "C:\\Program Files\\PostgreSQL\\17\\bin\\postgres.exe",
    "User": "NT AUTHORITY\\Servicio de red"
  },
  {
    "EventID": "13",
    "TimeCreated": "2026-06-07T19:14:57.5274008Z",
    "RuleName": "-",
    "EventType": "SetValue",
    "UtcTime": "2026-06-07 19:14:57.525",
    "ProcessGuid": "{a33c49c6-30c4-6a20-6d00-000000001b00}",
    "ProcessId": "6248",
    "Image": "C:\\Program Files\\PostgreSQL\\17\\bin\\postgres.exe",
    "TargetObject": "HKLM\\System\\CurrentControlSet\\Services\\bam\\State\\UserSettings\\S-1-5-20\\\\Device\\HarddiskVolume3\\Program Files\\PostgreSQL\\17\\bin\\postgres.exe",
    "Details": "Binary Data",
    "User": "NT AUTHORITY\\Servicio de red"
  },
  {
    "EventID": "13",
    "TimeCreated": "2026-06-07T19:14:54.0935456Z",
    "RuleName": "-",
    "EventType": "SetValue",
    "UtcTime": "2026-06-07 19:14:54.085",
    "ProcessGuid": "{a33c49c6-30b8-6a20-eb03-000000000000}",
    "ProcessId": "4",
    "Image": "System",
    "TargetObject": "HKLM\\System\\CurrentControlSet\\Services\\bam\\State\\UserSettings\\S-1-5-21-3961930346-3620050953-1644270016-1001\\SequenceNumber",
    "Details": "DWORD (0x0000029c)",
    "User": "NT AUTHORITY\\SYSTEM"
  },
  {
    "EventID": "13",
    "TimeCreated": "2026-06-07T19:14:54.0935046Z",
    "RuleName": "-",
    "EventType": "SetValue",
    "UtcTime": "2026-06-07 19:14:54.085",
    "ProcessGuid": "{a33c49c6-30b8-6a20-eb03-000000000000}",
    "ProcessId": "4",
    "Image": "System",
    "TargetObject": "HKLM\\System\\CurrentControlSet\\Services\\bam\\State\\UserSettings\\S-1-5-21-3961930346-3620050953-1644270016-1001\\\\Device\\HarddiskVolume3\\Windows\\System32\\DataExchangeHost.exe",
    "Details": "Binary Data",
    "User": "NT AUTHORITY\\SYSTEM"
  },
  {
    "EventID": "12",
    "TimeCreated": "2026-06-07T19:14:54.0934136Z",
    "RuleName": "-",
    "EventType": "CreateKey",
    "UtcTime": "2026-06-07 19:14:54.085",
    "ProcessGuid": "{a33c49c6-30b8-6a20-eb03-000000000000}",
    "ProcessId": "4",
    "Image": "System",
    "TargetObject": "HKLM\\System\\CurrentControlSet\\Services\\bam\\State\\UserSettings\\S-1-5-21-3961930346-3620050953-1644270016-1001",
    "User": "NT AUTHORITY\\SYSTEM"
  },
  {
    "EventID": "13",
    "TimeCreated": "2026-06-07T19:14:53.8748244Z",
    "RuleName": "-",
    "EventType": "SetValue",
    "UtcTime": "2026-06-07 19:14:53.874",
    "ProcessGuid": "{a33c49c6-30b8-6a20-eb03-000000000000}",
    "ProcessId": "4",
    "Image": "System",
    "TargetObject": "HKLM\\System\\CurrentControlSet\\Services\\bam\\State\\UserSettings\\S-1-5-21-3961930346-3620050953-1644270016-1001\\SequenceNumber",
    "Details": "DWORD (0x0000029b)",
    "User": "NT AUTHORITY\\SYSTEM"
  },
  {
    "EventID": "13",
    "TimeCreated": "2026-06-07T19:14:53.8747694Z",
    "RuleName": "-",
    "EventType": "SetValue",
    "UtcTime": "2026-06-07 19:14:53.874",
    "ProcessGuid": "{a33c49c6-30b8-6a20-eb03-000000000000}",
    "ProcessId": "4",
    "Image": "System",
    "TargetObject": "HKLM\\System\\CurrentControlSet\\Services\\bam\\State\\UserSettings\\S-1-5-21-3961930346-3620050953-1644270016-1001\\\\Device\\HarddiskVolume3\\Windows\\System32\\ShellHost.exe",
    "Details": "Binary Data",
    "User": "NT AUTHORITY\\SYSTEM"
  },
  {
    "EventID": "12",
    "TimeCreated": "2026-06-07T19:14:53.8745964Z",
    "RuleName": "-",
    "EventType": "CreateKey",
    "UtcTime": "2026-06-07 19:14:53.872",
    "ProcessGuid": "{a33c49c6-30b8-6a20-eb03-000000000000}",
    "ProcessId": "4",
    "Image": "System",
    "TargetObject": "HKLM\\System\\CurrentControlSet\\Services\\bam\\State\\UserSettings\\S-1-5-21-3961930346-3620050953-1644270016-1001",
    "User": "NT AUTHORITY\\SYSTEM"
  },
  {
    "EventID": "13",
    "TimeCreated": "2026-06-07T19:14:53.8651186Z",
    "RuleName": "-",
    "EventType": "SetValue",
    "UtcTime": "2026-06-07 19:14:53.864",
    "ProcessGuid": "{a33c49c6-30c2-6a20-0f00-000000001b00}",
    "ProcessId": "1764",
    "Image": "C:\\Windows\\system32\\svchost.exe",
    "TargetObject": "HKLM\\System\\CurrentControlSet\\Services\\bam\\State\\UserSettings\\S-1-5-21-3961930346-3620050953-1644270016-1001\\\\Device\\HarddiskVolume3\\Windows\\System32\\dllhost.exe",
    "Details": "Binary Data",
    "User": "NT AUTHORITY\\SYSTEM"
  },
  {
    "EventID": "13",
    "TimeCreated": "2026-06-07T19:14:36.9945621Z",
    "RuleName": "-",
    "EventType": "SetValue",
    "UtcTime": "2026-06-07 19:14:36.993",
    "ProcessGuid": "{a33c49c6-c31c-6a25-bd46-000000001b00}",
    "ProcessId": "22904",
    "Image": "C:\\Program Files\\PostgreSQL\\17\\bin\\postgres.exe",
    "TargetObject": "HKLM\\System\\CurrentControlSet\\Services\\bam\\State\\UserSettings\\S-1-5-20\\\\Device\\HarddiskVolume3\\Program Files\\PostgreSQL\\17\\bin\\postgres.exe",
    "Details": "Binary Data",
    "User": "NT AUTHORITY\\Servicio de red"
  },
  {
    "EventID": "5",
    "TimeCreated": "2026-06-07T19:14:36.9938238Z",
    "RuleName": "-",
    "UtcTime": "2026-06-07 19:14:36.991",
    "ProcessGuid": "{a33c49c6-c31c-6a25-bd46-000000001b00}",
    "ProcessId": "22904",
    "Image": "C:\\Program Files\\PostgreSQL\\17\\bin\\postgres.exe",
    "User": "NT AUTHORITY\\Servicio de red"
  },
  {
    "EventID": "13",
    "TimeCreated": "2026-06-07T19:14:36.9430572Z",
    "RuleName": "-",
    "EventType": "SetValue",
    "UtcTime": "2026-06-07 19:14:36.942",
    "ProcessGuid": "{a33c49c6-30c4-6a20-6d00-000000001b00}",
    "ProcessId": "6248",
    "Image": "C:\\Program Files\\PostgreSQL\\17\\bin\\postgres.exe",
    "TargetObject": "HKLM\\System\\CurrentControlSet\\Services\\bam\\State\\UserSettings\\S-1-5-20\\\\Device\\HarddiskVolume3\\Program Files\\PostgreSQL\\17\\bin\\postgres.exe",
    "Details": "Binary Data",
    "User": "NT AUTHORITY\\Servicio de red"
  },
  {
    "EventID": "12",
    "TimeCreated": "2026-06-07T19:14:32.6345039Z",
    "RuleName": "-",
    "EventType": "CreateKey",
    "UtcTime": "2026-06-07 19:14:32.633",
    "ProcessGuid": "{a33c49c6-856f-6a25-583b-000000001b00}",
    "ProcessId": "16824",
    "Image": "C:\\Program Files\\Microsoft Office\\Root\\Office16\\WINWORD.EXE",
    "TargetObject": "HKLM\\SOFTWARE\\Microsoft\\Office\\ClickToRun\\REGISTRY\\MACHINE\\Software\\Microsoft\\Windows\\CurrentVersion",
    "User": "DESKTOP-8341B96\\ABI"
  },
  {
    "EventID": "12",
    "TimeCreated": "2026-06-07T19:14:32.6344623Z",
    "RuleName": "-",
    "EventType": "CreateKey",
    "UtcTime": "2026-06-07 19:14:32.633",
    "ProcessGuid": "{a33c49c6-856f-6a25-583b-000000001b00}",
    "ProcessId": "16824",
    "Image": "C:\\Program Files\\Microsoft Office\\Root\\Office16\\WINWORD.EXE",
    "TargetObject": "HKLM\\SOFTWARE\\Microsoft\\Office\\ClickToRun\\REGISTRY\\MACHINE\\Software\\Microsoft\\Windows",
    "User": "DESKTOP-8341B96\\ABI"
  },
  {
    "EventID": "12",
    "TimeCreated": "2026-06-07T19:14:32.6344254Z",
    "RuleName": "-",
    "EventType": "CreateKey",
    "UtcTime": "2026-06-07 19:14:32.633",
    "ProcessGuid": "{a33c49c6-856f-6a25-583b-000000001b00}",
    "ProcessId": "16824",
    "Image": "C:\\Program Files\\Microsoft Office\\Root\\Office16\\WINWORD.EXE",
    "TargetObject": "HKLM\\SOFTWARE\\Microsoft\\Office\\ClickToRun\\REGISTRY\\MACHINE\\Software\\Microsoft",
    "User": "DESKTOP-8341B96\\ABI"
  },
  {
    "EventID": "12",
    "TimeCreated": "2026-06-07T19:14:32.6343833Z",
    "RuleName": "-",
    "EventType": "CreateKey",
    "UtcTime": "2026-06-07 19:14:32.633",
    "ProcessGuid": "{a33c49c6-856f-6a25-583b-000000001b00}",
    "ProcessId": "16824",
    "Image": "C:\\Program Files\\Microsoft Office\\Root\\Office16\\WINWORD.EXE",
    "TargetObject": "HKLM\\SOFTWARE\\Microsoft\\Office\\ClickToRun\\REGISTRY\\MACHINE\\Software",
    "User": "DESKTOP-8341B96\\ABI"
  },
  {
    "EventID": "12",
    "TimeCreated": "2026-06-07T19:14:32.6343332Z",
    "RuleName": "-",
    "EventType": "CreateKey",
    "UtcTime": "2026-06-07 19:14:32.633",
    "ProcessGuid": "{a33c49c6-856f-6a25-583b-000000001b00}",
    "ProcessId": "16824",
    "Image": "C:\\Program Files\\Microsoft Office\\Root\\Office16\\WINWORD.EXE",
    "TargetObject": "HKLM\\SOFTWARE\\Microsoft\\Office\\ClickToRun\\REGISTRY\\MACHINE",
    "User": "DESKTOP-8341B96\\ABI"
  },
  {
    "EventID": "12",
    "TimeCreated": "2026-06-07T19:14:32.6342542Z",
    "RuleName": "-",
    "EventType": "CreateKey",
    "UtcTime": "2026-06-07 19:14:32.633",
    "ProcessGuid": "{a33c49c6-856f-6a25-583b-000000001b00}",
    "ProcessId": "16824",
    "Image": "C:\\Program Files\\Microsoft Office\\Root\\Office16\\WINWORD.EXE",
    "TargetObject": "HKLM\\SOFTWARE\\Microsoft\\Office\\ClickToRun\\REGISTRY",
    "User": "DESKTOP-8341B96\\ABI"
  },
  {
    "EventID": "12",
    "TimeCreated": "2026-06-07T19:14:31.5772673Z",
    "RuleName": "-",
    "EventType": "CreateKey",
    "UtcTime": "2026-06-07 19:14:31.576",
    "ProcessGuid": "{a33c49c6-30c2-6a20-1d00-000000001b00}",
    "ProcessId": "2252",
    "Image": "C:\\Windows\\system32\\svchost.exe",
    "TargetObject": "HKLM\\System\\CurrentControlSet\\Services\\Tcpip\\Parameters",
    "User": "NT AUTHORITY\\Servicio de red"
  },
  {
    "EventID": "13",
    "TimeCreated": "2026-06-07T19:14:16.1450566Z",
    "RuleName": "-",
    "EventType": "SetValue",
    "UtcTime": "2026-06-07 19:14:16.139",
    "ProcessGuid": "{a33c49c6-c308-6a25-bc46-000000001b00}",
    "ProcessId": "3000",
    "Image": "C:\\Program Files\\PostgreSQL\\17\\bin\\postgres.exe",
    "TargetObject": "HKLM\\System\\CurrentControlSet\\Services\\bam\\State\\UserSettings\\S-1-5-20\\\\Device\\HarddiskVolume3\\Program Files\\PostgreSQL\\17\\bin\\postgres.exe",
    "Details": "Binary Data",
    "User": "NT AUTHORITY\\Servicio de red"
  },
  {
    "EventID": "5",
    "TimeCreated": "2026-06-07T19:14:16.1446221Z",
    "RuleName": "-",
    "UtcTime": "2026-06-07 19:14:16.139",
    "ProcessGuid": "{a33c49c6-c308-6a25-bc46-000000001b00}",
    "ProcessId": "3000",
    "Image": "C:\\Program Files\\PostgreSQL\\17\\bin\\postgres.exe",
    "User": "NT AUTHORITY\\Servicio de red"
  },
  {
    "EventID": "13",
    "TimeCreated": "2026-06-07T19:14:16.1079758Z",
    "RuleName": "-",
    "EventType": "SetValue",
    "UtcTime": "2026-06-07 19:14:16.105",
    "ProcessGuid": "{a33c49c6-30c4-6a20-6d00-000000001b00}",
    "ProcessId": "6248",
    "Image": "C:\\Program Files\\PostgreSQL\\17\\bin\\postgres.exe",
    "TargetObject": "HKLM\\System\\CurrentControlSet\\Services\\bam\\State\\UserSettings\\S-1-5-20\\\\Device\\HarddiskVolume3\\Program Files\\PostgreSQL\\17\\bin\\postgres.exe",
    "Details": "Binary Data",
    "User": "NT AUTHORITY\\Servicio de red"
  },
  {
    "EventID": "12",
    "TimeCreated": "2026-06-07T19:14:15.0520297Z",
    "RuleName": "-",
    "EventType": "CreateKey",
    "UtcTime": "2026-06-07 19:14:15.051",
    "ProcessGuid": "{a33c49c6-30c2-6a20-1d00-000000001b00}",
    "ProcessId": "2252",
    "Image": "C:\\Windows\\system32\\svchost.exe",
    "TargetObject": "HKLM\\System\\CurrentControlSet\\Services\\Tcpip\\Parameters",
    "User": "NT AUTHORITY\\Servicio de red"
  },
  {
    "EventID": "12",
    "TimeCreated": "2026-06-07T19:13:59.3998221Z",
    "RuleName": "-",
    "EventType": "CreateKey",
    "UtcTime": "2026-06-07 19:13:59.394",
    "ProcessGuid": "{a33c49c6-30c2-6a20-1d00-000000001b00}",
    "ProcessId": "2252",
    "Image": "C:\\Windows\\system32\\svchost.exe",
    "TargetObject": "HKLM\\System\\CurrentControlSet\\Services\\Tcpip\\Parameters",
    "User": "NT AUTHORITY\\Servicio de red"
  },
  {
    "EventID": "12",
    "TimeCreated": "2026-06-07T19:13:59.3996742Z",
    "RuleName": "-",
    "EventType": "CreateKey",
    "UtcTime": "2026-06-07 19:13:59.394",
    "ProcessGuid": "{a33c49c6-30c3-6a20-4f00-000000001b00}",
    "ProcessId": "4680",
    "Image": "C:\\Windows\\system32\\svchost.exe",
    "TargetObject": "HKLM\\System\\CurrentControlSet\\Services\\Tcpip\\Parameters",
    "User": "NT AUTHORITY\\Servicio de red"
  },
  {
    "EventID": "12",
    "TimeCreated": "2026-06-07T19:13:59.3996421Z",
    "RuleName": "-",
    "EventType": "CreateKey",
    "UtcTime": "2026-06-07 19:13:59.394",
    "ProcessGuid": "{a33c49c6-30c3-6a20-4f00-000000001b00}",
    "ProcessId": "4680",
    "Image": "C:\\Windows\\system32\\svchost.exe",
    "TargetObject": "HKLM\\System\\CurrentControlSet\\Services\\Tcpip\\Parameters",
    "User": "NT AUTHORITY\\Servicio de red"
  },
  {
    "EventID": "12",
    "TimeCreated": "2026-06-07T19:13:59.3995818Z",
    "RuleName": "-",
    "EventType": "CreateKey",
    "UtcTime": "2026-06-07 19:13:59.394",
    "ProcessGuid": "{a33c49c6-30c3-6a20-4f00-000000001b00}",
    "ProcessId": "4680",
    "Image": "C:\\Windows\\system32\\svchost.exe",
    "TargetObject": "HKLM\\System\\CurrentControlSet\\Services\\Tcpip\\Parameters",
    "User": "NT AUTHORITY\\Servicio de red"
  },
  {
    "EventID": "13",
    "TimeCreated": "2026-06-07T19:13:57.5628539Z",
    "RuleName": "-",
    "EventType": "SetValue",
    "UtcTime": "2026-06-07 19:13:57.560",
    "ProcessGuid": "{a33c49c6-c2f5-6a25-bb46-000000001b00}",
    "ProcessId": "19032",
    "Image": "C:\\Program Files\\PostgreSQL\\17\\bin\\postgres.exe",
    "TargetObject": "HKLM\\System\\CurrentControlSet\\Services\\bam\\State\\UserSettings\\S-1-5-20\\\\Device\\HarddiskVolume3\\Program Files\\PostgreSQL\\17\\bin\\postgres.exe",
    "Details": "Binary Data",
    "User": "NT AUTHORITY\\Servicio de red"
  },
  {
    "EventID": "5",
    "TimeCreated": "2026-06-07T19:13:57.5623540Z",
    "RuleName": "-",
    "UtcTime": "2026-06-07 19:13:57.560",
    "ProcessGuid": "{a33c49c6-c2f5-6a25-bb46-000000001b00}",
    "ProcessId": "19032",
    "Image": "C:\\Program Files\\PostgreSQL\\17\\bin\\postgres.exe",
    "User": "NT AUTHORITY\\Servicio de red"
  },
  {
    "EventID": "13",
    "TimeCreated": "2026-06-07T19:13:57.4167251Z",
    "RuleName": "-",
    "EventType": "SetValue",
    "UtcTime": "2026-06-07 19:13:57.415",
    "ProcessGuid": "{a33c49c6-30c4-6a20-6d00-000000001b00}",
    "ProcessId": "6248",
    "Image": "C:\\Program Files\\PostgreSQL\\17\\bin\\postgres.exe",
    "TargetObject": "HKLM\\System\\CurrentControlSet\\Services\\bam\\State\\UserSettings\\S-1-5-20\\\\Device\\HarddiskVolume3\\Program Files\\PostgreSQL\\17\\bin\\postgres.exe",
    "Details": "Binary Data",
    "User": "NT AUTHORITY\\Servicio de red"
  },
  {
    "EventID": "12",
    "TimeCreated": "2026-06-07T19:13:37.8618831Z",
    "RuleName": "-",
    "EventType": "CreateKey",
    "UtcTime": "2026-06-07 19:13:37.860",
    "ProcessGuid": "{a33c49c6-30c2-6a20-1d00-000000001b00}",
    "ProcessId": "2252",
    "Image": "C:\\Windows\\system32\\svchost.exe",
    "TargetObject": "HKLM\\System\\CurrentControlSet\\Services\\Tcpip\\Parameters",
    "User": "NT AUTHORITY\\Servicio de red"
  },
  {
    "EventID": "13",
    "TimeCreated": "2026-06-07T19:13:36.8756886Z",
    "RuleName": "-",
    "EventType": "SetValue",
    "UtcTime": "2026-06-07 19:13:36.874",
    "ProcessGuid": "{a33c49c6-c2e0-6a25-ba46-000000001b00}",
    "ProcessId": "21980",
    "Image": "C:\\Program Files\\PostgreSQL\\17\\bin\\postgres.exe",
    "TargetObject": "HKLM\\System\\CurrentControlSet\\Services\\bam\\State\\UserSettings\\S-1-5-20\\\\Device\\HarddiskVolume3\\Program Files\\PostgreSQL\\17\\bin\\postgres.exe",
    "Details": "Binary Data",
    "User": "NT AUTHORITY\\Servicio de red"
  },
  {
    "EventID": "5",
    "TimeCreated": "2026-06-07T19:13:36.8755297Z",
    "RuleName": "-",
    "UtcTime": "2026-06-07 19:13:36.874",
    "ProcessGuid": "{a33c49c6-c2e0-6a25-ba46-000000001b00}",
    "ProcessId": "21980",
    "Image": "C:\\Program Files\\PostgreSQL\\17\\bin\\postgres.exe",
    "User": "NT AUTHORITY\\Servicio de red"
  },
  {
    "EventID": "13",
    "TimeCreated": "2026-06-07T19:13:36.8298946Z",
    "RuleName": "-",
    "EventType": "SetValue",
    "UtcTime": "2026-06-07 19:13:36.829",
    "ProcessGuid": "{a33c49c6-30c4-6a20-6d00-000000001b00}",
    "ProcessId": "6248",
    "Image": "C:\\Program Files\\PostgreSQL\\17\\bin\\postgres.exe",
    "TargetObject": "HKLM\\System\\CurrentControlSet\\Services\\bam\\State\\UserSettings\\S-1-5-20\\\\Device\\HarddiskVolume3\\Program Files\\PostgreSQL\\17\\bin\\postgres.exe",
    "Details": "Binary Data",
    "User": "NT AUTHORITY\\Servicio de red"
  },
  {
    "EventID": "13",
    "TimeCreated": "2026-06-07T19:13:16.1575593Z",
    "RuleName": "-",
    "EventType": "SetValue",
    "UtcTime": "2026-06-07 19:13:16.156",
    "ProcessGuid": "{a33c49c6-c2cc-6a25-b946-000000001b00}",
    "ProcessId": "13828",
    "Image": "C:\\Program Files\\PostgreSQL\\17\\bin\\postgres.exe",
    "TargetObject": "HKLM\\System\\CurrentControlSet\\Services\\bam\\State\\UserSettings\\S-1-5-20\\\\Device\\HarddiskVolume3\\Program Files\\PostgreSQL\\17\\bin\\postgres.exe",
    "Details": "Binary Data",
    "User": "NT AUTHORITY\\Servicio de red"
  },
  {
    "EventID": "5",
    "TimeCreated": "2026-06-07T19:13:16.1570380Z",
    "RuleName": "-",
    "UtcTime": "2026-06-07 19:13:16.156",
    "ProcessGuid": "{a33c49c6-c2cc-6a25-b946-000000001b00}",
    "ProcessId": "13828",
    "Image": "C:\\Program Files\\PostgreSQL\\17\\bin\\postgres.exe",
    "User": "NT AUTHORITY\\Servicio de red"
  },
  {
    "EventID": "13",
    "TimeCreated": "2026-06-07T19:13:16.1092083Z",
    "RuleName": "-",
    "EventType": "SetValue",
    "UtcTime": "2026-06-07 19:13:16.106",
    "ProcessGuid": "{a33c49c6-30c4-6a20-6d00-000000001b00}",
    "ProcessId": "6248",
    "Image": "C:\\Program Files\\PostgreSQL\\17\\bin\\postgres.exe",
    "TargetObject": "HKLM\\System\\CurrentControlSet\\Services\\bam\\State\\UserSettings\\S-1-5-20\\\\Device\\HarddiskVolume3\\Program Files\\PostgreSQL\\17\\bin\\postgres.exe",
    "Details": "Binary Data",
    "User": "NT AUTHORITY\\Servicio de red"
  },
  {
    "EventID": "12",
    "TimeCreated": "2026-06-07T19:13:10.3996557Z",
    "RuleName": "-",
    "EventType": "CreateKey",
    "UtcTime": "2026-06-07 19:13:10.399",
    "ProcessGuid": "{a33c49c6-30c3-6a20-4b00-000000001b00}",
    "ProcessId": "4636",
    "Image": "C:\\Windows\\System32\\svchost.exe",
    "TargetObject": "HKLM\\SOFTWARE\\Microsoft\\Windows Performance Toolkit\\v5\\WPRControl\\DiagTrackMiniLogger\\Boot\\SystemRunning",
    "User": "NT AUTHORITY\\SYSTEM"
  },
  {
    "EventID": "13",
    "TimeCreated": "2026-06-07T19:13:10.3994771Z",
    "RuleName": "-",
    "EventType": "SetValue",
    "UtcTime": "2026-06-07 19:13:10.398",
    "ProcessGuid": "{a33c49c6-30c3-6a20-4b00-000000001b00}",
    "ProcessId": "4636",
    "Image": "C:\\Windows\\System32\\svchost.exe",
    "TargetObject": "HKLM\\SOFTWARE\\Microsoft\\Windows Performance Toolkit\\v5\\WPRControl\\DiagTrackMiniLogger\\Boot\\RunningProfile",
    "Details": "<WindowsPerformanceRecorder Version=\"1.0\">\n  <Profiles>\n    <SystemCollector Id=\"WPR_initiated_DiagTrackMiniLogger_WPR_System_Collector\" Name=\"WPR_initiated_DiagTrackMiniLogger_WPR System Collector\">\n      <BufferSize Value=\"128\" />\n      <Buffers Value=\"8\" />\n      <StackCaching BucketCount=\"256\" CacheSize=\"3072\" />\n    </SystemCollector>\n    <EventCollector Id=\"WPR_initiated_DiagTrackMiniLogger_OneTrace_User_Logger_20260605_1_EC_0\" Name=\"WPR_initiated_DiagTrackMiniLogger_OneTrace_User_Logger_20260605_1_EC_0\">\n      <BufferSize Value=\"256\" />\n      <Buffers Value=\"124\" />\n    </EventCollector>\n    <SystemProvider Id=\"WPR_initiated_DiagTrackMiniLogger_WPR_System_Collector_Provider\">\n      <Keywords>\n        <Keyword Value=\"ProcessThread\" />\n      </Keywords>\n    </SystemProvider>\n    <EventProvider Id=\"OneTrace_User_Logger_20260605_1_EC_0_51581635-6fe5-5d15-5374-ec660c4b87a0\" Name=\"51581635-6fe5-5d15-5374-ec660c4b87a0\" NonPagedMemory=\"true\" EventKey=\"true\" ExcludeInPrivate=\"true\" />\n    <EventProvider Id=\"OneTrace_User_Logger_20260605_1_EC_0_a2a3a1d0-ac4c-4a8f-bcd3-db69fba5affc\" Name=\"a2a3a1d0-ac4c-4a8f-bcd3-db69fba5affc\" NonPagedMemory=\"true\" EventKey=\"true\" ExcludeInPrivate=\"true\" Level=\"4\">\n      <Keywords>\n        <Keyword Value=\"0x0000000000000300\" />\n      </Keywords>\n    </EventProvider>\n    <EventProvider Id=\"OneTrace_User_Logger_20260605_1_EC_0_8c7d8f83-c377-4e71-8fed-4ef2c46e90b8\" Name=\"8c7d8f83-c377-4e71-8fed-4ef2c46e90b8\" NonPagedMemory=\"true\" EventKey=\"true\" ExcludeInPrivate=\"true\" />\n    <EventProvider Id=\"OneTrace_User_Logger_20260605_1_EC_0_7c540cb2-4e3d-4b30-982a-6f381aaf1074\" Name=\"7c540cb2-4e3d-4b30-982a-6f381aaf1074\" NonPagedMemory=\"true\" EventKey=\"true\" ExcludeInPrivate=\"true\" Level=\"4\" />\n    <EventProvider Id=\"OneTrace_User_Logger_20260605_1_EC_0_9498441b-f0e0-4331-a5ad-a3e77e0ff2f4\" Name=\"9498441b-f0e0-4331-a5ad-a3e77e0ff2f4\" NonPagedMemory=\"true\" EventKey=\"true\" ExcludeInPrivate=\"true\" Level=\"3\">\n      <Keywords>\n        <Keyword Value=\"0xffffffffffefffff\" />\n      </Keywords>\n      <CaptureStateOnSave Timeout=\"0\">\n        <Keyword Value=\"0xffffffffffefffff\" />\n      </CaptureStateOnSave>\n    </EventProvider>\n    <EventProvider Id=\"OneTrace_User_Logger_20260605_1_EC_0_8a562815-f309-41ff-a52c-ec0764f8daee\" Name=\"8a562815-f309-41ff-a52c-ec0764f8daee\" NonPagedMemory=\"true\" EventKey=\"true\" ExcludeInPrivate=\"true\" Level=\"5\" />\n    <EventProvider Id=\"OneTrace_User_Logger_20260605_1_EC_0_0b67e6f7-ae91-470c-b4b6-dcd6a9034e18\" Name=\"0b67e6f7-ae91-470c-b4b6-dcd6a9034e18\" NonPagedMemory=\"true\" EventKey=\"true\" ExcludeInPrivate=\"true\">\n      <Keywords>\n        <Keyword Value=\"0x0000000000ffffff\" />\n      </Keywords>\n    </EventProvider>\n    <EventProvider Id=\"OneTrace_User_Logger_20260605_1_EC_0_8e6f4905-0d1c-5efe-b6b3-0180234333e2\" Name=\"8e6f4905-0d1c-5efe-b6b3-0180234333e2\" NonPagedMemory=\"true\" EventKey=\"true\" ExcludeInPrivate=\"true\" Level=\"5\">\n      <CaptureStateOnSave Timeout=\"0\">\n        <Keyword Value=\"0xffffffffffffffff\" />\n      </CaptureStateOnSave>\n    </EventProvider>\n    <EventProvider Id=\"OneTrace_User_Logger_20260605_1_EC_0_f0d933d3-6ff1-4de9-8f8d-7a4142c8faf9\" Name=\"f0d933d3-6ff1-4de9-8f8d-7a4142c8faf9\" NonPagedMemory=\"true\" EventKey=\"true\" ExcludeInPrivate=\"true\" Level=\"5\" />\n    <EventProvider Id=\"OneTrace_User_Logger_20260605_1_EC_0_fe4610e0-3027-5467-2b37-2a6755e4b60e\" Name=\"fe4610e0-3027-5467-2b37-2a6755e4b60e\" NonPagedMemory=\"true\" EventKey=\"true\" ExcludeInPrivate=\"true\" Level=\"4\" />\n    <EventProvider Id=\"OneTrace_User_Logger_20260605_1_EC_0_6966fe51-e224-4baa-99bc-897b3ed3b823\" Name=\"6966fe51-e224-4baa-99bc-897b3ed3b823\" NonPagedMemory=\"true\" EventKey=\"true\" ExcludeInPrivate=\"true\" Level=\"4\" />\n    <EventProvider Id=\"OneTrace_User_Logger_20260605_1_EC_0_1e53d326-4f81-4798-9f90-f94c3def708f\" Name=\"1e53d326-4f81-4798-9f90-f94c3def708f\" NonPagedMemory=\"true\" EventKey=\"true\" ExcludeInPrivate=\"true\">\n      <Keywords>\n        <Keyword Value=\"0x0000000000000007\" />\n      </Keywords>\n    </EventProvider>\n    <EventProvider Id=\"OneTrace_User_Logger_20260605_1_EC_0_24b4f621-1022-48ed-8b93-23fa02191d83\" Name=\"24b4f621-1022-48ed-8b93-23fa02191d83\" NonPagedMemory=\"true\" EventKey=\"true\" ExcludeInPrivate=\"true\" Level=\"5\" />\n    <EventProvider Id=\"OneTrace_User_Logger_20260605_1_EC_0_96b47202-a28b-5a2b-cd48-44932e4a7a2c\" Name=\"96b47202-a28b-5a2b-cd48-44932e4a7a2c\" NonPagedMemory=\"true\" SID=\"true\" EventKey=\"true\" ExcludeInPrivate=\"true\" />\n    <EventProvider Id=\"OneTrace_User_Logger_20260605_1_EC_0_aa1b41d3-d193-4660-9b47-dd701ba55841\" Name=\"aa1b41d3-d193-4660-9b47-dd701ba55841\" NonPagedMemory=\"true\" EventKey=\"true\" ExcludeInPrivate=\"true\" Level=\"5\" />\n    <EventProvider Id=\"OneTrace_User_Logger_20260605_1_EC_0_29daeb1a-8f24-5abd-1704-dcc05bf3be36\" Name=\"29daeb1a-8f24-5abd-1704-dcc05bf3be36\" NonPagedMemory=\"true\" EventKey=\"true\" ExcludeInPrivate=\"true\" Level=\"5\" />\n    <EventProvider Id=\"OneTrace_User_Logger_20260605_1_EC_0_b2a35b16-1240-5ace-2955-cae64c99f22e\" Name=\"b2a35b16-1240-5ace-2955-cae64c99f22e\" NonPagedMemory=\"true\" EventKey=\"true\" ExcludeInPrivate=\"true\" Level=\"5\" />\n    <EventProvider Id=\"OneTrace_User_Logger_20260605_1_EC_0_3e7d64a0-6123-5772-93f1-48fbe195a162\" Name=\"3e7d64a0-6123-5772-93f1-48fbe195a162\" NonPagedMemory=\"true\" EventKey=\"true\" ExcludeInPrivate=\"true\" Level=\"5\" />\n    <EventProvider Id=\"OneTrace_User_Logger_20260605_1_EC_0_41135d9d-15eb-54e8-7bfb-3c9b1870b579\" Name=\"41135d9d-15eb-54e8-7bfb-3c9b1870b579\" NonPagedMemory=\"true\" EventKey=\"true\" ExcludeInPrivate=\"true\" Level=\"5\" />\n    <EventProvider Id=\"OneTrace_User_Logger_20260605_1_EC_0_ab9ebce4-fe7f-4dab-ace8-b28af18ec32d\" Name=\"ab9ebce4-fe7f-4dab-ace8-b28af18ec32d\" NonPagedMemory=\"true\" EventKey=\"true\" ExcludeInPrivate=\"true\" Level=\"5\" />\n    <EventProvider Id=\"OneTrace_User_Logger_20260605_1_EC_0_b2db31cc-8fdc-4466-978e-e361942b4273\" Name=\"b2db31cc-8fdc-4466-978e-e361942b4273\" NonPagedMemory=\"true\" EventKey=\"true\" ExcludeInPrivate=\"true\" Level=\"5\" />\n    <EventProvider Id=\"OneTrace_User_Logger_20260605_1_EC_0_f1ef270a-0d32-4352-ba52-dbab41e1d859\" Name=\"f1ef270a-0d32-4352-ba52-dbab41e1d859\" NonPagedMemory=\"true\" EventKey=\"true\" ExcludeInPrivate=\"true\" Level=\"5\" />\n    <EventProvider Id=\"OneTrace_User_Logger_20260605_1_EC_0_1972db93-8ab1-47a6-8ff5-f37744fdb721\" Name=\"1972db93-8ab1-47a6-8ff5-f37744fdb721\" NonPagedMemory=\"true\" EventKey=\"true\" ExcludeInPrivate=\"true\" Level=\"4\">\n      <Keywords>\n        <Keyword Value=\"0x0000000000000001\" />\n      </Keywords>\n    </EventProvider>\n    <EventProvider Id=\"OneTrace_User_Logger_20260605_1_EC_0_9bfec32d-7619-4994-a0eb-4c772392546c\" Name=\"9bfec32d-7619-4994-a0eb-4c772392546c\" NonPagedMemory=\"true\" EventKey=\"true\" ExcludeInPrivate=\"true\" Level=\"5\" />\n    <EventProvider Id=\"OneTrace_User_Logger_20260605_1_EC_0_779c4ed4-290a-43ea-9b3a-650f27c060d1\" Name=\"779c4ed4-290a-43ea-9b3a-650f27c060d1\" NonPagedMemory=\"true\" EventKey=\"true\" ExcludeInPrivate=\"true\" Level=\"5\" />\n    <EventProvider Id=\"OneTrace_User_Logger_20260605_1_EC_0_f33c9319-3d38-54fb-aebf-4e2fa85cdf4d\" Name=\"f33c9319-3d38-54fb-aebf-4e2fa85cdf4d\" NonPagedMemory=\"true\" EventKey=\"true\" ExcludeInPrivate=\"true\" Level=\"4\" />\n    <EventProvider Id=\"OneTrace_User_Logger_20260605_1_EC_0_786d1d74-6140-5892-badf-40232a161379\" Name=\"786d1d74-6140-5892-badf-40232a161379\" NonPagedMemory=\"true\" EventKey=\"true\" ExcludeInPrivate=\"true\" Level=\"4\" />\n    <EventProvider Id=\"OneTrace_User_Logger_20260605_1_EC_0_dbf9acbc-e300-52a0-6d5e-cc6bcf42365c\" Name=\"dbf9acbc-e300-52a0-6d5e-cc6bcf42365c\" NonPagedMemory=\"true\" EventKey=\"true\" ExcludeInPrivate=\"true\" Level=\"5\" />\n    <EventProvider Id=\"OneTrace_User_Logger_20260605_1_EC_0_7775116d-cc63-5562-6011-abb0e813e2bf\" Name=\"7775116d-cc63-5562-6011-abb0e813e2bf\" NonPagedMemory=\"true\" EventKey=\"true\" ExcludeInPrivate=\"true\" Level=\"5\" />\n    <EventProvider Id=\"OneTrace_User_Logger_20260605_1_EC_0_de7b24ea-73c8-4a09-985d-5bdadcfa9017\" Name=\"de7b24ea-73c8-4a09-985d-5bdadcfa9017\" NonPagedMemory=\"true\" EventKey=\"true\" ExcludeInPrivate=\"true\" Level=\"4\">\n      <CaptureStateOnSave Timeout=\"0\">\n        <Keyword Value=\"0xffffffffffffffff\" />\n      </CaptureStateOnSave>\n    </EventProvider>\n    <EventProvider Id=\"OneTrace_User_Logger_20260605_1_EC_0_ffe467f7-4f51-4061-82be-c2ed8946a961\" Name=\"ffe467f7-4f51-4061-82be-c2ed8946a961\" NonPagedMemory=\"true\" EventKey=\"true\" ExcludeInPrivate=\"true\" Level=\"5\" />\n    <EventProvider Id=\"OneTrace_User_Logger_20260605_1_EC_0_f4190f32-f96e-479c-a45d-d485cffe42e6\" Name=\"f4190f32-f96e-479c-a45d-d485cffe42e6\" NonPagedMemory=\"true\" EventKey=\"true\" ExcludeInPrivate=\"true\" Level=\"5\" />\n    <EventProvider Id=\"OneTrace_User_Logger_20260605_1_EC_0_91558f59-b78a-4994-8b64-8067b33bdd71\" Name=\"91558f59-b78a-4994-8b64-8067b33bdd71\" NonPagedMemory=\"true\" EventKey=\"true\" ExcludeInPrivate=\"true\" Level=\"5\" />\n    <EventProvider Id=\"OneTrace_User_Logger_20260605_1_EC_0_59a36fc6-225a-41bf-b1b4-b558a37798cd\" Name=\"59a36fc6-225a-41bf-b1b4-b558a37798cd\" NonPagedMemory=\"true\" EventKey=\"true\" ExcludeInPrivate=\"true\" Level=\"5\" />\n    <EventProvider Id=\"OneTrace_User_Logger_20260605_1_EC_0_9d77a4fd-125f-5906-0485-ab67ff911a8b\" Name=\"9d77a4fd-125f-5906-0485-ab67ff911a8b\" NonPagedMemory=\"true\" EventKey=\"true\" ExcludeInPrivate=\"true\" Level=\"4\" />\n    <EventProvider Id=\"OneTrace_User_Logger_20260605_1_EC_0_60ab38b4-0aa6-488f-8609-b4e61a3a24ad\" Name=\"60ab38b4-0aa6-488f-8609-b4e61a3a24ad\" NonPagedMemory=\"true\" EventKey=\"true\" ExcludeInPrivate=\"true\" Level=\"5\" />\n    <EventProvider Id=\"OneTrace_User_Logger_20260605_1_EC_0_64aa695c-9c53-58ad-2fe7-9358ab788507\" Name=\"64aa695c-9c53-58ad-2fe7-9358ab788507\" NonPagedMemory=\"true\" EventKey=\"true\" ExcludeInPrivate=\"true\" Level=\"5\" />\n    <EventProvider Id=\"OneTrace_User_Logger_20260605_1_EC_0_8fc1266a-aaf0-56c5-763f-29132ec83c3e\" Name=\"8fc1266a-aaf0-56c5-763f-29132ec83c3e\" NonPagedMemory=\"true\" EventKey=\"true\" ExcludeInPrivate=\"true\" Level=\"5\" />\n    <EventProvider Id=\"OneTrace_User_Logger_20260605_1_EC_0_d7c4072e-0fe3-580c-7ea5-5367644777ba\" Name=\"d7c4072e-0fe3-580c-7ea5-5367644777ba\" NonPagedMemory=\"true\" EventKey=\"true\" ExcludeInPrivate=\"true\" Level=\"3\" />\n    <EventProvider Id=\"OneTrace_User_Logger_20260605_1_EC_0_4c2d8663-9664-55ea-209a-5b4d45e2a9e1\" Name=\"4c2d8663-9664-55ea-209a-5b4d45e2a9e1\" NonPagedMemory=\"true\" EventKey=\"true\" ExcludeInPrivate=\"true\" Level=\"5\" />\n    <EventProvider Id=\"OneTrace_User_Logger_20260605_1_EC_0_73f03cb2-e523-55d3-9a6a-46855f5aeae7\" Name=\"73f03cb2-e523-55d3-9a6a-46855f5aeae7\" NonPagedMemory=\"true\" EventKey=\"true\" ExcludeInPrivate=\"true\" Level=\"5\">\n      <Keywords>\n        <Keyword Value=\"0x000000007fffffff\" />\n      </Keywords>\n    </EventProvider>\n    <EventProvider Id=\"OneTrace_User_Logger_20260605_1_EC_0_31926246-40cd-5fc2-2104-cd93491a2472\" Name=\"31926246-40cd-5fc2-2104-cd93491a2472\" NonPagedMemory=\"true\" EventKey=\"true\" ExcludeInPrivate=\"true\" Level=\"5\" />\n    <EventProvider Id=\"OneTrace_User_Logger_20260605_1_EC_0_1aff6089-e863-4d36-bdfd-3581f07440be\" Name=\"1aff6089-e863-4d36-bdfd-3581f07440be\" NonPagedMemory=\"true\" EventKey=\"true\" ExcludeInPrivate=\"true\" Level=\"100\" />\n    <EventProvider Id=\"OneTrace_User_Logger_20260605_1_EC_0_d1bc9aff-2abf-4d71-9146-ecb2a986eb85\" Name=\"d1bc9aff-2abf-4d71-9146-ecb2a986eb85\" NonPagedMemory=\"true\" EventKey=\"true\" ExcludeInPrivate=\"true\" Level=\"5\">\n      <Keywords>\n        <Keyword Value=\"0x000000000fffffff\" />\n      </Keywords>\n      <EventFilters FilterIn=\"false\">\n        <EventId Value=\"2007\" />\n        <EventId Value=\"2041\" />\n      </EventFilters>\n    </EventProvider>\n    <EventProvider Id=\"OneTrace_User_Logger_20260605_1_EC_0_abe36e8e-6eb9-5800-6b97-8b3703336fbb\" Name=\"abe36e8e-6eb9-5800-6b97-8b3703336fbb\" NonPagedMemory=\"true\" EventKey=\"true\" ExcludeInPrivate=\"true\" Level=\"5\" />\n    <EventProvider Id=\"OneTrace_User_Logger_20260605_1_EC_0_82184d1d-0ad6-57d9-eb5b-7809fd104933\" Name=\"82184d1d-0ad6-57d9-eb5b-7809fd104933\" NonPagedMemory=\"true\" SID=\"true\" EventKey=\"true\" ExcludeInPrivate=\"true\" />\n    <EventProvider Id=\"OneTrace_User_Logger_20260605_1_EC_0_3f310f97-4a51-4c4b-af87-5ae2bbbe0b97\" Name=\"3f310f97-4a51-4c4b-af87-5ae2bbbe0b97\" NonPagedMemory=\"true\" EventKey=\"true\" ExcludeInPrivate=\"true\" />\n    <EventProvider Id=\"OneTrace_User_Logger_20260605_1_EC_0_03784813-55fc-59ab-09c6-3dabe2599378\" Name=\"03784813-55fc-59ab-09c6-3dabe2599378\" NonPagedMemory=\"true\" EventKey=\"true\" ExcludeInPrivate=\"true\" Level=\"5\">\n      <Keywords>\n        <Keyword Value=\"0x00000000ffffffff\" />\n      </Keywords>\n    </EventProvider>\n    <EventProvider Id=\"OneTrace_User_Logger_20260605_1_EC_0_4fc9f9f9-737c-5e66-8cec-6b8e40a75891\" Name=\"4fc9f9f9-737c-5e66-8cec-6b8e40a75891\" NonPagedMemory=\"true\" EventKey=\"true\" ExcludeInPrivate=\"true\" Level=\"5\" />\n    <EventProvider Id=\"OneTrace_User_Logger_20260605_1_EC_0_5f1e1b94-a9fe-57d8-abe7-d29a6df9e967\" Name=\"5f1e1b94-a9fe-57d8-abe7-d29a6df9e967\" NonPagedMemory=\"true\" EventKey=\"true\" ExcludeInPrivate=\"true\" Level=\"5\" />\n    <EventProvider Id=\"OneTrace_User_Logger_20260605_1_EC_0_7baad664-4610-5c94-7d83-1c0ef117b874\" Name=\"7baad664-4610-5c94-7d83-1c0ef117b874\" NonPagedMemory=\"true\" EventKey=\"true\" ExcludeInPrivate=\"true\" />\n    <EventProvider Id=\"OneTrace_User_Logger_20260605_1_EC_0_8a89bb02-e559-57dc-a64b-c12234b7572f\" Name=\"8a89bb02-e559-57dc-a64b-c12234b7572f\" NonPagedMemory=\"true\" EventKey=\"true\" ExcludeInPrivat",
    "User": "NT AUTHORITY\\SYSTEM"
  },
  {
    "EventID": "12",
    "TimeCreated": "2026-06-07T19:13:09.7447240Z",
    "RuleName": "-",
    "EventType": "CreateKey",
    "UtcTime": "2026-06-07 19:13:09.744",
    "ProcessGuid": "{a33c49c6-30c3-6a20-4b00-000000001b00}",
    "ProcessId": "4636",
    "Image": "C:\\Windows\\System32\\svchost.exe",
    "TargetObject": "HKLM\\SOFTWARE\\Microsoft\\Windows Performance Toolkit\\v5\\WPRControl\\DiagTrackMiniLogger\\Normal\\SystemRunning",
    "User": "NT AUTHORITY\\SYSTEM"
  },
  {
    "EventID": "13",
    "TimeCreated": "2026-06-07T19:13:09.7445994Z",
    "RuleName": "-",
    "EventType": "SetValue",
    "UtcTime": "2026-06-07 19:13:09.744",
    "ProcessGuid": "{a33c49c6-30c3-6a20-4b00-000000001b00}",
    "ProcessId": "4636",
    "Image": "C:\\Windows\\System32\\svchost.exe",
    "TargetObject": "HKLM\\SOFTWARE\\Microsoft\\Windows Performance Toolkit\\v5\\WPRControl\\DiagTrackMiniLogger\\Normal\\RunningProfile",
    "Details": "<WindowsPerformanceRecorder Version=\"1.0\">\n  <Profiles>\n    <SystemCollector Id=\"WPR_initiated_DiagTrackMiniLogger_WPR_System_Collector\" Name=\"WPR_initiated_DiagTrackMiniLogger_WPR System Collector\" HostGuestCorrelation=\"false\">\n      <BufferSize Value=\"128\" />\n      <Buffers Value=\"32\" />\n      <StackCaching BucketCount=\"256\" CacheSize=\"3072\" />\n    </SystemCollector>\n    <EventCollector Id=\"WPR_initiated_DiagTrackMiniLogger_OneTrace_User_Logger_20260605_1_EC_0\" Name=\"WPR_initiated_DiagTrackMiniLogger_OneTrace_User_Logger_20260605_1_EC_0\">\n      <BufferSize Value=\"256\" />\n      <Buffers Value=\"124\" />\n    </EventCollector>\n    <SystemProvider Id=\"WPR_initiated_DiagTrackMiniLogger_WPR_System_Collector_Provider\">\n      <Keywords>\n        <Keyword Value=\"ProcessThread\" />\n      </Keywords>\n    </SystemProvider>\n    <EventProvider Id=\"OneTrace_User_Logger_20260605_1_EC_0_048dc470-37c1-52a8-565a-54cb27be37ec\" Name=\"048dc470-37c1-52a8-565a-54cb27be37ec\" NonPagedMemory=\"true\" EventKey=\"true\" ExcludeInPrivate=\"true\" Level=\"5\">\n      <Keywords>\n        <Keyword Value=\"0x00000000ffffffff\" />\n      </Keywords>\n    </EventProvider>\n    <EventProvider Id=\"OneTrace_User_Logger_20260605_1_EC_0_aab97afe-deaf-5882-1e3b-d7210f059dc1\" Name=\"aab97afe-deaf-5882-1e3b-d7210f059dc1\" NonPagedMemory=\"true\" EventKey=\"true\" ExcludeInPrivate=\"true\" Level=\"5\" />\n    <EventProvider Id=\"OneTrace_User_Logger_20260605_1_EC_0_b0f40491-9ea6-5fd5-ccb1-0ec63be8b674\" Name=\"b0f40491-9ea6-5fd5-ccb1-0ec63be8b674\" NonPagedMemory=\"true\" EventKey=\"true\" ExcludeInPrivate=\"true\" Level=\"5\" />\n    <EventProvider Id=\"OneTrace_User_Logger_20260605_1_EC_0_4ee869fa-9954-4b90-9a62-308c74f99d32\" Name=\"4ee869fa-9954-4b90-9a62-308c74f99d32\" NonPagedMemory=\"true\" EventKey=\"true\" ExcludeInPrivate=\"true\" Level=\"3\">\n      <Keywords>\n        <Keyword Value=\"0x000000007fffffff\" />\n      </Keywords>\n    </EventProvider>\n    <EventProvider Id=\"OneTrace_User_Logger_20260605_1_EC_0_aa1b41d3-d193-4660-9b47-dd701ba55841\" Name=\"aa1b41d3-d193-4660-9b47-dd701ba55841\" NonPagedMemory=\"true\" EventKey=\"true\" ExcludeInPrivate=\"true\" Level=\"5\" />\n    <EventProvider Id=\"OneTrace_User_Logger_20260605_1_EC_0_273c19b2-6643-5a58-6288-c336d3688b8d\" Name=\"273c19b2-6643-5a58-6288-c336d3688b8d\" NonPagedMemory=\"true\" EventKey=\"true\" ExcludeInPrivate=\"true\" Level=\"5\">\n      <EventNameFilters FilterIn=\"false\" Level=\"255\">\n        <EventName Value=\"Invoke\" />\n      </EventNameFilters>\n    </EventProvider>\n    <EventProvider Id=\"OneTrace_User_Logger_20260605_1_EC_0_ef00584a-2655-462c-bc24-e7de630e7fbf\" Name=\"ef00584a-2655-462c-bc24-e7de630e7fbf\" NonPagedMemory=\"true\" EventKey=\"true\" ExcludeInPrivate=\"true\" Level=\"5\" />\n    <EventProvider Id=\"OneTrace_User_Logger_20260605_1_EC_0_e0be2aaa-b6c3-5f17-4e86-1cde27b51ac1\" Name=\"e0be2aaa-b6c3-5f17-4e86-1cde27b51ac1\" NonPagedMemory=\"true\" EventKey=\"true\" ExcludeInPrivate=\"true\" Level=\"5\" />\n    <EventProvider Id=\"OneTrace_User_Logger_20260605_1_EC_0_6fb61ac3-3455-4da4-8313-c1a855ee64c5\" Name=\"6fb61ac3-3455-4da4-8313-c1a855ee64c5\" NonPagedMemory=\"true\" EventKey=\"true\" ExcludeInPrivate=\"true\" Level=\"5\" />\n    <EventProvider Id=\"OneTrace_User_Logger_20260605_1_EC_0_45902de3-6d95-4a35-a37e-862215252640\" Name=\"45902de3-6d95-4a35-a37e-862215252640\" NonPagedMemory=\"true\" EventKey=\"true\" ExcludeInPrivate=\"true\" Level=\"5\" />\n    <EventProvider Id=\"OneTrace_User_Logger_20260605_1_EC_0_9cc9beb7-9d24-47c7-8f9d-ccc9dcac29eb\" Name=\"9cc9beb7-9d24-47c7-8f9d-ccc9dcac29eb\" NonPagedMemory=\"true\" Level=\"3\">\n      <Keywords>\n        <Keyword Value=\"0x000000007fffffff\" />\n      </Keywords>\n    </EventProvider>\n    <EventProvider Id=\"OneTrace_User_Logger_20260605_1_EC_0_b99cdb5a-039c-5046-e672-1a0de0a40211\" Name=\"b99cdb5a-039c-5046-e672-1a0de0a40211\" NonPagedMemory=\"true\" SID=\"true\" EventKey=\"true\" ExcludeInPrivate=\"true\" />\n    <EventProvider Id=\"OneTrace_User_Logger_20260605_1_EC_0_7a881c79-ad79-5187-3c97-24e57db0b998\" Name=\"7a881c79-ad79-5187-3c97-24e57db0b998\" NonPagedMemory=\"true\" EventKey=\"true\" ExcludeInPrivate=\"true\" Level=\"5\" />\n    <EventProvider Id=\"OneTrace_User_Logger_20260605_1_EC_0_0a649fb8-bd71-4e19-90bf-93f558bd4b0d\" Name=\"0a649fb8-bd71-4e19-90bf-93f558bd4b0d\" NonPagedMemory=\"true\" EventKey=\"true\" ExcludeInPrivate=\"true\" />\n    <EventProvider Id=\"OneTrace_User_Logger_20260605_1_EC_0_ec6ede49-f40f-5f93-8651-a4edc18afe06\" Name=\"ec6ede49-f40f-5f93-8651-a4edc18afe06\" NonPagedMemory=\"true\" EventKey=\"true\" ExcludeInPrivate=\"true\" Level=\"4\" />\n    <EventProvider Id=\"OneTrace_User_Logger_20260605_1_EC_0_687ae510-1c00-4108-a958-acfa78ecccd5\" Name=\"687ae510-1c00-4108-a958-acfa78ecccd5\" NonPagedMemory=\"true\" EventKey=\"true\" ExcludeInPrivate=\"true\" Level=\"5\" />\n    <EventProvider Id=\"OneTrace_User_Logger_20260605_1_EC_0_e0dda06c-a215-407b-be66-8ae0c628d6b0\" Name=\"e0dda06c-a215-407b-be66-8ae0c628d6b0\" NonPagedMemory=\"true\" EventKey=\"true\" ExcludeInPrivate=\"true\" Level=\"5\" />\n    <EventProvider Id=\"OneTrace_User_Logger_20260605_1_EC_0_80ce50de-d264-4581-950d-abadeee0d340\" Name=\"80ce50de-d264-4581-950d-abadeee0d340\" NonPagedMemory=\"true\" EventKey=\"true\" ExcludeInPrivate=\"true\" Level=\"4\">\n      <Keywords>\n        <Keyword Value=\"0x0000f000000ff0ff\" />\n      </Keywords>\n    </EventProvider>\n    <EventProvider Id=\"OneTrace_User_Logger_20260605_1_EC_0_a0f8425a-daad-486d-bdc6-4a24cb136b6f\" Name=\"a0f8425a-daad-486d-bdc6-4a24cb136b6f\" NonPagedMemory=\"true\" EventKey=\"true\" ExcludeInPrivate=\"true\" Level=\"5\">\n      <Keywords>\n        <Keyword Value=\"0x00000000ffffffff\" />\n      </Keywords>\n    </EventProvider>\n    <EventProvider Id=\"OneTrace_User_Logger_20260605_1_EC_0_a29339ad-b137-486c-a8f3-88c9738e5379\" Name=\"a29339ad-b137-486c-a8f3-88c9738e5379\" NonPagedMemory=\"true\" EventKey=\"true\" ExcludeInPrivate=\"true\" Level=\"5\" />\n    <EventProvider Id=\"OneTrace_User_Logger_20260605_1_EC_0_df8dab3f-b1c9-58d3-2ea1-4c08592bb71b\" Name=\"df8dab3f-b1c9-58d3-2ea1-4c08592bb71b\" NonPagedMemory=\"true\" EventKey=\"true\" ExcludeInPrivate=\"true\" Level=\"5\">\n      <Keywords>\n        <Keyword Value=\"0x0000000000000001\" />\n      </Keywords>\n    </EventProvider>\n    <EventProvider Id=\"OneTrace_User_Logger_20260605_1_EC_0_ebadf775-48aa-4bf3-8f8e-ec68d113c98e\" Name=\"ebadf775-48aa-4bf3-8f8e-ec68d113c98e\" NonPagedMemory=\"true\" EventKey=\"true\" ExcludeInPrivate=\"true\" Level=\"5\">\n      <Keywords>\n        <Keyword Value=\"0x000000000003ffff\" />\n      </Keywords>\n    </EventProvider>\n    <EventProvider Id=\"OneTrace_User_Logger_20260605_1_EC_0_490cea65-c3ca-51d1-c3bf-6a71ad3d91a7\" Name=\"490cea65-c3ca-51d1-c3bf-6a71ad3d91a7\" NonPagedMemory=\"true\" EventKey=\"true\" ExcludeInPrivate=\"true\" Level=\"5\" />\n    <EventProvider Id=\"OneTrace_User_Logger_20260605_1_EC_0_637a0f36-dff5-4b2f-83dd-b106c1c725e2\" Name=\"637a0f36-dff5-4b2f-83dd-b106c1c725e2\" NonPagedMemory=\"true\" Level=\"3\">\n      <Keywords>\n        <Keyword Value=\"0x000000007fffffff\" />\n      </Keywords>\n    </EventProvider>\n    <EventProvider Id=\"OneTrace_User_Logger_20260605_1_EC_0_9580d7dd-0379-4658-9870-d5be7d52d6de\" Name=\"9580d7dd-0379-4658-9870-d5be7d52d6de\" NonPagedMemory=\"true\" EventKey=\"true\" ExcludeInPrivate=\"true\" Level=\"4\" />\n    <EventProvider Id=\"OneTrace_User_Logger_20260605_1_EC_0_cdc6beb9-6d78-5138-d232-d951916ab98f\" Name=\"cdc6beb9-6d78-5138-d232-d951916ab98f\" NonPagedMemory=\"true\" EventKey=\"true\" ExcludeInPrivate=\"true\" Level=\"3\" />\n    <EventProvider Id=\"OneTrace_User_Logger_20260605_1_EC_0_3f710bd9-a9e0-4124-9b61-fa15e0a05f65\" Name=\"3f710bd9-a9e0-4124-9b61-fa15e0a05f65\" NonPagedMemory=\"true\" EventKey=\"true\" ExcludeInPrivate=\"true\" Level=\"5\">\n      <Keywords>\n        <Keyword Value=\"0x000000007fffffff\" />\n      </Keywords>\n    </EventProvider>\n    <EventProvider Id=\"OneTrace_User_Logger_20260605_1_EC_0_8999952b-d9ca-491c-ab5b-6ad70835f0f2\" Name=\"8999952b-d9ca-491c-ab5b-6ad70835f0f2\" NonPagedMemory=\"true\" EventKey=\"true\" ExcludeInPrivate=\"true\" Level=\"5\" />\n    <EventProvider Id=\"OneTrace_User_Logger_20260605_1_EC_0_aa02d1a4-72d8-5f50-d425-7402ea09253a\" Name=\"aa02d1a4-72d8-5f50-d425-7402ea09253a\" NonPagedMemory=\"true\" EventKey=\"true\" ExcludeInPrivate=\"true\" Level=\"5\" />\n    <EventProvider Id=\"OneTrace_User_Logger_20260605_1_EC_0_3e3e7039-99df-4446-8c81-4ad5a8560e7b\" Name=\"3e3e7039-99df-4446-8c81-4ad5a8560e7b\" NonPagedMemory=\"true\" EventKey=\"true\" ExcludeInPrivate=\"true\" Level=\"3\">\n      <Keywords>\n        <Keyword Value=\"0x0000f000ffffffff\" />\n      </Keywords>\n    </EventProvider>\n    <EventProvider Id=\"OneTrace_User_Logger_20260605_1_EC_0_3d3e7039-99df-4446-8c81-4ad5a8560e7b\" Name=\"3d3e7039-99df-4446-8c81-4ad5a8560e7b\" NonPagedMemory=\"true\" EventKey=\"true\" ExcludeInPrivate=\"true\" Level=\"3\">\n      <Keywords>\n        <Keyword Value=\"0x0000f000ffffffff\" />\n      </Keywords>\n    </EventProvider>\n    <EventProvider Id=\"OneTrace_User_Logger_20260605_1_EC_0_c9bf4a9f-d547-4d11-8242-e03a18b5be01\" Name=\"c9bf4a9f-d547-4d11-8242-e03a18b5be01\" NonPagedMemory=\"true\" EventKey=\"true\" ExcludeInPrivate=\"true\" Level=\"5\">\n      <Keywords>\n        <Keyword Value=\"0x000000007fffffff\" />\n      </Keywords>\n    </EventProvider>\n    <EventProvider Id=\"OneTrace_User_Logger_20260605_1_EC_0_e2eb5b52-08b1-4391-b670-f58317376247\" Name=\"e2eb5b52-08b1-4391-b670-f58317376247\" NonPagedMemory=\"true\" EventKey=\"true\" ExcludeInPrivate=\"true\" Level=\"3\">\n      <Keywords>\n        <Keyword Value=\"0x000000007fffffff\" />\n      </Keywords>\n    </EventProvider>\n    <EventProvider Id=\"OneTrace_User_Logger_20260605_1_EC_0_beb1a719-40d1-54e5-c207-232d48ac6dea\" Name=\"beb1a719-40d1-54e5-c207-232d48ac6dea\" NonPagedMemory=\"true\" EventKey=\"true\" ExcludeInPrivate=\"true\" Level=\"5\" />\n    <EventProvider Id=\"OneTrace_User_Logger_20260605_1_EC_0_4e1a9518-67e6-528e-caf6-c4cb765e20d7\" Name=\"4e1a9518-67e6-528e-caf6-c4cb765e20d7\" NonPagedMemory=\"true\" EventKey=\"true\" ExcludeInPrivate=\"true\" Level=\"5\" />\n    <EventProvider Id=\"OneTrace_User_Logger_20260605_1_EC_0_37033b59-796b-45ac-9c4d-e07d6c7dd142\" Name=\"37033b59-796b-45ac-9c4d-e07d6c7dd142\" NonPagedMemory=\"true\" EventKey=\"true\" ExcludeInPrivate=\"true\" Level=\"1\" />\n    <EventProvider Id=\"OneTrace_User_Logger_20260605_1_EC_0_8fc1266a-aaf0-56c5-763f-29132ec83c3e\" Name=\"8fc1266a-aaf0-56c5-763f-29132ec83c3e\" NonPagedMemory=\"true\" EventKey=\"true\" ExcludeInPrivate=\"true\" Level=\"5\" />\n    <EventProvider Id=\"OneTrace_User_Logger_20260605_1_EC_0_585cab4f-9351-436e-9d99-dc4b41a20de0\" Name=\"585cab4f-9351-436e-9d99-dc4b41a20de0\" NonPagedMemory=\"true\" EventKey=\"true\" ExcludeInPrivate=\"true\" Level=\"5\" />\n    <EventProvider Id=\"OneTrace_User_Logger_20260605_1_EC_0_d4356983-5d0d-43c3-84bf-9d2288b7c46b\" Name=\"d4356983-5d0d-43c3-84bf-9d2288b7c46b\" NonPagedMemory=\"true\" EventKey=\"true\" ExcludeInPrivate=\"true\" Level=\"5\" />\n    <EventProvider Id=\"OneTrace_User_Logger_20260605_1_EC_0_b3854706-6d90-58a4-415d-d86cd54f35f5\" Name=\"b3854706-6d90-58a4-415d-d86cd54f35f5\" NonPagedMemory=\"true\" EventKey=\"true\" ExcludeInPrivate=\"true\" />\n    <EventProvider Id=\"OneTrace_User_Logger_20260605_1_EC_0_927821f8-d9e6-42e2-84f2-949e18256f3a\" Name=\"927821f8-d9e6-42e2-84f2-949e18256f3a\" NonPagedMemory=\"true\" EventKey=\"true\" ExcludeInPrivate=\"true\" Level=\"3\">\n      <Keywords>\n        <Keyword Value=\"0x00000000007fffff\" />\n      </Keywords>\n    </EventProvider>\n    <EventProvider Id=\"OneTrace_User_Logger_20260605_1_EC_0_7076bf7a-db99-4a63-8afe-0bb2ab92997a\" Name=\"7076bf7a-db99-4a63-8afe-0bb2ab92997a\" NonPagedMemory=\"true\" Level=\"4\">\n      <Keywords>\n        <",
    "User": "NT AUTHORITY\\SYSTEM"
  },
  {
    "EventID": "12",
    "TimeCreated": "2026-06-07T19:13:09.5838137Z",
    "RuleName": "-",
    "EventType": "CreateKey",
    "UtcTime": "2026-06-07 19:13:09.583",
    "ProcessGuid": "{a33c49c6-30c2-6a20-1d00-000000001b00}",
    "ProcessId": "2252",
    "Image": "C:\\Windows\\system32\\svchost.exe",
    "TargetObject": "HKLM\\System\\CurrentControlSet\\Services\\Tcpip\\Parameters",
    "User": "NT AUTHORITY\\Servicio de red"
  },
  {
    "EventID": "12",
    "TimeCreated": "2026-06-07T19:13:06.0707822Z",
    "RuleName": "-",
    "EventType": "CreateKey",
    "UtcTime": "2026-06-07 19:13:06.069",
    "ProcessGuid": "{a33c49c6-30c2-6a20-1d00-000000001b00}",
    "ProcessId": "2252",
    "Image": "C:\\Windows\\system32\\svchost.exe",
    "TargetObject": "HKLM\\System\\CurrentControlSet\\Services\\Tcpip\\Parameters",
    "User": "NT AUTHORITY\\Servicio de red"
  },
  {
    "EventID": "13",
    "TimeCreated": "2026-06-07T19:12:57.4553604Z",
    "RuleName": "-",
    "EventType": "SetValue",
    "UtcTime": "2026-06-07 19:12:57.454",
    "ProcessGuid": "{a33c49c6-c2b9-6a25-b846-000000001b00}",
    "ProcessId": "8620",
    "Image": "C:\\Program Files\\PostgreSQL\\17\\bin\\postgres.exe",
    "TargetObject": "HKLM\\System\\CurrentControlSet\\Services\\bam\\State\\UserSettings\\S-1-5-20\\\\Device\\HarddiskVolume3\\Program Files\\PostgreSQL\\17\\bin\\postgres.exe",
    "Details": "Binary Data",
    "User": "NT AUTHORITY\\Servicio de red"
  },
  {
    "EventID": "5",
    "TimeCreated": "2026-06-07T19:12:57.4544996Z",
    "RuleName": "-",
    "UtcTime": "2026-06-07 19:12:57.446",
    "ProcessGuid": "{a33c49c6-c2b9-6a25-b846-000000001b00}",
    "ProcessId": "8620",
    "Image": "C:\\Program Files\\PostgreSQL\\17\\bin\\postgres.exe",
    "User": "NT AUTHORITY\\Servicio de red"
  },
