  {
    "EventID": "12",
    "TimeCreated": "2026-06-07T19:09:05.5576653Z",
    "RuleName": "-",
    "EventType": "CreateKey",
    "UtcTime": "2026-06-07 19:09:05.555",
    "ProcessGuid": "{a33c49c6-c1cf-6a25-a646-000000001b00}",
    "ProcessId": "10292",
    "Image": "C:\\Windows\\system32\\taskhostw.exe",
    "TargetObject": "HKLM\\System\\CurrentControlSet\\Services\\Tcpip\\Parameters",
    "User": "NT AUTHORITY\\SYSTEM"
  },
  {
    "EventID": "12",
    "TimeCreated": "2026-06-07T19:09:05.5575434Z",
    "RuleName": "-",
    "EventType": "CreateKey",
    "UtcTime": "2026-06-07 19:09:05.555",
    "ProcessGuid": "{a33c49c6-c1cf-6a25-a646-000000001b00}",
    "ProcessId": "10292",
    "Image": "C:\\Windows\\system32\\taskhostw.exe",
    "TargetObject": "HKLM\\System\\CurrentControlSet\\Services\\Tcpip\\Parameters",
    "User": "NT AUTHORITY\\SYSTEM"
  },
  {
    "EventID": "12",
    "TimeCreated": "2026-06-07T19:09:05.5574902Z",
    "RuleName": "-",
    "EventType": "CreateKey",
    "UtcTime": "2026-06-07 19:09:05.555",
    "ProcessGuid": "{a33c49c6-c1cf-6a25-a646-000000001b00}",
    "ProcessId": "10292",
    "Image": "C:\\Windows\\system32\\taskhostw.exe",
    "TargetObject": "HKLM\\System\\CurrentControlSet\\Services\\Tcpip\\Parameters",
    "User": "NT AUTHORITY\\SYSTEM"
  },
  {
    "EventID": "12",
    "TimeCreated": "2026-06-07T19:09:05.5572275Z",
    "RuleName": "-",
    "EventType": "CreateKey",
    "UtcTime": "2026-06-07 19:09:05.555",
    "ProcessGuid": "{a33c49c6-c1cf-6a25-a646-000000001b00}",
    "ProcessId": "10292",
    "Image": "C:\\Windows\\system32\\taskhostw.exe",
    "TargetObject": "HKLM\\System\\CurrentControlSet\\Services\\Tcpip\\Parameters",
    "User": "NT AUTHORITY\\SYSTEM"
  },
  {
    "EventID": "12",
    "TimeCreated": "2026-06-07T19:09:05.5571701Z",
    "RuleName": "-",
    "EventType": "CreateKey",
    "UtcTime": "2026-06-07 19:09:05.555",
    "ProcessGuid": "{a33c49c6-c1cf-6a25-a646-000000001b00}",
    "ProcessId": "10292",
    "Image": "C:\\Windows\\system32\\taskhostw.exe",
    "TargetObject": "HKLM\\System\\CurrentControlSet\\Services\\Tcpip\\Parameters",
    "User": "NT AUTHORITY\\SYSTEM"
  },
  {
    "EventID": "12",
    "TimeCreated": "2026-06-07T19:09:05.5570724Z",
    "RuleName": "-",
    "EventType": "CreateKey",
    "UtcTime": "2026-06-07 19:09:05.555",
    "ProcessGuid": "{a33c49c6-c1cf-6a25-a646-000000001b00}",
    "ProcessId": "10292",
    "Image": "C:\\Windows\\system32\\taskhostw.exe",
    "TargetObject": "HKLM\\System\\CurrentControlSet\\Services\\Tcpip\\Parameters",
    "User": "NT AUTHORITY\\SYSTEM"
  },
  {
    "EventID": "13",
    "TimeCreated": "2026-06-07T19:09:04.9631777Z",
    "RuleName": "-",
    "EventType": "SetValue",
    "UtcTime": "2026-06-07 19:09:04.957",
    "ProcessGuid": "{a33c49c6-c1d0-6a25-a946-000000001b00}",
    "ProcessId": "20116",
    "Image": "C:\\Windows\\system32\\sppsvc.exe",
    "TargetObject": "HKLM\\SOFTWARE\\Microsoft\\Windows NT\\CurrentVersion\\SoftwareProtectionPlatform\\ServiceSessionId",
    "Details": "Binary Data",
    "User": "NT AUTHORITY\\Servicio de red"
  },
  {
    "EventID": "5",
    "TimeCreated": "2026-06-07T19:09:04.3496205Z",
    "RuleName": "-",
    "UtcTime": "2026-06-07 19:09:04.349",
    "ProcessGuid": "{a33c49c6-c1d0-6a25-a746-000000001b00}",
    "ProcessId": "9096",
    "Image": "C:\\Windows\\System32\\backgroundTaskHost.exe",
    "User": "DESKTOP-8341B96\\ABI"
  },
  {
    "EventID": "13",
    "TimeCreated": "2026-06-07T19:08:57.2212953Z",
    "RuleName": "-",
    "EventType": "SetValue",
    "UtcTime": "2026-06-07 19:08:57.219",
    "ProcessGuid": "{a33c49c6-c1c9-6a25-a546-000000001b00}",
    "ProcessId": "4208",
    "Image": "C:\\Program Files\\PostgreSQL\\17\\bin\\postgres.exe",
    "TargetObject": "HKLM\\System\\CurrentControlSet\\Services\\bam\\State\\UserSettings\\S-1-5-20\\\\Device\\HarddiskVolume3\\Program Files\\PostgreSQL\\17\\bin\\postgres.exe",
    "Details": "Binary Data",
    "User": "NT AUTHORITY\\Servicio de red"
  },
  {
    "EventID": "5",
    "TimeCreated": "2026-06-07T19:08:57.2207504Z",
    "RuleName": "-",
    "UtcTime": "2026-06-07 19:08:57.219",
    "ProcessGuid": "{a33c49c6-c1c9-6a25-a546-000000001b00}",
    "ProcessId": "4208",
    "Image": "C:\\Program Files\\PostgreSQL\\17\\bin\\postgres.exe",
    "User": "NT AUTHORITY\\Servicio de red"
  },
  {
    "EventID": "13",
    "TimeCreated": "2026-06-07T19:08:57.1792975Z",
    "RuleName": "-",
    "EventType": "SetValue",
    "UtcTime": "2026-06-07 19:08:57.178",
    "ProcessGuid": "{a33c49c6-30c4-6a20-6d00-000000001b00}",
    "ProcessId": "6248",
    "Image": "C:\\Program Files\\PostgreSQL\\17\\bin\\postgres.exe",
    "TargetObject": "HKLM\\System\\CurrentControlSet\\Services\\bam\\State\\UserSettings\\S-1-5-20\\\\Device\\HarddiskVolume3\\Program Files\\PostgreSQL\\17\\bin\\postgres.exe",
    "Details": "Binary Data",
    "User": "NT AUTHORITY\\Servicio de red"
  },
  {
    "EventID": "12",
    "TimeCreated": "2026-06-07T19:08:41.9891241Z",
    "RuleName": "-",
    "EventType": "CreateKey",
    "UtcTime": "2026-06-07 19:08:41.987",
    "ProcessGuid": "{a33c49c6-30c2-6a20-1d00-000000001b00}",
    "ProcessId": "2252",
    "Image": "C:\\Windows\\system32\\svchost.exe",
    "TargetObject": "HKLM\\System\\CurrentControlSet\\Services\\Tcpip\\Parameters",
    "User": "NT AUTHORITY\\Servicio de red"
  },
  {
    "EventID": "13",
    "TimeCreated": "2026-06-07T19:08:36.7305312Z",
    "RuleName": "-",
    "EventType": "SetValue",
    "UtcTime": "2026-06-07 19:08:36.729",
    "ProcessGuid": "{a33c49c6-c1b4-6a25-a446-000000001b00}",
    "ProcessId": "8824",
    "Image": "C:\\Program Files\\PostgreSQL\\17\\bin\\postgres.exe",
    "TargetObject": "HKLM\\System\\CurrentControlSet\\Services\\bam\\State\\UserSettings\\S-1-5-20\\\\Device\\HarddiskVolume3\\Program Files\\PostgreSQL\\17\\bin\\postgres.exe",
    "Details": "Binary Data",
    "User": "NT AUTHORITY\\Servicio de red"
  },
  {
    "EventID": "5",
    "TimeCreated": "2026-06-07T19:08:36.7299286Z",
    "RuleName": "-",
    "UtcTime": "2026-06-07 19:08:36.729",
    "ProcessGuid": "{a33c49c6-c1b4-6a25-a446-000000001b00}",
    "ProcessId": "8824",
    "Image": "C:\\Program Files\\PostgreSQL\\17\\bin\\postgres.exe",
    "User": "NT AUTHORITY\\Servicio de red"
  },
  {
    "EventID": "13",
    "TimeCreated": "2026-06-07T19:08:36.6871847Z",
    "RuleName": "-",
    "EventType": "SetValue",
    "UtcTime": "2026-06-07 19:08:36.685",
    "ProcessGuid": "{a33c49c6-30c4-6a20-6d00-000000001b00}",
    "ProcessId": "6248",
    "Image": "C:\\Program Files\\PostgreSQL\\17\\bin\\postgres.exe",
    "TargetObject": "HKLM\\System\\CurrentControlSet\\Services\\bam\\State\\UserSettings\\S-1-5-20\\\\Device\\HarddiskVolume3\\Program Files\\PostgreSQL\\17\\bin\\postgres.exe",
    "Details": "Binary Data",
    "User": "NT AUTHORITY\\Servicio de red"
  },
  {
    "EventID": "13",
    "TimeCreated": "2026-06-07T19:08:16.0154238Z",
    "RuleName": "-",
    "EventType": "SetValue",
    "UtcTime": "2026-06-07 19:08:16.014",
    "ProcessGuid": "{a33c49c6-c19f-6a25-a346-000000001b00}",
    "ProcessId": "3732",
    "Image": "C:\\Program Files\\PostgreSQL\\17\\bin\\postgres.exe",
    "TargetObject": "HKLM\\System\\CurrentControlSet\\Services\\bam\\State\\UserSettings\\S-1-5-20\\\\Device\\HarddiskVolume3\\Program Files\\PostgreSQL\\17\\bin\\postgres.exe",
    "Details": "Binary Data",
    "User": "NT AUTHORITY\\Servicio de red"
  },
  {
    "EventID": "5",
    "TimeCreated": "2026-06-07T19:08:16.0149787Z",
    "RuleName": "-",
    "UtcTime": "2026-06-07 19:08:16.014",
    "ProcessGuid": "{a33c49c6-c19f-6a25-a346-000000001b00}",
    "ProcessId": "3732",
    "Image": "C:\\Program Files\\PostgreSQL\\17\\bin\\postgres.exe",
    "User": "NT AUTHORITY\\Servicio de red"
  },
  {
    "EventID": "13",
    "TimeCreated": "2026-06-07T19:08:15.9752569Z",
    "RuleName": "-",
    "EventType": "SetValue",
    "UtcTime": "2026-06-07 19:08:15.973",
    "ProcessGuid": "{a33c49c6-30c4-6a20-6d00-000000001b00}",
    "ProcessId": "6248",
    "Image": "C:\\Program Files\\PostgreSQL\\17\\bin\\postgres.exe",
    "TargetObject": "HKLM\\System\\CurrentControlSet\\Services\\bam\\State\\UserSettings\\S-1-5-20\\\\Device\\HarddiskVolume3\\Program Files\\PostgreSQL\\17\\bin\\postgres.exe",
    "Details": "Binary Data",
    "User": "NT AUTHORITY\\Servicio de red"
  },
  {
    "EventID": "13",
    "TimeCreated": "2026-06-07T19:08:14.1875299Z",
    "RuleName": "-",
    "EventType": "SetValue",
    "UtcTime": "2026-06-07 19:08:14.179",
    "ProcessGuid": "{a33c49c6-c19e-6a25-a146-000000001b00}",
    "ProcessId": "11460",
    "Image": "C:\\Windows\\system32\\conhost.exe",
    "TargetObject": "HKLM\\System\\CurrentControlSet\\Services\\bam\\State\\UserSettings\\S-1-5-21-3961930346-3620050953-1644270016-1001\\\\Device\\HarddiskVolume3\\Windows\\System32\\conhost.exe",
    "Details": "Binary Data",
    "User": "DESKTOP-8341B96\\ABI"
  },
  {
    "EventID": "5",
    "TimeCreated": "2026-06-07T19:08:14.1871685Z",
    "RuleName": "-",
    "UtcTime": "2026-06-07 19:08:14.179",
    "ProcessGuid": "{a33c49c6-c19e-6a25-a146-000000001b00}",
    "ProcessId": "11460",
    "Image": "C:\\Windows\\System32\\conhost.exe",
    "User": "DESKTOP-8341B96\\ABI"
  },
  {
    "EventID": "5",
    "TimeCreated": "2026-06-07T19:08:14.1854643Z",
    "RuleName": "-",
    "UtcTime": "2026-06-07 19:08:14.179",
    "ProcessGuid": "{a33c49c6-c19e-6a25-a046-000000001b00}",
    "ProcessId": "22468",
    "Image": "C:\\Program Files\\Git\\cmd\\git.exe",
    "User": "DESKTOP-8341B96\\ABI"
  },
  {
    "EventID": "5",
    "TimeCreated": "2026-06-07T19:08:14.1817413Z",
    "RuleName": "-",
    "UtcTime": "2026-06-07 19:08:14.179",
    "ProcessGuid": "{a33c49c6-c19e-6a25-a246-000000001b00}",
    "ProcessId": "2772",
    "Image": "C:\\Program Files\\Git\\mingw64\\bin\\git.exe",
    "User": "DESKTOP-8341B96\\ABI"
  },
  {
    "EventID": "13",
    "TimeCreated": "2026-06-07T19:08:14.1260226Z",
    "RuleName": "-",
    "EventType": "SetValue",
    "UtcTime": "2026-06-07 19:08:14.125",
    "ProcessGuid": "{a33c49c6-c19e-6a25-a046-000000001b00}",
    "ProcessId": "22468",
    "Image": "C:\\Program Files\\Git\\cmd\\git.exe",
    "TargetObject": "HKLM\\System\\CurrentControlSet\\Services\\bam\\State\\UserSettings\\S-1-5-21-3961930346-3620050953-1644270016-1001\\\\Device\\HarddiskVolume3\\Windows\\System32\\conhost.exe",
    "Details": "Binary Data",
    "User": "DESKTOP-8341B96\\ABI"
  },
  {
    "EventID": "5",
    "TimeCreated": "2026-06-07T19:08:13.2900130Z",
    "RuleName": "-",
    "UtcTime": "2026-06-07 19:08:13.285",
    "ProcessGuid": "{a33c49c6-c193-6a25-9f46-000000001b00}",
    "ProcessId": "22276",
    "Image": "C:\\Program Files (x86)\\Microsoft\\Edge\\Application\\149.0.4022.52\\identity_helper.exe",
    "User": "DESKTOP-8341B96\\ABI"
  },
  {
    "EventID": "12",
    "TimeCreated": "2026-06-07T19:08:09.3940202Z",
    "RuleName": "-",
    "EventType": "DeleteKey",
    "UtcTime": "2026-06-07 19:08:09.391",
    "ProcessGuid": "{a33c49c6-30c3-6a20-4b00-000000001b00}",
    "ProcessId": "4636",
    "Image": "C:\\Windows\\System32\\svchost.exe",
    "TargetObject": "HKLM\\SOFTWARE\\Microsoft\\Windows Performance Toolkit\\v5\\WPRControl\\DiagTrackMiniLogger\\Normal\\SystemRunning",
    "User": "NT AUTHORITY\\SYSTEM"
  },
  {
    "EventID": "12",
    "TimeCreated": "2026-06-07T19:08:09.2207596Z",
    "RuleName": "-",
    "EventType": "CreateKey",
    "UtcTime": "2026-06-07 19:08:09.219",
    "ProcessGuid": "{a33c49c6-30c2-6a20-1d00-000000001b00}",
    "ProcessId": "2252",
    "Image": "C:\\Windows\\system32\\svchost.exe",
    "TargetObject": "HKLM\\System\\CurrentControlSet\\Services\\Tcpip\\Parameters",
    "User": "NT AUTHORITY\\Servicio de red"
  },
  {
    "EventID": "12",
    "TimeCreated": "2026-06-07T19:08:09.1234485Z",
    "RuleName": "-",
    "EventType": "DeleteKey",
    "UtcTime": "2026-06-07 19:08:09.122",
    "ProcessGuid": "{a33c49c6-30c3-6a20-4b00-000000001b00}",
    "ProcessId": "4636",
    "Image": "C:\\Windows\\System32\\svchost.exe",
    "TargetObject": "HKLM\\SOFTWARE\\Microsoft\\Windows Performance Toolkit\\v5\\WPRControl\\DiagTrackMiniLogger\\Boot\\SystemRunning",
    "User": "NT AUTHORITY\\SYSTEM"
  },
  {
    "EventID": "5",
    "TimeCreated": "2026-06-07T19:08:03.1075034Z",
    "RuleName": "-",
    "UtcTime": "2026-06-07 19:08:03.100",
    "ProcessGuid": "{a33c49c6-c193-6a25-9e46-000000001b00}",
    "ProcessId": "6304",
    "Image": "C:\\Program Files (x86)\\Microsoft\\Edge\\Application\\149.0.4022.52\\identity_helper.exe",
    "User": "DESKTOP-8341B96\\ABI"
  },
  {
    "EventID": "12",
    "TimeCreated": "2026-06-07T19:08:02.9825206Z",
    "RuleName": "-",
    "EventType": "CreateKey",
    "UtcTime": "2026-06-07 19:08:02.981",
    "ProcessGuid": "{a33c49c6-30c2-6a20-1d00-000000001b00}",
    "ProcessId": "2252",
    "Image": "C:\\Windows\\system32\\svchost.exe",
    "TargetObject": "HKLM\\System\\CurrentControlSet\\Services\\Tcpip\\Parameters",
    "User": "NT AUTHORITY\\Servicio de red"
  },
  {
    "EventID": "13",
    "TimeCreated": "2026-06-07T19:07:57.2042790Z",
    "RuleName": "-",
    "EventType": "SetValue",
    "UtcTime": "2026-06-07 19:07:57.202",
    "ProcessGuid": "{a33c49c6-c18d-6a25-9d46-000000001b00}",
    "ProcessId": "22488",
    "Image": "C:\\Program Files\\PostgreSQL\\17\\bin\\postgres.exe",
    "TargetObject": "HKLM\\System\\CurrentControlSet\\Services\\bam\\State\\UserSettings\\S-1-5-20\\\\Device\\HarddiskVolume3\\Program Files\\PostgreSQL\\17\\bin\\postgres.exe",
    "Details": "Binary Data",
    "User": "NT AUTHORITY\\Servicio de red"
  },
  {
    "EventID": "5",
    "TimeCreated": "2026-06-07T19:07:57.2038077Z",
    "RuleName": "-",
    "UtcTime": "2026-06-07 19:07:57.202",
    "ProcessGuid": "{a33c49c6-c18d-6a25-9d46-000000001b00}",
    "ProcessId": "22488",
    "Image": "C:\\Program Files\\PostgreSQL\\17\\bin\\postgres.exe",
    "User": "NT AUTHORITY\\Servicio de red"
  },
  {
    "EventID": "13",
    "TimeCreated": "2026-06-07T19:07:57.1669392Z",
    "RuleName": "-",
    "EventType": "SetValue",
    "UtcTime": "2026-06-07 19:07:57.165",
    "ProcessGuid": "{a33c49c6-30c4-6a20-6d00-000000001b00}",
    "ProcessId": "6248",
    "Image": "C:\\Program Files\\PostgreSQL\\17\\bin\\postgres.exe",
    "TargetObject": "HKLM\\System\\CurrentControlSet\\Services\\bam\\State\\UserSettings\\S-1-5-20\\\\Device\\HarddiskVolume3\\Program Files\\PostgreSQL\\17\\bin\\postgres.exe",
    "Details": "Binary Data",
    "User": "NT AUTHORITY\\Servicio de red"
  },
  {
    "EventID": "12",
    "TimeCreated": "2026-06-07T19:07:37.0790028Z",
    "RuleName": "-",
    "EventType": "CreateKey",
    "UtcTime": "2026-06-07 19:07:37.078",
    "ProcessGuid": "{a33c49c6-30c2-6a20-1d00-000000001b00}",
    "ProcessId": "2252",
    "Image": "C:\\Windows\\system32\\svchost.exe",
    "TargetObject": "HKLM\\System\\CurrentControlSet\\Services\\Tcpip\\Parameters",
    "User": "NT AUTHORITY\\Servicio de red"
  },
  {
    "EventID": "13",
    "TimeCreated": "2026-06-07T19:07:36.7193223Z",
    "RuleName": "-",
    "EventType": "SetValue",
    "UtcTime": "2026-06-07 19:07:36.718",
    "ProcessGuid": "{a33c49c6-c178-6a25-9c46-000000001b00}",
    "ProcessId": "16740",
    "Image": "C:\\Program Files\\PostgreSQL\\17\\bin\\postgres.exe",
    "TargetObject": "HKLM\\System\\CurrentControlSet\\Services\\bam\\State\\UserSettings\\S-1-5-20\\\\Device\\HarddiskVolume3\\Program Files\\PostgreSQL\\17\\bin\\postgres.exe",
    "Details": "Binary Data",
    "User": "NT AUTHORITY\\Servicio de red"
  },
  {
    "EventID": "5",
    "TimeCreated": "2026-06-07T19:07:36.7189143Z",
    "RuleName": "-",
    "UtcTime": "2026-06-07 19:07:36.718",
    "ProcessGuid": "{a33c49c6-c178-6a25-9c46-000000001b00}",
    "ProcessId": "16740",
    "Image": "C:\\Program Files\\PostgreSQL\\17\\bin\\postgres.exe",
    "User": "NT AUTHORITY\\Servicio de red"
  },
  {
    "EventID": "13",
    "TimeCreated": "2026-06-07T19:07:36.6744248Z",
    "RuleName": "-",
    "EventType": "SetValue",
    "UtcTime": "2026-06-07 19:07:36.672",
    "ProcessGuid": "{a33c49c6-30c4-6a20-6d00-000000001b00}",
    "ProcessId": "6248",
    "Image": "C:\\Program Files\\PostgreSQL\\17\\bin\\postgres.exe",
    "TargetObject": "HKLM\\System\\CurrentControlSet\\Services\\bam\\State\\UserSettings\\S-1-5-20\\\\Device\\HarddiskVolume3\\Program Files\\PostgreSQL\\17\\bin\\postgres.exe",
    "Details": "Binary Data",
    "User": "NT AUTHORITY\\Servicio de red"
  },
  {
    "EventID": "13",
    "TimeCreated": "2026-06-07T19:07:33.5473642Z",
    "RuleName": "-",
    "EventType": "SetValue",
    "UtcTime": "2026-06-07 19:07:33.546",
    "ProcessGuid": "{a33c49c6-c175-6a25-9a46-000000001b00}",
    "ProcessId": "14852",
    "Image": "C:\\Windows\\system32\\conhost.exe",
    "TargetObject": "HKLM\\System\\CurrentControlSet\\Services\\bam\\State\\UserSettings\\S-1-5-21-3961930346-3620050953-1644270016-1001\\\\Device\\HarddiskVolume3\\Windows\\System32\\conhost.exe",
    "Details": "Binary Data",
    "User": "DESKTOP-8341B96\\ABI"
  },
  {
    "EventID": "5",
    "TimeCreated": "2026-06-07T19:07:33.5469702Z",
    "RuleName": "-",
    "UtcTime": "2026-06-07 19:07:33.546",
    "ProcessGuid": "{a33c49c6-c175-6a25-9a46-000000001b00}",
    "ProcessId": "14852",
    "Image": "C:\\Windows\\System32\\conhost.exe",
    "User": "DESKTOP-8341B96\\ABI"
  },
  {
    "EventID": "5",
    "TimeCreated": "2026-06-07T19:07:33.5453126Z",
    "RuleName": "-",
    "UtcTime": "2026-06-07 19:07:33.543",
    "ProcessGuid": "{a33c49c6-c175-6a25-9946-000000001b00}",
    "ProcessId": "10812",
    "Image": "C:\\Program Files\\Git\\cmd\\git.exe",
    "User": "DESKTOP-8341B96\\ABI"
  },
  {
    "EventID": "5",
    "TimeCreated": "2026-06-07T19:07:33.5423230Z",
    "RuleName": "-",
    "UtcTime": "2026-06-07 19:07:33.541",
    "ProcessGuid": "{a33c49c6-c175-6a25-9b46-000000001b00}",
    "ProcessId": "15548",
    "Image": "C:\\Program Files\\Git\\mingw64\\bin\\git.exe",
    "User": "DESKTOP-8341B96\\ABI"
  },
  {
    "EventID": "13",
    "TimeCreated": "2026-06-07T19:07:33.4887039Z",
    "RuleName": "-",
    "EventType": "SetValue",
    "UtcTime": "2026-06-07 19:07:33.487",
    "ProcessGuid": "{a33c49c6-c175-6a25-9946-000000001b00}",
    "ProcessId": "10812",
    "Image": "C:\\Program Files\\Git\\cmd\\git.exe",
    "TargetObject": "HKLM\\System\\CurrentControlSet\\Services\\bam\\State\\UserSettings\\S-1-5-21-3961930346-3620050953-1644270016-1001\\\\Device\\HarddiskVolume3\\Windows\\System32\\conhost.exe",
    "Details": "Binary Data",
    "User": "DESKTOP-8341B96\\ABI"
  },
  {
    "EventID": "13",
    "TimeCreated": "2026-06-07T19:07:16.0071785Z",
    "RuleName": "-",
    "EventType": "SetValue",
    "UtcTime": "2026-06-07 19:07:16.006",
    "ProcessGuid": "{a33c49c6-c163-6a25-9846-000000001b00}",
    "ProcessId": "21780",
    "Image": "C:\\Program Files\\PostgreSQL\\17\\bin\\postgres.exe",
    "TargetObject": "HKLM\\System\\CurrentControlSet\\Services\\bam\\State\\UserSettings\\S-1-5-20\\\\Device\\HarddiskVolume3\\Program Files\\PostgreSQL\\17\\bin\\postgres.exe",
    "Details": "Binary Data",
    "User": "NT AUTHORITY\\Servicio de red"
  },
  {
    "EventID": "5",
    "TimeCreated": "2026-06-07T19:07:16.0064805Z",
    "RuleName": "-",
    "UtcTime": "2026-06-07 19:07:16.003",
    "ProcessGuid": "{a33c49c6-c163-6a25-9846-000000001b00}",
    "ProcessId": "21780",
    "Image": "C:\\Program Files\\PostgreSQL\\17\\bin\\postgres.exe",
    "User": "NT AUTHORITY\\Servicio de red"
  },
  {
    "EventID": "13",
    "TimeCreated": "2026-06-07T19:07:15.9653132Z",
    "RuleName": "-",
    "EventType": "SetValue",
    "UtcTime": "2026-06-07 19:07:15.964",
    "ProcessGuid": "{a33c49c6-30c4-6a20-6d00-000000001b00}",
    "ProcessId": "6248",
    "Image": "C:\\Program Files\\PostgreSQL\\17\\bin\\postgres.exe",
    "TargetObject": "HKLM\\System\\CurrentControlSet\\Services\\bam\\State\\UserSettings\\S-1-5-20\\\\Device\\HarddiskVolume3\\Program Files\\PostgreSQL\\17\\bin\\postgres.exe",
    "Details": "Binary Data",
    "User": "NT AUTHORITY\\Servicio de red"
  },
  {
    "EventID": "12",
    "TimeCreated": "2026-06-07T19:07:00.9056401Z",
    "RuleName": "-",
    "EventType": "CreateKey",
    "UtcTime": "2026-06-07 19:07:00.905",
    "ProcessGuid": "{a33c49c6-30c2-6a20-1d00-000000001b00}",
    "ProcessId": "2252",
    "Image": "C:\\Windows\\system32\\svchost.exe",
    "TargetObject": "HKLM\\System\\CurrentControlSet\\Services\\Tcpip\\Parameters",
    "User": "NT AUTHORITY\\Servicio de red"
  },
  {
    "EventID": "13",
    "TimeCreated": "2026-06-07T19:06:57.2279582Z",
    "RuleName": "-",
    "EventType": "SetValue",
    "UtcTime": "2026-06-07 19:06:57.219",
    "ProcessGuid": "{a33c49c6-c151-6a25-9746-000000001b00}",
    "ProcessId": "9476",
    "Image": "C:\\Program Files\\PostgreSQL\\17\\bin\\postgres.exe",
    "TargetObject": "HKLM\\System\\CurrentControlSet\\Services\\bam\\State\\UserSettings\\S-1-5-20\\\\Device\\HarddiskVolume3\\Program Files\\PostgreSQL\\17\\bin\\postgres.exe",
    "Details": "Binary Data",
    "User": "NT AUTHORITY\\Servicio de red"
  },
  {
    "EventID": "5",
    "TimeCreated": "2026-06-07T19:06:57.2274840Z",
    "RuleName": "-",
    "UtcTime": "2026-06-07 19:06:57.219",
    "ProcessGuid": "{a33c49c6-c151-6a25-9746-000000001b00}",
    "ProcessId": "9476",
    "Image": "C:\\Program Files\\PostgreSQL\\17\\bin\\postgres.exe",
    "User": "NT AUTHORITY\\Servicio de red"
  },
  {
    "EventID": "13",
    "TimeCreated": "2026-06-07T19:06:57.1677251Z",
    "RuleName": "-",
    "EventType": "SetValue",
    "UtcTime": "2026-06-07 19:06:57.167",
    "ProcessGuid": "{a33c49c6-30c4-6a20-6d00-000000001b00}",
    "ProcessId": "6248",
    "Image": "C:\\Program Files\\PostgreSQL\\17\\bin\\postgres.exe",
    "TargetObject": "HKLM\\System\\CurrentControlSet\\Services\\bam\\State\\UserSettings\\S-1-5-20\\\\Device\\HarddiskVolume3\\Program Files\\PostgreSQL\\17\\bin\\postgres.exe",
    "Details": "Binary Data",
    "User": "NT AUTHORITY\\Servicio de red"
  },
  {
    "EventID": "13",
    "TimeCreated": "2026-06-07T19:06:55.0352885Z",
    "RuleName": "-",
    "EventType": "SetValue",
    "UtcTime": "2026-06-07 19:06:55.034",
    "ProcessGuid": "{a33c49c6-30c2-6a20-0e00-000000001b00}",
    "ProcessId": "1640",
    "Image": "C:\\Windows\\system32\\lsass.exe",
    "TargetObject": "HKLM\\System\\CurrentControlSet\\Services\\W32Time\\SecureTimeLimits\\RunTime\\SecureTimeConfidence",
    "Details": "DWORD (0x00000008)",
    "User": "NT AUTHORITY\\SYSTEM"
  },
  {
    "EventID": "13",
    "TimeCreated": "2026-06-07T19:06:55.0352245Z",
    "RuleName": "-",
    "EventType": "SetValue",
    "UtcTime": "2026-06-07 19:06:55.034",
    "ProcessGuid": "{a33c49c6-30c2-6a20-0e00-000000001b00}",
    "ProcessId": "1640",
    "Image": "C:\\Windows\\system32\\lsass.exe",
    "TargetObject": "HKLM\\System\\CurrentControlSet\\Services\\W32Time\\SecureTimeLimits\\RunTime\\SecureTimeTickCount",
    "Details": "QWORD (0x00000000-0x15bcfd92)",
    "User": "NT AUTHORITY\\SYSTEM"
  },
  {
    "EventID": "12",
    "TimeCreated": "2026-06-07T19:06:55.0351639Z",
    "RuleName": "-",
    "EventType": "CreateKey",
    "UtcTime": "2026-06-07 19:06:55.034",
    "ProcessGuid": "{a33c49c6-30c2-6a20-0e00-000000001b00}",
    "ProcessId": "1640",
    "Image": "C:\\Windows\\system32\\lsass.exe",
    "TargetObject": "HKLM\\System\\CurrentControlSet\\Services\\W32Time\\SecureTimeLimits\\RunTime",
    "User": "NT AUTHORITY\\SYSTEM"
  },
  {
    "EventID": "13",
    "TimeCreated": "2026-06-07T19:06:55.0351050Z",
    "RuleName": "-",
    "EventType": "SetValue",
    "UtcTime": "2026-06-07 19:06:55.034",
    "ProcessGuid": "{a33c49c6-30c2-6a20-0e00-000000001b00}",
    "ProcessId": "1640",
    "Image": "C:\\Windows\\system32\\lsass.exe",
    "TargetObject": "HKLM\\System\\CurrentControlSet\\Services\\W32Time\\SecureTimeLimits\\SecureTimeLow",
    "Details": "QWORD (0x01dcf6a8-0x6c0cc46e)",
    "User": "NT AUTHORITY\\SYSTEM"
  },
  {
    "EventID": "13",
    "TimeCreated": "2026-06-07T19:06:55.0350112Z",
    "RuleName": "-",
    "EventType": "SetValue",
    "UtcTime": "2026-06-07 19:06:55.034",
    "ProcessGuid": "{a33c49c6-30c2-6a20-0e00-000000001b00}",
    "ProcessId": "1640",
    "Image": "C:\\Windows\\system32\\lsass.exe",
    "TargetObject": "HKLM\\System\\CurrentControlSet\\Services\\W32Time\\SecureTimeLimits\\SecureTimeEstimated",
    "Details": "QWORD (0x01dcf6b0-0xcdd12c6e)",
    "User": "NT AUTHORITY\\SYSTEM"
  },
  {
    "EventID": "13",
    "TimeCreated": "2026-06-07T19:06:55.0349761Z",
    "RuleName": "-",
    "EventType": "SetValue",
    "UtcTime": "2026-06-07 19:06:55.034",
    "ProcessGuid": "{a33c49c6-30c2-6a20-0e00-000000001b00}",
    "ProcessId": "1640",
    "Image": "C:\\Windows\\system32\\lsass.exe",
    "TargetObject": "HKLM\\System\\CurrentControlSet\\Services\\W32Time\\SecureTimeLimits\\SecureTimeHigh",
    "Details": "QWORD (0x01dcf6b9-0x2f95946e)",
    "User": "NT AUTHORITY\\SYSTEM"
  },
  {
    "EventID": "13",
    "TimeCreated": "2026-06-07T19:06:55.0348751Z",
    "RuleName": "-",
    "EventType": "SetValue",
    "UtcTime": "2026-06-07 19:06:55.034",
    "ProcessGuid": "{a33c49c6-30c2-6a20-0e00-000000001b00}",
    "ProcessId": "1640",
    "Image": "C:\\Windows\\system32\\lsass.exe",
    "TargetObject": "HKLM\\System\\CurrentControlSet\\Services\\W32Time\\SecureTimeLimits\\RunTime\\SecureTimeConfidence",
    "Details": "DWORD (0x00000008)",
    "User": "NT AUTHORITY\\SYSTEM"
  },
  {
    "EventID": "13",
    "TimeCreated": "2026-06-07T19:06:55.0348220Z",
    "RuleName": "-",
    "EventType": "SetValue",
    "UtcTime": "2026-06-07 19:06:55.034",
    "ProcessGuid": "{a33c49c6-30c2-6a20-0e00-000000001b00}",
    "ProcessId": "1640",
    "Image": "C:\\Windows\\system32\\lsass.exe",
    "TargetObject": "HKLM\\System\\CurrentControlSet\\Services\\W32Time\\SecureTimeLimits\\RunTime\\SecureTimeTickCount",
    "Details": "QWORD (0x00000000-0x15bcfd92)",
    "User": "NT AUTHORITY\\SYSTEM"
  },
  {
    "EventID": "12",
    "TimeCreated": "2026-06-07T19:06:55.0347087Z",
    "RuleName": "-",
    "EventType": "CreateKey",
    "UtcTime": "2026-06-07 19:06:55.034",
    "ProcessGuid": "{a33c49c6-30c2-6a20-0e00-000000001b00}",
    "ProcessId": "1640",
    "Image": "C:\\Windows\\system32\\lsass.exe",
    "TargetObject": "HKLM\\System\\CurrentControlSet\\Services\\W32Time\\SecureTimeLimits\\RunTime",
    "User": "NT AUTHORITY\\SYSTEM"
  },
  {
    "EventID": "13",
    "TimeCreated": "2026-06-07T19:06:55.0346644Z",
    "RuleName": "-",
    "EventType": "SetValue",
    "UtcTime": "2026-06-07 19:06:55.034",
    "ProcessGuid": "{a33c49c6-30c2-6a20-0e00-000000001b00}",
    "ProcessId": "1640",
    "Image": "C:\\Windows\\system32\\lsass.exe",
    "TargetObject": "HKLM\\System\\CurrentControlSet\\Services\\W32Time\\SecureTimeLimits\\SecureTimeLow",
    "Details": "QWORD (0x01dcf6a8-0x6c0cc46e)",
    "User": "NT AUTHORITY\\SYSTEM"
  },
  {
    "EventID": "13",
    "TimeCreated": "2026-06-07T19:06:55.0346269Z",
    "RuleName": "-",
    "EventType": "SetValue",
    "UtcTime": "2026-06-07 19:06:55.034",
    "ProcessGuid": "{a33c49c6-30c2-6a20-0e00-000000001b00}",
    "ProcessId": "1640",
    "Image": "C:\\Windows\\system32\\lsass.exe",
    "TargetObject": "HKLM\\System\\CurrentControlSet\\Services\\W32Time\\SecureTimeLimits\\SecureTimeEstimated",
    "Details": "QWORD (0x01dcf6b0-0xcdd12c6e)",
    "User": "NT AUTHORITY\\SYSTEM"
  },
  {
    "EventID": "13",
    "TimeCreated": "2026-06-07T19:06:55.0345475Z",
    "RuleName": "-",
    "EventType": "SetValue",
    "UtcTime": "2026-06-07 19:06:55.034",
    "ProcessGuid": "{a33c49c6-30c2-6a20-0e00-000000001b00}",
    "ProcessId": "1640",
    "Image": "C:\\Windows\\system32\\lsass.exe",
    "TargetObject": "HKLM\\System\\CurrentControlSet\\Services\\W32Time\\SecureTimeLimits\\SecureTimeHigh",
    "Details": "QWORD (0x01dcf6b9-0x2f95946e)",
    "User": "NT AUTHORITY\\SYSTEM"
  },
  {
    "EventID": "12",
    "TimeCreated": "2026-06-07T19:06:49.3730267Z",
    "RuleName": "-",
    "EventType": "CreateKey",
    "UtcTime": "2026-06-07 19:06:49.372",
    "ProcessGuid": "{a33c49c6-30c3-6a20-4f00-000000001b00}",
    "ProcessId": "4680",
    "Image": "C:\\Windows\\system32\\svchost.exe",
    "TargetObject": "HKLM\\System\\CurrentControlSet\\Services\\Tcpip\\Parameters",
    "User": "NT AUTHORITY\\Servicio de red"
  },
  {
    "EventID": "12",
    "TimeCreated": "2026-06-07T19:06:49.3728855Z",
    "RuleName": "-",
    "EventType": "CreateKey",
    "UtcTime": "2026-06-07 19:06:49.372",
    "ProcessGuid": "{a33c49c6-30c3-6a20-4f00-000000001b00}",
    "ProcessId": "4680",
    "Image": "C:\\Windows\\system32\\svchost.exe",
    "TargetObject": "HKLM\\System\\CurrentControlSet\\Services\\Tcpip\\Parameters",
    "User": "NT AUTHORITY\\Servicio de red"
  },
  {
    "EventID": "12",
    "TimeCreated": "2026-06-07T19:06:49.3727342Z",
    "RuleName": "-",
    "EventType": "CreateKey",
    "UtcTime": "2026-06-07 19:06:49.372",
    "ProcessGuid": "{a33c49c6-30c3-6a20-4f00-000000001b00}",
    "ProcessId": "4680",
    "Image": "C:\\Windows\\system32\\svchost.exe",
    "TargetObject": "HKLM\\System\\CurrentControlSet\\Services\\Tcpip\\Parameters",
    "User": "NT AUTHORITY\\Servicio de red"
  },
  {
    "EventID": "5",
    "TimeCreated": "2026-06-07T19:06:46.0999979Z",
    "RuleName": "-",
    "UtcTime": "2026-06-07 19:06:46.098",
    "ProcessGuid": "{a33c49c6-c146-6a25-9646-000000001b00}",
    "ProcessId": "19812",
    "Image": "C:\\Program Files (x86)\\Adobe\\Acrobat Reader DC\\Reader\\FullTrustNotifier.exe",
    "User": "DESKTOP-8341B96\\ABI"
  },
  {
    "EventID": "13",
    "TimeCreated": "2026-06-07T19:06:36.7092125Z",
    "RuleName": "-",
    "EventType": "SetValue",
    "UtcTime": "2026-06-07 19:06:36.708",
    "ProcessGuid": "{a33c49c6-c13c-6a25-9546-000000001b00}",
    "ProcessId": "19240",
    "Image": "C:\\Program Files\\PostgreSQL\\17\\bin\\postgres.exe",
    "TargetObject": "HKLM\\System\\CurrentControlSet\\Services\\bam\\State\\UserSettings\\S-1-5-20\\\\Device\\HarddiskVolume3\\Program Files\\PostgreSQL\\17\\bin\\postgres.exe",
    "Details": "Binary Data",
    "User": "NT AUTHORITY\\Servicio de red"
  },
  {
    "EventID": "5",
    "TimeCreated": "2026-06-07T19:06:36.7085379Z",
    "RuleName": "-",
    "UtcTime": "2026-06-07 19:06:36.707",
    "ProcessGuid": "{a33c49c6-c13c-6a25-9546-000000001b00}",
    "ProcessId": "19240",
    "Image": "C:\\Program Files\\PostgreSQL\\17\\bin\\postgres.exe",
    "User": "NT AUTHORITY\\Servicio de red"
  },
  {
    "EventID": "13",
    "TimeCreated": "2026-06-07T19:06:36.6688770Z",
    "RuleName": "-",
    "EventType": "SetValue",
    "UtcTime": "2026-06-07 19:06:36.665",
    "ProcessGuid": "{a33c49c6-30c4-6a20-6d00-000000001b00}",
    "ProcessId": "6248",
    "Image": "C:\\Program Files\\PostgreSQL\\17\\bin\\postgres.exe",
    "TargetObject": "HKLM\\System\\CurrentControlSet\\Services\\bam\\State\\UserSettings\\S-1-5-20\\\\Device\\HarddiskVolume3\\Program Files\\PostgreSQL\\17\\bin\\postgres.exe",
    "Details": "Binary Data",
    "User": "NT AUTHORITY\\Servicio de red"
  },
  {
    "EventID": "12",
    "TimeCreated": "2026-06-07T19:06:35.0616638Z",
    "RuleName": "-",
    "EventType": "CreateKey",
    "UtcTime": "2026-06-07 19:06:35.058",
    "ProcessGuid": "{a33c49c6-30c2-6a20-1d00-000000001b00}",
    "ProcessId": "2252",
    "Image": "C:\\Windows\\system32\\svchost.exe",
    "TargetObject": "HKLM\\System\\CurrentControlSet\\Services\\Tcpip\\Parameters",
    "User": "NT AUTHORITY\\Servicio de red"
  },
  {
    "EventID": "13",
    "TimeCreated": "2026-06-07T19:06:15.9975896Z",
    "RuleName": "-",
    "EventType": "SetValue",
    "UtcTime": "2026-06-07 19:06:15.996",
    "ProcessGuid": "{a33c49c6-c127-6a25-9446-000000001b00}",
    "ProcessId": "20388",
    "Image": "C:\\Program Files\\PostgreSQL\\17\\bin\\postgres.exe",
    "TargetObject": "HKLM\\System\\CurrentControlSet\\Services\\bam\\State\\UserSettings\\S-1-5-20\\\\Device\\HarddiskVolume3\\Program Files\\PostgreSQL\\17\\bin\\postgres.exe",
    "Details": "Binary Data",
    "User": "NT AUTHORITY\\Servicio de red"
  },
  {
    "EventID": "5",
    "TimeCreated": "2026-06-07T19:06:15.9972090Z",
    "RuleName": "-",
    "UtcTime": "2026-06-07 19:06:15.996",
    "ProcessGuid": "{a33c49c6-c127-6a25-9446-000000001b00}",
    "ProcessId": "20388",
    "Image": "C:\\Program Files\\PostgreSQL\\17\\bin\\postgres.exe",
    "User": "NT AUTHORITY\\Servicio de red"
  },
  {
    "EventID": "13",
    "TimeCreated": "2026-06-07T19:06:15.9566484Z",
    "RuleName": "-",
    "EventType": "SetValue",
    "UtcTime": "2026-06-07 19:06:15.955",
    "ProcessGuid": "{a33c49c6-30c4-6a20-6d00-000000001b00}",
    "ProcessId": "6248",
    "Image": "C:\\Program Files\\PostgreSQL\\17\\bin\\postgres.exe",
    "TargetObject": "HKLM\\System\\CurrentControlSet\\Services\\bam\\State\\UserSettings\\S-1-5-20\\\\Device\\HarddiskVolume3\\Program Files\\PostgreSQL\\17\\bin\\postgres.exe",
    "Details": "Binary Data",
    "User": "NT AUTHORITY\\Servicio de red"
  },
  {
    "EventID": "12",
    "TimeCreated": "2026-06-07T19:06:04.3953654Z",
    "RuleName": "-",
    "EventType": "CreateKey",
    "UtcTime": "2026-06-07 19:06:04.393",
    "ProcessGuid": "{a33c49c6-30c2-6a20-1d00-000000001b00}",
    "ProcessId": "2252",
    "Image": "C:\\Windows\\system32\\svchost.exe",
    "TargetObject": "HKLM\\System\\CurrentControlSet\\Services\\Tcpip\\Parameters",
    "User": "NT AUTHORITY\\Servicio de red"
  },
  {
    "EventID": "12",
    "TimeCreated": "2026-06-07T19:06:04.3953172Z",
    "RuleName": "-",
    "EventType": "CreateKey",
    "UtcTime": "2026-06-07 19:06:04.392",
    "ProcessGuid": "{a33c49c6-30c2-6a20-1d00-000000001b00}",
    "ProcessId": "2252",
    "Image": "C:\\Windows\\system32\\svchost.exe",
    "TargetObject": "HKLM\\System\\CurrentControlSet\\Services\\Tcpip\\Parameters",
    "User": "NT AUTHORITY\\Servicio de red"
  },
  {
    "EventID": "12",
    "TimeCreated": "2026-06-07T19:06:04.3923621Z",
    "RuleName": "-",
    "EventType": "CreateKey",
    "UtcTime": "2026-06-07 19:06:04.390",
    "ProcessGuid": "{a33c49c6-30c2-6a20-1d00-000000001b00}",
    "ProcessId": "2252",
    "Image": "C:\\Windows\\system32\\svchost.exe",
    "TargetObject": "HKLM\\System\\CurrentControlSet\\Services\\Tcpip\\Parameters",
    "User": "NT AUTHORITY\\Servicio de red"
  },
  {
    "EventID": "12",
    "TimeCreated": "2026-06-07T19:06:04.3827978Z",
    "RuleName": "-",
    "EventType": "CreateKey",
    "UtcTime": "2026-06-07 19:06:04.380",
    "ProcessGuid": "{a33c49c6-30c3-6a20-2100-000000001b00}",
    "ProcessId": "2420",
    "Image": "C:\\Windows\\system32\\svchost.exe",
    "TargetObject": "HKLM\\System\\CurrentControlSet\\Services\\NetBT",
    "User": "NT AUTHORITY\\SERVICIO LOCAL"
  },
  {
    "EventID": "12",
    "TimeCreated": "2026-06-07T19:06:04.3775542Z",
    "RuleName": "-",
    "EventType": "CreateKey",
    "UtcTime": "2026-06-07 19:06:04.377",
    "ProcessGuid": "{a33c49c6-30c3-6a20-2100-000000001b00}",
    "ProcessId": "2420",
    "Image": "C:\\Windows\\system32\\svchost.exe",
    "TargetObject": "HKLM\\System\\CurrentControlSet\\Services\\NetBT",
    "User": "NT AUTHORITY\\SERVICIO LOCAL"
  },
  {
    "EventID": "13",
    "TimeCreated": "2026-06-07T19:06:04.3775157Z",
    "RuleName": "-",
    "EventType": "SetValue",
    "UtcTime": "2026-06-07 19:06:04.377",
    "ProcessGuid": "{a33c49c6-30c3-6a20-2100-000000001b00}",
    "ProcessId": "2420",
    "Image": "C:\\Windows\\system32\\svchost.exe",
    "TargetObject": "HKLM\\System\\CurrentControlSet\\Services\\Tcpip\\Parameters\\Interfaces\\{d5dc0885-9888-461f-8b16-888cc7d2035c}\\DhcpNetworkHint",
    "Details": "C4F46554C4543535",
    "User": "NT AUTHORITY\\SERVICIO LOCAL"
  },
  {
    "EventID": "13",
    "TimeCreated": "2026-06-07T19:06:04.3773685Z",
    "RuleName": "-",
    "EventType": "SetValue",
    "UtcTime": "2026-06-07 19:06:04.377",
    "ProcessGuid": "{a33c49c6-30c3-6a20-2100-000000001b00}",
    "ProcessId": "2420",
    "Image": "C:\\Windows\\system32\\svchost.exe",
    "TargetObject": "HKLM\\System\\CurrentControlSet\\Services\\Tcpip\\Parameters\\Interfaces\\{d5dc0885-9888-461f-8b16-888cc7d2035c}\\DhcpConnForceBroadcastFlag",
    "Details": "DWORD (0x00000000)",
    "User": "NT AUTHORITY\\SERVICIO LOCAL"
  },
  {
    "EventID": "13",
    "TimeCreated": "2026-06-07T19:06:04.3773332Z",
    "RuleName": "-",
    "EventType": "SetValue",
    "UtcTime": "2026-06-07 19:06:04.376",
    "ProcessGuid": "{a33c49c6-30c3-6a20-2100-000000001b00}",
    "ProcessId": "2420",
    "Image": "C:\\Windows\\system32\\svchost.exe",
    "TargetObject": "HKLM\\System\\CurrentControlSet\\Services\\Tcpip\\Parameters\\Interfaces\\{d5dc0885-9888-461f-8b16-888cc7d2035c}\\IsServerNapAware",
    "Details": "DWORD (0x00000000)",
    "User": "NT AUTHORITY\\SERVICIO LOCAL"
  },
  {
    "EventID": "13",
    "TimeCreated": "2026-06-07T19:06:04.3772956Z",
    "RuleName": "-",
    "EventType": "SetValue",
    "UtcTime": "2026-06-07 19:06:04.376",
    "ProcessGuid": "{a33c49c6-30c3-6a20-2100-000000001b00}",
    "ProcessId": "2420",
    "Image": "C:\\Windows\\system32\\svchost.exe",
    "TargetObject": "HKLM\\System\\CurrentControlSet\\Services\\Tcpip\\Parameters\\Interfaces\\{d5dc0885-9888-461f-8b16-888cc7d2035c}\\AddressType",
    "Details": "DWORD (0x00000000)",
    "User": "NT AUTHORITY\\SERVICIO LOCAL"
  },
  {
    "EventID": "13",
    "TimeCreated": "2026-06-07T19:06:04.3772531Z",
    "RuleName": "-",
    "EventType": "SetValue",
    "UtcTime": "2026-06-07 19:06:04.376",
    "ProcessGuid": "{a33c49c6-30c3-6a20-2100-000000001b00}",
    "ProcessId": "2420",
    "Image": "C:\\Windows\\system32\\svchost.exe",
    "TargetObject": "HKLM\\System\\CurrentControlSet\\Services\\Tcpip\\Parameters\\Interfaces\\{d5dc0885-9888-461f-8b16-888cc7d2035c}\\LeaseTerminatesTime",
    "Details": "DWORD (0x6a25cf2c)",
    "User": "NT AUTHORITY\\SERVICIO LOCAL"
  },
  {
    "EventID": "13",
    "TimeCreated": "2026-06-07T19:06:04.3769994Z",
    "RuleName": "-",
    "EventType": "SetValue",
    "UtcTime": "2026-06-07 19:06:04.376",
    "ProcessGuid": "{a33c49c6-30c3-6a20-2100-000000001b00}",
    "ProcessId": "2420",
    "Image": "C:\\Windows\\system32\\svchost.exe",
    "TargetObject": "HKLM\\System\\CurrentControlSet\\Services\\Tcpip\\Parameters\\Interfaces\\{d5dc0885-9888-461f-8b16-888cc7d2035c}\\T2",
    "Details": "DWORD (0x6a25cce6)",
    "User": "NT AUTHORITY\\SERVICIO LOCAL"
  },
  {
    "EventID": "13",
    "TimeCreated": "2026-06-07T19:06:04.3768946Z",
    "RuleName": "-",
    "EventType": "SetValue",
    "UtcTime": "2026-06-07 19:06:04.376",
    "ProcessGuid": "{a33c49c6-30c3-6a20-2100-000000001b00}",
    "ProcessId": "2420",
    "Image": "C:\\Windows\\system32\\svchost.exe",
    "TargetObject": "HKLM\\System\\CurrentControlSet\\Services\\Tcpip\\Parameters\\Interfaces\\{d5dc0885-9888-461f-8b16-888cc7d2035c}\\T1",
    "Details": "DWORD (0x6a25c7a0)",
    "User": "NT AUTHORITY\\SERVICIO LOCAL"
  },
  {
    "EventID": "13",
    "TimeCreated": "2026-06-07T19:06:04.3763752Z",
    "RuleName": "-",
    "EventType": "SetValue",
    "UtcTime": "2026-06-07 19:06:04.376",
    "ProcessGuid": "{a33c49c6-30c3-6a20-2100-000000001b00}",
    "ProcessId": "2420",
    "Image": "C:\\Windows\\system32\\svchost.exe",
    "TargetObject": "HKLM\\System\\CurrentControlSet\\Services\\Tcpip\\Parameters\\Interfaces\\{d5dc0885-9888-461f-8b16-888cc7d2035c}\\LeaseObtainedTime",
    "Details": "DWORD (0x6a25c11c)",
    "User": "NT AUTHORITY\\SERVICIO LOCAL"
  },
  {
    "EventID": "13",
    "TimeCreated": "2026-06-07T19:06:04.3763307Z",
    "RuleName": "-",
    "EventType": "SetValue",
    "UtcTime": "2026-06-07 19:06:04.374",
    "ProcessGuid": "{a33c49c6-30c3-6a20-2100-000000001b00}",
    "ProcessId": "2420",
    "Image": "C:\\Windows\\system32\\svchost.exe",
    "TargetObject": "HKLM\\System\\CurrentControlSet\\Services\\Tcpip\\Parameters\\Interfaces\\{d5dc0885-9888-461f-8b16-888cc7d2035c}\\Lease",
    "Details": "DWORD (0x00000e10)",
    "User": "NT AUTHORITY\\SERVICIO LOCAL"
  },
  {
    "EventID": "13",
    "TimeCreated": "2026-06-07T19:06:04.3756706Z",
    "RuleName": "-",
    "EventType": "SetValue",
    "UtcTime": "2026-06-07 19:06:04.374",
    "ProcessGuid": "{a33c49c6-30c3-6a20-2100-000000001b00}",
    "ProcessId": "2420",
    "Image": "C:\\Windows\\system32\\svchost.exe",
    "TargetObject": "HKLM\\System\\CurrentControlSet\\Services\\Tcpip\\Parameters\\Interfaces\\{d5dc0885-9888-461f-8b16-888cc7d2035c}\\DhcpServer",
    "Details": "192.168.43.1",
    "User": "NT AUTHORITY\\SERVICIO LOCAL"
  },
  {
    "EventID": "13",
    "TimeCreated": "2026-06-07T19:06:04.3756143Z",
    "RuleName": "-",
    "EventType": "SetValue",
    "UtcTime": "2026-06-07 19:06:04.374",
    "ProcessGuid": "{a33c49c6-30c3-6a20-2100-000000001b00}",
    "ProcessId": "2420",
    "Image": "C:\\Windows\\system32\\svchost.exe",
    "TargetObject": "HKLM\\System\\CurrentControlSet\\Services\\Tcpip\\Parameters\\Interfaces\\{d5dc0885-9888-461f-8b16-888cc7d2035c}\\DhcpSubnetMask",
    "Details": "255.255.255.0",
    "User": "NT AUTHORITY\\SERVICIO LOCAL"
  },
  {
    "EventID": "13",
    "TimeCreated": "2026-06-07T19:06:04.3724686Z",
    "RuleName": "-",
    "EventType": "SetValue",
    "UtcTime": "2026-06-07 19:06:04.370",
    "ProcessGuid": "{a33c49c6-30c3-6a20-2100-000000001b00}",
    "ProcessId": "2420",
    "Image": "C:\\Windows\\system32\\svchost.exe",
    "TargetObject": "HKLM\\System\\CurrentControlSet\\Services\\Tcpip\\Parameters\\Interfaces\\{d5dc0885-9888-461f-8b16-888cc7d2035c}\\DhcpIPAddress",
    "Details": "192.168.43.97",
    "User": "NT AUTHORITY\\SERVICIO LOCAL"
  },
  {
    "EventID": "13",
    "TimeCreated": "2026-06-07T19:06:04.3722957Z",
    "RuleName": "-",
    "EventType": "SetValue",
    "UtcTime": "2026-06-07 19:06:04.370",
    "ProcessGuid": "{a33c49c6-30c3-6a20-2100-000000001b00}",
    "ProcessId": "2420",
    "Image": "C:\\Windows\\system32\\svchost.exe",
    "TargetObject": "HKLM\\System\\CurrentControlSet\\Services\\Tcpip\\Parameters\\Interfaces\\{d5dc0885-9888-461f-8b16-888cc7d2035c}\\DhcpInterfaceOptions",
    "Details": "Binary Data",
    "User": "NT AUTHORITY\\SERVICIO LOCAL"
  },
  {
    "EventID": "13",
    "TimeCreated": "2026-06-07T19:06:04.3663311Z",
    "RuleName": "-",
    "EventType": "SetValue",
    "UtcTime": "2026-06-07 19:06:04.357",
    "ProcessGuid": "{a33c49c6-30c3-6a20-2100-000000001b00}",
    "ProcessId": "2420",
    "Image": "C:\\Windows\\system32\\svchost.exe",
    "TargetObject": "HKLM\\System\\CurrentControlSet\\Services\\Tcpip\\Parameters\\Interfaces\\{d5dc0885-9888-461f-8b16-888cc7d2035c}\\DhcpIsMeteredDetected",
    "Details": "DWORD (0x00000001)",
    "User": "NT AUTHORITY\\SERVICIO LOCAL"
  },
  {
    "EventID": "12",
    "TimeCreated": "2026-06-07T19:06:04.3662427Z",
    "RuleName": "-",
    "EventType": "DeleteValue",
    "UtcTime": "2026-06-07 19:06:04.357",
    "ProcessGuid": "{a33c49c6-30c3-6a20-2100-000000001b00}",
    "ProcessId": "2420",
    "Image": "C:\\Windows\\system32\\svchost.exe",
    "TargetObject": "HKLM\\System\\CurrentControlSet\\Services\\Tcpip\\Parameters\\Interfaces\\{d5dc0885-9888-461f-8b16-888cc7d2035c}\\DhcpIsMeteredDetected",
    "User": "NT AUTHORITY\\SERVICIO LOCAL"
  },
  {
    "EventID": "13",
    "TimeCreated": "2026-06-07T19:05:57.1505212Z",
    "RuleName": "-",
    "EventType": "SetValue",
    "UtcTime": "2026-06-07 19:05:57.149",
    "ProcessGuid": "{a33c49c6-c115-6a25-9346-000000001b00}",
    "ProcessId": "6896",
    "Image": "C:\\Program Files\\PostgreSQL\\17\\bin\\postgres.exe",
    "TargetObject": "HKLM\\System\\CurrentControlSet\\Services\\bam\\State\\UserSettings\\S-1-5-20\\\\Device\\HarddiskVolume3\\Program Files\\PostgreSQL\\17\\bin\\postgres.exe",
    "Details": "Binary Data",
    "User": "NT AUTHORITY\\Servicio de red"
  },
  {
    "EventID": "5",
    "TimeCreated": "2026-06-07T19:05:57.1500021Z",
    "RuleName": "-",
    "UtcTime": "2026-06-07 19:05:57.149",
    "ProcessGuid": "{a33c49c6-c115-6a25-9346-000000001b00}",
    "ProcessId": "6896",
    "Image": "C:\\Program Files\\PostgreSQL\\17\\bin\\postgres.exe",
    "User": "NT AUTHORITY\\Servicio de red"
  },
  {
    "EventID": "13",
    "TimeCreated": "2026-06-07T19:05:57.0993350Z",
    "RuleName": "-",
    "EventType": "SetValue",
    "UtcTime": "2026-06-07 19:05:57.098",
    "ProcessGuid": "{a33c49c6-30c4-6a20-6d00-000000001b00}",
    "ProcessId": "6248",
    "Image": "C:\\Program Files\\PostgreSQL\\17\\bin\\postgres.exe",
    "TargetObject": "HKLM\\System\\CurrentControlSet\\Services\\bam\\State\\UserSettings\\S-1-5-20\\\\Device\\HarddiskVolume3\\Program Files\\PostgreSQL\\17\\bin\\postgres.exe",
    "Details": "Binary Data",
    "User": "NT AUTHORITY\\Servicio de red"
  },
  {
    "EventID": "12",
    "TimeCreated": "2026-06-07T19:05:51.9523909Z",
    "RuleName": "-",
    "EventType": "CreateKey",
    "UtcTime": "2026-06-07 19:05:51.949",
    "ProcessGuid": "{a33c49c6-30c2-6a20-1d00-000000001b00}",
    "ProcessId": "2252",
    "Image": "C:\\Windows\\system32\\svchost.exe",
    "TargetObject": "HKLM\\System\\CurrentControlSet\\Services\\Tcpip\\Parameters",
    "User": "NT AUTHORITY\\Servicio de red"
  },
  {
    "EventID": "13",
    "TimeCreated": "2026-06-07T19:05:36.7065180Z",
    "RuleName": "-",
    "EventType": "SetValue",
    "UtcTime": "2026-06-07 19:05:36.705",
    "ProcessGuid": "{a33c49c6-c100-6a25-9246-000000001b00}",
    "ProcessId": "13956",
    "Image": "C:\\Program Files\\PostgreSQL\\17\\bin\\postgres.exe",
    "TargetObject": "HKLM\\System\\CurrentControlSet\\Services\\bam\\State\\UserSettings\\S-1-5-20\\\\Device\\HarddiskVolume3\\Program Files\\PostgreSQL\\17\\bin\\postgres.exe",
    "Details": "Binary Data",
    "User": "NT AUTHORITY\\Servicio de red"
  },
  {
    "EventID": "5",
    "TimeCreated": "2026-06-07T19:05:36.7061153Z",
    "RuleName": "-",
    "UtcTime": "2026-06-07 19:05:36.705",
    "ProcessGuid": "{a33c49c6-c100-6a25-9246-000000001b00}",
    "ProcessId": "13956",
    "Image": "C:\\Program Files\\PostgreSQL\\17\\bin\\postgres.exe",
    "User": "NT AUTHORITY\\Servicio de red"
  },
  {
    "EventID": "13",
    "TimeCreated": "2026-06-07T19:05:36.6634984Z",
    "RuleName": "-",
    "EventType": "SetValue",
    "UtcTime": "2026-06-07 19:05:36.662",
    "ProcessGuid": "{a33c49c6-30c4-6a20-6d00-000000001b00}",
    "ProcessId": "6248",
    "Image": "C:\\Program Files\\PostgreSQL\\17\\bin\\postgres.exe",
    "TargetObject": "HKLM\\System\\CurrentControlSet\\Services\\bam\\State\\UserSettings\\S-1-5-20\\\\Device\\HarddiskVolume3\\Program Files\\PostgreSQL\\17\\bin\\postgres.exe",
    "Details": "Binary Data",
    "User": "NT AUTHORITY\\Servicio de red"
  },
  {
    "EventID": "13",
    "TimeCreated": "2026-06-07T19:05:35.2911410Z",
    "RuleName": "-",
    "EventType": "SetValue",
    "UtcTime": "2026-06-07 19:05:35.289",
    "ProcessGuid": "{a33c49c6-c0ff-6a25-9046-000000001b00}",
    "ProcessId": "12496",
    "Image": "C:\\Windows\\system32\\conhost.exe",
    "TargetObject": "HKLM\\System\\CurrentControlSet\\Services\\bam\\State\\UserSettings\\S-1-5-21-3961930346-3620050953-1644270016-1001\\\\Device\\HarddiskVolume3\\Windows\\System32\\conhost.exe",
    "Details": "Binary Data",
    "User": "DESKTOP-8341B96\\ABI"
  },
  {
    "EventID": "5",
    "TimeCreated": "2026-06-07T19:05:35.2906152Z",
    "RuleName": "-",
    "UtcTime": "2026-06-07 19:05:35.289",
    "ProcessGuid": "{a33c49c6-c0ff-6a25-9046-000000001b00}",
    "ProcessId": "12496",
    "Image": "C:\\Windows\\System32\\conhost.exe",
    "User": "DESKTOP-8341B96\\ABI"
  },
  {
    "EventID": "5",
    "TimeCreated": "2026-06-07T19:05:35.2886199Z",
    "RuleName": "-",
    "UtcTime": "2026-06-07 19:05:35.287",
    "ProcessGuid": "{a33c49c6-c0ff-6a25-8f46-000000001b00}",
    "ProcessId": "1800",
    "Image": "C:\\Program Files\\Git\\cmd\\git.exe",
    "User": "DESKTOP-8341B96\\ABI"
  },
  {
    "EventID": "5",
    "TimeCreated": "2026-06-07T19:05:35.2845220Z",
    "RuleName": "-",
    "UtcTime": "2026-06-07 19:05:35.283",
    "ProcessGuid": "{a33c49c6-c0ff-6a25-9146-000000001b00}",
    "ProcessId": "20332",
    "Image": "C:\\Program Files\\Git\\mingw64\\bin\\git.exe",
    "User": "DESKTOP-8341B96\\ABI"
  },
